[ 2015-04-25T08:20:44+08:00 ] ::1 /code/cyc2.6/admin.php
INFO: [ app_init ] --START--
INFO: Run Behavior\BuildLiteBehavior [ RunTime:0.000000s ]
INFO: [ app_init ] --END-- [ RunTime:0.001000s ]
INFO: [ app_begin ] --START--
INFO: Run Behavior\ReadHtmlCacheBehavior [ RunTime:0.002000s ]
INFO: [ app_begin ] --END-- [ RunTime:0.002000s ]
INFO: [ view_parse ] --START--
INFO: [ template_filter ] --START--
INFO: Run Behavior\ContentReplaceBehavior [ RunTime:0.000000s ]
INFO: [ template_filter ] --END-- [ RunTime:0.000000s ]
INFO: Run Behavior\ParseTemplateBehavior [ RunTime:0.043003s ]
INFO: [ view_parse ] --END-- [ RunTime:0.043003s ]
INFO: [ view_filter ] --START--
INFO: Run Behavior\WriteHtmlCacheBehavior [ RunTime:0.001000s ]
INFO: [ view_filter ] --END-- [ RunTime:0.001000s ]
INFO: [ app_end ] --START--
INFO: Run Behavior\ShowPageTraceBehavior [ RunTime:0.002000s ]
INFO: [ app_end ] --END-- [ RunTime:0.002000s ]

[ 2015-04-25T08:20:45+08:00 ] ::1 /code/cyc2.6/admin.php/Home/Admin/showVerify
INFO: [ app_init ] --START--
INFO: Run Behavior\BuildLiteBehavior [ RunTime:0.000000s ]
INFO: [ app_init ] --END-- [ RunTime:0.001000s ]
INFO: [ app_begin ] --START--
INFO: Run Behavior\ReadHtmlCacheBehavior [ RunTime:0.001000s ]
INFO: [ app_begin ] --END-- [ RunTime:0.001000s ]
INFO: [ app_end ] --START--
INFO: Run Behavior\ShowPageTraceBehavior [ RunTime:0.002000s ]
INFO: [ app_end ] --END-- [ RunTime:0.002000s ]

[ 2015-04-25T08:20:57+08:00 ] ::1 /code/cyc2.6/admin.php/Home/Admin/login
INFO: [ app_init ] --START--
INFO: Run Behavior\BuildLiteBehavior [ RunTime:0.001000s ]
INFO: [ app_init ] --END-- [ RunTime:0.001000s ]
INFO: [ app_begin ] --START--
INFO: Run Behavior\ReadHtmlCacheBehavior [ RunTime:0.001000s ]
INFO: [ app_begin ] --END-- [ RunTime:0.001000s ]
NOTIC: [8192] mysql_connect(): The mysql extension is deprecated and will be removed in the future: use mysqli or PDO instead H:\xampp\htdocs\code\cyc2.6\ThinkPHP\Library\Think\Db\Driver\Mysql.class.php 第 52 行.
SQL: SHOW COLUMNS FROM `admin` [ RunTime:0.130007s ]
SQL: SELECT * FROM `admin` WHERE `admin_Name` = '曹雁超'  [ RunTime:0.000000s ]
INFO: [ view_parse ] --START--
INFO: [ template_filter ] --START--
INFO: Run Behavior\ContentReplaceBehavior [ RunTime:0.000000s ]
INFO: [ template_filter ] --END-- [ RunTime:0.000000s ]
INFO: Run Behavior\ParseTemplateBehavior [ RunTime:0.058004s ]
INFO: [ view_parse ] --END-- [ RunTime:0.058004s ]
INFO: [ view_filter ] --START--
INFO: Run Behavior\WriteHtmlCacheBehavior [ RunTime:0.001000s ]
INFO: [ view_filter ] --END-- [ RunTime:0.001000s ]
INFO: [ app_end ] --START--
INFO: Run Behavior\ShowPageTraceBehavior [ RunTime:0.001000s ]
INFO: [ app_end ] --END-- [ RunTime:0.001000s ]

[ 2015-04-25T08:20:58+08:00 ] ::1 /code/cyc2.6/admin.php/Home/Admin/index
INFO: [ app_init ] --START--
INFO: Run Behavior\BuildLiteBehavior [ RunTime:0.000000s ]
INFO: [ app_init ] --END-- [ RunTime:0.001000s ]
INFO: [ app_begin ] --START--
INFO: Run Behavior\ReadHtmlCacheBehavior [ RunTime:0.001001s ]
INFO: [ app_begin ] --END-- [ RunTime:0.001001s ]
INFO: [ view_parse ] --START--
INFO: [ template_filter ] --START--
INFO: Run Behavior\ContentReplaceBehavior [ RunTime:0.000000s ]
INFO: [ template_filter ] --END-- [ RunTime:0.000000s ]
INFO: Run Behavior\ParseTemplateBehavior [ RunTime:0.063003s ]
INFO: [ view_parse ] --END-- [ RunTime:0.063003s ]
INFO: [ view_filter ] --START--
INFO: Run Behavior\WriteHtmlCacheBehavior [ RunTime:0.001000s ]
INFO: [ view_filter ] --END-- [ RunTime:0.001000s ]
INFO: [ app_end ] --START--
INFO: Run Behavior\ShowPageTraceBehavior [ RunTime:0.003000s ]
INFO: [ app_end ] --END-- [ RunTime:0.003000s ]

[ 2015-04-25T08:39:56+08:00 ] ::1 /code/cyc2.6/admin.php/Home/Ticket/checkToday/p/1
INFO: [ app_init ] --START--
INFO: Run Behavior\BuildLiteBehavior [ RunTime:0.000000s ]
INFO: [ app_init ] --END-- [ RunTime:0.001000s ]
INFO: [ app_begin ] --START--
INFO: Run Behavior\ReadHtmlCacheBehavior [ RunTime:0.002000s ]
INFO: [ app_begin ] --END-- [ RunTime:0.002000s ]
NOTIC: [8] Undefined index: day H:\xampp\htdocs\code\cyc2.6\admin\Home\Controller\TicketController.class.php 第 99 行.
NOTIC: [8192] mysql_connect(): The mysql extension is deprecated and will be removed in the future: use mysqli or PDO instead H:\xampp\htdocs\code\cyc2.6\ThinkPHP\Library\Think\Db\Driver\Mysql.class.php 第 52 行.
SQL: SELECT booktic_id,car_id,booktic_Name,booktic_tel,booktic_num,car_time,
	            S.place_name start_add,E.place_name end_add
	            from booktic,car,place S,place E
	            where booktic_car = car_id 
	            and car_time > '2015-04-25'
	            and car_startP = S.place_id 
	            and car_endP = E.place_id
	            order by car_time [ RunTime:0.054003s ]
SQL: SELECT booktic_id,car_id,booktic_Name,booktic_tel,booktic_num,car_time,
	            S.place_name start_add,E.place_name end_add
	            from booktic,car,place S,place E
	            where booktic_car = car_id 
	            and car_time > '2015-04-25'
	            and car_startP = S.place_id 
	            and car_endP = E.place_id
	            order by car_time limit 0,3  [ RunTime:0.001001s ]
INFO: [ view_parse ] --START--
INFO: [ template_filter ] --START--
INFO: Run Behavior\ContentReplaceBehavior [ RunTime:0.000000s ]
INFO: [ template_filter ] --END-- [ RunTime:0.000000s ]
INFO: Run Behavior\ParseTemplateBehavior [ RunTime:0.022001s ]
INFO: [ view_parse ] --END-- [ RunTime:0.024001s ]
INFO: [ view_filter ] --START--
INFO: Run Behavior\WriteHtmlCacheBehavior [ RunTime:0.000000s ]
INFO: [ view_filter ] --END-- [ RunTime:0.001000s ]
INFO: [ app_end ] --START--
INFO: Run Behavior\ShowPageTraceBehavior [ RunTime:0.002000s ]
INFO: [ app_end ] --END-- [ RunTime:0.002000s ]

[ 2015-04-25T09:16:47+08:00 ] ::1 /code/cyc2.7/admin.php
INFO: [ app_init ] --START--
INFO: Run Behavior\BuildLiteBehavior [ RunTime:0.000000s ]
INFO: [ app_init ] --END-- [ RunTime:0.002000s ]
INFO: [ app_begin ] --START--
INFO: Run Behavior\ReadHtmlCacheBehavior [ RunTime:0.003000s ]
INFO: [ app_begin ] --END-- [ RunTime:0.004000s ]
INFO: [ view_parse ] --START--
INFO: [ template_filter ] --START--
INFO: Run Behavior\ContentReplaceBehavior [ RunTime:0.001000s ]
INFO: [ template_filter ] --END-- [ RunTime:0.001000s ]
INFO: Run Behavior\ParseTemplateBehavior [ RunTime:0.023002s ]
INFO: [ view_parse ] --END-- [ RunTime:0.024002s ]
INFO: [ view_filter ] --START--
INFO: Run Behavior\WriteHtmlCacheBehavior [ RunTime:0.003000s ]
INFO: [ view_filter ] --END-- [ RunTime:0.003000s ]
INFO: [ app_end ] --START--
INFO: Run Behavior\ShowPageTraceBehavior [ RunTime:0.002000s ]
INFO: [ app_end ] --END-- [ RunTime:0.002000s ]

[ 2015-04-25T09:16:48+08:00 ] ::1 /code/cyc2.7/admin.php/Home/Admin/showVerify
INFO: [ app_init ] --START--
INFO: Run Behavior\BuildLiteBehavior [ RunTime:0.000000s ]
INFO: [ app_init ] --END-- [ RunTime:0.001000s ]
INFO: [ app_begin ] --START--
INFO: Run Behavior\ReadHtmlCacheBehavior [ RunTime:0.002001s ]
INFO: [ app_begin ] --END-- [ RunTime:0.002001s ]
INFO: [ app_end ] --START--
INFO: Run Behavior\ShowPageTraceBehavior [ RunTime:0.002000s ]
INFO: [ app_end ] --END-- [ RunTime:0.003000s ]

[ 2015-04-25T09:16:57+08:00 ] ::1 /code/cyc2.7/admin.php/Home/Admin/login
INFO: [ app_init ] --START--
INFO: Run Behavior\BuildLiteBehavior [ RunTime:0.000000s ]
INFO: [ app_init ] --END-- [ RunTime:0.001000s ]
INFO: [ app_begin ] --START--
INFO: Run Behavior\ReadHtmlCacheBehavior [ RunTime:0.001000s ]
INFO: [ app_begin ] --END-- [ RunTime:0.001000s ]
NOTIC: [8192] mysql_connect(): The mysql extension is deprecated and will be removed in the future: use mysqli or PDO instead H:\xampp\htdocs\code\cyc2.7\ThinkPHP\Library\Think\Db\Driver\Mysql.class.php 第 52 行.
SQL: SHOW COLUMNS FROM `admin` [ RunTime:0.005001s ]
SQL: SELECT * FROM `admin` WHERE `admin_Name` = '曹雁超' LIMIT 1   [ RunTime:0.001000s ]
INFO: [ view_parse ] --START--
INFO: [ template_filter ] --START--
INFO: Run Behavior\ContentReplaceBehavior [ RunTime:0.000000s ]
INFO: [ template_filter ] --END-- [ RunTime:0.001000s ]
INFO: Run Behavior\ParseTemplateBehavior [ RunTime:0.015001s ]
INFO: [ view_parse ] --END-- [ RunTime:0.015001s ]
INFO: [ view_filter ] --START--
INFO: Run Behavior\WriteHtmlCacheBehavior [ RunTime:0.001000s ]
INFO: [ view_filter ] --END-- [ RunTime:0.001000s ]
INFO: [ app_end ] --START--
INFO: Run Behavior\ShowPageTraceBehavior [ RunTime:0.001000s ]
INFO: [ app_end ] --END-- [ RunTime:0.001000s ]

[ 2015-04-25T09:16:58+08:00 ] ::1 /code/cyc2.7/admin.php/Home/Admin/index
INFO: [ app_init ] --START--
INFO: Run Behavior\BuildLiteBehavior [ RunTime:0.000000s ]
INFO: [ app_init ] --END-- [ RunTime:0.001000s ]
INFO: [ app_begin ] --START--
INFO: Run Behavior\ReadHtmlCacheBehavior [ RunTime:0.004000s ]
INFO: [ app_begin ] --END-- [ RunTime:0.004000s ]
INFO: [ view_parse ] --START--
INFO: [ template_filter ] --START--
INFO: Run Behavior\ContentReplaceBehavior [ RunTime:0.001000s ]
INFO: [ template_filter ] --END-- [ RunTime:0.001000s ]
INFO: Run Behavior\ParseTemplateBehavior [ RunTime:0.019001s ]
INFO: [ view_parse ] --END-- [ RunTime:0.019001s ]
INFO: [ view_filter ] --START--
INFO: Run Behavior\WriteHtmlCacheBehavior [ RunTime:0.001000s ]
INFO: [ view_filter ] --END-- [ RunTime:0.001000s ]
INFO: [ app_end ] --START--
INFO: Run Behavior\ShowPageTraceBehavior [ RunTime:0.001000s ]
INFO: [ app_end ] --END-- [ RunTime:0.001000s ]

[ 2015-04-25T09:17:00+08:00 ] ::1 /code/cyc2.7/admin.php/Home/Ticket/checkToday/p/1
INFO: [ app_init ] --START--
INFO: Run Behavior\BuildLiteBehavior [ RunTime:0.001000s ]
INFO: [ app_init ] --END-- [ RunTime:0.001000s ]
INFO: [ app_begin ] --START--
INFO: Run Behavior\ReadHtmlCacheBehavior [ RunTime:0.002000s ]
INFO: [ app_begin ] --END-- [ RunTime:0.002000s ]
NOTIC: [8] Undefined index: day H:\xampp\htdocs\code\cyc2.7\admin\Home\Controller\TicketController.class.php 第 99 行.
NOTIC: [8192] mysql_connect(): The mysql extension is deprecated and will be removed in the future: use mysqli or PDO instead H:\xampp\htdocs\code\cyc2.7\ThinkPHP\Library\Think\Db\Driver\Mysql.class.php 第 52 行.
SQL: SELECT booktic_id,car_id,booktic_Name,booktic_tel,booktic_num,car_time,
	            S.place_name start_add,E.place_name end_add
	            from booktic,car,place S,place E
	            where booktic_car = car_id 
	            and car_time > '2015-04-25'
	            and car_startP = S.place_id 
	            and car_endP = E.place_id
	            order by car_time [ RunTime:0.002000s ]
SQL: SELECT booktic_id,car_id,booktic_Name,booktic_tel,booktic_num,car_time,
	            S.place_name start_add,E.place_name end_add
	            from booktic,car,place S,place E
	            where booktic_car = car_id 
	            and car_time > '2015-04-25'
	            and car_startP = S.place_id 
	            and car_endP = E.place_id
	            order by car_time limit 0,3  [ RunTime:0.001000s ]
INFO: [ view_parse ] --START--
INFO: [ template_filter ] --START--
INFO: Run Behavior\ContentReplaceBehavior [ RunTime:0.000000s ]
INFO: [ template_filter ] --END-- [ RunTime:0.000000s ]
INFO: Run Behavior\ParseTemplateBehavior [ RunTime:0.026002s ]
INFO: [ view_parse ] --END-- [ RunTime:0.026002s ]
INFO: [ view_filter ] --START--
INFO: Run Behavior\WriteHtmlCacheBehavior [ RunTime:0.002000s ]
INFO: [ view_filter ] --END-- [ RunTime:0.002000s ]
INFO: [ app_end ] --START--
INFO: Run Behavior\ShowPageTraceBehavior [ RunTime:0.004000s ]
INFO: [ app_end ] --END-- [ RunTime:0.004000s ]

[ 2015-04-25T09:17:03+08:00 ] ::1 /code/cyc2.7/admin.php/Home/Car/checkToday/p/1
INFO: [ app_init ] --START--
INFO: Run Behavior\BuildLiteBehavior [ RunTime:0.000000s ]
INFO: [ app_init ] --END-- [ RunTime:0.001000s ]
INFO: [ app_begin ] --START--
INFO: Run Behavior\ReadHtmlCacheBehavior [ RunTime:0.001000s ]
INFO: [ app_begin ] --END-- [ RunTime:0.002000s ]
NOTIC: [8192] mysql_connect(): The mysql extension is deprecated and will be removed in the future: use mysqli or PDO instead H:\xampp\htdocs\code\cyc2.7\ThinkPHP\Library\Think\Db\Driver\Mysql.class.php 第 52 行.
SQL: SELECT car_id,car_time,S.place_name start_add,E.place_name end_add
		        ,car_seats-sum(booktic_num) as remain_ticket,car_plate
	            from booktic,car,place S,place E
	            where booktic_car = car_id 
	            and car_time > '2015-04-25'
	            and car_startP = S.place_id 
	            and car_endP = E.place_id
				group by car_id
				union
                SELECT car_id,car_time,S.place_name start_add,E.place_name end_add
		        ,car_seats as remain_ticket,car_plate
				from car,place S,place E
                where NOT EXISTS (select *
                from booktic
                where car_id = booktic_car)
                and car_time > '2015-04-25'
                and car_startP = S.place_id and car_endP = E.place_id 
                order by car_time [ RunTime:0.007000s ]
SQL: SELECT car_id,car_time,S.place_name start_add,E.place_name end_add
		        ,car_seats-sum(booktic_num) as remain_ticket,car_plate
	            from booktic,car,place S,place E
	            where booktic_car = car_id 
	            and car_time > '2015-04-25'
	            and car_startP = S.place_id 
	            and car_endP = E.place_id
				group by car_id
				union
                SELECT car_id,car_time,S.place_name start_add,E.place_name end_add
		        ,car_seats as remain_ticket,car_plate
				from car,place S,place E
                where NOT EXISTS (select *
                from booktic
                where car_id = booktic_car)
                and car_time > '2015-04-25'
                and car_startP = S.place_id and car_endP = E.place_id 
                order by car_time limit 0,3  [ RunTime:0.006001s ]
INFO: [ view_parse ] --START--
INFO: [ template_filter ] --START--
INFO: Run Behavior\ContentReplaceBehavior [ RunTime:0.001000s ]
INFO: [ template_filter ] --END-- [ RunTime:0.001000s ]
INFO: Run Behavior\ParseTemplateBehavior [ RunTime:0.030001s ]
INFO: [ view_parse ] --END-- [ RunTime:0.030001s ]
INFO: [ view_filter ] --START--
INFO: Run Behavior\WriteHtmlCacheBehavior [ RunTime:0.001001s ]
INFO: [ view_filter ] --END-- [ RunTime:0.001001s ]
INFO: [ app_end ] --START--
INFO: Run Behavior\ShowPageTraceBehavior [ RunTime:0.003000s ]
INFO: [ app_end ] --END-- [ RunTime:0.003000s ]

[ 2015-04-25T09:17:05+08:00 ] ::1 /code/cyc2.7/admin.php/Home/Admin/checkUser/p/1
INFO: [ app_init ] --START--
INFO: Run Behavior\BuildLiteBehavior [ RunTime:0.000000s ]
INFO: [ app_init ] --END-- [ RunTime:0.001000s ]
INFO: [ app_begin ] --START--
INFO: Run Behavior\ReadHtmlCacheBehavior [ RunTime:0.002000s ]
INFO: [ app_begin ] --END-- [ RunTime:0.002000s ]
NOTIC: [8192] mysql_connect(): The mysql extension is deprecated and will be removed in the future: use mysqli or PDO instead H:\xampp\htdocs\code\cyc2.7\ThinkPHP\Library\Think\Db\Driver\Mysql.class.php 第 52 行.
SQL: SHOW COLUMNS FROM `admin` [ RunTime:0.004000s ]
SQL: SELECT * FROM `admin`  [ RunTime:0.000000s ]
SQL: SELECT * FROM `admin` LIMIT 0,3   [ RunTime:0.001000s ]
INFO: [ view_parse ] --START--
INFO: [ template_filter ] --START--
INFO: Run Behavior\ContentReplaceBehavior [ RunTime:0.000000s ]
INFO: [ template_filter ] --END-- [ RunTime:0.000000s ]
NOTIC: [8] Undefined index: bookid H:\xampp\htdocs\code\cyc2.7\admin\Runtime\Cache\Home\147f4ae02d7754be8c26871cd0064b9f.php 第 252 行.
NOTIC: [8] Undefined index: username H:\xampp\htdocs\code\cyc2.7\admin\Runtime\Cache\Home\147f4ae02d7754be8c26871cd0064b9f.php 第 253 行.
NOTIC: [8] Undefined index: bookname H:\xampp\htdocs\code\cyc2.7\admin\Runtime\Cache\Home\147f4ae02d7754be8c26871cd0064b9f.php 第 254 行.
NOTIC: [8] Undefined index: version H:\xampp\htdocs\code\cyc2.7\admin\Runtime\Cache\Home\147f4ae02d7754be8c26871cd0064b9f.php 第 255 行.
NOTIC: [8] Undefined index: date H:\xampp\htdocs\code\cyc2.7\admin\Runtime\Cache\Home\147f4ae02d7754be8c26871cd0064b9f.php 第 256 行.
NOTIC: [8] Undefined index: bookid H:\xampp\htdocs\code\cyc2.7\admin\Runtime\Cache\Home\147f4ae02d7754be8c26871cd0064b9f.php 第 259 行.
NOTIC: [8] Undefined index: userid H:\xampp\htdocs\code\cyc2.7\admin\Runtime\Cache\Home\147f4ae02d7754be8c26871cd0064b9f.php 第 259 行.
NOTIC: [8] Undefined index: bookid H:\xampp\htdocs\code\cyc2.7\admin\Runtime\Cache\Home\147f4ae02d7754be8c26871cd0064b9f.php 第 252 行.
NOTIC: [8] Undefined index: username H:\xampp\htdocs\code\cyc2.7\admin\Runtime\Cache\Home\147f4ae02d7754be8c26871cd0064b9f.php 第 253 行.
NOTIC: [8] Undefined index: bookname H:\xampp\htdocs\code\cyc2.7\admin\Runtime\Cache\Home\147f4ae02d7754be8c26871cd0064b9f.php 第 254 行.
NOTIC: [8] Undefined index: version H:\xampp\htdocs\code\cyc2.7\admin\Runtime\Cache\Home\147f4ae02d7754be8c26871cd0064b9f.php 第 255 行.
NOTIC: [8] Undefined index: date H:\xampp\htdocs\code\cyc2.7\admin\Runtime\Cache\Home\147f4ae02d7754be8c26871cd0064b9f.php 第 256 行.
NOTIC: [8] Undefined index: bookid H:\xampp\htdocs\code\cyc2.7\admin\Runtime\Cache\Home\147f4ae02d7754be8c26871cd0064b9f.php 第 259 行.
NOTIC: [8] Undefined index: userid H:\xampp\htdocs\code\cyc2.7\admin\Runtime\Cache\Home\147f4ae02d7754be8c26871cd0064b9f.php 第 259 行.
NOTIC: [8] Undefined index: bookid H:\xampp\htdocs\code\cyc2.7\admin\Runtime\Cache\Home\147f4ae02d7754be8c26871cd0064b9f.php 第 252 行.
NOTIC: [8] Undefined index: username H:\xampp\htdocs\code\cyc2.7\admin\Runtime\Cache\Home\147f4ae02d7754be8c26871cd0064b9f.php 第 253 行.
NOTIC: [8] Undefined index: bookname H:\xampp\htdocs\code\cyc2.7\admin\Runtime\Cache\Home\147f4ae02d7754be8c26871cd0064b9f.php 第 254 行.
NOTIC: [8] Undefined index: version H:\xampp\htdocs\code\cyc2.7\admin\Runtime\Cache\Home\147f4ae02d7754be8c26871cd0064b9f.php 第 255 行.
NOTIC: [8] Undefined index: date H:\xampp\htdocs\code\cyc2.7\admin\Runtime\Cache\Home\147f4ae02d7754be8c26871cd0064b9f.php 第 256 行.
NOTIC: [8] Undefined index: bookid H:\xampp\htdocs\code\cyc2.7\admin\Runtime\Cache\Home\147f4ae02d7754be8c26871cd0064b9f.php 第 259 行.
NOTIC: [8] Undefined index: userid H:\xampp\htdocs\code\cyc2.7\admin\Runtime\Cache\Home\147f4ae02d7754be8c26871cd0064b9f.php 第 259 行.
INFO: Run Behavior\ParseTemplateBehavior [ RunTime:0.024001s ]
INFO: [ view_parse ] --END-- [ RunTime:0.025001s ]
INFO: [ view_filter ] --START--
INFO: Run Behavior\WriteHtmlCacheBehavior [ RunTime:0.001000s ]
INFO: [ view_filter ] --END-- [ RunTime:0.001000s ]
INFO: [ app_end ] --START--
INFO: Run Behavior\ShowPageTraceBehavior [ RunTime:0.003000s ]
INFO: [ app_end ] --END-- [ RunTime:0.003000s ]

[ 2015-04-25T09:17:07+08:00 ] ::1 /code/cyc2.7/admin.php/Home/Admin/delete/name/f
INFO: [ app_init ] --START--
INFO: Run Behavior\BuildLiteBehavior [ RunTime:0.000000s ]
INFO: [ app_init ] --END-- [ RunTime:0.001000s ]
INFO: [ app_begin ] --START--
INFO: Run Behavior\ReadHtmlCacheBehavior [ RunTime:0.001000s ]
INFO: [ app_begin ] --END-- [ RunTime:0.002000s ]
NOTIC: [8192] mysql_connect(): The mysql extension is deprecated and will be removed in the future: use mysqli or PDO instead H:\xampp\htdocs\code\cyc2.7\ThinkPHP\Library\Think\Db\Driver\Mysql.class.php 第 52 行.
SQL: SHOW COLUMNS FROM `admin` [ RunTime:0.005000s ]
SQL: DELETE FROM `admin` WHERE `admin_Name` = 'f' [ RunTime:0.001000s ]
INFO: [ view_parse ] --START--
INFO: [ template_filter ] --START--
INFO: Run Behavior\ContentReplaceBehavior [ RunTime:0.000000s ]
INFO: [ template_filter ] --END-- [ RunTime:0.000000s ]
INFO: Run Behavior\ParseTemplateBehavior [ RunTime:0.015001s ]
INFO: [ view_parse ] --END-- [ RunTime:0.015001s ]
INFO: [ view_filter ] --START--
INFO: Run Behavior\WriteHtmlCacheBehavior [ RunTime:0.001000s ]
INFO: [ view_filter ] --END-- [ RunTime:0.001000s ]
INFO: [ app_end ] --START--
INFO: Run Behavior\ShowPageTraceBehavior [ RunTime:0.001000s ]
INFO: [ app_end ] --END-- [ RunTime:0.002000s ]

[ 2015-04-25T09:17:08+08:00 ] ::1 /code/cyc2.7/admin.php/Home/Admin/checkUser/p/1
INFO: [ app_init ] --START--
INFO: Run Behavior\BuildLiteBehavior [ RunTime:0.000000s ]
INFO: [ app_init ] --END-- [ RunTime:0.001000s ]
INFO: [ app_begin ] --START--
INFO: Run Behavior\ReadHtmlCacheBehavior [ RunTime:0.001000s ]
INFO: [ app_begin ] --END-- [ RunTime:0.001000s ]
NOTIC: [8192] mysql_connect(): The mysql extension is deprecated and will be removed in the future: use mysqli or PDO instead H:\xampp\htdocs\code\cyc2.7\ThinkPHP\Library\Think\Db\Driver\Mysql.class.php 第 52 行.
SQL: SHOW COLUMNS FROM `admin` [ RunTime:0.005000s ]
SQL: SELECT * FROM `admin`  [ RunTime:0.001000s ]
SQL: SELECT * FROM `admin` LIMIT 0,3   [ RunTime:0.001000s ]
INFO: [ view_parse ] --START--
INFO: [ template_filter ] --START--
INFO: Run Behavior\ContentReplaceBehavior [ RunTime:0.000000s ]
INFO: [ template_filter ] --END-- [ RunTime:0.000000s ]
NOTIC: [8] Undefined index: bookid H:\xampp\htdocs\code\cyc2.7\admin\Runtime\Cache\Home\147f4ae02d7754be8c26871cd0064b9f.php 第 252 行.
NOTIC: [8] Undefined index: username H:\xampp\htdocs\code\cyc2.7\admin\Runtime\Cache\Home\147f4ae02d7754be8c26871cd0064b9f.php 第 253 行.
NOTIC: [8] Undefined index: bookname H:\xampp\htdocs\code\cyc2.7\admin\Runtime\Cache\Home\147f4ae02d7754be8c26871cd0064b9f.php 第 254 行.
NOTIC: [8] Undefined index: version H:\xampp\htdocs\code\cyc2.7\admin\Runtime\Cache\Home\147f4ae02d7754be8c26871cd0064b9f.php 第 255 行.
NOTIC: [8] Undefined index: date H:\xampp\htdocs\code\cyc2.7\admin\Runtime\Cache\Home\147f4ae02d7754be8c26871cd0064b9f.php 第 256 行.
NOTIC: [8] Undefined index: bookid H:\xampp\htdocs\code\cyc2.7\admin\Runtime\Cache\Home\147f4ae02d7754be8c26871cd0064b9f.php 第 259 行.
NOTIC: [8] Undefined index: userid H:\xampp\htdocs\code\cyc2.7\admin\Runtime\Cache\Home\147f4ae02d7754be8c26871cd0064b9f.php 第 259 行.
NOTIC: [8] Undefined index: bookid H:\xampp\htdocs\code\cyc2.7\admin\Runtime\Cache\Home\147f4ae02d7754be8c26871cd0064b9f.php 第 252 行.
NOTIC: [8] Undefined index: username H:\xampp\htdocs\code\cyc2.7\admin\Runtime\Cache\Home\147f4ae02d7754be8c26871cd0064b9f.php 第 253 行.
NOTIC: [8] Undefined index: bookname H:\xampp\htdocs\code\cyc2.7\admin\Runtime\Cache\Home\147f4ae02d7754be8c26871cd0064b9f.php 第 254 行.
NOTIC: [8] Undefined index: version H:\xampp\htdocs\code\cyc2.7\admin\Runtime\Cache\Home\147f4ae02d7754be8c26871cd0064b9f.php 第 255 行.
NOTIC: [8] Undefined index: date H:\xampp\htdocs\code\cyc2.7\admin\Runtime\Cache\Home\147f4ae02d7754be8c26871cd0064b9f.php 第 256 行.
NOTIC: [8] Undefined index: bookid H:\xampp\htdocs\code\cyc2.7\admin\Runtime\Cache\Home\147f4ae02d7754be8c26871cd0064b9f.php 第 259 行.
NOTIC: [8] Undefined index: userid H:\xampp\htdocs\code\cyc2.7\admin\Runtime\Cache\Home\147f4ae02d7754be8c26871cd0064b9f.php 第 259 行.
INFO: Run Behavior\ParseTemplateBehavior [ RunTime:0.027002s ]
INFO: [ view_parse ] --END-- [ RunTime:0.027002s ]
INFO: [ view_filter ] --START--
INFO: Run Behavior\WriteHtmlCacheBehavior [ RunTime:0.001000s ]
INFO: [ view_filter ] --END-- [ RunTime:0.001000s ]
INFO: [ app_end ] --START--
INFO: Run Behavior\ShowPageTraceBehavior [ RunTime:0.002000s ]
INFO: [ app_end ] --END-- [ RunTime:0.002000s ]

[ 2015-04-25T09:17:10+08:00 ] ::1 /code/cyc2.7/admin.php/Home/Place/checkPlace/p/1
INFO: [ app_init ] --START--
INFO: Run Behavior\BuildLiteBehavior [ RunTime:0.000000s ]
INFO: [ app_init ] --END-- [ RunTime:0.001000s ]
INFO: [ app_begin ] --START--
INFO: Run Behavior\ReadHtmlCacheBehavior [ RunTime:0.001000s ]
INFO: [ app_begin ] --END-- [ RunTime:0.001000s ]
NOTIC: [8192] mysql_connect(): The mysql extension is deprecated and will be removed in the future: use mysqli or PDO instead H:\xampp\htdocs\code\cyc2.7\ThinkPHP\Library\Think\Db\Driver\Mysql.class.php 第 52 行.
SQL: SHOW COLUMNS FROM `place` [ RunTime:0.005001s ]
SQL: SELECT * FROM `place`  [ RunTime:0.001000s ]
SQL: SELECT * FROM `place` LIMIT 0,3   [ RunTime:0.001000s ]
INFO: [ view_parse ] --START--
INFO: [ template_filter ] --START--
INFO: Run Behavior\ContentReplaceBehavior [ RunTime:0.000000s ]
INFO: [ template_filter ] --END-- [ RunTime:0.000000s ]
NOTIC: [8] Undefined index: admin_Name H:\xampp\htdocs\code\cyc2.7\admin\Runtime\Cache\Home\a2bc1a9bbe704cee838f6fd0776f594f.php 第 253 行.
NOTIC: [8] Undefined index: admin_Name H:\xampp\htdocs\code\cyc2.7\admin\Runtime\Cache\Home\a2bc1a9bbe704cee838f6fd0776f594f.php 第 253 行.
NOTIC: [8] Undefined index: admin_Name H:\xampp\htdocs\code\cyc2.7\admin\Runtime\Cache\Home\a2bc1a9bbe704cee838f6fd0776f594f.php 第 253 行.
INFO: Run Behavior\ParseTemplateBehavior [ RunTime:0.023001s ]
INFO: [ view_parse ] --END-- [ RunTime:0.023001s ]
INFO: [ view_filter ] --START--
INFO: Run Behavior\WriteHtmlCacheBehavior [ RunTime:0.001000s ]
INFO: [ view_filter ] --END-- [ RunTime:0.001000s ]
INFO: [ app_end ] --START--
INFO: Run Behavior\ShowPageTraceBehavior [ RunTime:0.002001s ]
INFO: [ app_end ] --END-- [ RunTime:0.002001s ]

