[ 2015-05-26T11:23:34+08:00 ] 127.0.0.1 /cargo/index.php/Home/Main/index.html
INFO: [ app_init ] --START--
INFO: Run Behavior\BuildLiteBehavior [ RunTime:0.000000s ]
INFO: [ app_init ] --END-- [ RunTime:0.040000s ]
INFO: [ app_begin ] --START--
INFO: Run Behavior\ReadHtmlCacheBehavior [ RunTime:0.000000s ]
INFO: [ app_begin ] --END-- [ RunTime:0.000000s ]
INFO: [ view_parse ] --START--
INFO: [ template_filter ] --START--
INFO: Run Behavior\ContentReplaceBehavior [ RunTime:0.000000s ]
INFO: [ template_filter ] --END-- [ RunTime:0.000000s ]
NOTIC: [8] Undefined variable: picture G:\XA\htdocs\cargo\home\Runtime\Cache\Home\0767f9cfd0fdcabc3d18efd25594e1f2.php 第 103 行.
NOTIC: [8] Undefined variable: description G:\XA\htdocs\cargo\home\Runtime\Cache\Home\0767f9cfd0fdcabc3d18efd25594e1f2.php 第 107 行.
NOTIC: [8] Undefined variable: stock G:\XA\htdocs\cargo\home\Runtime\Cache\Home\0767f9cfd0fdcabc3d18efd25594e1f2.php 第 109 行.
NOTIC: [8] Undefined variable: price G:\XA\htdocs\cargo\home\Runtime\Cache\Home\0767f9cfd0fdcabc3d18efd25594e1f2.php 第 111 行.
INFO: Run Behavior\ParseTemplateBehavior [ RunTime:0.230002s ]
INFO: [ view_parse ] --END-- [ RunTime:0.230002s ]
INFO: [ view_filter ] --START--
INFO: Run Behavior\WriteHtmlCacheBehavior [ RunTime:0.040000s ]
INFO: [ view_filter ] --END-- [ RunTime:0.040000s ]
INFO: [ app_end ] --START--
INFO: Run Behavior\ShowPageTraceBehavior [ RunTime:0.010000s ]
INFO: [ app_end ] --END-- [ RunTime:0.010000s ]

[ 2015-05-26T11:32:42+08:00 ] 127.0.0.1 /cargo/index.php/Home/index.html
INFO: [ app_init ] --START--
INFO: Run Behavior\BuildLiteBehavior [ RunTime:0.000000s ]
INFO: [ app_init ] --END-- [ RunTime:0.002000s ]
INFO: [ app_begin ] --START--
INFO: Run Behavior\ReadHtmlCacheBehavior [ RunTime:0.003001s ]
INFO: [ app_begin ] --END-- [ RunTime:0.004001s ]
NOTIC: [2] file_get_contents(http://10.10.211.80:8080/CarGo/ads):  G:\XA\htdocs\cargo\home\Home\Controller\IndexController.class.php 第 18 行.
NOTIC: [8] Undefined variable: strs G:\XA\htdocs\cargo\home\Home\Controller\IndexController.class.php 第 54 行.
INFO: [ view_parse ] --START--
INFO: [ template_filter ] --START--
INFO: Run Behavior\ContentReplaceBehavior [ RunTime:0.001000s ]
INFO: [ template_filter ] --END-- [ RunTime:0.001000s ]
INFO: Run Behavior\ParseTemplateBehavior [ RunTime:0.072004s ]
INFO: [ view_parse ] --END-- [ RunTime:0.072004s ]
INFO: [ view_filter ] --START--
INFO: Run Behavior\WriteHtmlCacheBehavior [ RunTime:0.002000s ]
INFO: [ view_filter ] --END-- [ RunTime:0.002000s ]
INFO: [ app_end ] --START--
INFO: Run Behavior\ShowPageTraceBehavior [ RunTime:0.005001s ]
INFO: [ app_end ] --END-- [ RunTime:0.006001s ]

[ 2015-05-26T11:32:42+08:00 ] 127.0.0.1 /cargo/index.php/Home/css/bdsstyle.css
INFO: [ app_init ] --START--
INFO: Run Behavior\BuildLiteBehavior [ RunTime:0.000000s ]
INFO: [ app_init ] --END-- [ RunTime:0.001000s ]
INFO: [ app_begin ] --START--
INFO: Run Behavior\ReadHtmlCacheBehavior [ RunTime:0.002000s ]
INFO: [ app_begin ] --END-- [ RunTime:0.002000s ]
ERR: 无法加载控制器:Css

[ 2015-05-26T17:21:40+08:00 ] 127.0.0.1 /cargo/index.php/Home/Main/index.html
INFO: [ app_init ] --START--
INFO: Run Behavior\BuildLiteBehavior [ RunTime:0.000000s ]
INFO: [ app_init ] --END-- [ RunTime:0.107006s ]
INFO: [ app_begin ] --START--
INFO: Run Behavior\ReadHtmlCacheBehavior [ RunTime:0.008000s ]
INFO: [ app_begin ] --END-- [ RunTime:0.008000s ]
INFO: [ view_parse ] --START--
INFO: [ template_filter ] --START--
INFO: Run Behavior\ContentReplaceBehavior [ RunTime:0.001000s ]
INFO: [ template_filter ] --END-- [ RunTime:0.001000s ]
NOTIC: [8] Undefined variable: request G:\XA\htdocs\cargo\home\Runtime\Cache\Home\0767f9cfd0fdcabc3d18efd25594e1f2.php 第 103 行.
NOTIC: [8] Undefined variable: request G:\XA\htdocs\cargo\home\Runtime\Cache\Home\0767f9cfd0fdcabc3d18efd25594e1f2.php 第 107 行.
NOTIC: [8] Undefined variable: request G:\XA\htdocs\cargo\home\Runtime\Cache\Home\0767f9cfd0fdcabc3d18efd25594e1f2.php 第 108 行.
NOTIC: [8] Undefined variable: request G:\XA\htdocs\cargo\home\Runtime\Cache\Home\0767f9cfd0fdcabc3d18efd25594e1f2.php 第 109 行.
NOTIC: [8] Undefined variable: request G:\XA\htdocs\cargo\home\Runtime\Cache\Home\0767f9cfd0fdcabc3d18efd25594e1f2.php 第 111 行.
INFO: Run Behavior\ParseTemplateBehavior [ RunTime:0.364021s ]
INFO: [ view_parse ] --END-- [ RunTime:0.365021s ]
INFO: [ view_filter ] --START--
INFO: Run Behavior\WriteHtmlCacheBehavior [ RunTime:0.016001s ]
INFO: [ view_filter ] --END-- [ RunTime:0.016001s ]
INFO: [ app_end ] --START--
INFO: Run Behavior\ShowPageTraceBehavior [ RunTime:0.008001s ]
INFO: [ app_end ] --END-- [ RunTime:0.008001s ]

[ 2015-05-26T17:21:47+08:00 ] 127.0.0.1 /cargo/index.php/Home/Main/SingleCar.html
INFO: [ app_init ] --START--
INFO: Run Behavior\BuildLiteBehavior [ RunTime:0.000000s ]
INFO: [ app_init ] --END-- [ RunTime:0.001000s ]
INFO: [ app_begin ] --START--
INFO: Run Behavior\ReadHtmlCacheBehavior [ RunTime:0.001000s ]
INFO: [ app_begin ] --END-- [ RunTime:0.001000s ]
NOTIC: [2] Missing argument 1 for Think\Controller::assign(), called in G:\XA\htdocs\cargo\home\Home\Controller\MainController.class.php on line 13 and defined G:\XA\htdocs\cargo\ThinkPHP\Library\Think\Controller.class.php 第 121 行.
NOTIC: [8] Undefined variable: name G:\XA\htdocs\cargo\ThinkPHP\Library\Think\Controller.class.php 第 122 行.
INFO: [ view_parse ] --START--
INFO: [ template_filter ] --START--
INFO: Run Behavior\ContentReplaceBehavior [ RunTime:0.000000s ]
INFO: [ template_filter ] --END-- [ RunTime:0.000000s ]
NOTIC: [8] Undefined variable: description G:\XA\htdocs\cargo\home\Runtime\Cache\Home\8d06f1fa3da2f92e4ac2a05807edf182.php 第 42 行.
NOTIC: [8] Undefined variable: car G:\XA\htdocs\cargo\home\Runtime\Cache\Home\8d06f1fa3da2f92e4ac2a05807edf182.php 第 43 行.
NOTIC: [8] Undefined variable: stock G:\XA\htdocs\cargo\home\Runtime\Cache\Home\8d06f1fa3da2f92e4ac2a05807edf182.php 第 44 行.
NOTIC: [8] Undefined variable: car G:\XA\htdocs\cargo\home\Runtime\Cache\Home\8d06f1fa3da2f92e4ac2a05807edf182.php 第 46 行.
NOTIC: [8] Undefined variable: request G:\XA\htdocs\cargo\home\Runtime\Cache\Home\8d06f1fa3da2f92e4ac2a05807edf182.php 第 54 行.
NOTIC: [8] Undefined variable: request G:\XA\htdocs\cargo\home\Runtime\Cache\Home\8d06f1fa3da2f92e4ac2a05807edf182.php 第 54 行.
NOTIC: [8] Undefined variable: request G:\XA\htdocs\cargo\home\Runtime\Cache\Home\8d06f1fa3da2f92e4ac2a05807edf182.php 第 54 行.
NOTIC: [8] Undefined variable: request G:\XA\htdocs\cargo\home\Runtime\Cache\Home\8d06f1fa3da2f92e4ac2a05807edf182.php 第 69 行.
NOTIC: [8] Undefined variable: request G:\XA\htdocs\cargo\home\Runtime\Cache\Home\8d06f1fa3da2f92e4ac2a05807edf182.php 第 70 行.
NOTIC: [8] Undefined variable: request G:\XA\htdocs\cargo\home\Runtime\Cache\Home\8d06f1fa3da2f92e4ac2a05807edf182.php 第 73 行.
NOTIC: [8] Undefined variable: request G:\XA\htdocs\cargo\home\Runtime\Cache\Home\8d06f1fa3da2f92e4ac2a05807edf182.php 第 74 行.
NOTIC: [8] Undefined variable: request G:\XA\htdocs\cargo\home\Runtime\Cache\Home\8d06f1fa3da2f92e4ac2a05807edf182.php 第 77 行.
NOTIC: [8] Undefined variable: request G:\XA\htdocs\cargo\home\Runtime\Cache\Home\8d06f1fa3da2f92e4ac2a05807edf182.php 第 78 行.
NOTIC: [8] Undefined variable: request G:\XA\htdocs\cargo\home\Runtime\Cache\Home\8d06f1fa3da2f92e4ac2a05807edf182.php 第 85 行.
NOTIC: [8] Undefined variable: request G:\XA\htdocs\cargo\home\Runtime\Cache\Home\8d06f1fa3da2f92e4ac2a05807edf182.php 第 86 行.
NOTIC: [8] Undefined variable: request G:\XA\htdocs\cargo\home\Runtime\Cache\Home\8d06f1fa3da2f92e4ac2a05807edf182.php 第 87 行.
NOTIC: [8] Undefined variable: request G:\XA\htdocs\cargo\home\Runtime\Cache\Home\8d06f1fa3da2f92e4ac2a05807edf182.php 第 90 行.
NOTIC: [8] Undefined variable: request G:\XA\htdocs\cargo\home\Runtime\Cache\Home\8d06f1fa3da2f92e4ac2a05807edf182.php 第 91 行.
NOTIC: [8] Undefined variable: request G:\XA\htdocs\cargo\home\Runtime\Cache\Home\8d06f1fa3da2f92e4ac2a05807edf182.php 第 92 行.
NOTIC: [8] Undefined variable: request G:\XA\htdocs\cargo\home\Runtime\Cache\Home\8d06f1fa3da2f92e4ac2a05807edf182.php 第 95 行.
NOTIC: [8] Undefined variable: request G:\XA\htdocs\cargo\home\Runtime\Cache\Home\8d06f1fa3da2f92e4ac2a05807edf182.php 第 96 行.
NOTIC: [8] Undefined variable: request G:\XA\htdocs\cargo\home\Runtime\Cache\Home\8d06f1fa3da2f92e4ac2a05807edf182.php 第 100 行.
NOTIC: [8] Undefined variable: request G:\XA\htdocs\cargo\home\Runtime\Cache\Home\8d06f1fa3da2f92e4ac2a05807edf182.php 第 107 行.
NOTIC: [8] Undefined variable: request G:\XA\htdocs\cargo\home\Runtime\Cache\Home\8d06f1fa3da2f92e4ac2a05807edf182.php 第 108 行.
NOTIC: [8] Undefined variable: request G:\XA\htdocs\cargo\home\Runtime\Cache\Home\8d06f1fa3da2f92e4ac2a05807edf182.php 第 109 行.
NOTIC: [8] Undefined variable: request G:\XA\htdocs\cargo\home\Runtime\Cache\Home\8d06f1fa3da2f92e4ac2a05807edf182.php 第 112 行.
NOTIC: [8] Undefined variable: request G:\XA\htdocs\cargo\home\Runtime\Cache\Home\8d06f1fa3da2f92e4ac2a05807edf182.php 第 113 行.
NOTIC: [8] Undefined variable: request G:\XA\htdocs\cargo\home\Runtime\Cache\Home\8d06f1fa3da2f92e4ac2a05807edf182.php 第 114 行.
NOTIC: [8] Undefined variable: request G:\XA\htdocs\cargo\home\Runtime\Cache\Home\8d06f1fa3da2f92e4ac2a05807edf182.php 第 121 行.
NOTIC: [8] Undefined variable: request G:\XA\htdocs\cargo\home\Runtime\Cache\Home\8d06f1fa3da2f92e4ac2a05807edf182.php 第 122 行.
NOTIC: [8] Undefined variable: request G:\XA\htdocs\cargo\home\Runtime\Cache\Home\8d06f1fa3da2f92e4ac2a05807edf182.php 第 123 行.
NOTIC: [8] Undefined variable: request G:\XA\htdocs\cargo\home\Runtime\Cache\Home\8d06f1fa3da2f92e4ac2a05807edf182.php 第 126 行.
NOTIC: [8] Undefined variable: request G:\XA\htdocs\cargo\home\Runtime\Cache\Home\8d06f1fa3da2f92e4ac2a05807edf182.php 第 127 行.
NOTIC: [8] Undefined variable: request G:\XA\htdocs\cargo\home\Runtime\Cache\Home\8d06f1fa3da2f92e4ac2a05807edf182.php 第 128 行.
NOTIC: [8] Undefined variable: request G:\XA\htdocs\cargo\home\Runtime\Cache\Home\8d06f1fa3da2f92e4ac2a05807edf182.php 第 131 行.
NOTIC: [8] Undefined variable: request G:\XA\htdocs\cargo\home\Runtime\Cache\Home\8d06f1fa3da2f92e4ac2a05807edf182.php 第 132 行.
INFO: Run Behavior\ParseTemplateBehavior [ RunTime:0.044003s ]
INFO: [ view_parse ] --END-- [ RunTime:0.044003s ]
INFO: [ view_filter ] --START--
INFO: Run Behavior\WriteHtmlCacheBehavior [ RunTime:0.002000s ]
INFO: [ view_filter ] --END-- [ RunTime:0.002000s ]
INFO: [ app_end ] --START--
INFO: Run Behavior\ShowPageTraceBehavior [ RunTime:0.003000s ]
INFO: [ app_end ] --END-- [ RunTime:0.003000s ]

[ 2015-05-26T17:22:34+08:00 ] 127.0.0.1 /cargo/index.php/Home/Main/SingleCar.html
INFO: [ app_init ] --START--
INFO: Run Behavior\BuildLiteBehavior [ RunTime:0.000000s ]
INFO: [ app_init ] --END-- [ RunTime:0.002000s ]
INFO: [ app_begin ] --START--
INFO: Run Behavior\ReadHtmlCacheBehavior [ RunTime:0.003000s ]
INFO: [ app_begin ] --END-- [ RunTime:0.003000s ]
NOTIC: [2] Missing argument 1 for Think\Controller::assign(), called in G:\XA\htdocs\cargo\home\Home\Controller\MainController.class.php on line 13 and defined G:\XA\htdocs\cargo\ThinkPHP\Library\Think\Controller.class.php 第 121 行.
NOTIC: [8] Undefined variable: name G:\XA\htdocs\cargo\ThinkPHP\Library\Think\Controller.class.php 第 122 行.
INFO: [ view_parse ] --START--
INFO: [ template_filter ] --START--
INFO: Run Behavior\ContentReplaceBehavior [ RunTime:0.000000s ]
INFO: [ template_filter ] --END-- [ RunTime:0.000000s ]
NOTIC: [8] Undefined variable: description G:\XA\htdocs\cargo\home\Runtime\Cache\Home\8d06f1fa3da2f92e4ac2a05807edf182.php 第 42 行.
NOTIC: [8] Undefined variable: car G:\XA\htdocs\cargo\home\Runtime\Cache\Home\8d06f1fa3da2f92e4ac2a05807edf182.php 第 43 行.
NOTIC: [8] Undefined variable: stock G:\XA\htdocs\cargo\home\Runtime\Cache\Home\8d06f1fa3da2f92e4ac2a05807edf182.php 第 44 行.
NOTIC: [8] Undefined variable: car G:\XA\htdocs\cargo\home\Runtime\Cache\Home\8d06f1fa3da2f92e4ac2a05807edf182.php 第 46 行.
NOTIC: [8] Undefined variable: request G:\XA\htdocs\cargo\home\Runtime\Cache\Home\8d06f1fa3da2f92e4ac2a05807edf182.php 第 54 行.
NOTIC: [8] Undefined variable: request G:\XA\htdocs\cargo\home\Runtime\Cache\Home\8d06f1fa3da2f92e4ac2a05807edf182.php 第 54 行.
NOTIC: [8] Undefined variable: request G:\XA\htdocs\cargo\home\Runtime\Cache\Home\8d06f1fa3da2f92e4ac2a05807edf182.php 第 54 行.
NOTIC: [8] Undefined variable: request G:\XA\htdocs\cargo\home\Runtime\Cache\Home\8d06f1fa3da2f92e4ac2a05807edf182.php 第 69 行.
NOTIC: [8] Undefined variable: request G:\XA\htdocs\cargo\home\Runtime\Cache\Home\8d06f1fa3da2f92e4ac2a05807edf182.php 第 70 行.
NOTIC: [8] Undefined variable: request G:\XA\htdocs\cargo\home\Runtime\Cache\Home\8d06f1fa3da2f92e4ac2a05807edf182.php 第 73 行.
NOTIC: [8] Undefined variable: request G:\XA\htdocs\cargo\home\Runtime\Cache\Home\8d06f1fa3da2f92e4ac2a05807edf182.php 第 74 行.
NOTIC: [8] Undefined variable: request G:\XA\htdocs\cargo\home\Runtime\Cache\Home\8d06f1fa3da2f92e4ac2a05807edf182.php 第 77 行.
NOTIC: [8] Undefined variable: request G:\XA\htdocs\cargo\home\Runtime\Cache\Home\8d06f1fa3da2f92e4ac2a05807edf182.php 第 78 行.
NOTIC: [8] Undefined variable: request G:\XA\htdocs\cargo\home\Runtime\Cache\Home\8d06f1fa3da2f92e4ac2a05807edf182.php 第 85 行.
NOTIC: [8] Undefined variable: request G:\XA\htdocs\cargo\home\Runtime\Cache\Home\8d06f1fa3da2f92e4ac2a05807edf182.php 第 86 行.
NOTIC: [8] Undefined variable: request G:\XA\htdocs\cargo\home\Runtime\Cache\Home\8d06f1fa3da2f92e4ac2a05807edf182.php 第 87 行.
NOTIC: [8] Undefined variable: request G:\XA\htdocs\cargo\home\Runtime\Cache\Home\8d06f1fa3da2f92e4ac2a05807edf182.php 第 90 行.
NOTIC: [8] Undefined variable: request G:\XA\htdocs\cargo\home\Runtime\Cache\Home\8d06f1fa3da2f92e4ac2a05807edf182.php 第 91 行.
NOTIC: [8] Undefined variable: request G:\XA\htdocs\cargo\home\Runtime\Cache\Home\8d06f1fa3da2f92e4ac2a05807edf182.php 第 92 行.
NOTIC: [8] Undefined variable: request G:\XA\htdocs\cargo\home\Runtime\Cache\Home\8d06f1fa3da2f92e4ac2a05807edf182.php 第 95 行.
NOTIC: [8] Undefined variable: request G:\XA\htdocs\cargo\home\Runtime\Cache\Home\8d06f1fa3da2f92e4ac2a05807edf182.php 第 96 行.
NOTIC: [8] Undefined variable: request G:\XA\htdocs\cargo\home\Runtime\Cache\Home\8d06f1fa3da2f92e4ac2a05807edf182.php 第 99 行.
NOTIC: [8] Undefined variable: request G:\XA\htdocs\cargo\home\Runtime\Cache\Home\8d06f1fa3da2f92e4ac2a05807edf182.php 第 100 行.
NOTIC: [8] Undefined variable: request G:\XA\htdocs\cargo\home\Runtime\Cache\Home\8d06f1fa3da2f92e4ac2a05807edf182.php 第 107 行.
NOTIC: [8] Undefined variable: request G:\XA\htdocs\cargo\home\Runtime\Cache\Home\8d06f1fa3da2f92e4ac2a05807edf182.php 第 108 行.
NOTIC: [8] Undefined variable: request G:\XA\htdocs\cargo\home\Runtime\Cache\Home\8d06f1fa3da2f92e4ac2a05807edf182.php 第 109 行.
NOTIC: [8] Undefined variable: request G:\XA\htdocs\cargo\home\Runtime\Cache\Home\8d06f1fa3da2f92e4ac2a05807edf182.php 第 112 行.
NOTIC: [8] Undefined variable: request G:\XA\htdocs\cargo\home\Runtime\Cache\Home\8d06f1fa3da2f92e4ac2a05807edf182.php 第 113 行.
NOTIC: [8] Undefined variable: request G:\XA\htdocs\cargo\home\Runtime\Cache\Home\8d06f1fa3da2f92e4ac2a05807edf182.php 第 114 行.
NOTIC: [8] Undefined variable: request G:\XA\htdocs\cargo\home\Runtime\Cache\Home\8d06f1fa3da2f92e4ac2a05807edf182.php 第 121 行.
NOTIC: [8] Undefined variable: request G:\XA\htdocs\cargo\home\Runtime\Cache\Home\8d06f1fa3da2f92e4ac2a05807edf182.php 第 122 行.
NOTIC: [8] Undefined variable: request G:\XA\htdocs\cargo\home\Runtime\Cache\Home\8d06f1fa3da2f92e4ac2a05807edf182.php 第 123 行.
NOTIC: [8] Undefined variable: request G:\XA\htdocs\cargo\home\Runtime\Cache\Home\8d06f1fa3da2f92e4ac2a05807edf182.php 第 126 行.
NOTIC: [8] Undefined variable: request G:\XA\htdocs\cargo\home\Runtime\Cache\Home\8d06f1fa3da2f92e4ac2a05807edf182.php 第 127 行.
NOTIC: [8] Undefined variable: request G:\XA\htdocs\cargo\home\Runtime\Cache\Home\8d06f1fa3da2f92e4ac2a05807edf182.php 第 128 行.
NOTIC: [8] Undefined variable: request G:\XA\htdocs\cargo\home\Runtime\Cache\Home\8d06f1fa3da2f92e4ac2a05807edf182.php 第 131 行.
NOTIC: [8] Undefined variable: request G:\XA\htdocs\cargo\home\Runtime\Cache\Home\8d06f1fa3da2f92e4ac2a05807edf182.php 第 132 行.
INFO: Run Behavior\ParseTemplateBehavior [ RunTime:0.047003s ]
INFO: [ view_parse ] --END-- [ RunTime:0.047003s ]
INFO: [ view_filter ] --START--
INFO: Run Behavior\WriteHtmlCacheBehavior [ RunTime:0.004000s ]
INFO: [ view_filter ] --END-- [ RunTime:0.004000s ]
INFO: [ app_end ] --START--
INFO: Run Behavior\ShowPageTraceBehavior [ RunTime:0.002000s ]
INFO: [ app_end ] --END-- [ RunTime:0.002000s ]

[ 2015-05-26T20:26:17+08:00 ] 127.0.0.1 /cargo/index.php/Home/Main/SingleCar.html
INFO: [ app_init ] --START--
INFO: Run Behavior\BuildLiteBehavior [ RunTime:0.000000s ]
INFO: [ app_init ] --END-- [ RunTime:0.102006s ]
INFO: [ app_begin ] --START--
INFO: Run Behavior\ReadHtmlCacheBehavior [ RunTime:0.004000s ]
INFO: [ app_begin ] --END-- [ RunTime:0.004000s ]
INFO: [ view_parse ] --START--
INFO: [ template_filter ] --START--
INFO: Run Behavior\ContentReplaceBehavior [ RunTime:0.000000s ]
INFO: [ template_filter ] --END-- [ RunTime:0.001000s ]
NOTIC: [8] Undefined variable: description G:\XA\htdocs\cargo\home\Runtime\Cache\Home\8d06f1fa3da2f92e4ac2a05807edf182.php 第 42 行.
NOTIC: [8] Undefined variable: car G:\XA\htdocs\cargo\home\Runtime\Cache\Home\8d06f1fa3da2f92e4ac2a05807edf182.php 第 43 行.
NOTIC: [8] Undefined variable: stock G:\XA\htdocs\cargo\home\Runtime\Cache\Home\8d06f1fa3da2f92e4ac2a05807edf182.php 第 44 行.
NOTIC: [8] Undefined variable: car G:\XA\htdocs\cargo\home\Runtime\Cache\Home\8d06f1fa3da2f92e4ac2a05807edf182.php 第 46 行.
NOTIC: [8] Undefined variable: request G:\XA\htdocs\cargo\home\Runtime\Cache\Home\8d06f1fa3da2f92e4ac2a05807edf182.php 第 54 行.
NOTIC: [8] Undefined variable: request G:\XA\htdocs\cargo\home\Runtime\Cache\Home\8d06f1fa3da2f92e4ac2a05807edf182.php 第 54 行.
NOTIC: [8] Undefined variable: request G:\XA\htdocs\cargo\home\Runtime\Cache\Home\8d06f1fa3da2f92e4ac2a05807edf182.php 第 54 行.
NOTIC: [8] Undefined variable: request G:\XA\htdocs\cargo\home\Runtime\Cache\Home\8d06f1fa3da2f92e4ac2a05807edf182.php 第 69 行.
NOTIC: [8] Undefined variable: request G:\XA\htdocs\cargo\home\Runtime\Cache\Home\8d06f1fa3da2f92e4ac2a05807edf182.php 第 70 行.
NOTIC: [8] Undefined variable: request G:\XA\htdocs\cargo\home\Runtime\Cache\Home\8d06f1fa3da2f92e4ac2a05807edf182.php 第 73 行.
NOTIC: [8] Undefined variable: request G:\XA\htdocs\cargo\home\Runtime\Cache\Home\8d06f1fa3da2f92e4ac2a05807edf182.php 第 74 行.
NOTIC: [8] Undefined variable: request G:\XA\htdocs\cargo\home\Runtime\Cache\Home\8d06f1fa3da2f92e4ac2a05807edf182.php 第 77 行.
NOTIC: [8] Undefined variable: request G:\XA\htdocs\cargo\home\Runtime\Cache\Home\8d06f1fa3da2f92e4ac2a05807edf182.php 第 78 行.
NOTIC: [8] Undefined variable: request G:\XA\htdocs\cargo\home\Runtime\Cache\Home\8d06f1fa3da2f92e4ac2a05807edf182.php 第 85 行.
NOTIC: [8] Undefined variable: request G:\XA\htdocs\cargo\home\Runtime\Cache\Home\8d06f1fa3da2f92e4ac2a05807edf182.php 第 86 行.
NOTIC: [8] Undefined variable: request G:\XA\htdocs\cargo\home\Runtime\Cache\Home\8d06f1fa3da2f92e4ac2a05807edf182.php 第 87 行.
NOTIC: [8] Undefined variable: request G:\XA\htdocs\cargo\home\Runtime\Cache\Home\8d06f1fa3da2f92e4ac2a05807edf182.php 第 90 行.
NOTIC: [8] Undefined variable: request G:\XA\htdocs\cargo\home\Runtime\Cache\Home\8d06f1fa3da2f92e4ac2a05807edf182.php 第 91 行.
NOTIC: [8] Undefined variable: request G:\XA\htdocs\cargo\home\Runtime\Cache\Home\8d06f1fa3da2f92e4ac2a05807edf182.php 第 92 行.
NOTIC: [8] Undefined variable: request G:\XA\htdocs\cargo\home\Runtime\Cache\Home\8d06f1fa3da2f92e4ac2a05807edf182.php 第 95 行.
NOTIC: [8] Undefined variable: request G:\XA\htdocs\cargo\home\Runtime\Cache\Home\8d06f1fa3da2f92e4ac2a05807edf182.php 第 96 行.
NOTIC: [8] Undefined variable: request G:\XA\htdocs\cargo\home\Runtime\Cache\Home\8d06f1fa3da2f92e4ac2a05807edf182.php 第 99 行.
NOTIC: [8] Undefined variable: request G:\XA\htdocs\cargo\home\Runtime\Cache\Home\8d06f1fa3da2f92e4ac2a05807edf182.php 第 100 行.
NOTIC: [8] Undefined variable: request G:\XA\htdocs\cargo\home\Runtime\Cache\Home\8d06f1fa3da2f92e4ac2a05807edf182.php 第 107 行.
NOTIC: [8] Undefined variable: request G:\XA\htdocs\cargo\home\Runtime\Cache\Home\8d06f1fa3da2f92e4ac2a05807edf182.php 第 108 行.
NOTIC: [8] Undefined variable: request G:\XA\htdocs\cargo\home\Runtime\Cache\Home\8d06f1fa3da2f92e4ac2a05807edf182.php 第 109 行.
NOTIC: [8] Undefined variable: request G:\XA\htdocs\cargo\home\Runtime\Cache\Home\8d06f1fa3da2f92e4ac2a05807edf182.php 第 112 行.
NOTIC: [8] Undefined variable: request G:\XA\htdocs\cargo\home\Runtime\Cache\Home\8d06f1fa3da2f92e4ac2a05807edf182.php 第 113 行.
NOTIC: [8] Undefined variable: request G:\XA\htdocs\cargo\home\Runtime\Cache\Home\8d06f1fa3da2f92e4ac2a05807edf182.php 第 114 行.
NOTIC: [8] Undefined variable: request G:\XA\htdocs\cargo\home\Runtime\Cache\Home\8d06f1fa3da2f92e4ac2a05807edf182.php 第 121 行.
NOTIC: [8] Undefined variable: request G:\XA\htdocs\cargo\home\Runtime\Cache\Home\8d06f1fa3da2f92e4ac2a05807edf182.php 第 122 行.
NOTIC: [8] Undefined variable: request G:\XA\htdocs\cargo\home\Runtime\Cache\Home\8d06f1fa3da2f92e4ac2a05807edf182.php 第 123 行.
NOTIC: [8] Undefined variable: request G:\XA\htdocs\cargo\home\Runtime\Cache\Home\8d06f1fa3da2f92e4ac2a05807edf182.php 第 126 行.
NOTIC: [8] Undefined variable: request G:\XA\htdocs\cargo\home\Runtime\Cache\Home\8d06f1fa3da2f92e4ac2a05807edf182.php 第 127 行.
NOTIC: [8] Undefined variable: request G:\XA\htdocs\cargo\home\Runtime\Cache\Home\8d06f1fa3da2f92e4ac2a05807edf182.php 第 128 行.
NOTIC: [8] Undefined variable: request G:\XA\htdocs\cargo\home\Runtime\Cache\Home\8d06f1fa3da2f92e4ac2a05807edf182.php 第 131 行.
NOTIC: [8] Undefined variable: request G:\XA\htdocs\cargo\home\Runtime\Cache\Home\8d06f1fa3da2f92e4ac2a05807edf182.php 第 132 行.
INFO: Run Behavior\ParseTemplateBehavior [ RunTime:0.307018s ]
INFO: [ view_parse ] --END-- [ RunTime:0.307018s ]
INFO: [ view_filter ] --START--
INFO: Run Behavior\WriteHtmlCacheBehavior [ RunTime:0.025001s ]
INFO: [ view_filter ] --END-- [ RunTime:0.025001s ]
INFO: [ app_end ] --START--
INFO: Run Behavior\ShowPageTraceBehavior [ RunTime:0.016001s ]
INFO: [ app_end ] --END-- [ RunTime:0.017001s ]

[ 2015-05-26T20:26:29+08:00 ] 127.0.0.1 /cargo/index.php/Home/Main/BuyInfo.html
INFO: [ app_init ] --START--
INFO: Run Behavior\BuildLiteBehavior [ RunTime:0.000000s ]
INFO: [ app_init ] --END-- [ RunTime:0.000000s ]
INFO: [ app_begin ] --START--
INFO: Run Behavior\ReadHtmlCacheBehavior [ RunTime:0.001000s ]
INFO: [ app_begin ] --END-- [ RunTime:0.001000s ]
INFO: [ view_parse ] --START--
INFO: [ template_filter ] --START--
INFO: Run Behavior\ContentReplaceBehavior [ RunTime:0.000000s ]
INFO: [ template_filter ] --END-- [ RunTime:0.001000s ]
INFO: Run Behavior\ParseTemplateBehavior [ RunTime:0.028002s ]
INFO: [ view_parse ] --END-- [ RunTime:0.028002s ]
INFO: [ view_filter ] --START--
INFO: Run Behavior\WriteHtmlCacheBehavior [ RunTime:0.001000s ]
INFO: [ view_filter ] --END-- [ RunTime:0.001000s ]
INFO: [ app_end ] --START--
INFO: Run Behavior\ShowPageTraceBehavior [ RunTime:0.001000s ]
INFO: [ app_end ] --END-- [ RunTime:0.001000s ]

[ 2015-05-26T20:56:36+08:00 ] 127.0.0.1 /cargo/index.php/Home/Main/BuyInfo.html
INFO: [ app_init ] --START--
INFO: Run Behavior\BuildLiteBehavior [ RunTime:0.000000s ]
INFO: [ app_init ] --END-- [ RunTime:0.004001s ]
INFO: [ app_begin ] --START--
INFO: Run Behavior\ReadHtmlCacheBehavior [ RunTime:0.003000s ]
INFO: [ app_begin ] --END-- [ RunTime:0.003000s ]
INFO: [ view_parse ] --START--
INFO: [ template_filter ] --START--
INFO: Run Behavior\ContentReplaceBehavior [ RunTime:0.000000s ]
INFO: [ template_filter ] --END-- [ RunTime:0.000000s ]
INFO: Run Behavior\ParseTemplateBehavior [ RunTime:0.028001s ]
INFO: [ view_parse ] --END-- [ RunTime:0.028001s ]
INFO: [ view_filter ] --START--
INFO: Run Behavior\WriteHtmlCacheBehavior [ RunTime:0.002000s ]
INFO: [ view_filter ] --END-- [ RunTime:0.002000s ]
INFO: [ app_end ] --START--
INFO: Run Behavior\ShowPageTraceBehavior [ RunTime:0.003001s ]
INFO: [ app_end ] --END-- [ RunTime:0.003001s ]

[ 2015-05-26T21:25:58+08:00 ] 127.0.0.1 /cargo/index.php/Home/Main/UsersRegister.html
INFO: [ app_init ] --START--
INFO: Run Behavior\BuildLiteBehavior [ RunTime:0.000000s ]
INFO: [ app_init ] --END-- [ RunTime:0.001000s ]
INFO: [ app_begin ] --START--
INFO: Run Behavior\ReadHtmlCacheBehavior [ RunTime:0.001000s ]
INFO: [ app_begin ] --END-- [ RunTime:0.001000s ]
INFO: [ view_parse ] --START--
INFO: [ template_filter ] --START--
INFO: Run Behavior\ContentReplaceBehavior [ RunTime:0.000000s ]
INFO: [ template_filter ] --END-- [ RunTime:0.000000s ]
INFO: Run Behavior\ParseTemplateBehavior [ RunTime:0.039002s ]
INFO: [ view_parse ] --END-- [ RunTime:0.039002s ]
INFO: [ view_filter ] --START--
INFO: Run Behavior\WriteHtmlCacheBehavior [ RunTime:0.000000s ]
INFO: [ view_filter ] --END-- [ RunTime:0.000000s ]
INFO: [ app_end ] --START--
INFO: Run Behavior\ShowPageTraceBehavior [ RunTime:0.000000s ]
INFO: [ app_end ] --END-- [ RunTime:0.000000s ]

[ 2015-05-26T21:26:19+08:00 ] 127.0.0.1 /cargo/index.php/Home/Main/SupplyRegister.html
INFO: [ app_init ] --START--
INFO: Run Behavior\BuildLiteBehavior [ RunTime:0.000000s ]
INFO: [ app_init ] --END-- [ RunTime:0.002000s ]
INFO: [ app_begin ] --START--
INFO: Run Behavior\ReadHtmlCacheBehavior [ RunTime:0.003001s ]
INFO: [ app_begin ] --END-- [ RunTime:0.003001s ]
INFO: [ view_parse ] --START--
INFO: [ template_filter ] --START--
INFO: Run Behavior\ContentReplaceBehavior [ RunTime:0.000000s ]
INFO: [ template_filter ] --END-- [ RunTime:0.000000s ]
INFO: Run Behavior\ParseTemplateBehavior [ RunTime:0.103006s ]
INFO: [ view_parse ] --END-- [ RunTime:0.104006s ]
INFO: [ view_filter ] --START--
INFO: Run Behavior\WriteHtmlCacheBehavior [ RunTime:0.002000s ]
INFO: [ view_filter ] --END-- [ RunTime:0.002000s ]
INFO: [ app_end ] --START--
INFO: Run Behavior\ShowPageTraceBehavior [ RunTime:0.003000s ]
INFO: [ app_end ] --END-- [ RunTime:0.003000s ]

[ 2015-05-26T21:41:22+08:00 ] 127.0.0.1 /cargo/index.php/Home/Main/index.html
INFO: [ app_init ] --START--
INFO: Run Behavior\BuildLiteBehavior [ RunTime:0.000000s ]
INFO: [ app_init ] --END-- [ RunTime:0.002000s ]
INFO: [ app_begin ] --START--
INFO: Run Behavior\ReadHtmlCacheBehavior [ RunTime:0.003000s ]
INFO: [ app_begin ] --END-- [ RunTime:0.003000s ]
INFO: [ view_parse ] --START--
INFO: [ template_filter ] --START--
INFO: Run Behavior\ContentReplaceBehavior [ RunTime:0.000000s ]
INFO: [ template_filter ] --END-- [ RunTime:0.000000s ]
NOTIC: [8] Undefined variable: description G:\XA\htdocs\cargo\home\Runtime\Cache\Home\8d06f1fa3da2f92e4ac2a05807edf182.php 第 42 行.
NOTIC: [8] Undefined variable: car G:\XA\htdocs\cargo\home\Runtime\Cache\Home\8d06f1fa3da2f92e4ac2a05807edf182.php 第 43 行.
NOTIC: [8] Undefined variable: stock G:\XA\htdocs\cargo\home\Runtime\Cache\Home\8d06f1fa3da2f92e4ac2a05807edf182.php 第 44 行.
NOTIC: [8] Undefined variable: car G:\XA\htdocs\cargo\home\Runtime\Cache\Home\8d06f1fa3da2f92e4ac2a05807edf182.php 第 46 行.
NOTIC: [8] Undefined variable: request G:\XA\htdocs\cargo\home\Runtime\Cache\Home\8d06f1fa3da2f92e4ac2a05807edf182.php 第 54 行.
NOTIC: [8] Undefined variable: request G:\XA\htdocs\cargo\home\Runtime\Cache\Home\8d06f1fa3da2f92e4ac2a05807edf182.php 第 54 行.
NOTIC: [8] Undefined variable: request G:\XA\htdocs\cargo\home\Runtime\Cache\Home\8d06f1fa3da2f92e4ac2a05807edf182.php 第 54 行.
NOTIC: [8] Undefined variable: request G:\XA\htdocs\cargo\home\Runtime\Cache\Home\8d06f1fa3da2f92e4ac2a05807edf182.php 第 69 行.
NOTIC: [8] Undefined variable: request G:\XA\htdocs\cargo\home\Runtime\Cache\Home\8d06f1fa3da2f92e4ac2a05807edf182.php 第 70 行.
NOTIC: [8] Undefined variable: request G:\XA\htdocs\cargo\home\Runtime\Cache\Home\8d06f1fa3da2f92e4ac2a05807edf182.php 第 73 行.
NOTIC: [8] Undefined variable: request G:\XA\htdocs\cargo\home\Runtime\Cache\Home\8d06f1fa3da2f92e4ac2a05807edf182.php 第 74 行.
NOTIC: [8] Undefined variable: request G:\XA\htdocs\cargo\home\Runtime\Cache\Home\8d06f1fa3da2f92e4ac2a05807edf182.php 第 77 行.
NOTIC: [8] Undefined variable: request G:\XA\htdocs\cargo\home\Runtime\Cache\Home\8d06f1fa3da2f92e4ac2a05807edf182.php 第 78 行.
NOTIC: [8] Undefined variable: request G:\XA\htdocs\cargo\home\Runtime\Cache\Home\8d06f1fa3da2f92e4ac2a05807edf182.php 第 85 行.
NOTIC: [8] Undefined variable: request G:\XA\htdocs\cargo\home\Runtime\Cache\Home\8d06f1fa3da2f92e4ac2a05807edf182.php 第 86 行.
NOTIC: [8] Undefined variable: request G:\XA\htdocs\cargo\home\Runtime\Cache\Home\8d06f1fa3da2f92e4ac2a05807edf182.php 第 87 行.
NOTIC: [8] Undefined variable: request G:\XA\htdocs\cargo\home\Runtime\Cache\Home\8d06f1fa3da2f92e4ac2a05807edf182.php 第 90 行.
NOTIC: [8] Undefined variable: request G:\XA\htdocs\cargo\home\Runtime\Cache\Home\8d06f1fa3da2f92e4ac2a05807edf182.php 第 91 行.
NOTIC: [8] Undefined variable: request G:\XA\htdocs\cargo\home\Runtime\Cache\Home\8d06f1fa3da2f92e4ac2a05807edf182.php 第 92 行.
NOTIC: [8] Undefined variable: request G:\XA\htdocs\cargo\home\Runtime\Cache\Home\8d06f1fa3da2f92e4ac2a05807edf182.php 第 95 行.
NOTIC: [8] Undefined variable: request G:\XA\htdocs\cargo\home\Runtime\Cache\Home\8d06f1fa3da2f92e4ac2a05807edf182.php 第 96 行.
NOTIC: [8] Undefined variable: request G:\XA\htdocs\cargo\home\Runtime\Cache\Home\8d06f1fa3da2f92e4ac2a05807edf182.php 第 99 行.
NOTIC: [8] Undefined variable: request G:\XA\htdocs\cargo\home\Runtime\Cache\Home\8d06f1fa3da2f92e4ac2a05807edf182.php 第 100 行.
NOTIC: [8] Undefined variable: request G:\XA\htdocs\cargo\home\Runtime\Cache\Home\8d06f1fa3da2f92e4ac2a05807edf182.php 第 107 行.
NOTIC: [8] Undefined variable: request G:\XA\htdocs\cargo\home\Runtime\Cache\Home\8d06f1fa3da2f92e4ac2a05807edf182.php 第 108 行.
NOTIC: [8] Undefined variable: request G:\XA\htdocs\cargo\home\Runtime\Cache\Home\8d06f1fa3da2f92e4ac2a05807edf182.php 第 109 行.
NOTIC: [8] Undefined variable: request G:\XA\htdocs\cargo\home\Runtime\Cache\Home\8d06f1fa3da2f92e4ac2a05807edf182.php 第 112 行.
NOTIC: [8] Undefined variable: request G:\XA\htdocs\cargo\home\Runtime\Cache\Home\8d06f1fa3da2f92e4ac2a05807edf182.php 第 113 行.
NOTIC: [8] Undefined variable: request G:\XA\htdocs\cargo\home\Runtime\Cache\Home\8d06f1fa3da2f92e4ac2a05807edf182.php 第 114 行.
NOTIC: [8] Undefined variable: request G:\XA\htdocs\cargo\home\Runtime\Cache\Home\8d06f1fa3da2f92e4ac2a05807edf182.php 第 121 行.
NOTIC: [8] Undefined variable: request G:\XA\htdocs\cargo\home\Runtime\Cache\Home\8d06f1fa3da2f92e4ac2a05807edf182.php 第 122 行.
NOTIC: [8] Undefined variable: request G:\XA\htdocs\cargo\home\Runtime\Cache\Home\8d06f1fa3da2f92e4ac2a05807edf182.php 第 123 行.
NOTIC: [8] Undefined variable: request G:\XA\htdocs\cargo\home\Runtime\Cache\Home\8d06f1fa3da2f92e4ac2a05807edf182.php 第 126 行.
NOTIC: [8] Undefined variable: request G:\XA\htdocs\cargo\home\Runtime\Cache\Home\8d06f1fa3da2f92e4ac2a05807edf182.php 第 127 行.
NOTIC: [8] Undefined variable: request G:\XA\htdocs\cargo\home\Runtime\Cache\Home\8d06f1fa3da2f92e4ac2a05807edf182.php 第 128 行.
NOTIC: [8] Undefined variable: request G:\XA\htdocs\cargo\home\Runtime\Cache\Home\8d06f1fa3da2f92e4ac2a05807edf182.php 第 131 行.
NOTIC: [8] Undefined variable: request G:\XA\htdocs\cargo\home\Runtime\Cache\Home\8d06f1fa3da2f92e4ac2a05807edf182.php 第 132 行.
INFO: Run Behavior\ParseTemplateBehavior [ RunTime:0.141008s ]
INFO: [ view_parse ] --END-- [ RunTime:0.142008s ]
INFO: [ view_filter ] --START--
INFO: Run Behavior\WriteHtmlCacheBehavior [ RunTime:0.003000s ]
INFO: [ view_filter ] --END-- [ RunTime:0.003000s ]
INFO: [ app_end ] --START--
INFO: Run Behavior\ShowPageTraceBehavior [ RunTime:0.003001s ]
INFO: [ app_end ] --END-- [ RunTime:0.003001s ]

[ 2015-05-26T21:41:31+08:00 ] 127.0.0.1 /cargo/index.php/Home/Main/index.html
INFO: [ app_init ] --START--
INFO: Run Behavior\BuildLiteBehavior [ RunTime:0.001000s ]
INFO: [ app_init ] --END-- [ RunTime:0.003001s ]
INFO: [ app_begin ] --START--
INFO: Run Behavior\ReadHtmlCacheBehavior [ RunTime:0.003000s ]
INFO: [ app_begin ] --END-- [ RunTime:0.005000s ]
INFO: [ view_parse ] --START--
INFO: [ template_filter ] --START--
INFO: Run Behavior\ContentReplaceBehavior [ RunTime:0.000000s ]
INFO: [ template_filter ] --END-- [ RunTime:0.000000s ]
NOTIC: [8] Undefined variable: description G:\XA\htdocs\cargo\home\Runtime\Cache\Home\8d06f1fa3da2f92e4ac2a05807edf182.php 第 42 行.
NOTIC: [8] Undefined variable: car G:\XA\htdocs\cargo\home\Runtime\Cache\Home\8d06f1fa3da2f92e4ac2a05807edf182.php 第 43 行.
NOTIC: [8] Undefined variable: stock G:\XA\htdocs\cargo\home\Runtime\Cache\Home\8d06f1fa3da2f92e4ac2a05807edf182.php 第 44 行.
NOTIC: [8] Undefined variable: car G:\XA\htdocs\cargo\home\Runtime\Cache\Home\8d06f1fa3da2f92e4ac2a05807edf182.php 第 46 行.
NOTIC: [8] Undefined variable: request G:\XA\htdocs\cargo\home\Runtime\Cache\Home\8d06f1fa3da2f92e4ac2a05807edf182.php 第 54 行.
NOTIC: [8] Undefined variable: request G:\XA\htdocs\cargo\home\Runtime\Cache\Home\8d06f1fa3da2f92e4ac2a05807edf182.php 第 54 行.
NOTIC: [8] Undefined variable: request G:\XA\htdocs\cargo\home\Runtime\Cache\Home\8d06f1fa3da2f92e4ac2a05807edf182.php 第 54 行.
NOTIC: [8] Undefined variable: request G:\XA\htdocs\cargo\home\Runtime\Cache\Home\8d06f1fa3da2f92e4ac2a05807edf182.php 第 69 行.
NOTIC: [8] Undefined variable: request G:\XA\htdocs\cargo\home\Runtime\Cache\Home\8d06f1fa3da2f92e4ac2a05807edf182.php 第 70 行.
NOTIC: [8] Undefined variable: request G:\XA\htdocs\cargo\home\Runtime\Cache\Home\8d06f1fa3da2f92e4ac2a05807edf182.php 第 73 行.
NOTIC: [8] Undefined variable: request G:\XA\htdocs\cargo\home\Runtime\Cache\Home\8d06f1fa3da2f92e4ac2a05807edf182.php 第 74 行.
NOTIC: [8] Undefined variable: request G:\XA\htdocs\cargo\home\Runtime\Cache\Home\8d06f1fa3da2f92e4ac2a05807edf182.php 第 77 行.
NOTIC: [8] Undefined variable: request G:\XA\htdocs\cargo\home\Runtime\Cache\Home\8d06f1fa3da2f92e4ac2a05807edf182.php 第 78 行.
NOTIC: [8] Undefined variable: request G:\XA\htdocs\cargo\home\Runtime\Cache\Home\8d06f1fa3da2f92e4ac2a05807edf182.php 第 85 行.
NOTIC: [8] Undefined variable: request G:\XA\htdocs\cargo\home\Runtime\Cache\Home\8d06f1fa3da2f92e4ac2a05807edf182.php 第 86 行.
NOTIC: [8] Undefined variable: request G:\XA\htdocs\cargo\home\Runtime\Cache\Home\8d06f1fa3da2f92e4ac2a05807edf182.php 第 87 行.
NOTIC: [8] Undefined variable: request G:\XA\htdocs\cargo\home\Runtime\Cache\Home\8d06f1fa3da2f92e4ac2a05807edf182.php 第 90 行.
NOTIC: [8] Undefined variable: request G:\XA\htdocs\cargo\home\Runtime\Cache\Home\8d06f1fa3da2f92e4ac2a05807edf182.php 第 91 行.
NOTIC: [8] Undefined variable: request G:\XA\htdocs\cargo\home\Runtime\Cache\Home\8d06f1fa3da2f92e4ac2a05807edf182.php 第 92 行.
NOTIC: [8] Undefined variable: request G:\XA\htdocs\cargo\home\Runtime\Cache\Home\8d06f1fa3da2f92e4ac2a05807edf182.php 第 95 行.
NOTIC: [8] Undefined variable: request G:\XA\htdocs\cargo\home\Runtime\Cache\Home\8d06f1fa3da2f92e4ac2a05807edf182.php 第 96 行.
NOTIC: [8] Undefined variable: request G:\XA\htdocs\cargo\home\Runtime\Cache\Home\8d06f1fa3da2f92e4ac2a05807edf182.php 第 99 行.
NOTIC: [8] Undefined variable: request G:\XA\htdocs\cargo\home\Runtime\Cache\Home\8d06f1fa3da2f92e4ac2a05807edf182.php 第 100 行.
NOTIC: [8] Undefined variable: request G:\XA\htdocs\cargo\home\Runtime\Cache\Home\8d06f1fa3da2f92e4ac2a05807edf182.php 第 107 行.
NOTIC: [8] Undefined variable: request G:\XA\htdocs\cargo\home\Runtime\Cache\Home\8d06f1fa3da2f92e4ac2a05807edf182.php 第 108 行.
NOTIC: [8] Undefined variable: request G:\XA\htdocs\cargo\home\Runtime\Cache\Home\8d06f1fa3da2f92e4ac2a05807edf182.php 第 109 行.
NOTIC: [8] Undefined variable: request G:\XA\htdocs\cargo\home\Runtime\Cache\Home\8d06f1fa3da2f92e4ac2a05807edf182.php 第 112 行.
NOTIC: [8] Undefined variable: request G:\XA\htdocs\cargo\home\Runtime\Cache\Home\8d06f1fa3da2f92e4ac2a05807edf182.php 第 113 行.
NOTIC: [8] Undefined variable: request G:\XA\htdocs\cargo\home\Runtime\Cache\Home\8d06f1fa3da2f92e4ac2a05807edf182.php 第 114 行.
NOTIC: [8] Undefined variable: request G:\XA\htdocs\cargo\home\Runtime\Cache\Home\8d06f1fa3da2f92e4ac2a05807edf182.php 第 121 行.
NOTIC: [8] Undefined variable: request G:\XA\htdocs\cargo\home\Runtime\Cache\Home\8d06f1fa3da2f92e4ac2a05807edf182.php 第 122 行.
NOTIC: [8] Undefined variable: request G:\XA\htdocs\cargo\home\Runtime\Cache\Home\8d06f1fa3da2f92e4ac2a05807edf182.php 第 123 行.
NOTIC: [8] Undefined variable: request G:\XA\htdocs\cargo\home\Runtime\Cache\Home\8d06f1fa3da2f92e4ac2a05807edf182.php 第 126 行.
NOTIC: [8] Undefined variable: request G:\XA\htdocs\cargo\home\Runtime\Cache\Home\8d06f1fa3da2f92e4ac2a05807edf182.php 第 127 行.
NOTIC: [8] Undefined variable: request G:\XA\htdocs\cargo\home\Runtime\Cache\Home\8d06f1fa3da2f92e4ac2a05807edf182.php 第 128 行.
NOTIC: [8] Undefined variable: request G:\XA\htdocs\cargo\home\Runtime\Cache\Home\8d06f1fa3da2f92e4ac2a05807edf182.php 第 131 行.
NOTIC: [8] Undefined variable: request G:\XA\htdocs\cargo\home\Runtime\Cache\Home\8d06f1fa3da2f92e4ac2a05807edf182.php 第 132 行.
INFO: Run Behavior\ParseTemplateBehavior [ RunTime:0.055003s ]
INFO: [ view_parse ] --END-- [ RunTime:0.055003s ]
INFO: [ view_filter ] --START--
INFO: Run Behavior\WriteHtmlCacheBehavior [ RunTime:0.002000s ]
INFO: [ view_filter ] --END-- [ RunTime:0.002000s ]
INFO: [ app_end ] --START--
INFO: Run Behavior\ShowPageTraceBehavior [ RunTime:0.003000s ]
INFO: [ app_end ] --END-- [ RunTime:0.003000s ]

[ 2015-05-26T21:41:50+08:00 ] 127.0.0.1 /cargo/index.php/Home/Main/index.html
INFO: [ app_init ] --START--
INFO: Run Behavior\BuildLiteBehavior [ RunTime:0.001000s ]
INFO: [ app_init ] --END-- [ RunTime:0.002000s ]
INFO: [ app_begin ] --START--
INFO: Run Behavior\ReadHtmlCacheBehavior [ RunTime:0.003000s ]
INFO: [ app_begin ] --END-- [ RunTime:0.003000s ]
INFO: [ view_parse ] --START--
INFO: [ template_filter ] --START--
INFO: Run Behavior\ContentReplaceBehavior [ RunTime:0.001000s ]
INFO: [ template_filter ] --END-- [ RunTime:0.001000s ]
NOTIC: [8] Undefined variable: description G:\XA\htdocs\cargo\home\Runtime\Cache\Home\8d06f1fa3da2f92e4ac2a05807edf182.php 第 42 行.
NOTIC: [8] Undefined variable: car G:\XA\htdocs\cargo\home\Runtime\Cache\Home\8d06f1fa3da2f92e4ac2a05807edf182.php 第 43 行.
NOTIC: [8] Undefined variable: stock G:\XA\htdocs\cargo\home\Runtime\Cache\Home\8d06f1fa3da2f92e4ac2a05807edf182.php 第 44 行.
NOTIC: [8] Undefined variable: car G:\XA\htdocs\cargo\home\Runtime\Cache\Home\8d06f1fa3da2f92e4ac2a05807edf182.php 第 46 行.
NOTIC: [8] Undefined variable: request G:\XA\htdocs\cargo\home\Runtime\Cache\Home\8d06f1fa3da2f92e4ac2a05807edf182.php 第 54 行.
NOTIC: [8] Undefined variable: request G:\XA\htdocs\cargo\home\Runtime\Cache\Home\8d06f1fa3da2f92e4ac2a05807edf182.php 第 54 行.
NOTIC: [8] Undefined variable: request G:\XA\htdocs\cargo\home\Runtime\Cache\Home\8d06f1fa3da2f92e4ac2a05807edf182.php 第 54 行.
NOTIC: [8] Undefined variable: request G:\XA\htdocs\cargo\home\Runtime\Cache\Home\8d06f1fa3da2f92e4ac2a05807edf182.php 第 69 行.
NOTIC: [8] Undefined variable: request G:\XA\htdocs\cargo\home\Runtime\Cache\Home\8d06f1fa3da2f92e4ac2a05807edf182.php 第 70 行.
NOTIC: [8] Undefined variable: request G:\XA\htdocs\cargo\home\Runtime\Cache\Home\8d06f1fa3da2f92e4ac2a05807edf182.php 第 73 行.
NOTIC: [8] Undefined variable: request G:\XA\htdocs\cargo\home\Runtime\Cache\Home\8d06f1fa3da2f92e4ac2a05807edf182.php 第 74 行.
NOTIC: [8] Undefined variable: request G:\XA\htdocs\cargo\home\Runtime\Cache\Home\8d06f1fa3da2f92e4ac2a05807edf182.php 第 77 行.
NOTIC: [8] Undefined variable: request G:\XA\htdocs\cargo\home\Runtime\Cache\Home\8d06f1fa3da2f92e4ac2a05807edf182.php 第 78 行.
NOTIC: [8] Undefined variable: request G:\XA\htdocs\cargo\home\Runtime\Cache\Home\8d06f1fa3da2f92e4ac2a05807edf182.php 第 85 行.
NOTIC: [8] Undefined variable: request G:\XA\htdocs\cargo\home\Runtime\Cache\Home\8d06f1fa3da2f92e4ac2a05807edf182.php 第 86 行.
NOTIC: [8] Undefined variable: request G:\XA\htdocs\cargo\home\Runtime\Cache\Home\8d06f1fa3da2f92e4ac2a05807edf182.php 第 87 行.
NOTIC: [8] Undefined variable: request G:\XA\htdocs\cargo\home\Runtime\Cache\Home\8d06f1fa3da2f92e4ac2a05807edf182.php 第 90 行.
NOTIC: [8] Undefined variable: request G:\XA\htdocs\cargo\home\Runtime\Cache\Home\8d06f1fa3da2f92e4ac2a05807edf182.php 第 91 行.
NOTIC: [8] Undefined variable: request G:\XA\htdocs\cargo\home\Runtime\Cache\Home\8d06f1fa3da2f92e4ac2a05807edf182.php 第 92 行.
NOTIC: [8] Undefined variable: request G:\XA\htdocs\cargo\home\Runtime\Cache\Home\8d06f1fa3da2f92e4ac2a05807edf182.php 第 95 行.
NOTIC: [8] Undefined variable: request G:\XA\htdocs\cargo\home\Runtime\Cache\Home\8d06f1fa3da2f92e4ac2a05807edf182.php 第 96 行.
NOTIC: [8] Undefined variable: request G:\XA\htdocs\cargo\home\Runtime\Cache\Home\8d06f1fa3da2f92e4ac2a05807edf182.php 第 99 行.
NOTIC: [8] Undefined variable: request G:\XA\htdocs\cargo\home\Runtime\Cache\Home\8d06f1fa3da2f92e4ac2a05807edf182.php 第 100 行.
NOTIC: [8] Undefined variable: request G:\XA\htdocs\cargo\home\Runtime\Cache\Home\8d06f1fa3da2f92e4ac2a05807edf182.php 第 107 行.
NOTIC: [8] Undefined variable: request G:\XA\htdocs\cargo\home\Runtime\Cache\Home\8d06f1fa3da2f92e4ac2a05807edf182.php 第 108 行.
NOTIC: [8] Undefined variable: request G:\XA\htdocs\cargo\home\Runtime\Cache\Home\8d06f1fa3da2f92e4ac2a05807edf182.php 第 109 行.
NOTIC: [8] Undefined variable: request G:\XA\htdocs\cargo\home\Runtime\Cache\Home\8d06f1fa3da2f92e4ac2a05807edf182.php 第 112 行.
NOTIC: [8] Undefined variable: request G:\XA\htdocs\cargo\home\Runtime\Cache\Home\8d06f1fa3da2f92e4ac2a05807edf182.php 第 113 行.
NOTIC: [8] Undefined variable: request G:\XA\htdocs\cargo\home\Runtime\Cache\Home\8d06f1fa3da2f92e4ac2a05807edf182.php 第 114 行.
NOTIC: [8] Undefined variable: request G:\XA\htdocs\cargo\home\Runtime\Cache\Home\8d06f1fa3da2f92e4ac2a05807edf182.php 第 121 行.
NOTIC: [8] Undefined variable: request G:\XA\htdocs\cargo\home\Runtime\Cache\Home\8d06f1fa3da2f92e4ac2a05807edf182.php 第 122 行.
NOTIC: [8] Undefined variable: request G:\XA\htdocs\cargo\home\Runtime\Cache\Home\8d06f1fa3da2f92e4ac2a05807edf182.php 第 123 行.
NOTIC: [8] Undefined variable: request G:\XA\htdocs\cargo\home\Runtime\Cache\Home\8d06f1fa3da2f92e4ac2a05807edf182.php 第 126 行.
NOTIC: [8] Undefined variable: request G:\XA\htdocs\cargo\home\Runtime\Cache\Home\8d06f1fa3da2f92e4ac2a05807edf182.php 第 127 行.
NOTIC: [8] Undefined variable: request G:\XA\htdocs\cargo\home\Runtime\Cache\Home\8d06f1fa3da2f92e4ac2a05807edf182.php 第 128 行.
NOTIC: [8] Undefined variable: request G:\XA\htdocs\cargo\home\Runtime\Cache\Home\8d06f1fa3da2f92e4ac2a05807edf182.php 第 131 行.
NOTIC: [8] Undefined variable: request G:\XA\htdocs\cargo\home\Runtime\Cache\Home\8d06f1fa3da2f92e4ac2a05807edf182.php 第 132 行.
INFO: Run Behavior\ParseTemplateBehavior [ RunTime:0.054003s ]
INFO: [ view_parse ] --END-- [ RunTime:0.054003s ]
INFO: [ view_filter ] --START--
INFO: Run Behavior\WriteHtmlCacheBehavior [ RunTime:0.003000s ]
INFO: [ view_filter ] --END-- [ RunTime:0.003000s ]
INFO: [ app_end ] --START--
INFO: Run Behavior\ShowPageTraceBehavior [ RunTime:0.003000s ]
INFO: [ app_end ] --END-- [ RunTime:0.003000s ]

[ 2015-05-26T21:42:47+08:00 ] 127.0.0.1 /cargo/index.php/Home/Main/index.html
INFO: [ app_init ] --START--
INFO: Run Behavior\BuildLiteBehavior [ RunTime:0.000000s ]
INFO: [ app_init ] --END-- [ RunTime:0.002000s ]
INFO: [ app_begin ] --START--
INFO: Run Behavior\ReadHtmlCacheBehavior [ RunTime:0.003000s ]
INFO: [ app_begin ] --END-- [ RunTime:0.003000s ]
INFO: [ view_parse ] --START--
INFO: [ template_filter ] --START--
INFO: Run Behavior\ContentReplaceBehavior [ RunTime:0.000000s ]
INFO: [ template_filter ] --END-- [ RunTime:0.000000s ]
NOTIC: [8] Undefined variable: requests G:\XA\htdocs\cargo\home\Runtime\Cache\Home\0767f9cfd0fdcabc3d18efd25594e1f2.php 第 97 行.
INFO: Run Behavior\ParseTemplateBehavior [ RunTime:0.079005s ]
INFO: [ view_parse ] --END-- [ RunTime:0.079005s ]
INFO: [ view_filter ] --START--
INFO: Run Behavior\WriteHtmlCacheBehavior [ RunTime:0.003000s ]
INFO: [ view_filter ] --END-- [ RunTime:0.003000s ]
INFO: [ app_end ] --START--
INFO: Run Behavior\ShowPageTraceBehavior [ RunTime:0.011000s ]
INFO: [ app_end ] --END-- [ RunTime:0.011000s ]

[ 2015-05-26T22:30:23+08:00 ] 127.0.0.1 /cargo/index.php/Home/Main/index.html
INFO: [ app_init ] --START--
INFO: Run Behavior\BuildLiteBehavior [ RunTime:0.000000s ]
INFO: [ app_init ] --END-- [ RunTime:0.003000s ]
INFO: [ app_begin ] --START--
INFO: Run Behavior\ReadHtmlCacheBehavior [ RunTime:0.002001s ]
INFO: [ app_begin ] --END-- [ RunTime:0.004001s ]
INFO: [ view_parse ] --START--
INFO: [ template_filter ] --START--
INFO: Run Behavior\ContentReplaceBehavior [ RunTime:0.000000s ]
INFO: [ template_filter ] --END-- [ RunTime:0.000000s ]
NOTIC: [8] Undefined variable: requests G:\XA\htdocs\cargo\home\Runtime\Cache\Home\0767f9cfd0fdcabc3d18efd25594e1f2.php 第 97 行.
INFO: Run Behavior\ParseTemplateBehavior [ RunTime:0.034002s ]
INFO: [ view_parse ] --END-- [ RunTime:0.034002s ]
INFO: [ view_filter ] --START--
INFO: Run Behavior\WriteHtmlCacheBehavior [ RunTime:0.001000s ]
INFO: [ view_filter ] --END-- [ RunTime:0.001000s ]
INFO: [ app_end ] --START--
INFO: Run Behavior\ShowPageTraceBehavior [ RunTime:0.001000s ]
INFO: [ app_end ] --END-- [ RunTime:0.003000s ]

[ 2015-05-26T22:31:26+08:00 ] 127.0.0.1 /cargo/index.php/Home/Main/index.html
INFO: [ app_init ] --START--
INFO: Run Behavior\BuildLiteBehavior [ RunTime:0.000000s ]
INFO: [ app_init ] --END-- [ RunTime:0.002001s ]
INFO: [ app_begin ] --START--
INFO: Run Behavior\ReadHtmlCacheBehavior [ RunTime:0.004000s ]
INFO: [ app_begin ] --END-- [ RunTime:0.005000s ]
INFO: [ view_parse ] --START--
INFO: [ template_filter ] --START--
INFO: Run Behavior\ContentReplaceBehavior [ RunTime:0.000000s ]
INFO: [ template_filter ] --END-- [ RunTime:0.000000s ]
NOTIC: [8] Undefined variable: requests G:\XA\htdocs\cargo\home\Runtime\Cache\Home\0767f9cfd0fdcabc3d18efd25594e1f2.php 第 97 行.
INFO: Run Behavior\ParseTemplateBehavior [ RunTime:0.056003s ]
INFO: [ view_parse ] --END-- [ RunTime:0.056003s ]
INFO: [ view_filter ] --START--
INFO: Run Behavior\WriteHtmlCacheBehavior [ RunTime:0.003000s ]
INFO: [ view_filter ] --END-- [ RunTime:0.003000s ]
INFO: [ app_end ] --START--
INFO: Run Behavior\ShowPageTraceBehavior [ RunTime:0.006000s ]
INFO: [ app_end ] --END-- [ RunTime:0.006000s ]

[ 2015-05-26T22:32:31+08:00 ] 127.0.0.1 /cargo/index.php/Home/Main/index.html
INFO: [ app_init ] --START--
INFO: Run Behavior\BuildLiteBehavior [ RunTime:0.001000s ]
INFO: [ app_init ] --END-- [ RunTime:0.006000s ]
INFO: [ app_begin ] --START--
INFO: Run Behavior\ReadHtmlCacheBehavior [ RunTime:0.004000s ]
INFO: [ app_begin ] --END-- [ RunTime:0.004000s ]
INFO: [ view_parse ] --START--
INFO: [ template_filter ] --START--
INFO: Run Behavior\ContentReplaceBehavior [ RunTime:0.001000s ]
INFO: [ template_filter ] --END-- [ RunTime:0.001000s ]
NOTIC: [8] Undefined variable: requests G:\XA\htdocs\cargo\home\Runtime\Cache\Home\0767f9cfd0fdcabc3d18efd25594e1f2.php 第 96 行.
INFO: Run Behavior\ParseTemplateBehavior [ RunTime:0.057004s ]
INFO: [ view_parse ] --END-- [ RunTime:0.057004s ]
INFO: [ view_filter ] --START--
INFO: Run Behavior\WriteHtmlCacheBehavior [ RunTime:0.001000s ]
INFO: [ view_filter ] --END-- [ RunTime:0.001000s ]
INFO: [ app_end ] --START--
INFO: Run Behavior\ShowPageTraceBehavior [ RunTime:0.002000s ]
INFO: [ app_end ] --END-- [ RunTime:0.002000s ]

[ 2015-05-26T22:41:57+08:00 ] 127.0.0.1 /cargo/index.php/Home/Main/index.html
INFO: [ app_init ] --START--
INFO: Run Behavior\BuildLiteBehavior [ RunTime:0.000000s ]
INFO: [ app_init ] --END-- [ RunTime:0.002000s ]
INFO: [ app_begin ] --START--
INFO: Run Behavior\ReadHtmlCacheBehavior [ RunTime:0.003000s ]
INFO: [ app_begin ] --END-- [ RunTime:0.003000s ]
INFO: [ view_parse ] --START--
INFO: [ template_filter ] --START--
INFO: Run Behavior\ContentReplaceBehavior [ RunTime:0.001000s ]
INFO: [ template_filter ] --END-- [ RunTime:0.001000s ]
NOTIC: [8] Undefined variable: requests G:\XA\htdocs\cargo\home\Runtime\Cache\Home\0767f9cfd0fdcabc3d18efd25594e1f2.php 第 98 行.
NOTIC: [8] Undefined variable: requests G:\XA\htdocs\cargo\home\Runtime\Cache\Home\0767f9cfd0fdcabc3d18efd25594e1f2.php 第 117 行.
INFO: Run Behavior\ParseTemplateBehavior [ RunTime:0.063004s ]
INFO: [ view_parse ] --END-- [ RunTime:0.063004s ]
INFO: [ view_filter ] --START--
INFO: Run Behavior\WriteHtmlCacheBehavior [ RunTime:0.002000s ]
INFO: [ view_filter ] --END-- [ RunTime:0.002000s ]
INFO: [ app_end ] --START--
INFO: Run Behavior\ShowPageTraceBehavior [ RunTime:0.003000s ]
INFO: [ app_end ] --END-- [ RunTime:0.004000s ]

[ 2015-05-26T22:44:50+08:00 ] 127.0.0.1 /cargo/index.php/Home/Main/index.html
INFO: [ app_init ] --START--
INFO: Run Behavior\BuildLiteBehavior [ RunTime:0.000000s ]
INFO: [ app_init ] --END-- [ RunTime:0.003000s ]
INFO: [ app_begin ] --START--
INFO: Run Behavior\ReadHtmlCacheBehavior [ RunTime:0.003001s ]
INFO: [ app_begin ] --END-- [ RunTime:0.003001s ]
ERR: 无法加载控制器:Main

[ 2015-05-26T22:45:27+08:00 ] 127.0.0.1 /cargo/index.php/Home/Main/index.html
INFO: [ app_init ] --START--
INFO: Run Behavior\BuildLiteBehavior [ RunTime:0.001000s ]
INFO: [ app_init ] --END-- [ RunTime:0.002000s ]
INFO: [ app_begin ] --START--
INFO: Run Behavior\ReadHtmlCacheBehavior [ RunTime:0.003000s ]
INFO: [ app_begin ] --END-- [ RunTime:0.004000s ]
ERR: 无法加载控制器:Main

[ 2015-05-26T22:46:02+08:00 ] 127.0.0.1 /cargo/index.php/Home/Main/index.html
INFO: [ app_init ] --START--
INFO: Run Behavior\BuildLiteBehavior [ RunTime:0.000000s ]
INFO: [ app_init ] --END-- [ RunTime:0.002000s ]
INFO: [ app_begin ] --START--
INFO: Run Behavior\ReadHtmlCacheBehavior [ RunTime:0.003001s ]
INFO: [ app_begin ] --END-- [ RunTime:0.003001s ]
ERR: 无法加载控制器:Main

[ 2015-05-26T22:49:05+08:00 ] 127.0.0.1 /cargo/index.php/Home/Main/index.html
INFO: [ app_init ] --START--
INFO: Run Behavior\BuildLiteBehavior [ RunTime:0.001000s ]
INFO: [ app_init ] --END-- [ RunTime:0.002000s ]
INFO: [ app_begin ] --START--
INFO: Run Behavior\ReadHtmlCacheBehavior [ RunTime:0.011000s ]
INFO: [ app_begin ] --END-- [ RunTime:0.013001s ]
ERR: 无法加载控制器:Main

[ 2015-05-26T22:55:50+08:00 ] 127.0.0.1 /cargo/index.php/Home/Main/index.html
INFO: [ app_init ] --START--
INFO: Run Behavior\BuildLiteBehavior [ RunTime:0.000000s ]
INFO: [ app_init ] --END-- [ RunTime:0.002000s ]
INFO: [ app_begin ] --START--
INFO: Run Behavior\ReadHtmlCacheBehavior [ RunTime:0.004000s ]
INFO: [ app_begin ] --END-- [ RunTime:0.004000s ]
ERR: 无法加载控制器:Main

[ 2015-05-26T22:55:51+08:00 ] 127.0.0.1 /cargo/index.php/Home/Main/index.html
INFO: [ app_init ] --START--
INFO: Run Behavior\BuildLiteBehavior [ RunTime:0.000000s ]
INFO: [ app_init ] --END-- [ RunTime:0.003001s ]
INFO: [ app_begin ] --START--
INFO: Run Behavior\ReadHtmlCacheBehavior [ RunTime:0.003000s ]
INFO: [ app_begin ] --END-- [ RunTime:0.003000s ]
ERR: 无法加载控制器:Main

[ 2015-05-26T22:57:31+08:00 ] 127.0.0.1 /cargo/index.php/Home/Main/index.html
INFO: [ app_init ] --START--
INFO: Run Behavior\BuildLiteBehavior [ RunTime:0.000000s ]
INFO: [ app_init ] --END-- [ RunTime:0.003000s ]
INFO: [ app_begin ] --START--
INFO: Run Behavior\ReadHtmlCacheBehavior [ RunTime:0.004000s ]
INFO: [ app_begin ] --END-- [ RunTime:0.004000s ]
ERR: 无法加载控制器:Main

[ 2015-05-26T22:57:33+08:00 ] 127.0.0.1 /cargo/index.php/Home/Main/index.html
INFO: [ app_init ] --START--
INFO: Run Behavior\BuildLiteBehavior [ RunTime:0.000000s ]
INFO: [ app_init ] --END-- [ RunTime:0.002000s ]
INFO: [ app_begin ] --START--
INFO: Run Behavior\ReadHtmlCacheBehavior [ RunTime:0.007001s ]
INFO: [ app_begin ] --END-- [ RunTime:0.008001s ]
ERR: 无法加载控制器:Main

[ 2015-05-26T23:07:21+08:00 ] 127.0.0.1 /cargo/index.php/Home/Main/index.html
INFO: [ app_init ] --START--
INFO: Run Behavior\BuildLiteBehavior [ RunTime:0.000000s ]
INFO: [ app_init ] --END-- [ RunTime:0.004000s ]
INFO: [ app_begin ] --START--
INFO: Run Behavior\ReadHtmlCacheBehavior [ RunTime:0.003000s ]
INFO: [ app_begin ] --END-- [ RunTime:0.003000s ]
INFO: [ view_parse ] --START--
INFO: [ template_filter ] --START--
INFO: Run Behavior\ContentReplaceBehavior [ RunTime:0.000000s ]
INFO: [ template_filter ] --END-- [ RunTime:0.000000s ]
NOTIC: [8] Undefined variable: requests G:\XA\htdocs\cargo\home\Runtime\Cache\Home\0767f9cfd0fdcabc3d18efd25594e1f2.php 第 99 行.
NOTIC: [8] Undefined variable: requests G:\XA\htdocs\cargo\home\Runtime\Cache\Home\0767f9cfd0fdcabc3d18efd25594e1f2.php 第 119 行.
INFO: Run Behavior\ParseTemplateBehavior [ RunTime:0.071005s ]
INFO: [ view_parse ] --END-- [ RunTime:0.071005s ]
INFO: [ view_filter ] --START--
INFO: Run Behavior\WriteHtmlCacheBehavior [ RunTime:0.002000s ]
INFO: [ view_filter ] --END-- [ RunTime:0.002000s ]
INFO: [ app_end ] --START--
INFO: Run Behavior\ShowPageTraceBehavior [ RunTime:0.010000s ]
INFO: [ app_end ] --END-- [ RunTime:0.010000s ]

[ 2015-05-26T23:10:12+08:00 ] 127.0.0.1 /cargo/index.php/Home/Main/index.html
INFO: [ app_init ] --START--
INFO: Run Behavior\BuildLiteBehavior [ RunTime:0.000000s ]
INFO: [ app_init ] --END-- [ RunTime:0.002000s ]
INFO: [ app_begin ] --START--
INFO: Run Behavior\ReadHtmlCacheBehavior [ RunTime:0.003000s ]
INFO: [ app_begin ] --END-- [ RunTime:0.004000s ]
INFO: [ view_parse ] --START--
INFO: [ template_filter ] --START--
INFO: Run Behavior\ContentReplaceBehavior [ RunTime:0.001000s ]
INFO: [ template_filter ] --END-- [ RunTime:0.001000s ]
NOTIC: [8] Undefined variable: requests G:\XA\htdocs\cargo\home\Runtime\Cache\Home\0767f9cfd0fdcabc3d18efd25594e1f2.php 第 99 行.
NOTIC: [8] Undefined variable: requests G:\XA\htdocs\cargo\home\Runtime\Cache\Home\0767f9cfd0fdcabc3d18efd25594e1f2.php 第 119 行.
INFO: Run Behavior\ParseTemplateBehavior [ RunTime:0.065004s ]
INFO: [ view_parse ] --END-- [ RunTime:0.065004s ]
INFO: [ view_filter ] --START--
INFO: Run Behavior\WriteHtmlCacheBehavior [ RunTime:0.002000s ]
INFO: [ view_filter ] --END-- [ RunTime:0.003000s ]
INFO: [ app_end ] --START--
INFO: Run Behavior\ShowPageTraceBehavior [ RunTime:0.017001s ]
INFO: [ app_end ] --END-- [ RunTime:0.017001s ]

[ 2015-05-26T23:29:59+08:00 ] 127.0.0.1 /cargo/index.php/Home/Main/index.html
INFO: [ app_init ] --START--
INFO: Run Behavior\BuildLiteBehavior [ RunTime:0.000000s ]
INFO: [ app_init ] --END-- [ RunTime:0.017001s ]
INFO: [ app_begin ] --START--
INFO: Run Behavior\ReadHtmlCacheBehavior [ RunTime:0.005001s ]
INFO: [ app_begin ] --END-- [ RunTime:0.005001s ]
INFO: [ view_parse ] --START--
INFO: [ template_filter ] --START--
INFO: Run Behavior\ContentReplaceBehavior [ RunTime:0.001000s ]
INFO: [ template_filter ] --END-- [ RunTime:0.001000s ]
NOTIC: [8] Undefined variable: requests G:\XA\htdocs\cargo\home\Runtime\Cache\Home\0767f9cfd0fdcabc3d18efd25594e1f2.php 第 99 行.
NOTIC: [8] Undefined variable: requests G:\XA\htdocs\cargo\home\Runtime\Cache\Home\0767f9cfd0fdcabc3d18efd25594e1f2.php 第 119 行.
INFO: Run Behavior\ParseTemplateBehavior [ RunTime:0.313018s ]
INFO: [ view_parse ] --END-- [ RunTime:0.313018s ]
INFO: [ view_filter ] --START--
INFO: Run Behavior\WriteHtmlCacheBehavior [ RunTime:0.004000s ]
INFO: [ view_filter ] --END-- [ RunTime:0.004000s ]
INFO: [ app_end ] --START--
INFO: Run Behavior\ShowPageTraceBehavior [ RunTime:0.005001s ]
INFO: [ app_end ] --END-- [ RunTime:0.005001s ]

[ 2015-05-26T23:29:59+08:00 ] 127.0.0.1 /cargo/index.php/Home/Main/index.html
INFO: [ app_init ] --START--
INFO: Run Behavior\BuildLiteBehavior [ RunTime:0.000000s ]
INFO: [ app_init ] --END-- [ RunTime:0.002000s ]
INFO: [ app_begin ] --START--
INFO: Run Behavior\ReadHtmlCacheBehavior [ RunTime:0.004000s ]
INFO: [ app_begin ] --END-- [ RunTime:0.005000s ]
INFO: [ view_parse ] --START--
INFO: [ template_filter ] --START--
INFO: Run Behavior\ContentReplaceBehavior [ RunTime:0.000000s ]
INFO: [ template_filter ] --END-- [ RunTime:0.000000s ]
NOTIC: [8] Undefined variable: requests G:\XA\htdocs\cargo\home\Runtime\Cache\Home\0767f9cfd0fdcabc3d18efd25594e1f2.php 第 99 行.
NOTIC: [8] Undefined variable: requests G:\XA\htdocs\cargo\home\Runtime\Cache\Home\0767f9cfd0fdcabc3d18efd25594e1f2.php 第 119 行.
INFO: Run Behavior\ParseTemplateBehavior [ RunTime:0.065004s ]
INFO: [ view_parse ] --END-- [ RunTime:0.066004s ]
INFO: [ view_filter ] --START--
INFO: Run Behavior\WriteHtmlCacheBehavior [ RunTime:0.003000s ]
INFO: [ view_filter ] --END-- [ RunTime:0.004000s ]
INFO: [ app_end ] --START--
INFO: Run Behavior\ShowPageTraceBehavior [ RunTime:0.039002s ]
INFO: [ app_end ] --END-- [ RunTime:0.039002s ]

[ 2015-05-26T23:30:23+08:00 ] 127.0.0.1 /cargo/index.php/Home/Main/index.html
INFO: [ app_init ] --START--
INFO: Run Behavior\BuildLiteBehavior [ RunTime:0.000000s ]
INFO: [ app_init ] --END-- [ RunTime:0.003000s ]
INFO: [ app_begin ] --START--
INFO: Run Behavior\ReadHtmlCacheBehavior [ RunTime:0.007000s ]
INFO: [ app_begin ] --END-- [ RunTime:0.007000s ]
INFO: [ view_parse ] --START--
INFO: [ template_filter ] --START--
INFO: Run Behavior\ContentReplaceBehavior [ RunTime:0.000000s ]
INFO: [ template_filter ] --END-- [ RunTime:0.001000s ]
NOTIC: [8] Undefined variable: requests G:\XA\htdocs\cargo\home\Runtime\Cache\Home\0767f9cfd0fdcabc3d18efd25594e1f2.php 第 99 行.
NOTIC: [8] Undefined variable: requests G:\XA\htdocs\cargo\home\Runtime\Cache\Home\0767f9cfd0fdcabc3d18efd25594e1f2.php 第 119 行.
INFO: Run Behavior\ParseTemplateBehavior [ RunTime:0.074005s ]
INFO: [ view_parse ] --END-- [ RunTime:0.074005s ]
INFO: [ view_filter ] --START--
INFO: Run Behavior\WriteHtmlCacheBehavior [ RunTime:0.001000s ]
INFO: [ view_filter ] --END-- [ RunTime:0.001000s ]
INFO: [ app_end ] --START--
INFO: Run Behavior\ShowPageTraceBehavior [ RunTime:0.005000s ]
INFO: [ app_end ] --END-- [ RunTime:0.005000s ]

[ 2015-05-26T23:39:06+08:00 ] 127.0.0.1 /cargo/index.php/Home/Main/index.html
INFO: [ app_init ] --START--
INFO: Run Behavior\BuildLiteBehavior [ RunTime:0.000000s ]
INFO: [ app_init ] --END-- [ RunTime:0.004001s ]
INFO: [ app_begin ] --START--
INFO: Run Behavior\ReadHtmlCacheBehavior [ RunTime:0.003000s ]
INFO: [ app_begin ] --END-- [ RunTime:0.003000s ]
INFO: [ view_parse ] --START--
INFO: [ template_filter ] --START--
INFO: Run Behavior\ContentReplaceBehavior [ RunTime:0.001000s ]
INFO: [ template_filter ] --END-- [ RunTime:0.001000s ]
NOTIC: [8] Undefined variable: show G:\XA\htdocs\cargo\home\Runtime\Cache\Home\0767f9cfd0fdcabc3d18efd25594e1f2.php 第 97 行.
NOTIC: [8] Undefined variable: requests G:\XA\htdocs\cargo\home\Runtime\Cache\Home\0767f9cfd0fdcabc3d18efd25594e1f2.php 第 100 行.
NOTIC: [8] Undefined variable: requests G:\XA\htdocs\cargo\home\Runtime\Cache\Home\0767f9cfd0fdcabc3d18efd25594e1f2.php 第 120 行.
INFO: Run Behavior\ParseTemplateBehavior [ RunTime:0.079004s ]
INFO: [ view_parse ] --END-- [ RunTime:0.079004s ]
INFO: [ view_filter ] --START--
INFO: Run Behavior\WriteHtmlCacheBehavior [ RunTime:0.002001s ]
INFO: [ view_filter ] --END-- [ RunTime:0.002001s ]
INFO: [ app_end ] --START--
INFO: Run Behavior\ShowPageTraceBehavior [ RunTime:0.003000s ]
INFO: [ app_end ] --END-- [ RunTime:0.008000s ]

[ 2015-05-26T23:41:51+08:00 ] 127.0.0.1 /cargo/index.php/Home/Main/index.html
INFO: [ app_init ] --START--
INFO: Run Behavior\BuildLiteBehavior [ RunTime:0.000000s ]
INFO: [ app_init ] --END-- [ RunTime:0.004000s ]
INFO: [ app_begin ] --START--
INFO: Run Behavior\ReadHtmlCacheBehavior [ RunTime:0.003000s ]
INFO: [ app_begin ] --END-- [ RunTime:0.003000s ]
INFO: [ view_parse ] --START--
INFO: [ template_filter ] --START--
INFO: Run Behavior\ContentReplaceBehavior [ RunTime:0.000000s ]
INFO: [ template_filter ] --END-- [ RunTime:0.001000s ]
NOTIC: [8] Undefined variable: show G:\XA\htdocs\cargo\home\Runtime\Cache\Home\0767f9cfd0fdcabc3d18efd25594e1f2.php 第 98 行.
NOTIC: [8] Undefined variable: requests G:\XA\htdocs\cargo\home\Runtime\Cache\Home\0767f9cfd0fdcabc3d18efd25594e1f2.php 第 101 行.
NOTIC: [8] Undefined variable: requests G:\XA\htdocs\cargo\home\Runtime\Cache\Home\0767f9cfd0fdcabc3d18efd25594e1f2.php 第 122 行.
INFO: Run Behavior\ParseTemplateBehavior [ RunTime:0.075004s ]
INFO: [ view_parse ] --END-- [ RunTime:0.076005s ]
INFO: [ view_filter ] --START--
INFO: Run Behavior\WriteHtmlCacheBehavior [ RunTime:0.002000s ]
INFO: [ view_filter ] --END-- [ RunTime:0.002000s ]
INFO: [ app_end ] --START--
INFO: Run Behavior\ShowPageTraceBehavior [ RunTime:0.002000s ]
INFO: [ app_end ] --END-- [ RunTime:0.003000s ]

[ 2015-05-26T23:57:16+08:00 ] 127.0.0.1 /cargo/index.php/Home/Main/index.html
INFO: [ app_init ] --START--
INFO: Run Behavior\BuildLiteBehavior [ RunTime:0.000000s ]
INFO: [ app_init ] --END-- [ RunTime:0.002000s ]
INFO: [ app_begin ] --START--
INFO: Run Behavior\ReadHtmlCacheBehavior [ RunTime:0.004000s ]
INFO: [ app_begin ] --END-- [ RunTime:0.004000s ]
INFO: [ view_parse ] --START--
INFO: [ template_filter ] --START--
INFO: Run Behavior\ContentReplaceBehavior [ RunTime:0.000000s ]
INFO: [ template_filter ] --END-- [ RunTime:0.000000s ]
NOTIC: [8] Undefined variable: requests G:\XA\htdocs\cargo\home\Runtime\Cache\Home\0767f9cfd0fdcabc3d18efd25594e1f2.php 第 99 行.
NOTIC: [8] Undefined variable: requests G:\XA\htdocs\cargo\home\Runtime\Cache\Home\0767f9cfd0fdcabc3d18efd25594e1f2.php 第 113 行.
INFO: Run Behavior\ParseTemplateBehavior [ RunTime:0.060003s ]
INFO: [ view_parse ] --END-- [ RunTime:0.060003s ]
INFO: [ view_filter ] --START--
INFO: Run Behavior\WriteHtmlCacheBehavior [ RunTime:0.002000s ]
INFO: [ view_filter ] --END-- [ RunTime:0.002000s ]
INFO: [ app_end ] --START--
INFO: Run Behavior\ShowPageTraceBehavior [ RunTime:0.008001s ]
INFO: [ app_end ] --END-- [ RunTime:0.008001s ]

