[ 2015-05-18T20:51:46+08:00 ] 127.0.0.1 /cargo/index.php/Home/Main/index.html
INFO: [ app_init ] --START--
INFO: Run Behavior\BuildLiteBehavior [ RunTime:0.000000s ]
INFO: [ app_init ] --END-- [ RunTime:0.049003s ]
INFO: [ app_begin ] --START--
INFO: Run Behavior\ReadHtmlCacheBehavior [ RunTime:0.008000s ]
INFO: [ app_begin ] --END-- [ RunTime:0.008000s ]
INFO: [ view_parse ] --START--
INFO: [ template_filter ] --START--
INFO: Run Behavior\ContentReplaceBehavior [ RunTime:0.000000s ]
INFO: [ template_filter ] --END-- [ RunTime:0.000000s ]
NOTIC: [8] Undefined variable: picture G:\XA\htdocs\cargo\home\Runtime\Cache\Home\0767f9cfd0fdcabc3d18efd25594e1f2.php 第 99 行.
NOTIC: [8] Undefined variable: description G:\XA\htdocs\cargo\home\Runtime\Cache\Home\0767f9cfd0fdcabc3d18efd25594e1f2.php 第 103 行.
NOTIC: [8] Undefined variable: stock G:\XA\htdocs\cargo\home\Runtime\Cache\Home\0767f9cfd0fdcabc3d18efd25594e1f2.php 第 105 行.
NOTIC: [8] Undefined variable: price G:\XA\htdocs\cargo\home\Runtime\Cache\Home\0767f9cfd0fdcabc3d18efd25594e1f2.php 第 107 行.
NOTIC: [8] Undefined variable: list G:\XA\htdocs\cargo\home\Runtime\Cache\Home\0767f9cfd0fdcabc3d18efd25594e1f2.php 第 136 行.
INFO: Run Behavior\ParseTemplateBehavior [ RunTime:0.231013s ]
INFO: [ view_parse ] --END-- [ RunTime:0.232013s ]
INFO: [ view_filter ] --START--
INFO: Run Behavior\WriteHtmlCacheBehavior [ RunTime:0.003000s ]
INFO: [ view_filter ] --END-- [ RunTime:0.003000s ]
INFO: [ app_end ] --START--
INFO: Run Behavior\ShowPageTraceBehavior [ RunTime:0.015001s ]
INFO: [ app_end ] --END-- [ RunTime:0.015001s ]

[ 2015-05-18T20:51:55+08:00 ] 127.0.0.1 /cargo/index.php/Home/Main/BuyInfo.html
INFO: [ app_init ] --START--
INFO: Run Behavior\BuildLiteBehavior [ RunTime:0.000000s ]
INFO: [ app_init ] --END-- [ RunTime:0.001000s ]
INFO: [ app_begin ] --START--
INFO: Run Behavior\ReadHtmlCacheBehavior [ RunTime:0.001000s ]
INFO: [ app_begin ] --END-- [ RunTime:0.002000s ]
INFO: [ view_parse ] --START--
INFO: [ template_filter ] --START--
INFO: Run Behavior\ContentReplaceBehavior [ RunTime:0.000000s ]
INFO: [ template_filter ] --END-- [ RunTime:0.000000s ]
INFO: Run Behavior\ParseTemplateBehavior [ RunTime:0.028002s ]
INFO: [ view_parse ] --END-- [ RunTime:0.028002s ]
INFO: [ view_filter ] --START--
INFO: Run Behavior\WriteHtmlCacheBehavior [ RunTime:0.000000s ]
INFO: [ view_filter ] --END-- [ RunTime:0.001000s ]
INFO: [ app_end ] --START--
INFO: Run Behavior\ShowPageTraceBehavior [ RunTime:0.001000s ]
INFO: [ app_end ] --END-- [ RunTime:0.001000s ]

[ 2015-05-18T20:52:00+08:00 ] 127.0.0.1 /cargo/index.php/Home/Main/SingleCar.html
INFO: [ app_init ] --START--
INFO: Run Behavior\BuildLiteBehavior [ RunTime:0.000000s ]
INFO: [ app_init ] --END-- [ RunTime:0.003001s ]
INFO: [ app_begin ] --START--
INFO: Run Behavior\ReadHtmlCacheBehavior [ RunTime:0.005000s ]
INFO: [ app_begin ] --END-- [ RunTime:0.006000s ]
NOTIC: [2] Missing argument 1 for Think\Controller::assign(), called in G:\XA\htdocs\cargo\home\Home\Controller\MainController.class.php on line 13 and defined G:\XA\htdocs\cargo\ThinkPHP\Library\Think\Controller.class.php 第 121 行.
NOTIC: [8] Undefined variable: name G:\XA\htdocs\cargo\ThinkPHP\Library\Think\Controller.class.php 第 122 行.
INFO: [ view_parse ] --START--
INFO: [ template_filter ] --START--
INFO: Run Behavior\ContentReplaceBehavior [ RunTime:0.000000s ]
INFO: [ template_filter ] --END-- [ RunTime:0.001000s ]
NOTIC: [8] Undefined variable: picture G:\XA\htdocs\cargo\home\Runtime\Cache\Home\8d06f1fa3da2f92e4ac2a05807edf182.php 第 37 行.
NOTIC: [8] Undefined variable: description G:\XA\htdocs\cargo\home\Runtime\Cache\Home\8d06f1fa3da2f92e4ac2a05807edf182.php 第 41 行.
NOTIC: [8] Undefined variable: car G:\XA\htdocs\cargo\home\Runtime\Cache\Home\8d06f1fa3da2f92e4ac2a05807edf182.php 第 42 行.
NOTIC: [8] Undefined variable: stock G:\XA\htdocs\cargo\home\Runtime\Cache\Home\8d06f1fa3da2f92e4ac2a05807edf182.php 第 43 行.
NOTIC: [8] Undefined variable: car G:\XA\htdocs\cargo\home\Runtime\Cache\Home\8d06f1fa3da2f92e4ac2a05807edf182.php 第 45 行.
INFO: Run Behavior\ParseTemplateBehavior [ RunTime:0.075004s ]
INFO: [ view_parse ] --END-- [ RunTime:0.075004s ]
INFO: [ view_filter ] --START--
INFO: Run Behavior\WriteHtmlCacheBehavior [ RunTime:0.001000s ]
INFO: [ view_filter ] --END-- [ RunTime:0.001000s ]
INFO: [ app_end ] --START--
INFO: Run Behavior\ShowPageTraceBehavior [ RunTime:0.001000s ]
INFO: [ app_end ] --END-- [ RunTime:0.001000s ]

[ 2015-05-18T20:52:04+08:00 ] 127.0.0.1 /cargo/index.php/Home/Main/SingleCar.html
INFO: [ app_init ] --START--
INFO: Run Behavior\BuildLiteBehavior [ RunTime:0.000000s ]
INFO: [ app_init ] --END-- [ RunTime:0.004000s ]
INFO: [ app_begin ] --START--
INFO: Run Behavior\ReadHtmlCacheBehavior [ RunTime:0.002000s ]
INFO: [ app_begin ] --END-- [ RunTime:0.002000s ]
NOTIC: [2] Missing argument 1 for Think\Controller::assign(), called in G:\XA\htdocs\cargo\home\Home\Controller\MainController.class.php on line 13 and defined G:\XA\htdocs\cargo\ThinkPHP\Library\Think\Controller.class.php 第 121 行.
NOTIC: [8] Undefined variable: name G:\XA\htdocs\cargo\ThinkPHP\Library\Think\Controller.class.php 第 122 行.
INFO: [ view_parse ] --START--
INFO: [ template_filter ] --START--
INFO: Run Behavior\ContentReplaceBehavior [ RunTime:0.000000s ]
INFO: [ template_filter ] --END-- [ RunTime:0.001001s ]
NOTIC: [8] Undefined variable: picture G:\XA\htdocs\cargo\home\Runtime\Cache\Home\8d06f1fa3da2f92e4ac2a05807edf182.php 第 37 行.
NOTIC: [8] Undefined variable: description G:\XA\htdocs\cargo\home\Runtime\Cache\Home\8d06f1fa3da2f92e4ac2a05807edf182.php 第 41 行.
NOTIC: [8] Undefined variable: car G:\XA\htdocs\cargo\home\Runtime\Cache\Home\8d06f1fa3da2f92e4ac2a05807edf182.php 第 42 行.
NOTIC: [8] Undefined variable: stock G:\XA\htdocs\cargo\home\Runtime\Cache\Home\8d06f1fa3da2f92e4ac2a05807edf182.php 第 43 行.
NOTIC: [8] Undefined variable: car G:\XA\htdocs\cargo\home\Runtime\Cache\Home\8d06f1fa3da2f92e4ac2a05807edf182.php 第 45 行.
INFO: Run Behavior\ParseTemplateBehavior [ RunTime:0.034002s ]
INFO: [ view_parse ] --END-- [ RunTime:0.034002s ]
INFO: [ view_filter ] --START--
INFO: Run Behavior\WriteHtmlCacheBehavior [ RunTime:0.001000s ]
INFO: [ view_filter ] --END-- [ RunTime:0.001000s ]
INFO: [ app_end ] --START--
INFO: Run Behavior\ShowPageTraceBehavior [ RunTime:0.003000s ]
INFO: [ app_end ] --END-- [ RunTime:0.003000s ]

[ 2015-05-18T20:52:40+08:00 ] 127.0.0.1 /cargo/index.php/Home/Main/SingleCar.html
INFO: [ app_init ] --START--
INFO: Run Behavior\BuildLiteBehavior [ RunTime:0.000000s ]
INFO: [ app_init ] --END-- [ RunTime:0.002000s ]
INFO: [ app_begin ] --START--
INFO: Run Behavior\ReadHtmlCacheBehavior [ RunTime:0.003000s ]
INFO: [ app_begin ] --END-- [ RunTime:0.003000s ]
NOTIC: [2] Missing argument 1 for Think\Controller::assign(), called in G:\XA\htdocs\cargo\home\Home\Controller\MainController.class.php on line 13 and defined G:\XA\htdocs\cargo\ThinkPHP\Library\Think\Controller.class.php 第 121 行.
NOTIC: [8] Undefined variable: name G:\XA\htdocs\cargo\ThinkPHP\Library\Think\Controller.class.php 第 122 行.
INFO: [ view_parse ] --START--
INFO: [ template_filter ] --START--
INFO: Run Behavior\ContentReplaceBehavior [ RunTime:0.000000s ]
INFO: [ template_filter ] --END-- [ RunTime:0.000000s ]
NOTIC: [8] Undefined variable: picture G:\XA\htdocs\cargo\home\Runtime\Cache\Home\8d06f1fa3da2f92e4ac2a05807edf182.php 第 37 行.
NOTIC: [8] Undefined variable: description G:\XA\htdocs\cargo\home\Runtime\Cache\Home\8d06f1fa3da2f92e4ac2a05807edf182.php 第 41 行.
NOTIC: [8] Undefined variable: car G:\XA\htdocs\cargo\home\Runtime\Cache\Home\8d06f1fa3da2f92e4ac2a05807edf182.php 第 42 行.
NOTIC: [8] Undefined variable: stock G:\XA\htdocs\cargo\home\Runtime\Cache\Home\8d06f1fa3da2f92e4ac2a05807edf182.php 第 43 行.
NOTIC: [8] Undefined variable: car G:\XA\htdocs\cargo\home\Runtime\Cache\Home\8d06f1fa3da2f92e4ac2a05807edf182.php 第 45 行.
INFO: Run Behavior\ParseTemplateBehavior [ RunTime:0.039002s ]
INFO: [ view_parse ] --END-- [ RunTime:0.039002s ]
INFO: [ view_filter ] --START--
INFO: Run Behavior\WriteHtmlCacheBehavior [ RunTime:0.001000s ]
INFO: [ view_filter ] --END-- [ RunTime:0.001000s ]
INFO: [ app_end ] --START--
INFO: Run Behavior\ShowPageTraceBehavior [ RunTime:0.001000s ]
INFO: [ app_end ] --END-- [ RunTime:0.001000s ]

[ 2015-05-18T20:54:06+08:00 ] 127.0.0.1 /cargo/index.php/Home/Main/SingleCar.html
INFO: [ app_init ] --START--
INFO: Run Behavior\BuildLiteBehavior [ RunTime:0.000000s ]
INFO: [ app_init ] --END-- [ RunTime:0.002001s ]
INFO: [ app_begin ] --START--
INFO: Run Behavior\ReadHtmlCacheBehavior [ RunTime:0.003000s ]
INFO: [ app_begin ] --END-- [ RunTime:0.003000s ]
NOTIC: [2] Missing argument 1 for Think\Controller::assign(), called in G:\XA\htdocs\cargo\home\Home\Controller\MainController.class.php on line 13 and defined G:\XA\htdocs\cargo\ThinkPHP\Library\Think\Controller.class.php 第 121 行.
NOTIC: [8] Undefined variable: name G:\XA\htdocs\cargo\ThinkPHP\Library\Think\Controller.class.php 第 122 行.
INFO: [ view_parse ] --START--
INFO: [ template_filter ] --START--
INFO: Run Behavior\ContentReplaceBehavior [ RunTime:0.000000s ]
INFO: [ template_filter ] --END-- [ RunTime:0.000000s ]
NOTIC: [8] Undefined variable: picture G:\XA\htdocs\cargo\home\Runtime\Cache\Home\8d06f1fa3da2f92e4ac2a05807edf182.php 第 36 行.
NOTIC: [8] Undefined variable: description G:\XA\htdocs\cargo\home\Runtime\Cache\Home\8d06f1fa3da2f92e4ac2a05807edf182.php 第 40 行.
NOTIC: [8] Undefined variable: car G:\XA\htdocs\cargo\home\Runtime\Cache\Home\8d06f1fa3da2f92e4ac2a05807edf182.php 第 41 行.
NOTIC: [8] Undefined variable: stock G:\XA\htdocs\cargo\home\Runtime\Cache\Home\8d06f1fa3da2f92e4ac2a05807edf182.php 第 42 行.
NOTIC: [8] Undefined variable: car G:\XA\htdocs\cargo\home\Runtime\Cache\Home\8d06f1fa3da2f92e4ac2a05807edf182.php 第 44 行.
INFO: Run Behavior\ParseTemplateBehavior [ RunTime:0.032002s ]
INFO: [ view_parse ] --END-- [ RunTime:0.033002s ]
INFO: [ view_filter ] --START--
INFO: Run Behavior\WriteHtmlCacheBehavior [ RunTime:0.001000s ]
INFO: [ view_filter ] --END-- [ RunTime:0.002000s ]
INFO: [ app_end ] --START--
INFO: Run Behavior\ShowPageTraceBehavior [ RunTime:0.005001s ]
INFO: [ app_end ] --END-- [ RunTime:0.005001s ]

[ 2015-05-18T21:18:18+08:00 ] 127.0.0.1 /cargo/index.php/Home/Main/SingleCar.html
INFO: [ app_init ] --START--
INFO: Run Behavior\BuildLiteBehavior [ RunTime:0.001000s ]
INFO: [ app_init ] --END-- [ RunTime:0.002000s ]
INFO: [ app_begin ] --START--
INFO: Run Behavior\ReadHtmlCacheBehavior [ RunTime:0.005000s ]
INFO: [ app_begin ] --END-- [ RunTime:0.005000s ]
NOTIC: [2] Missing argument 1 for Think\Controller::assign(), called in G:\XA\htdocs\cargo\home\Home\Controller\MainController.class.php on line 13 and defined G:\XA\htdocs\cargo\ThinkPHP\Library\Think\Controller.class.php 第 121 行.
NOTIC: [8] Undefined variable: name G:\XA\htdocs\cargo\ThinkPHP\Library\Think\Controller.class.php 第 122 行.
INFO: [ view_parse ] --START--
INFO: [ template_filter ] --START--
INFO: Run Behavior\ContentReplaceBehavior [ RunTime:0.000000s ]
INFO: [ template_filter ] --END-- [ RunTime:0.000000s ]
NOTIC: [8] Undefined variable: picture G:\XA\htdocs\cargo\home\Runtime\Cache\Home\8d06f1fa3da2f92e4ac2a05807edf182.php 第 37 行.
NOTIC: [8] Undefined variable: description G:\XA\htdocs\cargo\home\Runtime\Cache\Home\8d06f1fa3da2f92e4ac2a05807edf182.php 第 41 行.
NOTIC: [8] Undefined variable: car G:\XA\htdocs\cargo\home\Runtime\Cache\Home\8d06f1fa3da2f92e4ac2a05807edf182.php 第 42 行.
NOTIC: [8] Undefined variable: stock G:\XA\htdocs\cargo\home\Runtime\Cache\Home\8d06f1fa3da2f92e4ac2a05807edf182.php 第 43 行.
NOTIC: [8] Undefined variable: car G:\XA\htdocs\cargo\home\Runtime\Cache\Home\8d06f1fa3da2f92e4ac2a05807edf182.php 第 45 行.
INFO: Run Behavior\ParseTemplateBehavior [ RunTime:0.033002s ]
INFO: [ view_parse ] --END-- [ RunTime:0.033002s ]
INFO: [ view_filter ] --START--
INFO: Run Behavior\WriteHtmlCacheBehavior [ RunTime:0.002000s ]
INFO: [ view_filter ] --END-- [ RunTime:0.002000s ]
INFO: [ app_end ] --START--
INFO: Run Behavior\ShowPageTraceBehavior [ RunTime:0.002000s ]
INFO: [ app_end ] --END-- [ RunTime:0.003000s ]

[ 2015-05-18T21:18:49+08:00 ] 127.0.0.1 /cargo/index.php/Home/Main/SingleCar.html
INFO: [ app_init ] --START--
INFO: Run Behavior\BuildLiteBehavior [ RunTime:0.000000s ]
INFO: [ app_init ] --END-- [ RunTime:0.002000s ]
INFO: [ app_begin ] --START--
INFO: Run Behavior\ReadHtmlCacheBehavior [ RunTime:0.003001s ]
INFO: [ app_begin ] --END-- [ RunTime:0.003001s ]
NOTIC: [2] Missing argument 1 for Think\Controller::assign(), called in G:\XA\htdocs\cargo\home\Home\Controller\MainController.class.php on line 13 and defined G:\XA\htdocs\cargo\ThinkPHP\Library\Think\Controller.class.php 第 121 行.
NOTIC: [8] Undefined variable: name G:\XA\htdocs\cargo\ThinkPHP\Library\Think\Controller.class.php 第 122 行.
INFO: [ view_parse ] --START--
INFO: [ template_filter ] --START--
INFO: Run Behavior\ContentReplaceBehavior [ RunTime:0.001000s ]
INFO: [ template_filter ] --END-- [ RunTime:0.001000s ]
NOTIC: [8] Undefined variable: picture G:\XA\htdocs\cargo\home\Runtime\Cache\Home\8d06f1fa3da2f92e4ac2a05807edf182.php 第 37 行.
NOTIC: [8] Undefined variable: description G:\XA\htdocs\cargo\home\Runtime\Cache\Home\8d06f1fa3da2f92e4ac2a05807edf182.php 第 41 行.
NOTIC: [8] Undefined variable: car G:\XA\htdocs\cargo\home\Runtime\Cache\Home\8d06f1fa3da2f92e4ac2a05807edf182.php 第 42 行.
NOTIC: [8] Undefined variable: stock G:\XA\htdocs\cargo\home\Runtime\Cache\Home\8d06f1fa3da2f92e4ac2a05807edf182.php 第 43 行.
NOTIC: [8] Undefined variable: car G:\XA\htdocs\cargo\home\Runtime\Cache\Home\8d06f1fa3da2f92e4ac2a05807edf182.php 第 45 行.
INFO: Run Behavior\ParseTemplateBehavior [ RunTime:0.042002s ]
INFO: [ view_parse ] --END-- [ RunTime:0.042002s ]
INFO: [ view_filter ] --START--
INFO: Run Behavior\WriteHtmlCacheBehavior [ RunTime:0.002000s ]
INFO: [ view_filter ] --END-- [ RunTime:0.002000s ]
INFO: [ app_end ] --START--
INFO: Run Behavior\ShowPageTraceBehavior [ RunTime:0.003000s ]
INFO: [ app_end ] --END-- [ RunTime:0.003000s ]

[ 2015-05-18T21:22:53+08:00 ] 127.0.0.1 /cargo/index.php/Home/Main/SingleCar.html
INFO: [ app_init ] --START--
INFO: Run Behavior\BuildLiteBehavior [ RunTime:0.001000s ]
INFO: [ app_init ] --END-- [ RunTime:0.002000s ]
INFO: [ app_begin ] --START--
INFO: Run Behavior\ReadHtmlCacheBehavior [ RunTime:0.003001s ]
INFO: [ app_begin ] --END-- [ RunTime:0.003001s ]
NOTIC: [2] Missing argument 1 for Think\Controller::assign(), called in G:\XA\htdocs\cargo\home\Home\Controller\MainController.class.php on line 13 and defined G:\XA\htdocs\cargo\ThinkPHP\Library\Think\Controller.class.php 第 121 行.
NOTIC: [8] Undefined variable: name G:\XA\htdocs\cargo\ThinkPHP\Library\Think\Controller.class.php 第 122 行.
INFO: [ view_parse ] --START--
INFO: [ template_filter ] --START--
INFO: Run Behavior\ContentReplaceBehavior [ RunTime:0.000000s ]
INFO: [ template_filter ] --END-- [ RunTime:0.000000s ]
NOTIC: [8] Undefined variable: picture G:\XA\htdocs\cargo\home\Runtime\Cache\Home\8d06f1fa3da2f92e4ac2a05807edf182.php 第 37 行.
NOTIC: [8] Undefined variable: description G:\XA\htdocs\cargo\home\Runtime\Cache\Home\8d06f1fa3da2f92e4ac2a05807edf182.php 第 41 行.
NOTIC: [8] Undefined variable: car G:\XA\htdocs\cargo\home\Runtime\Cache\Home\8d06f1fa3da2f92e4ac2a05807edf182.php 第 42 行.
NOTIC: [8] Undefined variable: stock G:\XA\htdocs\cargo\home\Runtime\Cache\Home\8d06f1fa3da2f92e4ac2a05807edf182.php 第 43 行.
NOTIC: [8] Undefined variable: car G:\XA\htdocs\cargo\home\Runtime\Cache\Home\8d06f1fa3da2f92e4ac2a05807edf182.php 第 45 行.
INFO: Run Behavior\ParseTemplateBehavior [ RunTime:0.044003s ]
INFO: [ view_parse ] --END-- [ RunTime:0.045003s ]
INFO: [ view_filter ] --START--
INFO: Run Behavior\WriteHtmlCacheBehavior [ RunTime:0.002000s ]
INFO: [ view_filter ] --END-- [ RunTime:0.002000s ]
INFO: [ app_end ] --START--
INFO: Run Behavior\ShowPageTraceBehavior [ RunTime:0.003000s ]
INFO: [ app_end ] --END-- [ RunTime:0.003000s ]

[ 2015-05-18T21:22:54+08:00 ] 127.0.0.1 /cargo/index.php/Home/Main/SingleCar.html
INFO: [ app_init ] --START--
INFO: Run Behavior\BuildLiteBehavior [ RunTime:0.000000s ]
INFO: [ app_init ] --END-- [ RunTime:0.002000s ]
INFO: [ app_begin ] --START--
INFO: Run Behavior\ReadHtmlCacheBehavior [ RunTime:0.003000s ]
INFO: [ app_begin ] --END-- [ RunTime:0.003000s ]
NOTIC: [2] Missing argument 1 for Think\Controller::assign(), called in G:\XA\htdocs\cargo\home\Home\Controller\MainController.class.php on line 13 and defined G:\XA\htdocs\cargo\ThinkPHP\Library\Think\Controller.class.php 第 121 行.
NOTIC: [8] Undefined variable: name G:\XA\htdocs\cargo\ThinkPHP\Library\Think\Controller.class.php 第 122 行.
INFO: [ view_parse ] --START--
INFO: [ template_filter ] --START--
INFO: Run Behavior\ContentReplaceBehavior [ RunTime:0.001000s ]
INFO: [ template_filter ] --END-- [ RunTime:0.001000s ]
NOTIC: [8] Undefined variable: picture G:\XA\htdocs\cargo\home\Runtime\Cache\Home\8d06f1fa3da2f92e4ac2a05807edf182.php 第 37 行.
NOTIC: [8] Undefined variable: description G:\XA\htdocs\cargo\home\Runtime\Cache\Home\8d06f1fa3da2f92e4ac2a05807edf182.php 第 41 行.
NOTIC: [8] Undefined variable: car G:\XA\htdocs\cargo\home\Runtime\Cache\Home\8d06f1fa3da2f92e4ac2a05807edf182.php 第 42 行.
NOTIC: [8] Undefined variable: stock G:\XA\htdocs\cargo\home\Runtime\Cache\Home\8d06f1fa3da2f92e4ac2a05807edf182.php 第 43 行.
NOTIC: [8] Undefined variable: car G:\XA\htdocs\cargo\home\Runtime\Cache\Home\8d06f1fa3da2f92e4ac2a05807edf182.php 第 45 行.
INFO: Run Behavior\ParseTemplateBehavior [ RunTime:0.032002s ]
INFO: [ view_parse ] --END-- [ RunTime:0.032002s ]
INFO: [ view_filter ] --START--
INFO: Run Behavior\WriteHtmlCacheBehavior [ RunTime:0.001000s ]
INFO: [ view_filter ] --END-- [ RunTime:0.001000s ]
INFO: [ app_end ] --START--
INFO: Run Behavior\ShowPageTraceBehavior [ RunTime:0.005000s ]
INFO: [ app_end ] --END-- [ RunTime:0.006000s ]

[ 2015-05-18T21:27:39+08:00 ] 127.0.0.1 /cargo/index.php/Home/Main/SingleCar.html
INFO: [ app_init ] --START--
INFO: Run Behavior\BuildLiteBehavior [ RunTime:0.000000s ]
INFO: [ app_init ] --END-- [ RunTime:0.002000s ]
INFO: [ app_begin ] --START--
INFO: Run Behavior\ReadHtmlCacheBehavior [ RunTime:0.007001s ]
INFO: [ app_begin ] --END-- [ RunTime:0.008001s ]
NOTIC: [2] Missing argument 1 for Think\Controller::assign(), called in G:\XA\htdocs\cargo\home\Home\Controller\MainController.class.php on line 13 and defined G:\XA\htdocs\cargo\ThinkPHP\Library\Think\Controller.class.php 第 121 行.
NOTIC: [8] Undefined variable: name G:\XA\htdocs\cargo\ThinkPHP\Library\Think\Controller.class.php 第 122 行.
INFO: [ view_parse ] --START--
INFO: [ template_filter ] --START--
INFO: Run Behavior\ContentReplaceBehavior [ RunTime:0.000000s ]
INFO: [ template_filter ] --END-- [ RunTime:0.000000s ]
NOTIC: [8] Undefined variable: picture G:\XA\htdocs\cargo\home\Runtime\Cache\Home\8d06f1fa3da2f92e4ac2a05807edf182.php 第 36 行.
NOTIC: [8] Undefined variable: description G:\XA\htdocs\cargo\home\Runtime\Cache\Home\8d06f1fa3da2f92e4ac2a05807edf182.php 第 39 行.
NOTIC: [8] Undefined variable: car G:\XA\htdocs\cargo\home\Runtime\Cache\Home\8d06f1fa3da2f92e4ac2a05807edf182.php 第 40 行.
NOTIC: [8] Undefined variable: stock G:\XA\htdocs\cargo\home\Runtime\Cache\Home\8d06f1fa3da2f92e4ac2a05807edf182.php 第 41 行.
NOTIC: [8] Undefined variable: car G:\XA\htdocs\cargo\home\Runtime\Cache\Home\8d06f1fa3da2f92e4ac2a05807edf182.php 第 43 行.
INFO: Run Behavior\ParseTemplateBehavior [ RunTime:0.019001s ]
INFO: [ view_parse ] --END-- [ RunTime:0.019001s ]
INFO: [ view_filter ] --START--
INFO: Run Behavior\WriteHtmlCacheBehavior [ RunTime:0.002001s ]
INFO: [ view_filter ] --END-- [ RunTime:0.003001s ]
INFO: [ app_end ] --START--
INFO: Run Behavior\ShowPageTraceBehavior [ RunTime:0.003000s ]
INFO: [ app_end ] --END-- [ RunTime:0.003000s ]

[ 2015-05-18T21:29:46+08:00 ] 127.0.0.1 /cargo/index.php/Home/Main/SingleCar.html
INFO: [ app_init ] --START--
INFO: Run Behavior\BuildLiteBehavior [ RunTime:0.000000s ]
INFO: [ app_init ] --END-- [ RunTime:0.002000s ]
INFO: [ app_begin ] --START--
INFO: Run Behavior\ReadHtmlCacheBehavior [ RunTime:0.003000s ]
INFO: [ app_begin ] --END-- [ RunTime:0.003000s ]
NOTIC: [2] Missing argument 1 for Think\Controller::assign(), called in G:\XA\htdocs\cargo\home\Home\Controller\MainController.class.php on line 13 and defined G:\XA\htdocs\cargo\ThinkPHP\Library\Think\Controller.class.php 第 121 行.
NOTIC: [8] Undefined variable: name G:\XA\htdocs\cargo\ThinkPHP\Library\Think\Controller.class.php 第 122 行.
INFO: [ view_parse ] --START--
INFO: [ template_filter ] --START--
INFO: Run Behavior\ContentReplaceBehavior [ RunTime:0.000000s ]
INFO: [ template_filter ] --END-- [ RunTime:0.000000s ]
NOTIC: [8] Undefined variable: picture G:\XA\htdocs\cargo\home\Runtime\Cache\Home\8d06f1fa3da2f92e4ac2a05807edf182.php 第 36 行.
NOTIC: [8] Undefined variable: description G:\XA\htdocs\cargo\home\Runtime\Cache\Home\8d06f1fa3da2f92e4ac2a05807edf182.php 第 39 行.
NOTIC: [8] Undefined variable: car G:\XA\htdocs\cargo\home\Runtime\Cache\Home\8d06f1fa3da2f92e4ac2a05807edf182.php 第 40 行.
NOTIC: [8] Undefined variable: stock G:\XA\htdocs\cargo\home\Runtime\Cache\Home\8d06f1fa3da2f92e4ac2a05807edf182.php 第 41 行.
NOTIC: [8] Undefined variable: car G:\XA\htdocs\cargo\home\Runtime\Cache\Home\8d06f1fa3da2f92e4ac2a05807edf182.php 第 43 行.
INFO: Run Behavior\ParseTemplateBehavior [ RunTime:0.040003s ]
INFO: [ view_parse ] --END-- [ RunTime:0.040003s ]
INFO: [ view_filter ] --START--
INFO: Run Behavior\WriteHtmlCacheBehavior [ RunTime:0.002000s ]
INFO: [ view_filter ] --END-- [ RunTime:0.002000s ]
INFO: [ app_end ] --START--
INFO: Run Behavior\ShowPageTraceBehavior [ RunTime:0.004000s ]
INFO: [ app_end ] --END-- [ RunTime:0.004000s ]

[ 2015-05-18T21:37:19+08:00 ] 127.0.0.1 /cargo/index.php/Home/Main/SingleCar.html
INFO: [ app_init ] --START--
INFO: Run Behavior\BuildLiteBehavior [ RunTime:0.000000s ]
INFO: [ app_init ] --END-- [ RunTime:0.003000s ]
INFO: [ app_begin ] --START--
INFO: Run Behavior\ReadHtmlCacheBehavior [ RunTime:0.003000s ]
INFO: [ app_begin ] --END-- [ RunTime:0.003000s ]
NOTIC: [2] Missing argument 1 for Think\Controller::assign(), called in G:\XA\htdocs\cargo\home\Home\Controller\MainController.class.php on line 13 and defined G:\XA\htdocs\cargo\ThinkPHP\Library\Think\Controller.class.php 第 121 行.
NOTIC: [8] Undefined variable: name G:\XA\htdocs\cargo\ThinkPHP\Library\Think\Controller.class.php 第 122 行.
INFO: [ view_parse ] --START--
INFO: [ template_filter ] --START--
INFO: Run Behavior\ContentReplaceBehavior [ RunTime:0.000000s ]
INFO: [ template_filter ] --END-- [ RunTime:0.000000s ]
NOTIC: [8] Undefined variable: picture G:\XA\htdocs\cargo\home\Runtime\Cache\Home\8d06f1fa3da2f92e4ac2a05807edf182.php 第 36 行.
NOTIC: [8] Undefined variable: description G:\XA\htdocs\cargo\home\Runtime\Cache\Home\8d06f1fa3da2f92e4ac2a05807edf182.php 第 39 行.
NOTIC: [8] Undefined variable: car G:\XA\htdocs\cargo\home\Runtime\Cache\Home\8d06f1fa3da2f92e4ac2a05807edf182.php 第 40 行.
NOTIC: [8] Undefined variable: stock G:\XA\htdocs\cargo\home\Runtime\Cache\Home\8d06f1fa3da2f92e4ac2a05807edf182.php 第 41 行.
NOTIC: [8] Undefined variable: car G:\XA\htdocs\cargo\home\Runtime\Cache\Home\8d06f1fa3da2f92e4ac2a05807edf182.php 第 43 行.
INFO: Run Behavior\ParseTemplateBehavior [ RunTime:0.037002s ]
INFO: [ view_parse ] --END-- [ RunTime:0.037002s ]
INFO: [ view_filter ] --START--
INFO: Run Behavior\WriteHtmlCacheBehavior [ RunTime:0.002000s ]
INFO: [ view_filter ] --END-- [ RunTime:0.003000s ]
INFO: [ app_end ] --START--
INFO: Run Behavior\ShowPageTraceBehavior [ RunTime:0.002000s ]
INFO: [ app_end ] --END-- [ RunTime:0.003000s ]

[ 2015-05-18T21:37:34+08:00 ] 127.0.0.1 /cargo/index.php/Home/Main/SingleCar.html
INFO: [ app_init ] --START--
INFO: Run Behavior\BuildLiteBehavior [ RunTime:0.001000s ]
INFO: [ app_init ] --END-- [ RunTime:0.003000s ]
INFO: [ app_begin ] --START--
INFO: Run Behavior\ReadHtmlCacheBehavior [ RunTime:0.003000s ]
INFO: [ app_begin ] --END-- [ RunTime:0.004001s ]
NOTIC: [2] Missing argument 1 for Think\Controller::assign(), called in G:\XA\htdocs\cargo\home\Home\Controller\MainController.class.php on line 13 and defined G:\XA\htdocs\cargo\ThinkPHP\Library\Think\Controller.class.php 第 121 行.
NOTIC: [8] Undefined variable: name G:\XA\htdocs\cargo\ThinkPHP\Library\Think\Controller.class.php 第 122 行.
INFO: [ view_parse ] --START--
INFO: [ template_filter ] --START--
INFO: Run Behavior\ContentReplaceBehavior [ RunTime:0.000000s ]
INFO: [ template_filter ] --END-- [ RunTime:0.000000s ]
NOTIC: [8] Undefined variable: picture G:\XA\htdocs\cargo\home\Runtime\Cache\Home\8d06f1fa3da2f92e4ac2a05807edf182.php 第 36 行.
NOTIC: [8] Undefined variable: description G:\XA\htdocs\cargo\home\Runtime\Cache\Home\8d06f1fa3da2f92e4ac2a05807edf182.php 第 39 行.
NOTIC: [8] Undefined variable: car G:\XA\htdocs\cargo\home\Runtime\Cache\Home\8d06f1fa3da2f92e4ac2a05807edf182.php 第 40 行.
NOTIC: [8] Undefined variable: stock G:\XA\htdocs\cargo\home\Runtime\Cache\Home\8d06f1fa3da2f92e4ac2a05807edf182.php 第 41 行.
NOTIC: [8] Undefined variable: car G:\XA\htdocs\cargo\home\Runtime\Cache\Home\8d06f1fa3da2f92e4ac2a05807edf182.php 第 43 行.
INFO: Run Behavior\ParseTemplateBehavior [ RunTime:0.047003s ]
INFO: [ view_parse ] --END-- [ RunTime:0.047003s ]
INFO: [ view_filter ] --START--
INFO: Run Behavior\WriteHtmlCacheBehavior [ RunTime:0.003000s ]
INFO: [ view_filter ] --END-- [ RunTime:0.004000s ]
INFO: [ app_end ] --START--
INFO: Run Behavior\ShowPageTraceBehavior [ RunTime:0.003000s ]
INFO: [ app_end ] --END-- [ RunTime:0.004000s ]

[ 2015-05-18T21:37:48+08:00 ] 127.0.0.1 /cargo/index.php/Home/Main/SingleCar.html
INFO: [ app_init ] --START--
INFO: Run Behavior\BuildLiteBehavior [ RunTime:0.001000s ]
INFO: [ app_init ] --END-- [ RunTime:0.007001s ]
INFO: [ app_begin ] --START--
INFO: Run Behavior\ReadHtmlCacheBehavior [ RunTime:0.003000s ]
INFO: [ app_begin ] --END-- [ RunTime:0.003000s ]
NOTIC: [2] Missing argument 1 for Think\Controller::assign(), called in G:\XA\htdocs\cargo\home\Home\Controller\MainController.class.php on line 13 and defined G:\XA\htdocs\cargo\ThinkPHP\Library\Think\Controller.class.php 第 121 行.
NOTIC: [8] Undefined variable: name G:\XA\htdocs\cargo\ThinkPHP\Library\Think\Controller.class.php 第 122 行.
INFO: [ view_parse ] --START--
INFO: [ template_filter ] --START--
INFO: Run Behavior\ContentReplaceBehavior [ RunTime:0.000000s ]
INFO: [ template_filter ] --END-- [ RunTime:0.001001s ]
NOTIC: [8] Undefined variable: picture G:\XA\htdocs\cargo\home\Runtime\Cache\Home\8d06f1fa3da2f92e4ac2a05807edf182.php 第 36 行.
NOTIC: [8] Undefined variable: description G:\XA\htdocs\cargo\home\Runtime\Cache\Home\8d06f1fa3da2f92e4ac2a05807edf182.php 第 39 行.
NOTIC: [8] Undefined variable: car G:\XA\htdocs\cargo\home\Runtime\Cache\Home\8d06f1fa3da2f92e4ac2a05807edf182.php 第 40 行.
NOTIC: [8] Undefined variable: stock G:\XA\htdocs\cargo\home\Runtime\Cache\Home\8d06f1fa3da2f92e4ac2a05807edf182.php 第 41 行.
NOTIC: [8] Undefined variable: car G:\XA\htdocs\cargo\home\Runtime\Cache\Home\8d06f1fa3da2f92e4ac2a05807edf182.php 第 43 行.
INFO: Run Behavior\ParseTemplateBehavior [ RunTime:0.039002s ]
INFO: [ view_parse ] --END-- [ RunTime:0.039002s ]
INFO: [ view_filter ] --START--
INFO: Run Behavior\WriteHtmlCacheBehavior [ RunTime:0.001000s ]
INFO: [ view_filter ] --END-- [ RunTime:0.001000s ]
INFO: [ app_end ] --START--
INFO: Run Behavior\ShowPageTraceBehavior [ RunTime:0.002000s ]
INFO: [ app_end ] --END-- [ RunTime:0.002000s ]

[ 2015-05-18T21:39:21+08:00 ] 127.0.0.1 /cargo/index.php/Home/Main/SingleCar.html
INFO: [ app_init ] --START--
INFO: Run Behavior\BuildLiteBehavior [ RunTime:0.000000s ]
INFO: [ app_init ] --END-- [ RunTime:0.014001s ]
INFO: [ app_begin ] --START--
INFO: Run Behavior\ReadHtmlCacheBehavior [ RunTime:0.004000s ]
INFO: [ app_begin ] --END-- [ RunTime:0.004000s ]
NOTIC: [2] Missing argument 1 for Think\Controller::assign(), called in G:\XA\htdocs\cargo\home\Home\Controller\MainController.class.php on line 13 and defined G:\XA\htdocs\cargo\ThinkPHP\Library\Think\Controller.class.php 第 121 行.
NOTIC: [8] Undefined variable: name G:\XA\htdocs\cargo\ThinkPHP\Library\Think\Controller.class.php 第 122 行.
INFO: [ view_parse ] --START--
INFO: [ template_filter ] --START--
INFO: Run Behavior\ContentReplaceBehavior [ RunTime:0.000000s ]
INFO: [ template_filter ] --END-- [ RunTime:0.000000s ]
NOTIC: [8] Undefined variable: picture G:\XA\htdocs\cargo\home\Runtime\Cache\Home\8d06f1fa3da2f92e4ac2a05807edf182.php 第 36 行.
NOTIC: [8] Undefined variable: description G:\XA\htdocs\cargo\home\Runtime\Cache\Home\8d06f1fa3da2f92e4ac2a05807edf182.php 第 39 行.
NOTIC: [8] Undefined variable: car G:\XA\htdocs\cargo\home\Runtime\Cache\Home\8d06f1fa3da2f92e4ac2a05807edf182.php 第 40 行.
NOTIC: [8] Undefined variable: stock G:\XA\htdocs\cargo\home\Runtime\Cache\Home\8d06f1fa3da2f92e4ac2a05807edf182.php 第 41 行.
NOTIC: [8] Undefined variable: car G:\XA\htdocs\cargo\home\Runtime\Cache\Home\8d06f1fa3da2f92e4ac2a05807edf182.php 第 43 行.
INFO: Run Behavior\ParseTemplateBehavior [ RunTime:0.035002s ]
INFO: [ view_parse ] --END-- [ RunTime:0.035002s ]
INFO: [ view_filter ] --START--
INFO: Run Behavior\WriteHtmlCacheBehavior [ RunTime:0.002000s ]
INFO: [ view_filter ] --END-- [ RunTime:0.002000s ]
INFO: [ app_end ] --START--
INFO: Run Behavior\ShowPageTraceBehavior [ RunTime:0.003000s ]
INFO: [ app_end ] --END-- [ RunTime:0.003000s ]

[ 2015-05-18T21:46:15+08:00 ] 127.0.0.1 /cargo/index.php/Home/Main/SingleCar.html
INFO: [ app_init ] --START--
INFO: Run Behavior\BuildLiteBehavior [ RunTime:0.000000s ]
INFO: [ app_init ] --END-- [ RunTime:0.003000s ]
INFO: [ app_begin ] --START--
INFO: Run Behavior\ReadHtmlCacheBehavior [ RunTime:0.005001s ]
INFO: [ app_begin ] --END-- [ RunTime:0.005001s ]
NOTIC: [2] Missing argument 1 for Think\Controller::assign(), called in G:\XA\htdocs\cargo\home\Home\Controller\MainController.class.php on line 13 and defined G:\XA\htdocs\cargo\ThinkPHP\Library\Think\Controller.class.php 第 121 行.
NOTIC: [8] Undefined variable: name G:\XA\htdocs\cargo\ThinkPHP\Library\Think\Controller.class.php 第 122 行.
INFO: [ view_parse ] --START--
INFO: [ template_filter ] --START--
INFO: Run Behavior\ContentReplaceBehavior [ RunTime:0.000000s ]
INFO: [ template_filter ] --END-- [ RunTime:0.000000s ]
NOTIC: [8] Undefined variable: picture G:\XA\htdocs\cargo\home\Runtime\Cache\Home\8d06f1fa3da2f92e4ac2a05807edf182.php 第 36 行.
NOTIC: [8] Undefined variable: description G:\XA\htdocs\cargo\home\Runtime\Cache\Home\8d06f1fa3da2f92e4ac2a05807edf182.php 第 39 行.
NOTIC: [8] Undefined variable: car G:\XA\htdocs\cargo\home\Runtime\Cache\Home\8d06f1fa3da2f92e4ac2a05807edf182.php 第 40 行.
NOTIC: [8] Undefined variable: stock G:\XA\htdocs\cargo\home\Runtime\Cache\Home\8d06f1fa3da2f92e4ac2a05807edf182.php 第 41 行.
NOTIC: [8] Undefined variable: car G:\XA\htdocs\cargo\home\Runtime\Cache\Home\8d06f1fa3da2f92e4ac2a05807edf182.php 第 43 行.
INFO: Run Behavior\ParseTemplateBehavior [ RunTime:0.038002s ]
INFO: [ view_parse ] --END-- [ RunTime:0.038002s ]
INFO: [ view_filter ] --START--
INFO: Run Behavior\WriteHtmlCacheBehavior [ RunTime:0.002000s ]
INFO: [ view_filter ] --END-- [ RunTime:0.002000s ]
INFO: [ app_end ] --START--
INFO: Run Behavior\ShowPageTraceBehavior [ RunTime:0.004001s ]
INFO: [ app_end ] --END-- [ RunTime:0.004001s ]

[ 2015-05-18T21:51:05+08:00 ] 127.0.0.1 /cargo/index.php/Home/Main/SingleCar.html
INFO: [ app_init ] --START--
INFO: Run Behavior\BuildLiteBehavior [ RunTime:0.000000s ]
INFO: [ app_init ] --END-- [ RunTime:0.003000s ]
INFO: [ app_begin ] --START--
INFO: Run Behavior\ReadHtmlCacheBehavior [ RunTime:0.003000s ]
INFO: [ app_begin ] --END-- [ RunTime:0.003000s ]
NOTIC: [2] Missing argument 1 for Think\Controller::assign(), called in G:\XA\htdocs\cargo\home\Home\Controller\MainController.class.php on line 13 and defined G:\XA\htdocs\cargo\ThinkPHP\Library\Think\Controller.class.php 第 121 行.
NOTIC: [8] Undefined variable: name G:\XA\htdocs\cargo\ThinkPHP\Library\Think\Controller.class.php 第 122 行.
INFO: [ view_parse ] --START--
INFO: [ template_filter ] --START--
INFO: Run Behavior\ContentReplaceBehavior [ RunTime:0.000000s ]
INFO: [ template_filter ] --END-- [ RunTime:0.000000s ]
NOTIC: [8] Undefined variable: picture G:\XA\htdocs\cargo\home\Runtime\Cache\Home\8d06f1fa3da2f92e4ac2a05807edf182.php 第 36 行.
NOTIC: [8] Undefined variable: description G:\XA\htdocs\cargo\home\Runtime\Cache\Home\8d06f1fa3da2f92e4ac2a05807edf182.php 第 39 行.
NOTIC: [8] Undefined variable: car G:\XA\htdocs\cargo\home\Runtime\Cache\Home\8d06f1fa3da2f92e4ac2a05807edf182.php 第 40 行.
NOTIC: [8] Undefined variable: stock G:\XA\htdocs\cargo\home\Runtime\Cache\Home\8d06f1fa3da2f92e4ac2a05807edf182.php 第 41 行.
NOTIC: [8] Undefined variable: car G:\XA\htdocs\cargo\home\Runtime\Cache\Home\8d06f1fa3da2f92e4ac2a05807edf182.php 第 43 行.
INFO: Run Behavior\ParseTemplateBehavior [ RunTime:0.053003s ]
INFO: [ view_parse ] --END-- [ RunTime:0.053003s ]
INFO: [ view_filter ] --START--
INFO: Run Behavior\WriteHtmlCacheBehavior [ RunTime:0.002000s ]
INFO: [ view_filter ] --END-- [ RunTime:0.002000s ]
INFO: [ app_end ] --START--
INFO: Run Behavior\ShowPageTraceBehavior [ RunTime:0.003000s ]
INFO: [ app_end ] --END-- [ RunTime:0.003000s ]

[ 2015-05-18T21:57:54+08:00 ] 127.0.0.1 /cargo/index.php/Home/Main/SingleCar.html
INFO: [ app_init ] --START--
INFO: Run Behavior\BuildLiteBehavior [ RunTime:0.000000s ]
INFO: [ app_init ] --END-- [ RunTime:0.003000s ]
INFO: [ app_begin ] --START--
INFO: Run Behavior\ReadHtmlCacheBehavior [ RunTime:0.003000s ]
INFO: [ app_begin ] --END-- [ RunTime:0.003000s ]
NOTIC: [2] Missing argument 1 for Think\Controller::assign(), called in G:\XA\htdocs\cargo\home\Home\Controller\MainController.class.php on line 13 and defined G:\XA\htdocs\cargo\ThinkPHP\Library\Think\Controller.class.php 第 121 行.
NOTIC: [8] Undefined variable: name G:\XA\htdocs\cargo\ThinkPHP\Library\Think\Controller.class.php 第 122 行.
INFO: [ view_parse ] --START--
INFO: [ template_filter ] --START--
INFO: Run Behavior\ContentReplaceBehavior [ RunTime:0.000000s ]
INFO: [ template_filter ] --END-- [ RunTime:0.000000s ]
NOTIC: [8] Undefined variable: picture G:\XA\htdocs\cargo\home\Runtime\Cache\Home\8d06f1fa3da2f92e4ac2a05807edf182.php 第 36 行.
NOTIC: [8] Undefined variable: description G:\XA\htdocs\cargo\home\Runtime\Cache\Home\8d06f1fa3da2f92e4ac2a05807edf182.php 第 39 行.
NOTIC: [8] Undefined variable: car G:\XA\htdocs\cargo\home\Runtime\Cache\Home\8d06f1fa3da2f92e4ac2a05807edf182.php 第 40 行.
NOTIC: [8] Undefined variable: stock G:\XA\htdocs\cargo\home\Runtime\Cache\Home\8d06f1fa3da2f92e4ac2a05807edf182.php 第 41 行.
NOTIC: [8] Undefined variable: car G:\XA\htdocs\cargo\home\Runtime\Cache\Home\8d06f1fa3da2f92e4ac2a05807edf182.php 第 43 行.
INFO: Run Behavior\ParseTemplateBehavior [ RunTime:0.035002s ]
INFO: [ view_parse ] --END-- [ RunTime:0.035002s ]
INFO: [ view_filter ] --START--
INFO: Run Behavior\WriteHtmlCacheBehavior [ RunTime:0.001000s ]
INFO: [ view_filter ] --END-- [ RunTime:0.003000s ]
INFO: [ app_end ] --START--
INFO: Run Behavior\ShowPageTraceBehavior [ RunTime:0.002000s ]
INFO: [ app_end ] --END-- [ RunTime:0.003000s ]

[ 2015-05-18T22:04:21+08:00 ] 127.0.0.1 /cargo/index.php/Home/Main/SingleCar.html
INFO: [ app_init ] --START--
INFO: Run Behavior\BuildLiteBehavior [ RunTime:0.000000s ]
INFO: [ app_init ] --END-- [ RunTime:0.003000s ]
INFO: [ app_begin ] --START--
INFO: Run Behavior\ReadHtmlCacheBehavior [ RunTime:0.003000s ]
INFO: [ app_begin ] --END-- [ RunTime:0.003000s ]
NOTIC: [2] Missing argument 1 for Think\Controller::assign(), called in G:\XA\htdocs\cargo\home\Home\Controller\MainController.class.php on line 13 and defined G:\XA\htdocs\cargo\ThinkPHP\Library\Think\Controller.class.php 第 121 行.
NOTIC: [8] Undefined variable: name G:\XA\htdocs\cargo\ThinkPHP\Library\Think\Controller.class.php 第 122 行.
INFO: [ view_parse ] --START--
INFO: [ template_filter ] --START--
INFO: Run Behavior\ContentReplaceBehavior [ RunTime:0.000000s ]
INFO: [ template_filter ] --END-- [ RunTime:0.000000s ]
NOTIC: [8] Undefined variable: description G:\XA\htdocs\cargo\home\Runtime\Cache\Home\8d06f1fa3da2f92e4ac2a05807edf182.php 第 39 行.
NOTIC: [8] Undefined variable: car G:\XA\htdocs\cargo\home\Runtime\Cache\Home\8d06f1fa3da2f92e4ac2a05807edf182.php 第 40 行.
NOTIC: [8] Undefined variable: stock G:\XA\htdocs\cargo\home\Runtime\Cache\Home\8d06f1fa3da2f92e4ac2a05807edf182.php 第 41 行.
NOTIC: [8] Undefined variable: car G:\XA\htdocs\cargo\home\Runtime\Cache\Home\8d06f1fa3da2f92e4ac2a05807edf182.php 第 43 行.
INFO: Run Behavior\ParseTemplateBehavior [ RunTime:0.034002s ]
INFO: [ view_parse ] --END-- [ RunTime:0.034002s ]
INFO: [ view_filter ] --START--
INFO: Run Behavior\WriteHtmlCacheBehavior [ RunTime:0.002000s ]
INFO: [ view_filter ] --END-- [ RunTime:0.002000s ]
INFO: [ app_end ] --START--
INFO: Run Behavior\ShowPageTraceBehavior [ RunTime:0.003000s ]
INFO: [ app_end ] --END-- [ RunTime:0.004000s ]

[ 2015-05-18T22:04:23+08:00 ] 127.0.0.1 /cargo/index.php/Home/Main/SingleCar.html
INFO: [ app_init ] --START--
INFO: Run Behavior\BuildLiteBehavior [ RunTime:0.000000s ]
INFO: [ app_init ] --END-- [ RunTime:0.002000s ]
INFO: [ app_begin ] --START--
INFO: Run Behavior\ReadHtmlCacheBehavior [ RunTime:0.002000s ]
INFO: [ app_begin ] --END-- [ RunTime:0.002000s ]
NOTIC: [2] Missing argument 1 for Think\Controller::assign(), called in G:\XA\htdocs\cargo\home\Home\Controller\MainController.class.php on line 13 and defined G:\XA\htdocs\cargo\ThinkPHP\Library\Think\Controller.class.php 第 121 行.
NOTIC: [8] Undefined variable: name G:\XA\htdocs\cargo\ThinkPHP\Library\Think\Controller.class.php 第 122 行.
INFO: [ view_parse ] --START--
INFO: [ template_filter ] --START--
INFO: Run Behavior\ContentReplaceBehavior [ RunTime:0.001000s ]
INFO: [ template_filter ] --END-- [ RunTime:0.001000s ]
NOTIC: [8] Undefined variable: description G:\XA\htdocs\cargo\home\Runtime\Cache\Home\8d06f1fa3da2f92e4ac2a05807edf182.php 第 39 行.
NOTIC: [8] Undefined variable: car G:\XA\htdocs\cargo\home\Runtime\Cache\Home\8d06f1fa3da2f92e4ac2a05807edf182.php 第 40 行.
NOTIC: [8] Undefined variable: stock G:\XA\htdocs\cargo\home\Runtime\Cache\Home\8d06f1fa3da2f92e4ac2a05807edf182.php 第 41 行.
NOTIC: [8] Undefined variable: car G:\XA\htdocs\cargo\home\Runtime\Cache\Home\8d06f1fa3da2f92e4ac2a05807edf182.php 第 43 行.
INFO: Run Behavior\ParseTemplateBehavior [ RunTime:0.034002s ]
INFO: [ view_parse ] --END-- [ RunTime:0.034002s ]
INFO: [ view_filter ] --START--
INFO: Run Behavior\WriteHtmlCacheBehavior [ RunTime:0.001000s ]
INFO: [ view_filter ] --END-- [ RunTime:0.002000s ]
INFO: [ app_end ] --START--
INFO: Run Behavior\ShowPageTraceBehavior [ RunTime:0.002000s ]
INFO: [ app_end ] --END-- [ RunTime:0.003000s ]

[ 2015-05-18T22:04:44+08:00 ] 127.0.0.1 /cargo/index.php/Home/Main/SingleCar.html
INFO: [ app_init ] --START--
INFO: Run Behavior\BuildLiteBehavior [ RunTime:0.000000s ]
INFO: [ app_init ] --END-- [ RunTime:0.003000s ]
INFO: [ app_begin ] --START--
INFO: Run Behavior\ReadHtmlCacheBehavior [ RunTime:0.003000s ]
INFO: [ app_begin ] --END-- [ RunTime:0.003000s ]
NOTIC: [2] Missing argument 1 for Think\Controller::assign(), called in G:\XA\htdocs\cargo\home\Home\Controller\MainController.class.php on line 13 and defined G:\XA\htdocs\cargo\ThinkPHP\Library\Think\Controller.class.php 第 121 行.
NOTIC: [8] Undefined variable: name G:\XA\htdocs\cargo\ThinkPHP\Library\Think\Controller.class.php 第 122 行.
INFO: [ view_parse ] --START--
INFO: [ template_filter ] --START--
INFO: Run Behavior\ContentReplaceBehavior [ RunTime:0.000000s ]
INFO: [ template_filter ] --END-- [ RunTime:0.000000s ]
NOTIC: [8] Undefined variable: description G:\XA\htdocs\cargo\home\Runtime\Cache\Home\8d06f1fa3da2f92e4ac2a05807edf182.php 第 39 行.
NOTIC: [8] Undefined variable: car G:\XA\htdocs\cargo\home\Runtime\Cache\Home\8d06f1fa3da2f92e4ac2a05807edf182.php 第 40 行.
NOTIC: [8] Undefined variable: stock G:\XA\htdocs\cargo\home\Runtime\Cache\Home\8d06f1fa3da2f92e4ac2a05807edf182.php 第 41 行.
NOTIC: [8] Undefined variable: car G:\XA\htdocs\cargo\home\Runtime\Cache\Home\8d06f1fa3da2f92e4ac2a05807edf182.php 第 43 行.
INFO: Run Behavior\ParseTemplateBehavior [ RunTime:0.032001s ]
INFO: [ view_parse ] --END-- [ RunTime:0.032001s ]
INFO: [ view_filter ] --START--
INFO: Run Behavior\WriteHtmlCacheBehavior [ RunTime:0.001000s ]
INFO: [ view_filter ] --END-- [ RunTime:0.003000s ]
INFO: [ app_end ] --START--
INFO: Run Behavior\ShowPageTraceBehavior [ RunTime:0.002000s ]
INFO: [ app_end ] --END-- [ RunTime:0.002000s ]

[ 2015-05-18T22:06:24+08:00 ] 127.0.0.1 /cargo/index.php/Home/Main/index.html
INFO: [ app_init ] --START--
INFO: Run Behavior\BuildLiteBehavior [ RunTime:0.000000s ]
INFO: [ app_init ] --END-- [ RunTime:0.002000s ]
INFO: [ app_begin ] --START--
INFO: Run Behavior\ReadHtmlCacheBehavior [ RunTime:0.003000s ]
INFO: [ app_begin ] --END-- [ RunTime:0.003000s ]
INFO: [ view_parse ] --START--
INFO: [ template_filter ] --START--
INFO: Run Behavior\ContentReplaceBehavior [ RunTime:0.000000s ]
INFO: [ template_filter ] --END-- [ RunTime:0.000000s ]
NOTIC: [8] Undefined variable: picture G:\XA\htdocs\cargo\home\Runtime\Cache\Home\0767f9cfd0fdcabc3d18efd25594e1f2.php 第 100 行.
NOTIC: [8] Undefined variable: description G:\XA\htdocs\cargo\home\Runtime\Cache\Home\0767f9cfd0fdcabc3d18efd25594e1f2.php 第 104 行.
NOTIC: [8] Undefined variable: stock G:\XA\htdocs\cargo\home\Runtime\Cache\Home\0767f9cfd0fdcabc3d18efd25594e1f2.php 第 106 行.
NOTIC: [8] Undefined variable: price G:\XA\htdocs\cargo\home\Runtime\Cache\Home\0767f9cfd0fdcabc3d18efd25594e1f2.php 第 108 行.
INFO: Run Behavior\ParseTemplateBehavior [ RunTime:0.052003s ]
INFO: [ view_parse ] --END-- [ RunTime:0.052003s ]
INFO: [ view_filter ] --START--
INFO: Run Behavior\WriteHtmlCacheBehavior [ RunTime:0.002000s ]
INFO: [ view_filter ] --END-- [ RunTime:0.002000s ]
INFO: [ app_end ] --START--
INFO: Run Behavior\ShowPageTraceBehavior [ RunTime:0.003000s ]
INFO: [ app_end ] --END-- [ RunTime:0.003000s ]

[ 2015-05-18T22:09:23+08:00 ] 127.0.0.1 /cargo/index.php/Home/Main/SingleCar.html
INFO: [ app_init ] --START--
INFO: Run Behavior\BuildLiteBehavior [ RunTime:0.000000s ]
INFO: [ app_init ] --END-- [ RunTime:0.002000s ]
INFO: [ app_begin ] --START--
INFO: Run Behavior\ReadHtmlCacheBehavior [ RunTime:0.006001s ]
INFO: [ app_begin ] --END-- [ RunTime:0.006001s ]
NOTIC: [2] Missing argument 1 for Think\Controller::assign(), called in G:\XA\htdocs\cargo\home\Home\Controller\MainController.class.php on line 13 and defined G:\XA\htdocs\cargo\ThinkPHP\Library\Think\Controller.class.php 第 121 行.
NOTIC: [8] Undefined variable: name G:\XA\htdocs\cargo\ThinkPHP\Library\Think\Controller.class.php 第 122 行.
INFO: [ view_parse ] --START--
INFO: [ template_filter ] --START--
INFO: Run Behavior\ContentReplaceBehavior [ RunTime:0.000000s ]
INFO: [ template_filter ] --END-- [ RunTime:0.000000s ]
NOTIC: [8] Undefined variable: description G:\XA\htdocs\cargo\home\Runtime\Cache\Home\8d06f1fa3da2f92e4ac2a05807edf182.php 第 39 行.
NOTIC: [8] Undefined variable: car G:\XA\htdocs\cargo\home\Runtime\Cache\Home\8d06f1fa3da2f92e4ac2a05807edf182.php 第 40 行.
NOTIC: [8] Undefined variable: stock G:\XA\htdocs\cargo\home\Runtime\Cache\Home\8d06f1fa3da2f92e4ac2a05807edf182.php 第 41 行.
NOTIC: [8] Undefined variable: car G:\XA\htdocs\cargo\home\Runtime\Cache\Home\8d06f1fa3da2f92e4ac2a05807edf182.php 第 43 行.
INFO: Run Behavior\ParseTemplateBehavior [ RunTime:0.066004s ]
INFO: [ view_parse ] --END-- [ RunTime:0.067004s ]
INFO: [ view_filter ] --START--
INFO: Run Behavior\WriteHtmlCacheBehavior [ RunTime:0.002000s ]
INFO: [ view_filter ] --END-- [ RunTime:0.002000s ]
INFO: [ app_end ] --START--
INFO: Run Behavior\ShowPageTraceBehavior [ RunTime:0.005000s ]
INFO: [ app_end ] --END-- [ RunTime:0.005000s ]

[ 2015-05-18T22:17:04+08:00 ] 127.0.0.1 /cargo/index.php/Home/Main/SingleCar.html
INFO: [ app_init ] --START--
INFO: Run Behavior\BuildLiteBehavior [ RunTime:0.000000s ]
INFO: [ app_init ] --END-- [ RunTime:0.002000s ]
INFO: [ app_begin ] --START--
INFO: Run Behavior\ReadHtmlCacheBehavior [ RunTime:0.003000s ]
INFO: [ app_begin ] --END-- [ RunTime:0.003000s ]
NOTIC: [2] Missing argument 1 for Think\Controller::assign(), called in G:\XA\htdocs\cargo\home\Home\Controller\MainController.class.php on line 13 and defined G:\XA\htdocs\cargo\ThinkPHP\Library\Think\Controller.class.php 第 121 行.
NOTIC: [8] Undefined variable: name G:\XA\htdocs\cargo\ThinkPHP\Library\Think\Controller.class.php 第 122 行.
INFO: [ view_parse ] --START--
INFO: [ template_filter ] --START--
INFO: Run Behavior\ContentReplaceBehavior [ RunTime:0.001000s ]
INFO: [ template_filter ] --END-- [ RunTime:0.001000s ]
NOTIC: [8] Undefined variable: description G:\XA\htdocs\cargo\home\Runtime\Cache\Home\8d06f1fa3da2f92e4ac2a05807edf182.php 第 39 行.
NOTIC: [8] Undefined variable: car G:\XA\htdocs\cargo\home\Runtime\Cache\Home\8d06f1fa3da2f92e4ac2a05807edf182.php 第 40 行.
NOTIC: [8] Undefined variable: stock G:\XA\htdocs\cargo\home\Runtime\Cache\Home\8d06f1fa3da2f92e4ac2a05807edf182.php 第 41 行.
NOTIC: [8] Undefined variable: car G:\XA\htdocs\cargo\home\Runtime\Cache\Home\8d06f1fa3da2f92e4ac2a05807edf182.php 第 43 行.
INFO: Run Behavior\ParseTemplateBehavior [ RunTime:0.035002s ]
INFO: [ view_parse ] --END-- [ RunTime:0.036003s ]
INFO: [ view_filter ] --START--
INFO: Run Behavior\WriteHtmlCacheBehavior [ RunTime:0.001000s ]
INFO: [ view_filter ] --END-- [ RunTime:0.002000s ]
INFO: [ app_end ] --START--
INFO: Run Behavior\ShowPageTraceBehavior [ RunTime:0.003000s ]
INFO: [ app_end ] --END-- [ RunTime:0.003000s ]

[ 2015-05-18T22:17:31+08:00 ] 127.0.0.1 /cargo/index.php/Home/Main/SingleCar.html
INFO: [ app_init ] --START--
INFO: Run Behavior\BuildLiteBehavior [ RunTime:0.000000s ]
INFO: [ app_init ] --END-- [ RunTime:0.001000s ]
INFO: [ app_begin ] --START--
INFO: Run Behavior\ReadHtmlCacheBehavior [ RunTime:0.003000s ]
INFO: [ app_begin ] --END-- [ RunTime:0.003000s ]
NOTIC: [2] Missing argument 1 for Think\Controller::assign(), called in G:\XA\htdocs\cargo\home\Home\Controller\MainController.class.php on line 13 and defined G:\XA\htdocs\cargo\ThinkPHP\Library\Think\Controller.class.php 第 121 行.
NOTIC: [8] Undefined variable: name G:\XA\htdocs\cargo\ThinkPHP\Library\Think\Controller.class.php 第 122 行.
INFO: [ view_parse ] --START--
INFO: [ template_filter ] --START--
INFO: Run Behavior\ContentReplaceBehavior [ RunTime:0.000000s ]
INFO: [ template_filter ] --END-- [ RunTime:0.001000s ]
NOTIC: [8] Undefined variable: description G:\XA\htdocs\cargo\home\Runtime\Cache\Home\8d06f1fa3da2f92e4ac2a05807edf182.php 第 39 行.
NOTIC: [8] Undefined variable: car G:\XA\htdocs\cargo\home\Runtime\Cache\Home\8d06f1fa3da2f92e4ac2a05807edf182.php 第 40 行.
NOTIC: [8] Undefined variable: stock G:\XA\htdocs\cargo\home\Runtime\Cache\Home\8d06f1fa3da2f92e4ac2a05807edf182.php 第 41 行.
NOTIC: [8] Undefined variable: car G:\XA\htdocs\cargo\home\Runtime\Cache\Home\8d06f1fa3da2f92e4ac2a05807edf182.php 第 43 行.
INFO: Run Behavior\ParseTemplateBehavior [ RunTime:0.034002s ]
INFO: [ view_parse ] --END-- [ RunTime:0.034002s ]
INFO: [ view_filter ] --START--
INFO: Run Behavior\WriteHtmlCacheBehavior [ RunTime:0.002000s ]
INFO: [ view_filter ] --END-- [ RunTime:0.002000s ]
INFO: [ app_end ] --START--
INFO: Run Behavior\ShowPageTraceBehavior [ RunTime:0.003000s ]
INFO: [ app_end ] --END-- [ RunTime:0.003000s ]

[ 2015-05-18T22:17:32+08:00 ] 127.0.0.1 /cargo/index.php/Home/Main/SingleCar.html
INFO: [ app_init ] --START--
INFO: Run Behavior\BuildLiteBehavior [ RunTime:0.000000s ]
INFO: [ app_init ] --END-- [ RunTime:0.002000s ]
INFO: [ app_begin ] --START--
INFO: Run Behavior\ReadHtmlCacheBehavior [ RunTime:0.004000s ]
INFO: [ app_begin ] --END-- [ RunTime:0.004000s ]
NOTIC: [2] Missing argument 1 for Think\Controller::assign(), called in G:\XA\htdocs\cargo\home\Home\Controller\MainController.class.php on line 13 and defined G:\XA\htdocs\cargo\ThinkPHP\Library\Think\Controller.class.php 第 121 行.
NOTIC: [8] Undefined variable: name G:\XA\htdocs\cargo\ThinkPHP\Library\Think\Controller.class.php 第 122 行.
INFO: [ view_parse ] --START--
INFO: [ template_filter ] --START--
INFO: Run Behavior\ContentReplaceBehavior [ RunTime:0.000000s ]
INFO: [ template_filter ] --END-- [ RunTime:0.000000s ]
NOTIC: [8] Undefined variable: description G:\XA\htdocs\cargo\home\Runtime\Cache\Home\8d06f1fa3da2f92e4ac2a05807edf182.php 第 39 行.
NOTIC: [8] Undefined variable: car G:\XA\htdocs\cargo\home\Runtime\Cache\Home\8d06f1fa3da2f92e4ac2a05807edf182.php 第 40 行.
NOTIC: [8] Undefined variable: stock G:\XA\htdocs\cargo\home\Runtime\Cache\Home\8d06f1fa3da2f92e4ac2a05807edf182.php 第 41 行.
NOTIC: [8] Undefined variable: car G:\XA\htdocs\cargo\home\Runtime\Cache\Home\8d06f1fa3da2f92e4ac2a05807edf182.php 第 43 行.
INFO: Run Behavior\ParseTemplateBehavior [ RunTime:0.049003s ]
INFO: [ view_parse ] --END-- [ RunTime:0.049003s ]
INFO: [ view_filter ] --START--
INFO: Run Behavior\WriteHtmlCacheBehavior [ RunTime:0.002000s ]
INFO: [ view_filter ] --END-- [ RunTime:0.002000s ]
INFO: [ app_end ] --START--
INFO: Run Behavior\ShowPageTraceBehavior [ RunTime:0.009001s ]
INFO: [ app_end ] --END-- [ RunTime:0.009001s ]

[ 2015-05-18T22:47:38+08:00 ] 127.0.0.1 /cargo/index.php/Home/Main/index.html
INFO: [ app_init ] --START--
INFO: Run Behavior\BuildLiteBehavior [ RunTime:0.000000s ]
INFO: [ app_init ] --END-- [ RunTime:0.002000s ]
INFO: [ app_begin ] --START--
INFO: Run Behavior\ReadHtmlCacheBehavior [ RunTime:0.002001s ]
INFO: [ app_begin ] --END-- [ RunTime:0.002001s ]
INFO: [ view_parse ] --START--
INFO: [ template_filter ] --START--
INFO: Run Behavior\ContentReplaceBehavior [ RunTime:0.000000s ]
INFO: [ template_filter ] --END-- [ RunTime:0.000000s ]
NOTIC: [8] Undefined variable: picture G:\XA\htdocs\cargo\home\Runtime\Cache\Home\0767f9cfd0fdcabc3d18efd25594e1f2.php 第 100 行.
NOTIC: [8] Undefined variable: description G:\XA\htdocs\cargo\home\Runtime\Cache\Home\0767f9cfd0fdcabc3d18efd25594e1f2.php 第 104 行.
NOTIC: [8] Undefined variable: stock G:\XA\htdocs\cargo\home\Runtime\Cache\Home\0767f9cfd0fdcabc3d18efd25594e1f2.php 第 106 行.
NOTIC: [8] Undefined variable: price G:\XA\htdocs\cargo\home\Runtime\Cache\Home\0767f9cfd0fdcabc3d18efd25594e1f2.php 第 108 行.
INFO: Run Behavior\ParseTemplateBehavior [ RunTime:0.021001s ]
INFO: [ view_parse ] --END-- [ RunTime:0.022001s ]
INFO: [ view_filter ] --START--
INFO: Run Behavior\WriteHtmlCacheBehavior [ RunTime:0.001000s ]
INFO: [ view_filter ] --END-- [ RunTime:0.001000s ]
INFO: [ app_end ] --START--
INFO: Run Behavior\ShowPageTraceBehavior [ RunTime:0.004000s ]
INFO: [ app_end ] --END-- [ RunTime:0.004000s ]

[ 2015-05-18T22:47:42+08:00 ] 127.0.0.1 /cargo/index.php/Home/Main/SingleCar.html
INFO: [ app_init ] --START--
INFO: Run Behavior\BuildLiteBehavior [ RunTime:0.000000s ]
INFO: [ app_init ] --END-- [ RunTime:0.002000s ]
INFO: [ app_begin ] --START--
INFO: Run Behavior\ReadHtmlCacheBehavior [ RunTime:0.003000s ]
INFO: [ app_begin ] --END-- [ RunTime:0.003000s ]
NOTIC: [2] Missing argument 1 for Think\Controller::assign(), called in G:\XA\htdocs\cargo\home\Home\Controller\MainController.class.php on line 13 and defined G:\XA\htdocs\cargo\ThinkPHP\Library\Think\Controller.class.php 第 121 行.
NOTIC: [8] Undefined variable: name G:\XA\htdocs\cargo\ThinkPHP\Library\Think\Controller.class.php 第 122 行.
INFO: [ view_parse ] --START--
INFO: [ template_filter ] --START--
INFO: Run Behavior\ContentReplaceBehavior [ RunTime:0.003000s ]
INFO: [ template_filter ] --END-- [ RunTime:0.003000s ]
NOTIC: [8] Undefined variable: description G:\XA\htdocs\cargo\home\Runtime\Cache\Home\8d06f1fa3da2f92e4ac2a05807edf182.php 第 39 行.
NOTIC: [8] Undefined variable: car G:\XA\htdocs\cargo\home\Runtime\Cache\Home\8d06f1fa3da2f92e4ac2a05807edf182.php 第 40 行.
NOTIC: [8] Undefined variable: stock G:\XA\htdocs\cargo\home\Runtime\Cache\Home\8d06f1fa3da2f92e4ac2a05807edf182.php 第 41 行.
NOTIC: [8] Undefined variable: car G:\XA\htdocs\cargo\home\Runtime\Cache\Home\8d06f1fa3da2f92e4ac2a05807edf182.php 第 43 行.
INFO: Run Behavior\ParseTemplateBehavior [ RunTime:0.081005s ]
INFO: [ view_parse ] --END-- [ RunTime:0.081005s ]
INFO: [ view_filter ] --START--
INFO: Run Behavior\WriteHtmlCacheBehavior [ RunTime:0.003000s ]
INFO: [ view_filter ] --END-- [ RunTime:0.003000s ]
INFO: [ app_end ] --START--
INFO: Run Behavior\ShowPageTraceBehavior [ RunTime:0.006000s ]
INFO: [ app_end ] --END-- [ RunTime:0.006000s ]

[ 2015-05-18T23:23:57+08:00 ] 127.0.0.1 /cargo/index.php/Home/Main/SingleCar.html
INFO: [ app_init ] --START--
INFO: Run Behavior\BuildLiteBehavior [ RunTime:0.000000s ]
INFO: [ app_init ] --END-- [ RunTime:0.003000s ]
INFO: [ app_begin ] --START--
INFO: Run Behavior\ReadHtmlCacheBehavior [ RunTime:0.005000s ]
INFO: [ app_begin ] --END-- [ RunTime:0.005000s ]
NOTIC: [2] Missing argument 1 for Think\Controller::assign(), called in G:\XA\htdocs\cargo\home\Home\Controller\MainController.class.php on line 13 and defined G:\XA\htdocs\cargo\ThinkPHP\Library\Think\Controller.class.php 第 121 行.
NOTIC: [8] Undefined variable: name G:\XA\htdocs\cargo\ThinkPHP\Library\Think\Controller.class.php 第 122 行.
INFO: [ view_parse ] --START--
INFO: [ template_filter ] --START--
INFO: Run Behavior\ContentReplaceBehavior [ RunTime:0.001000s ]
INFO: [ template_filter ] --END-- [ RunTime:0.001000s ]
NOTIC: [8] Undefined variable: description G:\XA\htdocs\cargo\home\Runtime\Cache\Home\8d06f1fa3da2f92e4ac2a05807edf182.php 第 41 行.
NOTIC: [8] Undefined variable: car G:\XA\htdocs\cargo\home\Runtime\Cache\Home\8d06f1fa3da2f92e4ac2a05807edf182.php 第 42 行.
NOTIC: [8] Undefined variable: stock G:\XA\htdocs\cargo\home\Runtime\Cache\Home\8d06f1fa3da2f92e4ac2a05807edf182.php 第 43 行.
NOTIC: [8] Undefined variable: car G:\XA\htdocs\cargo\home\Runtime\Cache\Home\8d06f1fa3da2f92e4ac2a05807edf182.php 第 45 行.
INFO: Run Behavior\ParseTemplateBehavior [ RunTime:0.072004s ]
INFO: [ view_parse ] --END-- [ RunTime:0.073004s ]
INFO: [ view_filter ] --START--
INFO: Run Behavior\WriteHtmlCacheBehavior [ RunTime:0.005000s ]
INFO: [ view_filter ] --END-- [ RunTime:0.006000s ]
INFO: [ app_end ] --START--
INFO: Run Behavior\ShowPageTraceBehavior [ RunTime:0.012001s ]
INFO: [ app_end ] --END-- [ RunTime:0.013001s ]

[ 2015-05-18T23:30:58+08:00 ] 127.0.0.1 /cargo/index.php/Home/Main/SingleCar.html
INFO: [ app_init ] --START--
INFO: Run Behavior\BuildLiteBehavior [ RunTime:0.000000s ]
INFO: [ app_init ] --END-- [ RunTime:0.005000s ]
INFO: [ app_begin ] --START--
INFO: Run Behavior\ReadHtmlCacheBehavior [ RunTime:0.013001s ]
INFO: [ app_begin ] --END-- [ RunTime:0.013001s ]
NOTIC: [2] Missing argument 1 for Think\Controller::assign(), called in G:\XA\htdocs\cargo\home\Home\Controller\MainController.class.php on line 13 and defined G:\XA\htdocs\cargo\ThinkPHP\Library\Think\Controller.class.php 第 121 行.
NOTIC: [8] Undefined variable: name G:\XA\htdocs\cargo\ThinkPHP\Library\Think\Controller.class.php 第 122 行.
INFO: [ view_parse ] --START--
INFO: [ template_filter ] --START--
INFO: Run Behavior\ContentReplaceBehavior [ RunTime:0.001001s ]
INFO: [ template_filter ] --END-- [ RunTime:0.001001s ]
NOTIC: [8] Undefined variable: description G:\XA\htdocs\cargo\home\Runtime\Cache\Home\8d06f1fa3da2f92e4ac2a05807edf182.php 第 41 行.
NOTIC: [8] Undefined variable: car G:\XA\htdocs\cargo\home\Runtime\Cache\Home\8d06f1fa3da2f92e4ac2a05807edf182.php 第 42 行.
NOTIC: [8] Undefined variable: stock G:\XA\htdocs\cargo\home\Runtime\Cache\Home\8d06f1fa3da2f92e4ac2a05807edf182.php 第 43 行.
NOTIC: [8] Undefined variable: car G:\XA\htdocs\cargo\home\Runtime\Cache\Home\8d06f1fa3da2f92e4ac2a05807edf182.php 第 45 行.
INFO: Run Behavior\ParseTemplateBehavior [ RunTime:0.059003s ]
INFO: [ view_parse ] --END-- [ RunTime:0.059003s ]
INFO: [ view_filter ] --START--
INFO: Run Behavior\WriteHtmlCacheBehavior [ RunTime:0.003000s ]
INFO: [ view_filter ] --END-- [ RunTime:0.003000s ]
INFO: [ app_end ] --START--
INFO: Run Behavior\ShowPageTraceBehavior [ RunTime:0.005000s ]
INFO: [ app_end ] --END-- [ RunTime:0.005000s ]

[ 2015-05-18T23:31:24+08:00 ] 127.0.0.1 /cargo/index.php/Home/Main/SingleCar.html
INFO: [ app_init ] --START--
INFO: Run Behavior\BuildLiteBehavior [ RunTime:0.000000s ]
INFO: [ app_init ] --END-- [ RunTime:0.006001s ]
INFO: [ app_begin ] --START--
INFO: Run Behavior\ReadHtmlCacheBehavior [ RunTime:0.003000s ]
INFO: [ app_begin ] --END-- [ RunTime:0.003000s ]
NOTIC: [2] Missing argument 1 for Think\Controller::assign(), called in G:\XA\htdocs\cargo\home\Home\Controller\MainController.class.php on line 13 and defined G:\XA\htdocs\cargo\ThinkPHP\Library\Think\Controller.class.php 第 121 行.
NOTIC: [8] Undefined variable: name G:\XA\htdocs\cargo\ThinkPHP\Library\Think\Controller.class.php 第 122 行.
INFO: [ view_parse ] --START--
INFO: [ template_filter ] --START--
INFO: Run Behavior\ContentReplaceBehavior [ RunTime:0.000000s ]
INFO: [ template_filter ] --END-- [ RunTime:0.001001s ]
NOTIC: [8] Undefined variable: description G:\XA\htdocs\cargo\home\Runtime\Cache\Home\8d06f1fa3da2f92e4ac2a05807edf182.php 第 41 行.
NOTIC: [8] Undefined variable: car G:\XA\htdocs\cargo\home\Runtime\Cache\Home\8d06f1fa3da2f92e4ac2a05807edf182.php 第 42 行.
NOTIC: [8] Undefined variable: stock G:\XA\htdocs\cargo\home\Runtime\Cache\Home\8d06f1fa3da2f92e4ac2a05807edf182.php 第 43 行.
NOTIC: [8] Undefined variable: car G:\XA\htdocs\cargo\home\Runtime\Cache\Home\8d06f1fa3da2f92e4ac2a05807edf182.php 第 45 行.
INFO: Run Behavior\ParseTemplateBehavior [ RunTime:0.036002s ]
INFO: [ view_parse ] --END-- [ RunTime:0.036002s ]
INFO: [ view_filter ] --START--
INFO: Run Behavior\WriteHtmlCacheBehavior [ RunTime:0.002000s ]
INFO: [ view_filter ] --END-- [ RunTime:0.002000s ]
INFO: [ app_end ] --START--
INFO: Run Behavior\ShowPageTraceBehavior [ RunTime:0.003000s ]
INFO: [ app_end ] --END-- [ RunTime:0.003000s ]

[ 2015-05-18T23:32:03+08:00 ] 127.0.0.1 /cargo/index.php/Home/Main/SingleCar.html
INFO: [ app_init ] --START--
INFO: Run Behavior\BuildLiteBehavior [ RunTime:0.000000s ]
INFO: [ app_init ] --END-- [ RunTime:0.002001s ]
INFO: [ app_begin ] --START--
INFO: Run Behavior\ReadHtmlCacheBehavior [ RunTime:0.002000s ]
INFO: [ app_begin ] --END-- [ RunTime:0.003000s ]
NOTIC: [2] Missing argument 1 for Think\Controller::assign(), called in G:\XA\htdocs\cargo\home\Home\Controller\MainController.class.php on line 13 and defined G:\XA\htdocs\cargo\ThinkPHP\Library\Think\Controller.class.php 第 121 行.
NOTIC: [8] Undefined variable: name G:\XA\htdocs\cargo\ThinkPHP\Library\Think\Controller.class.php 第 122 行.
INFO: [ view_parse ] --START--
INFO: [ template_filter ] --START--
INFO: Run Behavior\ContentReplaceBehavior [ RunTime:0.000000s ]
INFO: [ template_filter ] --END-- [ RunTime:0.000000s ]
NOTIC: [8] Undefined variable: description G:\XA\htdocs\cargo\home\Runtime\Cache\Home\8d06f1fa3da2f92e4ac2a05807edf182.php 第 41 行.
NOTIC: [8] Undefined variable: car G:\XA\htdocs\cargo\home\Runtime\Cache\Home\8d06f1fa3da2f92e4ac2a05807edf182.php 第 42 行.
NOTIC: [8] Undefined variable: stock G:\XA\htdocs\cargo\home\Runtime\Cache\Home\8d06f1fa3da2f92e4ac2a05807edf182.php 第 43 行.
NOTIC: [8] Undefined variable: car G:\XA\htdocs\cargo\home\Runtime\Cache\Home\8d06f1fa3da2f92e4ac2a05807edf182.php 第 45 行.
INFO: Run Behavior\ParseTemplateBehavior [ RunTime:0.043003s ]
INFO: [ view_parse ] --END-- [ RunTime:0.043003s ]
INFO: [ view_filter ] --START--
INFO: Run Behavior\WriteHtmlCacheBehavior [ RunTime:0.001000s ]
INFO: [ view_filter ] --END-- [ RunTime:0.002000s ]
INFO: [ app_end ] --START--
INFO: Run Behavior\ShowPageTraceBehavior [ RunTime:0.014001s ]
INFO: [ app_end ] --END-- [ RunTime:0.014001s ]

[ 2015-05-18T23:33:24+08:00 ] 127.0.0.1 /cargo/index.php/Home/Main/SingleCar.html
INFO: [ app_init ] --START--
INFO: Run Behavior\BuildLiteBehavior [ RunTime:0.000000s ]
INFO: [ app_init ] --END-- [ RunTime:0.002000s ]
INFO: [ app_begin ] --START--
INFO: Run Behavior\ReadHtmlCacheBehavior [ RunTime:0.003000s ]
INFO: [ app_begin ] --END-- [ RunTime:0.004000s ]
NOTIC: [2] Missing argument 1 for Think\Controller::assign(), called in G:\XA\htdocs\cargo\home\Home\Controller\MainController.class.php on line 13 and defined G:\XA\htdocs\cargo\ThinkPHP\Library\Think\Controller.class.php 第 121 行.
NOTIC: [8] Undefined variable: name G:\XA\htdocs\cargo\ThinkPHP\Library\Think\Controller.class.php 第 122 行.
INFO: [ view_parse ] --START--
INFO: [ template_filter ] --START--
INFO: Run Behavior\ContentReplaceBehavior [ RunTime:0.000000s ]
INFO: [ template_filter ] --END-- [ RunTime:0.000000s ]
NOTIC: [8] Undefined variable: description G:\XA\htdocs\cargo\home\Runtime\Cache\Home\8d06f1fa3da2f92e4ac2a05807edf182.php 第 41 行.
NOTIC: [8] Undefined variable: car G:\XA\htdocs\cargo\home\Runtime\Cache\Home\8d06f1fa3da2f92e4ac2a05807edf182.php 第 42 行.
NOTIC: [8] Undefined variable: stock G:\XA\htdocs\cargo\home\Runtime\Cache\Home\8d06f1fa3da2f92e4ac2a05807edf182.php 第 43 行.
NOTIC: [8] Undefined variable: car G:\XA\htdocs\cargo\home\Runtime\Cache\Home\8d06f1fa3da2f92e4ac2a05807edf182.php 第 45 行.
INFO: Run Behavior\ParseTemplateBehavior [ RunTime:0.038002s ]
INFO: [ view_parse ] --END-- [ RunTime:0.038002s ]
INFO: [ view_filter ] --START--
INFO: Run Behavior\WriteHtmlCacheBehavior [ RunTime:0.002000s ]
INFO: [ view_filter ] --END-- [ RunTime:0.003000s ]
INFO: [ app_end ] --START--
INFO: Run Behavior\ShowPageTraceBehavior [ RunTime:0.003000s ]
INFO: [ app_end ] --END-- [ RunTime:0.003000s ]

[ 2015-05-18T23:33:47+08:00 ] 127.0.0.1 /cargo/index.php/Home/Main/SingleCar.html
INFO: [ app_init ] --START--
INFO: Run Behavior\BuildLiteBehavior [ RunTime:0.000000s ]
INFO: [ app_init ] --END-- [ RunTime:0.007001s ]
INFO: [ app_begin ] --START--
INFO: Run Behavior\ReadHtmlCacheBehavior [ RunTime:0.002000s ]
INFO: [ app_begin ] --END-- [ RunTime:0.003000s ]
NOTIC: [2] Missing argument 1 for Think\Controller::assign(), called in G:\XA\htdocs\cargo\home\Home\Controller\MainController.class.php on line 13 and defined G:\XA\htdocs\cargo\ThinkPHP\Library\Think\Controller.class.php 第 121 行.
NOTIC: [8] Undefined variable: name G:\XA\htdocs\cargo\ThinkPHP\Library\Think\Controller.class.php 第 122 行.
INFO: [ view_parse ] --START--
INFO: [ template_filter ] --START--
INFO: Run Behavior\ContentReplaceBehavior [ RunTime:0.000000s ]
INFO: [ template_filter ] --END-- [ RunTime:0.000000s ]
NOTIC: [8] Undefined variable: description G:\XA\htdocs\cargo\home\Runtime\Cache\Home\8d06f1fa3da2f92e4ac2a05807edf182.php 第 41 行.
NOTIC: [8] Undefined variable: car G:\XA\htdocs\cargo\home\Runtime\Cache\Home\8d06f1fa3da2f92e4ac2a05807edf182.php 第 42 行.
NOTIC: [8] Undefined variable: stock G:\XA\htdocs\cargo\home\Runtime\Cache\Home\8d06f1fa3da2f92e4ac2a05807edf182.php 第 43 行.
NOTIC: [8] Undefined variable: car G:\XA\htdocs\cargo\home\Runtime\Cache\Home\8d06f1fa3da2f92e4ac2a05807edf182.php 第 45 行.
INFO: Run Behavior\ParseTemplateBehavior [ RunTime:0.050003s ]
INFO: [ view_parse ] --END-- [ RunTime:0.050003s ]
INFO: [ view_filter ] --START--
INFO: Run Behavior\WriteHtmlCacheBehavior [ RunTime:0.001000s ]
INFO: [ view_filter ] --END-- [ RunTime:0.001000s ]
INFO: [ app_end ] --START--
INFO: Run Behavior\ShowPageTraceBehavior [ RunTime:0.002000s ]
INFO: [ app_end ] --END-- [ RunTime:0.002000s ]

[ 2015-05-18T23:34:25+08:00 ] 127.0.0.1 /cargo/index.php/Home/Main/SingleCar.html
INFO: [ app_init ] --START--
INFO: Run Behavior\BuildLiteBehavior [ RunTime:0.000000s ]
INFO: [ app_init ] --END-- [ RunTime:0.003000s ]
INFO: [ app_begin ] --START--
INFO: Run Behavior\ReadHtmlCacheBehavior [ RunTime:0.008001s ]
INFO: [ app_begin ] --END-- [ RunTime:0.009001s ]
NOTIC: [2] Missing argument 1 for Think\Controller::assign(), called in G:\XA\htdocs\cargo\home\Home\Controller\MainController.class.php on line 13 and defined G:\XA\htdocs\cargo\ThinkPHP\Library\Think\Controller.class.php 第 121 行.
NOTIC: [8] Undefined variable: name G:\XA\htdocs\cargo\ThinkPHP\Library\Think\Controller.class.php 第 122 行.
INFO: [ view_parse ] --START--
INFO: [ template_filter ] --START--
INFO: Run Behavior\ContentReplaceBehavior [ RunTime:0.000000s ]
INFO: [ template_filter ] --END-- [ RunTime:0.001000s ]
NOTIC: [8] Undefined variable: description G:\XA\htdocs\cargo\home\Runtime\Cache\Home\8d06f1fa3da2f92e4ac2a05807edf182.php 第 41 行.
NOTIC: [8] Undefined variable: car G:\XA\htdocs\cargo\home\Runtime\Cache\Home\8d06f1fa3da2f92e4ac2a05807edf182.php 第 42 行.
NOTIC: [8] Undefined variable: stock G:\XA\htdocs\cargo\home\Runtime\Cache\Home\8d06f1fa3da2f92e4ac2a05807edf182.php 第 43 行.
NOTIC: [8] Undefined variable: car G:\XA\htdocs\cargo\home\Runtime\Cache\Home\8d06f1fa3da2f92e4ac2a05807edf182.php 第 45 行.
INFO: Run Behavior\ParseTemplateBehavior [ RunTime:0.040002s ]
INFO: [ view_parse ] --END-- [ RunTime:0.040002s ]
INFO: [ view_filter ] --START--
INFO: Run Behavior\WriteHtmlCacheBehavior [ RunTime:0.001000s ]
INFO: [ view_filter ] --END-- [ RunTime:0.001000s ]
INFO: [ app_end ] --START--
INFO: Run Behavior\ShowPageTraceBehavior [ RunTime:0.002000s ]
INFO: [ app_end ] --END-- [ RunTime:0.002000s ]

[ 2015-05-18T23:43:06+08:00 ] 127.0.0.1 /cargo/index.php/Home/Main/SingleCar.html
INFO: [ app_init ] --START--
INFO: Run Behavior\BuildLiteBehavior [ RunTime:0.000000s ]
INFO: [ app_init ] --END-- [ RunTime:0.001000s ]
INFO: [ app_begin ] --START--
INFO: Run Behavior\ReadHtmlCacheBehavior [ RunTime:0.013001s ]
INFO: [ app_begin ] --END-- [ RunTime:0.013001s ]
NOTIC: [2] Missing argument 1 for Think\Controller::assign(), called in G:\XA\htdocs\cargo\home\Home\Controller\MainController.class.php on line 13 and defined G:\XA\htdocs\cargo\ThinkPHP\Library\Think\Controller.class.php 第 121 行.
NOTIC: [8] Undefined variable: name G:\XA\htdocs\cargo\ThinkPHP\Library\Think\Controller.class.php 第 122 行.
INFO: [ view_parse ] --START--
INFO: [ template_filter ] --START--
INFO: Run Behavior\ContentReplaceBehavior [ RunTime:0.004001s ]
INFO: [ template_filter ] --END-- [ RunTime:0.004001s ]
NOTIC: [8] Undefined variable: description G:\XA\htdocs\cargo\home\Runtime\Cache\Home\8d06f1fa3da2f92e4ac2a05807edf182.php 第 41 行.
NOTIC: [8] Undefined variable: car G:\XA\htdocs\cargo\home\Runtime\Cache\Home\8d06f1fa3da2f92e4ac2a05807edf182.php 第 42 行.
NOTIC: [8] Undefined variable: stock G:\XA\htdocs\cargo\home\Runtime\Cache\Home\8d06f1fa3da2f92e4ac2a05807edf182.php 第 43 行.
NOTIC: [8] Undefined variable: car G:\XA\htdocs\cargo\home\Runtime\Cache\Home\8d06f1fa3da2f92e4ac2a05807edf182.php 第 45 行.
INFO: Run Behavior\ParseTemplateBehavior [ RunTime:0.093006s ]
INFO: [ view_parse ] --END-- [ RunTime:0.093006s ]
INFO: [ view_filter ] --START--
INFO: Run Behavior\WriteHtmlCacheBehavior [ RunTime:0.010000s ]
INFO: [ view_filter ] --END-- [ RunTime:0.011000s ]
INFO: [ app_end ] --START--
INFO: Run Behavior\ShowPageTraceBehavior [ RunTime:0.003001s ]
INFO: [ app_end ] --END-- [ RunTime:0.003001s ]

[ 2015-05-18T23:45:36+08:00 ] 127.0.0.1 /cargo/index.php/Home/Main/SingleCar.html
INFO: [ app_init ] --START--
INFO: Run Behavior\BuildLiteBehavior [ RunTime:0.000000s ]
INFO: [ app_init ] --END-- [ RunTime:0.003000s ]
INFO: [ app_begin ] --START--
INFO: Run Behavior\ReadHtmlCacheBehavior [ RunTime:0.003000s ]
INFO: [ app_begin ] --END-- [ RunTime:0.004000s ]
NOTIC: [2] Missing argument 1 for Think\Controller::assign(), called in G:\XA\htdocs\cargo\home\Home\Controller\MainController.class.php on line 13 and defined G:\XA\htdocs\cargo\ThinkPHP\Library\Think\Controller.class.php 第 121 行.
NOTIC: [8] Undefined variable: name G:\XA\htdocs\cargo\ThinkPHP\Library\Think\Controller.class.php 第 122 行.
INFO: [ view_parse ] --START--
INFO: [ template_filter ] --START--
INFO: Run Behavior\ContentReplaceBehavior [ RunTime:0.000000s ]
INFO: [ template_filter ] --END-- [ RunTime:0.000000s ]
NOTIC: [8] Undefined variable: description G:\XA\htdocs\cargo\home\Runtime\Cache\Home\8d06f1fa3da2f92e4ac2a05807edf182.php 第 41 行.
NOTIC: [8] Undefined variable: car G:\XA\htdocs\cargo\home\Runtime\Cache\Home\8d06f1fa3da2f92e4ac2a05807edf182.php 第 42 行.
NOTIC: [8] Undefined variable: stock G:\XA\htdocs\cargo\home\Runtime\Cache\Home\8d06f1fa3da2f92e4ac2a05807edf182.php 第 43 行.
NOTIC: [8] Undefined variable: car G:\XA\htdocs\cargo\home\Runtime\Cache\Home\8d06f1fa3da2f92e4ac2a05807edf182.php 第 45 行.
INFO: Run Behavior\ParseTemplateBehavior [ RunTime:0.065004s ]
INFO: [ view_parse ] --END-- [ RunTime:0.065004s ]
INFO: [ view_filter ] --START--
INFO: Run Behavior\WriteHtmlCacheBehavior [ RunTime:0.003000s ]
INFO: [ view_filter ] --END-- [ RunTime:0.003000s ]
INFO: [ app_end ] --START--
INFO: Run Behavior\ShowPageTraceBehavior [ RunTime:0.003000s ]
INFO: [ app_end ] --END-- [ RunTime:0.003000s ]

[ 2015-05-18T23:48:04+08:00 ] 127.0.0.1 /cargo/index.php/Home/Main/SingleCar.html
INFO: [ app_init ] --START--
INFO: Run Behavior\BuildLiteBehavior [ RunTime:0.000000s ]
INFO: [ app_init ] --END-- [ RunTime:0.004001s ]
INFO: [ app_begin ] --START--
INFO: Run Behavior\ReadHtmlCacheBehavior [ RunTime:0.012000s ]
INFO: [ app_begin ] --END-- [ RunTime:0.013000s ]
NOTIC: [2] Missing argument 1 for Think\Controller::assign(), called in G:\XA\htdocs\cargo\home\Home\Controller\MainController.class.php on line 13 and defined G:\XA\htdocs\cargo\ThinkPHP\Library\Think\Controller.class.php 第 121 行.
NOTIC: [8] Undefined variable: name G:\XA\htdocs\cargo\ThinkPHP\Library\Think\Controller.class.php 第 122 行.
INFO: [ view_parse ] --START--
INFO: [ template_filter ] --START--
INFO: Run Behavior\ContentReplaceBehavior [ RunTime:0.000000s ]
INFO: [ template_filter ] --END-- [ RunTime:0.000000s ]
NOTIC: [8] Undefined variable: description G:\XA\htdocs\cargo\home\Runtime\Cache\Home\8d06f1fa3da2f92e4ac2a05807edf182.php 第 41 行.
NOTIC: [8] Undefined variable: car G:\XA\htdocs\cargo\home\Runtime\Cache\Home\8d06f1fa3da2f92e4ac2a05807edf182.php 第 42 行.
NOTIC: [8] Undefined variable: stock G:\XA\htdocs\cargo\home\Runtime\Cache\Home\8d06f1fa3da2f92e4ac2a05807edf182.php 第 43 行.
NOTIC: [8] Undefined variable: car G:\XA\htdocs\cargo\home\Runtime\Cache\Home\8d06f1fa3da2f92e4ac2a05807edf182.php 第 45 行.
INFO: Run Behavior\ParseTemplateBehavior [ RunTime:0.052003s ]
INFO: [ view_parse ] --END-- [ RunTime:0.053003s ]
INFO: [ view_filter ] --START--
INFO: Run Behavior\WriteHtmlCacheBehavior [ RunTime:0.002000s ]
INFO: [ view_filter ] --END-- [ RunTime:0.002000s ]
INFO: [ app_end ] --START--
INFO: Run Behavior\ShowPageTraceBehavior [ RunTime:0.003001s ]
INFO: [ app_end ] --END-- [ RunTime:0.005001s ]

[ 2015-05-18T23:48:18+08:00 ] 127.0.0.1 /cargo/index.php/Home/Main/SingleCar.html
INFO: [ app_init ] --START--
INFO: Run Behavior\BuildLiteBehavior [ RunTime:0.000000s ]
INFO: [ app_init ] --END-- [ RunTime:0.002000s ]
INFO: [ app_begin ] --START--
INFO: Run Behavior\ReadHtmlCacheBehavior [ RunTime:0.005000s ]
INFO: [ app_begin ] --END-- [ RunTime:0.005000s ]
NOTIC: [2] Missing argument 1 for Think\Controller::assign(), called in G:\XA\htdocs\cargo\home\Home\Controller\MainController.class.php on line 13 and defined G:\XA\htdocs\cargo\ThinkPHP\Library\Think\Controller.class.php 第 121 行.
NOTIC: [8] Undefined variable: name G:\XA\htdocs\cargo\ThinkPHP\Library\Think\Controller.class.php 第 122 行.
INFO: [ view_parse ] --START--
INFO: [ template_filter ] --START--
INFO: Run Behavior\ContentReplaceBehavior [ RunTime:0.001000s ]
INFO: [ template_filter ] --END-- [ RunTime:0.001000s ]
NOTIC: [8] Undefined variable: description G:\XA\htdocs\cargo\home\Runtime\Cache\Home\8d06f1fa3da2f92e4ac2a05807edf182.php 第 41 行.
NOTIC: [8] Undefined variable: car G:\XA\htdocs\cargo\home\Runtime\Cache\Home\8d06f1fa3da2f92e4ac2a05807edf182.php 第 42 行.
NOTIC: [8] Undefined variable: stock G:\XA\htdocs\cargo\home\Runtime\Cache\Home\8d06f1fa3da2f92e4ac2a05807edf182.php 第 43 行.
NOTIC: [8] Undefined variable: car G:\XA\htdocs\cargo\home\Runtime\Cache\Home\8d06f1fa3da2f92e4ac2a05807edf182.php 第 45 行.
INFO: Run Behavior\ParseTemplateBehavior [ RunTime:0.052003s ]
INFO: [ view_parse ] --END-- [ RunTime:0.052003s ]
INFO: [ view_filter ] --START--
INFO: Run Behavior\WriteHtmlCacheBehavior [ RunTime:0.009001s ]
INFO: [ view_filter ] --END-- [ RunTime:0.009001s ]
INFO: [ app_end ] --START--
INFO: Run Behavior\ShowPageTraceBehavior [ RunTime:0.004000s ]
INFO: [ app_end ] --END-- [ RunTime:0.004000s ]

[ 2015-05-18T23:55:52+08:00 ] 127.0.0.1 /cargo/index.php/Home/Main/SingleCar.html
INFO: [ app_init ] --START--
INFO: Run Behavior\BuildLiteBehavior [ RunTime:0.000000s ]
INFO: [ app_init ] --END-- [ RunTime:0.002000s ]
INFO: [ app_begin ] --START--
INFO: Run Behavior\ReadHtmlCacheBehavior [ RunTime:0.003000s ]
INFO: [ app_begin ] --END-- [ RunTime:0.003000s ]
NOTIC: [2] Missing argument 1 for Think\Controller::assign(), called in G:\XA\htdocs\cargo\home\Home\Controller\MainController.class.php on line 13 and defined G:\XA\htdocs\cargo\ThinkPHP\Library\Think\Controller.class.php 第 121 行.
NOTIC: [8] Undefined variable: name G:\XA\htdocs\cargo\ThinkPHP\Library\Think\Controller.class.php 第 122 行.
INFO: [ view_parse ] --START--
INFO: [ template_filter ] --START--
INFO: Run Behavior\ContentReplaceBehavior [ RunTime:0.000000s ]
INFO: [ template_filter ] --END-- [ RunTime:0.001000s ]
NOTIC: [8] Undefined variable: description G:\XA\htdocs\cargo\home\Runtime\Cache\Home\8d06f1fa3da2f92e4ac2a05807edf182.php 第 41 行.
NOTIC: [8] Undefined variable: car G:\XA\htdocs\cargo\home\Runtime\Cache\Home\8d06f1fa3da2f92e4ac2a05807edf182.php 第 42 行.
NOTIC: [8] Undefined variable: stock G:\XA\htdocs\cargo\home\Runtime\Cache\Home\8d06f1fa3da2f92e4ac2a05807edf182.php 第 43 行.
NOTIC: [8] Undefined variable: car G:\XA\htdocs\cargo\home\Runtime\Cache\Home\8d06f1fa3da2f92e4ac2a05807edf182.php 第 45 行.
INFO: Run Behavior\ParseTemplateBehavior [ RunTime:0.070004s ]
INFO: [ view_parse ] --END-- [ RunTime:0.072004s ]
INFO: [ view_filter ] --START--
INFO: Run Behavior\WriteHtmlCacheBehavior [ RunTime:0.002000s ]
INFO: [ view_filter ] --END-- [ RunTime:0.002000s ]
INFO: [ app_end ] --START--
INFO: Run Behavior\ShowPageTraceBehavior [ RunTime:0.003001s ]
INFO: [ app_end ] --END-- [ RunTime:0.003001s ]

[ 2015-05-18T23:56:17+08:00 ] 127.0.0.1 /cargo/index.php/Home/Main/SingleCar.html
INFO: [ app_init ] --START--
INFO: Run Behavior\BuildLiteBehavior [ RunTime:0.000000s ]
INFO: [ app_init ] --END-- [ RunTime:0.002000s ]
INFO: [ app_begin ] --START--
INFO: Run Behavior\ReadHtmlCacheBehavior [ RunTime:0.011001s ]
INFO: [ app_begin ] --END-- [ RunTime:0.012001s ]
NOTIC: [2] Missing argument 1 for Think\Controller::assign(), called in G:\XA\htdocs\cargo\home\Home\Controller\MainController.class.php on line 13 and defined G:\XA\htdocs\cargo\ThinkPHP\Library\Think\Controller.class.php 第 121 行.
NOTIC: [8] Undefined variable: name G:\XA\htdocs\cargo\ThinkPHP\Library\Think\Controller.class.php 第 122 行.
INFO: [ view_parse ] --START--
INFO: [ template_filter ] --START--
INFO: Run Behavior\ContentReplaceBehavior [ RunTime:0.000000s ]
INFO: [ template_filter ] --END-- [ RunTime:0.000000s ]
NOTIC: [8] Undefined variable: description G:\XA\htdocs\cargo\home\Runtime\Cache\Home\8d06f1fa3da2f92e4ac2a05807edf182.php 第 41 行.
NOTIC: [8] Undefined variable: car G:\XA\htdocs\cargo\home\Runtime\Cache\Home\8d06f1fa3da2f92e4ac2a05807edf182.php 第 42 行.
NOTIC: [8] Undefined variable: stock G:\XA\htdocs\cargo\home\Runtime\Cache\Home\8d06f1fa3da2f92e4ac2a05807edf182.php 第 43 行.
NOTIC: [8] Undefined variable: car G:\XA\htdocs\cargo\home\Runtime\Cache\Home\8d06f1fa3da2f92e4ac2a05807edf182.php 第 45 行.
INFO: Run Behavior\ParseTemplateBehavior [ RunTime:0.024001s ]
INFO: [ view_parse ] --END-- [ RunTime:0.024001s ]
INFO: [ view_filter ] --START--
INFO: Run Behavior\WriteHtmlCacheBehavior [ RunTime:0.001000s ]
INFO: [ view_filter ] --END-- [ RunTime:0.001000s ]
INFO: [ app_end ] --START--
INFO: Run Behavior\ShowPageTraceBehavior [ RunTime:0.001000s ]
INFO: [ app_end ] --END-- [ RunTime:0.001000s ]

[ 2015-05-18T23:57:16+08:00 ] 127.0.0.1 /cargo/index.php/Home/Main/SingleCar.html
INFO: [ app_init ] --START--
INFO: Run Behavior\BuildLiteBehavior [ RunTime:0.000000s ]
INFO: [ app_init ] --END-- [ RunTime:0.003001s ]
INFO: [ app_begin ] --START--
INFO: Run Behavior\ReadHtmlCacheBehavior [ RunTime:0.005000s ]
INFO: [ app_begin ] --END-- [ RunTime:0.005000s ]
NOTIC: [2] Missing argument 1 for Think\Controller::assign(), called in G:\XA\htdocs\cargo\home\Home\Controller\MainController.class.php on line 13 and defined G:\XA\htdocs\cargo\ThinkPHP\Library\Think\Controller.class.php 第 121 行.
NOTIC: [8] Undefined variable: name G:\XA\htdocs\cargo\ThinkPHP\Library\Think\Controller.class.php 第 122 行.
INFO: [ view_parse ] --START--
INFO: [ template_filter ] --START--
INFO: Run Behavior\ContentReplaceBehavior [ RunTime:0.000000s ]
INFO: [ template_filter ] --END-- [ RunTime:0.000000s ]
NOTIC: [8] Undefined variable: description G:\XA\htdocs\cargo\home\Runtime\Cache\Home\8d06f1fa3da2f92e4ac2a05807edf182.php 第 41 行.
NOTIC: [8] Undefined variable: car G:\XA\htdocs\cargo\home\Runtime\Cache\Home\8d06f1fa3da2f92e4ac2a05807edf182.php 第 42 行.
NOTIC: [8] Undefined variable: stock G:\XA\htdocs\cargo\home\Runtime\Cache\Home\8d06f1fa3da2f92e4ac2a05807edf182.php 第 43 行.
NOTIC: [8] Undefined variable: car G:\XA\htdocs\cargo\home\Runtime\Cache\Home\8d06f1fa3da2f92e4ac2a05807edf182.php 第 45 行.
INFO: Run Behavior\ParseTemplateBehavior [ RunTime:0.048003s ]
INFO: [ view_parse ] --END-- [ RunTime:0.048003s ]
INFO: [ view_filter ] --START--
INFO: Run Behavior\WriteHtmlCacheBehavior [ RunTime:0.001000s ]
INFO: [ view_filter ] --END-- [ RunTime:0.001000s ]
INFO: [ app_end ] --START--
INFO: Run Behavior\ShowPageTraceBehavior [ RunTime:0.001000s ]
INFO: [ app_end ] --END-- [ RunTime:0.001000s ]

[ 2015-05-18T23:58:27+08:00 ] 127.0.0.1 /cargo/index.php/Home/Main/SingleCar.html
INFO: [ app_init ] --START--
INFO: Run Behavior\BuildLiteBehavior [ RunTime:0.000000s ]
INFO: [ app_init ] --END-- [ RunTime:0.002001s ]
INFO: [ app_begin ] --START--
INFO: Run Behavior\ReadHtmlCacheBehavior [ RunTime:0.004000s ]
INFO: [ app_begin ] --END-- [ RunTime:0.005000s ]
NOTIC: [2] Missing argument 1 for Think\Controller::assign(), called in G:\XA\htdocs\cargo\home\Home\Controller\MainController.class.php on line 13 and defined G:\XA\htdocs\cargo\ThinkPHP\Library\Think\Controller.class.php 第 121 行.
NOTIC: [8] Undefined variable: name G:\XA\htdocs\cargo\ThinkPHP\Library\Think\Controller.class.php 第 122 行.
INFO: [ view_parse ] --START--
INFO: [ template_filter ] --START--
INFO: Run Behavior\ContentReplaceBehavior [ RunTime:0.001000s ]
INFO: [ template_filter ] --END-- [ RunTime:0.001000s ]
NOTIC: [8] Undefined variable: description G:\XA\htdocs\cargo\home\Runtime\Cache\Home\8d06f1fa3da2f92e4ac2a05807edf182.php 第 41 行.
NOTIC: [8] Undefined variable: car G:\XA\htdocs\cargo\home\Runtime\Cache\Home\8d06f1fa3da2f92e4ac2a05807edf182.php 第 42 行.
NOTIC: [8] Undefined variable: stock G:\XA\htdocs\cargo\home\Runtime\Cache\Home\8d06f1fa3da2f92e4ac2a05807edf182.php 第 43 行.
NOTIC: [8] Undefined variable: car G:\XA\htdocs\cargo\home\Runtime\Cache\Home\8d06f1fa3da2f92e4ac2a05807edf182.php 第 45 行.
INFO: Run Behavior\ParseTemplateBehavior [ RunTime:0.036003s ]
INFO: [ view_parse ] --END-- [ RunTime:0.036003s ]
INFO: [ view_filter ] --START--
INFO: Run Behavior\WriteHtmlCacheBehavior [ RunTime:0.002000s ]
INFO: [ view_filter ] --END-- [ RunTime:0.002000s ]
INFO: [ app_end ] --START--
INFO: Run Behavior\ShowPageTraceBehavior [ RunTime:0.002000s ]
INFO: [ app_end ] --END-- [ RunTime:0.002000s ]

[ 2015-05-18T23:59:14+08:00 ] 127.0.0.1 /cargo/index.php/Home/Main/SingleCar.html
INFO: [ app_init ] --START--
INFO: Run Behavior\BuildLiteBehavior [ RunTime:0.000000s ]
INFO: [ app_init ] --END-- [ RunTime:0.003000s ]
INFO: [ app_begin ] --START--
INFO: Run Behavior\ReadHtmlCacheBehavior [ RunTime:0.003000s ]
INFO: [ app_begin ] --END-- [ RunTime:0.004000s ]
NOTIC: [2] Missing argument 1 for Think\Controller::assign(), called in G:\XA\htdocs\cargo\home\Home\Controller\MainController.class.php on line 13 and defined G:\XA\htdocs\cargo\ThinkPHP\Library\Think\Controller.class.php 第 121 行.
NOTIC: [8] Undefined variable: name G:\XA\htdocs\cargo\ThinkPHP\Library\Think\Controller.class.php 第 122 行.
INFO: [ view_parse ] --START--
INFO: [ template_filter ] --START--
INFO: Run Behavior\ContentReplaceBehavior [ RunTime:0.001000s ]
INFO: [ template_filter ] --END-- [ RunTime:0.001000s ]
NOTIC: [8] Undefined variable: description G:\XA\htdocs\cargo\home\Runtime\Cache\Home\8d06f1fa3da2f92e4ac2a05807edf182.php 第 41 行.
NOTIC: [8] Undefined variable: car G:\XA\htdocs\cargo\home\Runtime\Cache\Home\8d06f1fa3da2f92e4ac2a05807edf182.php 第 42 行.
NOTIC: [8] Undefined variable: stock G:\XA\htdocs\cargo\home\Runtime\Cache\Home\8d06f1fa3da2f92e4ac2a05807edf182.php 第 43 行.
NOTIC: [8] Undefined variable: car G:\XA\htdocs\cargo\home\Runtime\Cache\Home\8d06f1fa3da2f92e4ac2a05807edf182.php 第 45 行.
INFO: Run Behavior\ParseTemplateBehavior [ RunTime:0.051003s ]
INFO: [ view_parse ] --END-- [ RunTime:0.051003s ]
INFO: [ view_filter ] --START--
INFO: Run Behavior\WriteHtmlCacheBehavior [ RunTime:0.003000s ]
INFO: [ view_filter ] --END-- [ RunTime:0.004001s ]
INFO: [ app_end ] --START--
INFO: Run Behavior\ShowPageTraceBehavior [ RunTime:0.004000s ]
INFO: [ app_end ] --END-- [ RunTime:0.004000s ]

