[ 2015-05-31T20:53:40+08:00 ] 127.0.0.1 /cargo/index.php/Home/Main/index
INFO: [ app_init ] --START--
INFO: Run Behavior\BuildLiteBehavior [ RunTime:0.000000s ]
INFO: [ app_init ] --END-- [ RunTime:0.059004s ]
INFO: [ app_begin ] --START--
INFO: Run Behavior\ReadHtmlCacheBehavior [ RunTime:0.004000s ]
INFO: [ app_begin ] --END-- [ RunTime:0.004000s ]
NOTIC: [8] Undefined index: p G:\XA\htdocs\cargo\home\Home\Controller\MainController.class.php 第 42 行.
INFO: [ view_parse ] --START--
INFO: [ template_filter ] --START--
INFO: Run Behavior\ContentReplaceBehavior [ RunTime:0.000000s ]
INFO: [ template_filter ] --END-- [ RunTime:0.000000s ]
NOTIC: [2] Illegal string offset 'id' G:\XA\htdocs\cargo\home\Runtime\Cache\Home\0767f9cfd0fdcabc3d18efd25594e1f2.php 第 99 行.
NOTIC: [2] Illegal string offset 'picture' G:\XA\htdocs\cargo\home\Runtime\Cache\Home\0767f9cfd0fdcabc3d18efd25594e1f2.php 第 100 行.
NOTIC: [2] Illegal string offset 'description' G:\XA\htdocs\cargo\home\Runtime\Cache\Home\0767f9cfd0fdcabc3d18efd25594e1f2.php 第 105 行.
NOTIC: [2] Illegal string offset 'city' G:\XA\htdocs\cargo\home\Runtime\Cache\Home\0767f9cfd0fdcabc3d18efd25594e1f2.php 第 106 行.
NOTIC: [2] Illegal string offset 'stock' G:\XA\htdocs\cargo\home\Runtime\Cache\Home\0767f9cfd0fdcabc3d18efd25594e1f2.php 第 107 行.
NOTIC: [2] Illegal string offset 'price' G:\XA\htdocs\cargo\home\Runtime\Cache\Home\0767f9cfd0fdcabc3d18efd25594e1f2.php 第 109 行.
NOTIC: [2] Illegal string offset 'id' G:\XA\htdocs\cargo\home\Runtime\Cache\Home\0767f9cfd0fdcabc3d18efd25594e1f2.php 第 99 行.
NOTIC: [2] Illegal string offset 'picture' G:\XA\htdocs\cargo\home\Runtime\Cache\Home\0767f9cfd0fdcabc3d18efd25594e1f2.php 第 100 行.
NOTIC: [2] Illegal string offset 'description' G:\XA\htdocs\cargo\home\Runtime\Cache\Home\0767f9cfd0fdcabc3d18efd25594e1f2.php 第 105 行.
NOTIC: [2] Illegal string offset 'city' G:\XA\htdocs\cargo\home\Runtime\Cache\Home\0767f9cfd0fdcabc3d18efd25594e1f2.php 第 106 行.
NOTIC: [2] Illegal string offset 'stock' G:\XA\htdocs\cargo\home\Runtime\Cache\Home\0767f9cfd0fdcabc3d18efd25594e1f2.php 第 107 行.
NOTIC: [2] Illegal string offset 'price' G:\XA\htdocs\cargo\home\Runtime\Cache\Home\0767f9cfd0fdcabc3d18efd25594e1f2.php 第 109 行.
NOTIC: [2] Illegal string offset 'id' G:\XA\htdocs\cargo\home\Runtime\Cache\Home\0767f9cfd0fdcabc3d18efd25594e1f2.php 第 99 行.
NOTIC: [2] Illegal string offset 'picture' G:\XA\htdocs\cargo\home\Runtime\Cache\Home\0767f9cfd0fdcabc3d18efd25594e1f2.php 第 100 行.
NOTIC: [2] Illegal string offset 'description' G:\XA\htdocs\cargo\home\Runtime\Cache\Home\0767f9cfd0fdcabc3d18efd25594e1f2.php 第 105 行.
NOTIC: [2] Illegal string offset 'city' G:\XA\htdocs\cargo\home\Runtime\Cache\Home\0767f9cfd0fdcabc3d18efd25594e1f2.php 第 106 行.
NOTIC: [2] Illegal string offset 'stock' G:\XA\htdocs\cargo\home\Runtime\Cache\Home\0767f9cfd0fdcabc3d18efd25594e1f2.php 第 107 行.
NOTIC: [2] Illegal string offset 'price' G:\XA\htdocs\cargo\home\Runtime\Cache\Home\0767f9cfd0fdcabc3d18efd25594e1f2.php 第 109 行.
NOTIC: [2] Illegal string offset 'id' G:\XA\htdocs\cargo\home\Runtime\Cache\Home\0767f9cfd0fdcabc3d18efd25594e1f2.php 第 99 行.
NOTIC: [2] Illegal string offset 'picture' G:\XA\htdocs\cargo\home\Runtime\Cache\Home\0767f9cfd0fdcabc3d18efd25594e1f2.php 第 100 行.
NOTIC: [2] Illegal string offset 'description' G:\XA\htdocs\cargo\home\Runtime\Cache\Home\0767f9cfd0fdcabc3d18efd25594e1f2.php 第 105 行.
NOTIC: [2] Illegal string offset 'city' G:\XA\htdocs\cargo\home\Runtime\Cache\Home\0767f9cfd0fdcabc3d18efd25594e1f2.php 第 106 行.
NOTIC: [2] Illegal string offset 'stock' G:\XA\htdocs\cargo\home\Runtime\Cache\Home\0767f9cfd0fdcabc3d18efd25594e1f2.php 第 107 行.
NOTIC: [2] Illegal string offset 'price' G:\XA\htdocs\cargo\home\Runtime\Cache\Home\0767f9cfd0fdcabc3d18efd25594e1f2.php 第 109 行.
NOTIC: [2] Illegal string offset 'id' G:\XA\htdocs\cargo\home\Runtime\Cache\Home\0767f9cfd0fdcabc3d18efd25594e1f2.php 第 99 行.
NOTIC: [2] Illegal string offset 'picture' G:\XA\htdocs\cargo\home\Runtime\Cache\Home\0767f9cfd0fdcabc3d18efd25594e1f2.php 第 100 行.
NOTIC: [2] Illegal string offset 'description' G:\XA\htdocs\cargo\home\Runtime\Cache\Home\0767f9cfd0fdcabc3d18efd25594e1f2.php 第 105 行.
NOTIC: [2] Illegal string offset 'city' G:\XA\htdocs\cargo\home\Runtime\Cache\Home\0767f9cfd0fdcabc3d18efd25594e1f2.php 第 106 行.
NOTIC: [2] Illegal string offset 'stock' G:\XA\htdocs\cargo\home\Runtime\Cache\Home\0767f9cfd0fdcabc3d18efd25594e1f2.php 第 107 行.
NOTIC: [2] Illegal string offset 'price' G:\XA\htdocs\cargo\home\Runtime\Cache\Home\0767f9cfd0fdcabc3d18efd25594e1f2.php 第 109 行.
INFO: Run Behavior\ParseTemplateBehavior [ RunTime:0.205011s ]
INFO: [ view_parse ] --END-- [ RunTime:0.206011s ]
INFO: [ view_filter ] --START--
INFO: Run Behavior\WriteHtmlCacheBehavior [ RunTime:0.008001s ]
INFO: [ view_filter ] --END-- [ RunTime:0.008001s ]
INFO: [ app_end ] --START--
INFO: Run Behavior\ShowPageTraceBehavior [ RunTime:0.015001s ]
INFO: [ app_end ] --END-- [ RunTime:0.015001s ]

[ 2015-05-31T20:59:49+08:00 ] 127.0.0.1 /cargo/index.php/Home/Main/index
INFO: [ app_init ] --START--
INFO: Run Behavior\BuildLiteBehavior [ RunTime:0.000000s ]
INFO: [ app_init ] --END-- [ RunTime:0.004001s ]
INFO: [ app_begin ] --START--
INFO: Run Behavior\ReadHtmlCacheBehavior [ RunTime:0.006001s ]
INFO: [ app_begin ] --END-- [ RunTime:0.006001s ]
NOTIC: [8] Undefined index: p G:\XA\htdocs\cargo\home\Home\Controller\MainController.class.php 第 42 行.
INFO: [ view_parse ] --START--
INFO: [ template_filter ] --START--
INFO: Run Behavior\ContentReplaceBehavior [ RunTime:0.001000s ]
INFO: [ template_filter ] --END-- [ RunTime:0.001000s ]
NOTIC: [2] Illegal string offset 'id' G:\XA\htdocs\cargo\home\Runtime\Cache\Home\0767f9cfd0fdcabc3d18efd25594e1f2.php 第 99 行.
NOTIC: [2] Illegal string offset 'picture' G:\XA\htdocs\cargo\home\Runtime\Cache\Home\0767f9cfd0fdcabc3d18efd25594e1f2.php 第 100 行.
NOTIC: [2] Illegal string offset 'description' G:\XA\htdocs\cargo\home\Runtime\Cache\Home\0767f9cfd0fdcabc3d18efd25594e1f2.php 第 105 行.
NOTIC: [2] Illegal string offset 'city' G:\XA\htdocs\cargo\home\Runtime\Cache\Home\0767f9cfd0fdcabc3d18efd25594e1f2.php 第 106 行.
NOTIC: [2] Illegal string offset 'stock' G:\XA\htdocs\cargo\home\Runtime\Cache\Home\0767f9cfd0fdcabc3d18efd25594e1f2.php 第 107 行.
NOTIC: [2] Illegal string offset 'price' G:\XA\htdocs\cargo\home\Runtime\Cache\Home\0767f9cfd0fdcabc3d18efd25594e1f2.php 第 109 行.
NOTIC: [2] Illegal string offset 'id' G:\XA\htdocs\cargo\home\Runtime\Cache\Home\0767f9cfd0fdcabc3d18efd25594e1f2.php 第 99 行.
NOTIC: [2] Illegal string offset 'picture' G:\XA\htdocs\cargo\home\Runtime\Cache\Home\0767f9cfd0fdcabc3d18efd25594e1f2.php 第 100 行.
NOTIC: [2] Illegal string offset 'description' G:\XA\htdocs\cargo\home\Runtime\Cache\Home\0767f9cfd0fdcabc3d18efd25594e1f2.php 第 105 行.
NOTIC: [2] Illegal string offset 'city' G:\XA\htdocs\cargo\home\Runtime\Cache\Home\0767f9cfd0fdcabc3d18efd25594e1f2.php 第 106 行.
NOTIC: [2] Illegal string offset 'stock' G:\XA\htdocs\cargo\home\Runtime\Cache\Home\0767f9cfd0fdcabc3d18efd25594e1f2.php 第 107 行.
NOTIC: [2] Illegal string offset 'price' G:\XA\htdocs\cargo\home\Runtime\Cache\Home\0767f9cfd0fdcabc3d18efd25594e1f2.php 第 109 行.
NOTIC: [2] Illegal string offset 'id' G:\XA\htdocs\cargo\home\Runtime\Cache\Home\0767f9cfd0fdcabc3d18efd25594e1f2.php 第 99 行.
NOTIC: [2] Illegal string offset 'picture' G:\XA\htdocs\cargo\home\Runtime\Cache\Home\0767f9cfd0fdcabc3d18efd25594e1f2.php 第 100 行.
NOTIC: [2] Illegal string offset 'description' G:\XA\htdocs\cargo\home\Runtime\Cache\Home\0767f9cfd0fdcabc3d18efd25594e1f2.php 第 105 行.
NOTIC: [2] Illegal string offset 'city' G:\XA\htdocs\cargo\home\Runtime\Cache\Home\0767f9cfd0fdcabc3d18efd25594e1f2.php 第 106 行.
NOTIC: [2] Illegal string offset 'stock' G:\XA\htdocs\cargo\home\Runtime\Cache\Home\0767f9cfd0fdcabc3d18efd25594e1f2.php 第 107 行.
NOTIC: [2] Illegal string offset 'price' G:\XA\htdocs\cargo\home\Runtime\Cache\Home\0767f9cfd0fdcabc3d18efd25594e1f2.php 第 109 行.
NOTIC: [2] Illegal string offset 'id' G:\XA\htdocs\cargo\home\Runtime\Cache\Home\0767f9cfd0fdcabc3d18efd25594e1f2.php 第 99 行.
NOTIC: [2] Illegal string offset 'picture' G:\XA\htdocs\cargo\home\Runtime\Cache\Home\0767f9cfd0fdcabc3d18efd25594e1f2.php 第 100 行.
NOTIC: [2] Illegal string offset 'description' G:\XA\htdocs\cargo\home\Runtime\Cache\Home\0767f9cfd0fdcabc3d18efd25594e1f2.php 第 105 行.
NOTIC: [2] Illegal string offset 'city' G:\XA\htdocs\cargo\home\Runtime\Cache\Home\0767f9cfd0fdcabc3d18efd25594e1f2.php 第 106 行.
NOTIC: [2] Illegal string offset 'stock' G:\XA\htdocs\cargo\home\Runtime\Cache\Home\0767f9cfd0fdcabc3d18efd25594e1f2.php 第 107 行.
NOTIC: [2] Illegal string offset 'price' G:\XA\htdocs\cargo\home\Runtime\Cache\Home\0767f9cfd0fdcabc3d18efd25594e1f2.php 第 109 行.
NOTIC: [2] Illegal string offset 'id' G:\XA\htdocs\cargo\home\Runtime\Cache\Home\0767f9cfd0fdcabc3d18efd25594e1f2.php 第 99 行.
NOTIC: [2] Illegal string offset 'picture' G:\XA\htdocs\cargo\home\Runtime\Cache\Home\0767f9cfd0fdcabc3d18efd25594e1f2.php 第 100 行.
NOTIC: [2] Illegal string offset 'description' G:\XA\htdocs\cargo\home\Runtime\Cache\Home\0767f9cfd0fdcabc3d18efd25594e1f2.php 第 105 行.
NOTIC: [2] Illegal string offset 'city' G:\XA\htdocs\cargo\home\Runtime\Cache\Home\0767f9cfd0fdcabc3d18efd25594e1f2.php 第 106 行.
NOTIC: [2] Illegal string offset 'stock' G:\XA\htdocs\cargo\home\Runtime\Cache\Home\0767f9cfd0fdcabc3d18efd25594e1f2.php 第 107 行.
NOTIC: [2] Illegal string offset 'price' G:\XA\htdocs\cargo\home\Runtime\Cache\Home\0767f9cfd0fdcabc3d18efd25594e1f2.php 第 109 行.
INFO: Run Behavior\ParseTemplateBehavior [ RunTime:0.074005s ]
INFO: [ view_parse ] --END-- [ RunTime:0.074005s ]
INFO: [ view_filter ] --START--
INFO: Run Behavior\WriteHtmlCacheBehavior [ RunTime:0.001000s ]
INFO: [ view_filter ] --END-- [ RunTime:0.002000s ]
INFO: [ app_end ] --START--
INFO: Run Behavior\ShowPageTraceBehavior [ RunTime:0.003000s ]
INFO: [ app_end ] --END-- [ RunTime:0.003000s ]

[ 2015-05-31T21:00:04+08:00 ] 127.0.0.1 /cargo/index.php/Home/Main/index.html
INFO: [ app_init ] --START--
INFO: Run Behavior\BuildLiteBehavior [ RunTime:0.000000s ]
INFO: [ app_init ] --END-- [ RunTime:0.003001s ]
INFO: [ app_begin ] --START--
INFO: Run Behavior\ReadHtmlCacheBehavior [ RunTime:0.006000s ]
INFO: [ app_begin ] --END-- [ RunTime:0.007000s ]
NOTIC: [8] Undefined index: p G:\XA\htdocs\cargo\home\Home\Controller\MainController.class.php 第 42 行.
INFO: [ view_parse ] --START--
INFO: [ template_filter ] --START--
INFO: Run Behavior\ContentReplaceBehavior [ RunTime:0.000000s ]
INFO: [ template_filter ] --END-- [ RunTime:0.000000s ]
NOTIC: [2] Illegal string offset 'id' G:\XA\htdocs\cargo\home\Runtime\Cache\Home\0767f9cfd0fdcabc3d18efd25594e1f2.php 第 99 行.
NOTIC: [2] Illegal string offset 'picture' G:\XA\htdocs\cargo\home\Runtime\Cache\Home\0767f9cfd0fdcabc3d18efd25594e1f2.php 第 100 行.
NOTIC: [2] Illegal string offset 'description' G:\XA\htdocs\cargo\home\Runtime\Cache\Home\0767f9cfd0fdcabc3d18efd25594e1f2.php 第 105 行.
NOTIC: [2] Illegal string offset 'city' G:\XA\htdocs\cargo\home\Runtime\Cache\Home\0767f9cfd0fdcabc3d18efd25594e1f2.php 第 106 行.
NOTIC: [2] Illegal string offset 'stock' G:\XA\htdocs\cargo\home\Runtime\Cache\Home\0767f9cfd0fdcabc3d18efd25594e1f2.php 第 107 行.
NOTIC: [2] Illegal string offset 'price' G:\XA\htdocs\cargo\home\Runtime\Cache\Home\0767f9cfd0fdcabc3d18efd25594e1f2.php 第 109 行.
NOTIC: [2] Illegal string offset 'id' G:\XA\htdocs\cargo\home\Runtime\Cache\Home\0767f9cfd0fdcabc3d18efd25594e1f2.php 第 99 行.
NOTIC: [2] Illegal string offset 'picture' G:\XA\htdocs\cargo\home\Runtime\Cache\Home\0767f9cfd0fdcabc3d18efd25594e1f2.php 第 100 行.
NOTIC: [2] Illegal string offset 'description' G:\XA\htdocs\cargo\home\Runtime\Cache\Home\0767f9cfd0fdcabc3d18efd25594e1f2.php 第 105 行.
NOTIC: [2] Illegal string offset 'city' G:\XA\htdocs\cargo\home\Runtime\Cache\Home\0767f9cfd0fdcabc3d18efd25594e1f2.php 第 106 行.
NOTIC: [2] Illegal string offset 'stock' G:\XA\htdocs\cargo\home\Runtime\Cache\Home\0767f9cfd0fdcabc3d18efd25594e1f2.php 第 107 行.
NOTIC: [2] Illegal string offset 'price' G:\XA\htdocs\cargo\home\Runtime\Cache\Home\0767f9cfd0fdcabc3d18efd25594e1f2.php 第 109 行.
NOTIC: [2] Illegal string offset 'id' G:\XA\htdocs\cargo\home\Runtime\Cache\Home\0767f9cfd0fdcabc3d18efd25594e1f2.php 第 99 行.
NOTIC: [2] Illegal string offset 'picture' G:\XA\htdocs\cargo\home\Runtime\Cache\Home\0767f9cfd0fdcabc3d18efd25594e1f2.php 第 100 行.
NOTIC: [2] Illegal string offset 'description' G:\XA\htdocs\cargo\home\Runtime\Cache\Home\0767f9cfd0fdcabc3d18efd25594e1f2.php 第 105 行.
NOTIC: [2] Illegal string offset 'city' G:\XA\htdocs\cargo\home\Runtime\Cache\Home\0767f9cfd0fdcabc3d18efd25594e1f2.php 第 106 行.
NOTIC: [2] Illegal string offset 'stock' G:\XA\htdocs\cargo\home\Runtime\Cache\Home\0767f9cfd0fdcabc3d18efd25594e1f2.php 第 107 行.
NOTIC: [2] Illegal string offset 'price' G:\XA\htdocs\cargo\home\Runtime\Cache\Home\0767f9cfd0fdcabc3d18efd25594e1f2.php 第 109 行.
NOTIC: [2] Illegal string offset 'id' G:\XA\htdocs\cargo\home\Runtime\Cache\Home\0767f9cfd0fdcabc3d18efd25594e1f2.php 第 99 行.
NOTIC: [2] Illegal string offset 'picture' G:\XA\htdocs\cargo\home\Runtime\Cache\Home\0767f9cfd0fdcabc3d18efd25594e1f2.php 第 100 行.
NOTIC: [2] Illegal string offset 'description' G:\XA\htdocs\cargo\home\Runtime\Cache\Home\0767f9cfd0fdcabc3d18efd25594e1f2.php 第 105 行.
NOTIC: [2] Illegal string offset 'city' G:\XA\htdocs\cargo\home\Runtime\Cache\Home\0767f9cfd0fdcabc3d18efd25594e1f2.php 第 106 行.
NOTIC: [2] Illegal string offset 'stock' G:\XA\htdocs\cargo\home\Runtime\Cache\Home\0767f9cfd0fdcabc3d18efd25594e1f2.php 第 107 行.
NOTIC: [2] Illegal string offset 'price' G:\XA\htdocs\cargo\home\Runtime\Cache\Home\0767f9cfd0fdcabc3d18efd25594e1f2.php 第 109 行.
NOTIC: [2] Illegal string offset 'id' G:\XA\htdocs\cargo\home\Runtime\Cache\Home\0767f9cfd0fdcabc3d18efd25594e1f2.php 第 99 行.
NOTIC: [2] Illegal string offset 'picture' G:\XA\htdocs\cargo\home\Runtime\Cache\Home\0767f9cfd0fdcabc3d18efd25594e1f2.php 第 100 行.
NOTIC: [2] Illegal string offset 'description' G:\XA\htdocs\cargo\home\Runtime\Cache\Home\0767f9cfd0fdcabc3d18efd25594e1f2.php 第 105 行.
NOTIC: [2] Illegal string offset 'city' G:\XA\htdocs\cargo\home\Runtime\Cache\Home\0767f9cfd0fdcabc3d18efd25594e1f2.php 第 106 行.
NOTIC: [2] Illegal string offset 'stock' G:\XA\htdocs\cargo\home\Runtime\Cache\Home\0767f9cfd0fdcabc3d18efd25594e1f2.php 第 107 行.
NOTIC: [2] Illegal string offset 'price' G:\XA\htdocs\cargo\home\Runtime\Cache\Home\0767f9cfd0fdcabc3d18efd25594e1f2.php 第 109 行.
INFO: Run Behavior\ParseTemplateBehavior [ RunTime:0.030001s ]
INFO: [ view_parse ] --END-- [ RunTime:0.030001s ]
INFO: [ view_filter ] --START--
INFO: Run Behavior\WriteHtmlCacheBehavior [ RunTime:0.001000s ]
INFO: [ view_filter ] --END-- [ RunTime:0.001000s ]
INFO: [ app_end ] --START--
INFO: Run Behavior\ShowPageTraceBehavior [ RunTime:0.001001s ]
INFO: [ app_end ] --END-- [ RunTime:0.001001s ]

[ 2015-05-31T21:02:24+08:00 ] 127.0.0.1 /cargo/index.php/Home/Main/index.html
INFO: [ app_init ] --START--
INFO: Run Behavior\BuildLiteBehavior [ RunTime:0.000000s ]
INFO: [ app_init ] --END-- [ RunTime:0.003000s ]
INFO: [ app_begin ] --START--
INFO: Run Behavior\ReadHtmlCacheBehavior [ RunTime:0.004000s ]
INFO: [ app_begin ] --END-- [ RunTime:0.004000s ]
NOTIC: [8] Undefined index: p G:\XA\htdocs\cargo\home\Home\Controller\MainController.class.php 第 42 行.
INFO: [ view_parse ] --START--
INFO: [ template_filter ] --START--
INFO: Run Behavior\ContentReplaceBehavior [ RunTime:0.000000s ]
INFO: [ template_filter ] --END-- [ RunTime:0.000000s ]
NOTIC: [2] Illegal string offset 'id' G:\XA\htdocs\cargo\home\Runtime\Cache\Home\0767f9cfd0fdcabc3d18efd25594e1f2.php 第 99 行.
NOTIC: [2] Illegal string offset 'picture' G:\XA\htdocs\cargo\home\Runtime\Cache\Home\0767f9cfd0fdcabc3d18efd25594e1f2.php 第 100 行.
NOTIC: [2] Illegal string offset 'description' G:\XA\htdocs\cargo\home\Runtime\Cache\Home\0767f9cfd0fdcabc3d18efd25594e1f2.php 第 105 行.
NOTIC: [2] Illegal string offset 'city' G:\XA\htdocs\cargo\home\Runtime\Cache\Home\0767f9cfd0fdcabc3d18efd25594e1f2.php 第 106 行.
NOTIC: [2] Illegal string offset 'stock' G:\XA\htdocs\cargo\home\Runtime\Cache\Home\0767f9cfd0fdcabc3d18efd25594e1f2.php 第 107 行.
NOTIC: [2] Illegal string offset 'price' G:\XA\htdocs\cargo\home\Runtime\Cache\Home\0767f9cfd0fdcabc3d18efd25594e1f2.php 第 109 行.
NOTIC: [2] Illegal string offset 'id' G:\XA\htdocs\cargo\home\Runtime\Cache\Home\0767f9cfd0fdcabc3d18efd25594e1f2.php 第 99 行.
NOTIC: [2] Illegal string offset 'picture' G:\XA\htdocs\cargo\home\Runtime\Cache\Home\0767f9cfd0fdcabc3d18efd25594e1f2.php 第 100 行.
NOTIC: [2] Illegal string offset 'description' G:\XA\htdocs\cargo\home\Runtime\Cache\Home\0767f9cfd0fdcabc3d18efd25594e1f2.php 第 105 行.
NOTIC: [2] Illegal string offset 'city' G:\XA\htdocs\cargo\home\Runtime\Cache\Home\0767f9cfd0fdcabc3d18efd25594e1f2.php 第 106 行.
NOTIC: [2] Illegal string offset 'stock' G:\XA\htdocs\cargo\home\Runtime\Cache\Home\0767f9cfd0fdcabc3d18efd25594e1f2.php 第 107 行.
NOTIC: [2] Illegal string offset 'price' G:\XA\htdocs\cargo\home\Runtime\Cache\Home\0767f9cfd0fdcabc3d18efd25594e1f2.php 第 109 行.
NOTIC: [2] Illegal string offset 'id' G:\XA\htdocs\cargo\home\Runtime\Cache\Home\0767f9cfd0fdcabc3d18efd25594e1f2.php 第 99 行.
NOTIC: [2] Illegal string offset 'picture' G:\XA\htdocs\cargo\home\Runtime\Cache\Home\0767f9cfd0fdcabc3d18efd25594e1f2.php 第 100 行.
NOTIC: [2] Illegal string offset 'description' G:\XA\htdocs\cargo\home\Runtime\Cache\Home\0767f9cfd0fdcabc3d18efd25594e1f2.php 第 105 行.
NOTIC: [2] Illegal string offset 'city' G:\XA\htdocs\cargo\home\Runtime\Cache\Home\0767f9cfd0fdcabc3d18efd25594e1f2.php 第 106 行.
NOTIC: [2] Illegal string offset 'stock' G:\XA\htdocs\cargo\home\Runtime\Cache\Home\0767f9cfd0fdcabc3d18efd25594e1f2.php 第 107 行.
NOTIC: [2] Illegal string offset 'price' G:\XA\htdocs\cargo\home\Runtime\Cache\Home\0767f9cfd0fdcabc3d18efd25594e1f2.php 第 109 行.
NOTIC: [2] Illegal string offset 'id' G:\XA\htdocs\cargo\home\Runtime\Cache\Home\0767f9cfd0fdcabc3d18efd25594e1f2.php 第 99 行.
NOTIC: [2] Illegal string offset 'picture' G:\XA\htdocs\cargo\home\Runtime\Cache\Home\0767f9cfd0fdcabc3d18efd25594e1f2.php 第 100 行.
NOTIC: [2] Illegal string offset 'description' G:\XA\htdocs\cargo\home\Runtime\Cache\Home\0767f9cfd0fdcabc3d18efd25594e1f2.php 第 105 行.
NOTIC: [2] Illegal string offset 'city' G:\XA\htdocs\cargo\home\Runtime\Cache\Home\0767f9cfd0fdcabc3d18efd25594e1f2.php 第 106 行.
NOTIC: [2] Illegal string offset 'stock' G:\XA\htdocs\cargo\home\Runtime\Cache\Home\0767f9cfd0fdcabc3d18efd25594e1f2.php 第 107 行.
NOTIC: [2] Illegal string offset 'price' G:\XA\htdocs\cargo\home\Runtime\Cache\Home\0767f9cfd0fdcabc3d18efd25594e1f2.php 第 109 行.
NOTIC: [2] Illegal string offset 'id' G:\XA\htdocs\cargo\home\Runtime\Cache\Home\0767f9cfd0fdcabc3d18efd25594e1f2.php 第 99 行.
NOTIC: [2] Illegal string offset 'picture' G:\XA\htdocs\cargo\home\Runtime\Cache\Home\0767f9cfd0fdcabc3d18efd25594e1f2.php 第 100 行.
NOTIC: [2] Illegal string offset 'description' G:\XA\htdocs\cargo\home\Runtime\Cache\Home\0767f9cfd0fdcabc3d18efd25594e1f2.php 第 105 行.
NOTIC: [2] Illegal string offset 'city' G:\XA\htdocs\cargo\home\Runtime\Cache\Home\0767f9cfd0fdcabc3d18efd25594e1f2.php 第 106 行.
NOTIC: [2] Illegal string offset 'stock' G:\XA\htdocs\cargo\home\Runtime\Cache\Home\0767f9cfd0fdcabc3d18efd25594e1f2.php 第 107 行.
NOTIC: [2] Illegal string offset 'price' G:\XA\htdocs\cargo\home\Runtime\Cache\Home\0767f9cfd0fdcabc3d18efd25594e1f2.php 第 109 行.
INFO: Run Behavior\ParseTemplateBehavior [ RunTime:0.051003s ]
INFO: [ view_parse ] --END-- [ RunTime:0.051003s ]
INFO: [ view_filter ] --START--
INFO: Run Behavior\WriteHtmlCacheBehavior [ RunTime:0.001000s ]
INFO: [ view_filter ] --END-- [ RunTime:0.001000s ]
INFO: [ app_end ] --START--
INFO: Run Behavior\ShowPageTraceBehavior [ RunTime:0.001000s ]
INFO: [ app_end ] --END-- [ RunTime:0.001000s ]

[ 2015-05-31T21:03:38+08:00 ] 127.0.0.1 /cargo/index.php/Home/Main/index.html
INFO: [ app_init ] --START--
INFO: Run Behavior\BuildLiteBehavior [ RunTime:0.000000s ]
INFO: [ app_init ] --END-- [ RunTime:0.002000s ]
INFO: [ app_begin ] --START--
INFO: Run Behavior\ReadHtmlCacheBehavior [ RunTime:0.003000s ]
INFO: [ app_begin ] --END-- [ RunTime:0.003000s ]
NOTIC: [8] Undefined index: p G:\XA\htdocs\cargo\home\Home\Controller\MainController.class.php 第 42 行.
INFO: [ view_parse ] --START--
INFO: [ template_filter ] --START--
INFO: Run Behavior\ContentReplaceBehavior [ RunTime:0.000000s ]
INFO: [ template_filter ] --END-- [ RunTime:0.001000s ]
NOTIC: [2] Illegal string offset 'id' G:\XA\htdocs\cargo\home\Runtime\Cache\Home\0767f9cfd0fdcabc3d18efd25594e1f2.php 第 99 行.
NOTIC: [2] Illegal string offset 'picture' G:\XA\htdocs\cargo\home\Runtime\Cache\Home\0767f9cfd0fdcabc3d18efd25594e1f2.php 第 100 行.
NOTIC: [2] Illegal string offset 'description' G:\XA\htdocs\cargo\home\Runtime\Cache\Home\0767f9cfd0fdcabc3d18efd25594e1f2.php 第 105 行.
NOTIC: [2] Illegal string offset 'city' G:\XA\htdocs\cargo\home\Runtime\Cache\Home\0767f9cfd0fdcabc3d18efd25594e1f2.php 第 106 行.
NOTIC: [2] Illegal string offset 'stock' G:\XA\htdocs\cargo\home\Runtime\Cache\Home\0767f9cfd0fdcabc3d18efd25594e1f2.php 第 107 行.
NOTIC: [2] Illegal string offset 'price' G:\XA\htdocs\cargo\home\Runtime\Cache\Home\0767f9cfd0fdcabc3d18efd25594e1f2.php 第 109 行.
NOTIC: [2] Illegal string offset 'id' G:\XA\htdocs\cargo\home\Runtime\Cache\Home\0767f9cfd0fdcabc3d18efd25594e1f2.php 第 99 行.
NOTIC: [2] Illegal string offset 'picture' G:\XA\htdocs\cargo\home\Runtime\Cache\Home\0767f9cfd0fdcabc3d18efd25594e1f2.php 第 100 行.
NOTIC: [2] Illegal string offset 'description' G:\XA\htdocs\cargo\home\Runtime\Cache\Home\0767f9cfd0fdcabc3d18efd25594e1f2.php 第 105 行.
NOTIC: [2] Illegal string offset 'city' G:\XA\htdocs\cargo\home\Runtime\Cache\Home\0767f9cfd0fdcabc3d18efd25594e1f2.php 第 106 行.
NOTIC: [2] Illegal string offset 'stock' G:\XA\htdocs\cargo\home\Runtime\Cache\Home\0767f9cfd0fdcabc3d18efd25594e1f2.php 第 107 行.
NOTIC: [2] Illegal string offset 'price' G:\XA\htdocs\cargo\home\Runtime\Cache\Home\0767f9cfd0fdcabc3d18efd25594e1f2.php 第 109 行.
NOTIC: [2] Illegal string offset 'id' G:\XA\htdocs\cargo\home\Runtime\Cache\Home\0767f9cfd0fdcabc3d18efd25594e1f2.php 第 99 行.
NOTIC: [2] Illegal string offset 'picture' G:\XA\htdocs\cargo\home\Runtime\Cache\Home\0767f9cfd0fdcabc3d18efd25594e1f2.php 第 100 行.
NOTIC: [2] Illegal string offset 'description' G:\XA\htdocs\cargo\home\Runtime\Cache\Home\0767f9cfd0fdcabc3d18efd25594e1f2.php 第 105 行.
NOTIC: [2] Illegal string offset 'city' G:\XA\htdocs\cargo\home\Runtime\Cache\Home\0767f9cfd0fdcabc3d18efd25594e1f2.php 第 106 行.
NOTIC: [2] Illegal string offset 'stock' G:\XA\htdocs\cargo\home\Runtime\Cache\Home\0767f9cfd0fdcabc3d18efd25594e1f2.php 第 107 行.
NOTIC: [2] Illegal string offset 'price' G:\XA\htdocs\cargo\home\Runtime\Cache\Home\0767f9cfd0fdcabc3d18efd25594e1f2.php 第 109 行.
NOTIC: [2] Illegal string offset 'id' G:\XA\htdocs\cargo\home\Runtime\Cache\Home\0767f9cfd0fdcabc3d18efd25594e1f2.php 第 99 行.
NOTIC: [2] Illegal string offset 'picture' G:\XA\htdocs\cargo\home\Runtime\Cache\Home\0767f9cfd0fdcabc3d18efd25594e1f2.php 第 100 行.
NOTIC: [2] Illegal string offset 'description' G:\XA\htdocs\cargo\home\Runtime\Cache\Home\0767f9cfd0fdcabc3d18efd25594e1f2.php 第 105 行.
NOTIC: [2] Illegal string offset 'city' G:\XA\htdocs\cargo\home\Runtime\Cache\Home\0767f9cfd0fdcabc3d18efd25594e1f2.php 第 106 行.
NOTIC: [2] Illegal string offset 'stock' G:\XA\htdocs\cargo\home\Runtime\Cache\Home\0767f9cfd0fdcabc3d18efd25594e1f2.php 第 107 行.
NOTIC: [2] Illegal string offset 'price' G:\XA\htdocs\cargo\home\Runtime\Cache\Home\0767f9cfd0fdcabc3d18efd25594e1f2.php 第 109 行.
NOTIC: [2] Illegal string offset 'id' G:\XA\htdocs\cargo\home\Runtime\Cache\Home\0767f9cfd0fdcabc3d18efd25594e1f2.php 第 99 行.
NOTIC: [2] Illegal string offset 'picture' G:\XA\htdocs\cargo\home\Runtime\Cache\Home\0767f9cfd0fdcabc3d18efd25594e1f2.php 第 100 行.
NOTIC: [2] Illegal string offset 'description' G:\XA\htdocs\cargo\home\Runtime\Cache\Home\0767f9cfd0fdcabc3d18efd25594e1f2.php 第 105 行.
NOTIC: [2] Illegal string offset 'city' G:\XA\htdocs\cargo\home\Runtime\Cache\Home\0767f9cfd0fdcabc3d18efd25594e1f2.php 第 106 行.
NOTIC: [2] Illegal string offset 'stock' G:\XA\htdocs\cargo\home\Runtime\Cache\Home\0767f9cfd0fdcabc3d18efd25594e1f2.php 第 107 行.
NOTIC: [2] Illegal string offset 'price' G:\XA\htdocs\cargo\home\Runtime\Cache\Home\0767f9cfd0fdcabc3d18efd25594e1f2.php 第 109 行.
INFO: Run Behavior\ParseTemplateBehavior [ RunTime:0.063003s ]
INFO: [ view_parse ] --END-- [ RunTime:0.063003s ]
INFO: [ view_filter ] --START--
INFO: Run Behavior\WriteHtmlCacheBehavior [ RunTime:0.002000s ]
INFO: [ view_filter ] --END-- [ RunTime:0.002000s ]
INFO: [ app_end ] --START--
INFO: Run Behavior\ShowPageTraceBehavior [ RunTime:0.003000s ]
INFO: [ app_end ] --END-- [ RunTime:0.003000s ]

[ 2015-05-31T21:05:34+08:00 ] 127.0.0.1 /cargo/index.php/Home/Main/login.html
INFO: [ app_init ] --START--
INFO: Run Behavior\BuildLiteBehavior [ RunTime:0.000000s ]
INFO: [ app_init ] --END-- [ RunTime:0.003000s ]
INFO: [ app_begin ] --START--
INFO: Run Behavior\ReadHtmlCacheBehavior [ RunTime:0.003001s ]
INFO: [ app_begin ] --END-- [ RunTime:0.004001s ]
INFO: [ view_parse ] --START--
INFO: [ template_filter ] --START--
INFO: Run Behavior\ContentReplaceBehavior [ RunTime:0.000000s ]
INFO: [ template_filter ] --END-- [ RunTime:0.000000s ]
INFO: Run Behavior\ParseTemplateBehavior [ RunTime:0.049003s ]
INFO: [ view_parse ] --END-- [ RunTime:0.049003s ]
INFO: [ view_filter ] --START--
INFO: Run Behavior\WriteHtmlCacheBehavior [ RunTime:0.002000s ]
INFO: [ view_filter ] --END-- [ RunTime:0.002000s ]
INFO: [ app_end ] --START--
INFO: Run Behavior\ShowPageTraceBehavior [ RunTime:0.003001s ]
INFO: [ app_end ] --END-- [ RunTime:0.003001s ]

[ 2015-05-31T21:05:56+08:00 ] 127.0.0.1 /cargo/index.php/Home/Main/SingleCar.html
INFO: [ app_init ] --START--
INFO: Run Behavior\BuildLiteBehavior [ RunTime:0.000000s ]
INFO: [ app_init ] --END-- [ RunTime:0.002000s ]
INFO: [ app_begin ] --START--
INFO: Run Behavior\ReadHtmlCacheBehavior [ RunTime:0.005000s ]
INFO: [ app_begin ] --END-- [ RunTime:0.005000s ]
INFO: [ view_parse ] --START--
INFO: [ template_filter ] --START--
INFO: Run Behavior\ContentReplaceBehavior [ RunTime:0.000000s ]
INFO: [ template_filter ] --END-- [ RunTime:0.000000s ]
NOTIC: [8] Undefined variable: description G:\XA\htdocs\cargo\home\Runtime\Cache\Home\8d06f1fa3da2f92e4ac2a05807edf182.php 第 42 行.
NOTIC: [8] Undefined variable: car G:\XA\htdocs\cargo\home\Runtime\Cache\Home\8d06f1fa3da2f92e4ac2a05807edf182.php 第 43 行.
NOTIC: [8] Undefined variable: stock G:\XA\htdocs\cargo\home\Runtime\Cache\Home\8d06f1fa3da2f92e4ac2a05807edf182.php 第 44 行.
NOTIC: [8] Undefined variable: car G:\XA\htdocs\cargo\home\Runtime\Cache\Home\8d06f1fa3da2f92e4ac2a05807edf182.php 第 46 行.
NOTIC: [8] Undefined variable: request G:\XA\htdocs\cargo\home\Runtime\Cache\Home\8d06f1fa3da2f92e4ac2a05807edf182.php 第 54 行.
NOTIC: [8] Undefined variable: request G:\XA\htdocs\cargo\home\Runtime\Cache\Home\8d06f1fa3da2f92e4ac2a05807edf182.php 第 54 行.
NOTIC: [8] Undefined variable: request G:\XA\htdocs\cargo\home\Runtime\Cache\Home\8d06f1fa3da2f92e4ac2a05807edf182.php 第 54 行.
NOTIC: [8] Undefined variable: request G:\XA\htdocs\cargo\home\Runtime\Cache\Home\8d06f1fa3da2f92e4ac2a05807edf182.php 第 69 行.
NOTIC: [8] Undefined variable: request G:\XA\htdocs\cargo\home\Runtime\Cache\Home\8d06f1fa3da2f92e4ac2a05807edf182.php 第 70 行.
NOTIC: [8] Undefined variable: request G:\XA\htdocs\cargo\home\Runtime\Cache\Home\8d06f1fa3da2f92e4ac2a05807edf182.php 第 73 行.
NOTIC: [8] Undefined variable: request G:\XA\htdocs\cargo\home\Runtime\Cache\Home\8d06f1fa3da2f92e4ac2a05807edf182.php 第 74 行.
NOTIC: [8] Undefined variable: request G:\XA\htdocs\cargo\home\Runtime\Cache\Home\8d06f1fa3da2f92e4ac2a05807edf182.php 第 77 行.
NOTIC: [8] Undefined variable: request G:\XA\htdocs\cargo\home\Runtime\Cache\Home\8d06f1fa3da2f92e4ac2a05807edf182.php 第 78 行.
NOTIC: [8] Undefined variable: request G:\XA\htdocs\cargo\home\Runtime\Cache\Home\8d06f1fa3da2f92e4ac2a05807edf182.php 第 85 行.
NOTIC: [8] Undefined variable: request G:\XA\htdocs\cargo\home\Runtime\Cache\Home\8d06f1fa3da2f92e4ac2a05807edf182.php 第 86 行.
NOTIC: [8] Undefined variable: request G:\XA\htdocs\cargo\home\Runtime\Cache\Home\8d06f1fa3da2f92e4ac2a05807edf182.php 第 87 行.
NOTIC: [8] Undefined variable: request G:\XA\htdocs\cargo\home\Runtime\Cache\Home\8d06f1fa3da2f92e4ac2a05807edf182.php 第 90 行.
NOTIC: [8] Undefined variable: request G:\XA\htdocs\cargo\home\Runtime\Cache\Home\8d06f1fa3da2f92e4ac2a05807edf182.php 第 91 行.
NOTIC: [8] Undefined variable: request G:\XA\htdocs\cargo\home\Runtime\Cache\Home\8d06f1fa3da2f92e4ac2a05807edf182.php 第 92 行.
NOTIC: [8] Undefined variable: request G:\XA\htdocs\cargo\home\Runtime\Cache\Home\8d06f1fa3da2f92e4ac2a05807edf182.php 第 95 行.
NOTIC: [8] Undefined variable: request G:\XA\htdocs\cargo\home\Runtime\Cache\Home\8d06f1fa3da2f92e4ac2a05807edf182.php 第 96 行.
NOTIC: [8] Undefined variable: request G:\XA\htdocs\cargo\home\Runtime\Cache\Home\8d06f1fa3da2f92e4ac2a05807edf182.php 第 99 行.
NOTIC: [8] Undefined variable: request G:\XA\htdocs\cargo\home\Runtime\Cache\Home\8d06f1fa3da2f92e4ac2a05807edf182.php 第 100 行.
NOTIC: [8] Undefined variable: request G:\XA\htdocs\cargo\home\Runtime\Cache\Home\8d06f1fa3da2f92e4ac2a05807edf182.php 第 107 行.
NOTIC: [8] Undefined variable: request G:\XA\htdocs\cargo\home\Runtime\Cache\Home\8d06f1fa3da2f92e4ac2a05807edf182.php 第 108 行.
NOTIC: [8] Undefined variable: request G:\XA\htdocs\cargo\home\Runtime\Cache\Home\8d06f1fa3da2f92e4ac2a05807edf182.php 第 109 行.
NOTIC: [8] Undefined variable: request G:\XA\htdocs\cargo\home\Runtime\Cache\Home\8d06f1fa3da2f92e4ac2a05807edf182.php 第 112 行.
NOTIC: [8] Undefined variable: request G:\XA\htdocs\cargo\home\Runtime\Cache\Home\8d06f1fa3da2f92e4ac2a05807edf182.php 第 113 行.
NOTIC: [8] Undefined variable: request G:\XA\htdocs\cargo\home\Runtime\Cache\Home\8d06f1fa3da2f92e4ac2a05807edf182.php 第 114 行.
NOTIC: [8] Undefined variable: request G:\XA\htdocs\cargo\home\Runtime\Cache\Home\8d06f1fa3da2f92e4ac2a05807edf182.php 第 121 行.
NOTIC: [8] Undefined variable: request G:\XA\htdocs\cargo\home\Runtime\Cache\Home\8d06f1fa3da2f92e4ac2a05807edf182.php 第 122 行.
NOTIC: [8] Undefined variable: request G:\XA\htdocs\cargo\home\Runtime\Cache\Home\8d06f1fa3da2f92e4ac2a05807edf182.php 第 123 行.
NOTIC: [8] Undefined variable: request G:\XA\htdocs\cargo\home\Runtime\Cache\Home\8d06f1fa3da2f92e4ac2a05807edf182.php 第 126 行.
NOTIC: [8] Undefined variable: request G:\XA\htdocs\cargo\home\Runtime\Cache\Home\8d06f1fa3da2f92e4ac2a05807edf182.php 第 127 行.
NOTIC: [8] Undefined variable: request G:\XA\htdocs\cargo\home\Runtime\Cache\Home\8d06f1fa3da2f92e4ac2a05807edf182.php 第 128 行.
NOTIC: [8] Undefined variable: request G:\XA\htdocs\cargo\home\Runtime\Cache\Home\8d06f1fa3da2f92e4ac2a05807edf182.php 第 131 行.
NOTIC: [8] Undefined variable: request G:\XA\htdocs\cargo\home\Runtime\Cache\Home\8d06f1fa3da2f92e4ac2a05807edf182.php 第 132 行.
INFO: Run Behavior\ParseTemplateBehavior [ RunTime:0.080005s ]
INFO: [ view_parse ] --END-- [ RunTime:0.081005s ]
INFO: [ view_filter ] --START--
INFO: Run Behavior\WriteHtmlCacheBehavior [ RunTime:0.001000s ]
INFO: [ view_filter ] --END-- [ RunTime:0.001000s ]
INFO: [ app_end ] --START--
INFO: Run Behavior\ShowPageTraceBehavior [ RunTime:0.002000s ]
INFO: [ app_end ] --END-- [ RunTime:0.002000s ]

[ 2015-05-31T21:09:40+08:00 ] 127.0.0.1 /cargo/index.php/Home/Main/SingleCar.html
INFO: [ app_init ] --START--
INFO: Run Behavior\BuildLiteBehavior [ RunTime:0.000000s ]
INFO: [ app_init ] --END-- [ RunTime:0.001000s ]
INFO: [ app_begin ] --START--
INFO: Run Behavior\ReadHtmlCacheBehavior [ RunTime:0.001000s ]
INFO: [ app_begin ] --END-- [ RunTime:0.001000s ]
INFO: [ view_parse ] --START--
INFO: [ template_filter ] --START--
INFO: Run Behavior\ContentReplaceBehavior [ RunTime:0.000000s ]
INFO: [ template_filter ] --END-- [ RunTime:0.000000s ]
NOTIC: [8] Undefined variable: description G:\XA\htdocs\cargo\home\Runtime\Cache\Home\8d06f1fa3da2f92e4ac2a05807edf182.php 第 42 行.
NOTIC: [8] Undefined variable: car G:\XA\htdocs\cargo\home\Runtime\Cache\Home\8d06f1fa3da2f92e4ac2a05807edf182.php 第 43 行.
NOTIC: [8] Undefined variable: stock G:\XA\htdocs\cargo\home\Runtime\Cache\Home\8d06f1fa3da2f92e4ac2a05807edf182.php 第 44 行.
NOTIC: [8] Undefined variable: car G:\XA\htdocs\cargo\home\Runtime\Cache\Home\8d06f1fa3da2f92e4ac2a05807edf182.php 第 46 行.
NOTIC: [8] Undefined variable: request G:\XA\htdocs\cargo\home\Runtime\Cache\Home\8d06f1fa3da2f92e4ac2a05807edf182.php 第 68 行.
NOTIC: [8] Undefined variable: request G:\XA\htdocs\cargo\home\Runtime\Cache\Home\8d06f1fa3da2f92e4ac2a05807edf182.php 第 69 行.
NOTIC: [8] Undefined variable: request G:\XA\htdocs\cargo\home\Runtime\Cache\Home\8d06f1fa3da2f92e4ac2a05807edf182.php 第 72 行.
NOTIC: [8] Undefined variable: request G:\XA\htdocs\cargo\home\Runtime\Cache\Home\8d06f1fa3da2f92e4ac2a05807edf182.php 第 73 行.
NOTIC: [8] Undefined variable: request G:\XA\htdocs\cargo\home\Runtime\Cache\Home\8d06f1fa3da2f92e4ac2a05807edf182.php 第 76 行.
NOTIC: [8] Undefined variable: request G:\XA\htdocs\cargo\home\Runtime\Cache\Home\8d06f1fa3da2f92e4ac2a05807edf182.php 第 77 行.
NOTIC: [8] Undefined variable: request G:\XA\htdocs\cargo\home\Runtime\Cache\Home\8d06f1fa3da2f92e4ac2a05807edf182.php 第 84 行.
NOTIC: [8] Undefined variable: request G:\XA\htdocs\cargo\home\Runtime\Cache\Home\8d06f1fa3da2f92e4ac2a05807edf182.php 第 85 行.
NOTIC: [8] Undefined variable: request G:\XA\htdocs\cargo\home\Runtime\Cache\Home\8d06f1fa3da2f92e4ac2a05807edf182.php 第 86 行.
NOTIC: [8] Undefined variable: request G:\XA\htdocs\cargo\home\Runtime\Cache\Home\8d06f1fa3da2f92e4ac2a05807edf182.php 第 89 行.
NOTIC: [8] Undefined variable: request G:\XA\htdocs\cargo\home\Runtime\Cache\Home\8d06f1fa3da2f92e4ac2a05807edf182.php 第 90 行.
NOTIC: [8] Undefined variable: request G:\XA\htdocs\cargo\home\Runtime\Cache\Home\8d06f1fa3da2f92e4ac2a05807edf182.php 第 91 行.
NOTIC: [8] Undefined variable: request G:\XA\htdocs\cargo\home\Runtime\Cache\Home\8d06f1fa3da2f92e4ac2a05807edf182.php 第 94 行.
NOTIC: [8] Undefined variable: request G:\XA\htdocs\cargo\home\Runtime\Cache\Home\8d06f1fa3da2f92e4ac2a05807edf182.php 第 95 行.
NOTIC: [8] Undefined variable: request G:\XA\htdocs\cargo\home\Runtime\Cache\Home\8d06f1fa3da2f92e4ac2a05807edf182.php 第 98 行.
NOTIC: [8] Undefined variable: request G:\XA\htdocs\cargo\home\Runtime\Cache\Home\8d06f1fa3da2f92e4ac2a05807edf182.php 第 99 行.
NOTIC: [8] Undefined variable: request G:\XA\htdocs\cargo\home\Runtime\Cache\Home\8d06f1fa3da2f92e4ac2a05807edf182.php 第 106 行.
NOTIC: [8] Undefined variable: request G:\XA\htdocs\cargo\home\Runtime\Cache\Home\8d06f1fa3da2f92e4ac2a05807edf182.php 第 107 行.
NOTIC: [8] Undefined variable: request G:\XA\htdocs\cargo\home\Runtime\Cache\Home\8d06f1fa3da2f92e4ac2a05807edf182.php 第 108 行.
NOTIC: [8] Undefined variable: request G:\XA\htdocs\cargo\home\Runtime\Cache\Home\8d06f1fa3da2f92e4ac2a05807edf182.php 第 111 行.
NOTIC: [8] Undefined variable: request G:\XA\htdocs\cargo\home\Runtime\Cache\Home\8d06f1fa3da2f92e4ac2a05807edf182.php 第 112 行.
NOTIC: [8] Undefined variable: request G:\XA\htdocs\cargo\home\Runtime\Cache\Home\8d06f1fa3da2f92e4ac2a05807edf182.php 第 113 行.
NOTIC: [8] Undefined variable: request G:\XA\htdocs\cargo\home\Runtime\Cache\Home\8d06f1fa3da2f92e4ac2a05807edf182.php 第 120 行.
NOTIC: [8] Undefined variable: request G:\XA\htdocs\cargo\home\Runtime\Cache\Home\8d06f1fa3da2f92e4ac2a05807edf182.php 第 121 行.
NOTIC: [8] Undefined variable: request G:\XA\htdocs\cargo\home\Runtime\Cache\Home\8d06f1fa3da2f92e4ac2a05807edf182.php 第 122 行.
NOTIC: [8] Undefined variable: request G:\XA\htdocs\cargo\home\Runtime\Cache\Home\8d06f1fa3da2f92e4ac2a05807edf182.php 第 125 行.
NOTIC: [8] Undefined variable: request G:\XA\htdocs\cargo\home\Runtime\Cache\Home\8d06f1fa3da2f92e4ac2a05807edf182.php 第 126 行.
NOTIC: [8] Undefined variable: request G:\XA\htdocs\cargo\home\Runtime\Cache\Home\8d06f1fa3da2f92e4ac2a05807edf182.php 第 127 行.
NOTIC: [8] Undefined variable: request G:\XA\htdocs\cargo\home\Runtime\Cache\Home\8d06f1fa3da2f92e4ac2a05807edf182.php 第 130 行.
NOTIC: [8] Undefined variable: request G:\XA\htdocs\cargo\home\Runtime\Cache\Home\8d06f1fa3da2f92e4ac2a05807edf182.php 第 131 行.
INFO: Run Behavior\ParseTemplateBehavior [ RunTime:0.022001s ]
INFO: [ view_parse ] --END-- [ RunTime:0.023001s ]
INFO: [ view_filter ] --START--
INFO: Run Behavior\WriteHtmlCacheBehavior [ RunTime:0.000000s ]
INFO: [ view_filter ] --END-- [ RunTime:0.000000s ]
INFO: [ app_end ] --START--
INFO: Run Behavior\ShowPageTraceBehavior [ RunTime:0.001000s ]
INFO: [ app_end ] --END-- [ RunTime:0.001000s ]

[ 2015-05-31T21:10:41+08:00 ] 127.0.0.1 /cargo/index.php/Home/Main/SingleCar.html
INFO: [ app_init ] --START--
INFO: Run Behavior\BuildLiteBehavior [ RunTime:0.000000s ]
INFO: [ app_init ] --END-- [ RunTime:0.004000s ]
INFO: [ app_begin ] --START--
INFO: Run Behavior\ReadHtmlCacheBehavior [ RunTime:0.008001s ]
INFO: [ app_begin ] --END-- [ RunTime:0.008001s ]
INFO: [ view_parse ] --START--
INFO: [ template_filter ] --START--
INFO: Run Behavior\ContentReplaceBehavior [ RunTime:0.000000s ]
INFO: [ template_filter ] --END-- [ RunTime:0.001000s ]
NOTIC: [8] Undefined variable: description G:\XA\htdocs\cargo\home\Runtime\Cache\Home\8d06f1fa3da2f92e4ac2a05807edf182.php 第 42 行.
NOTIC: [8] Undefined variable: car G:\XA\htdocs\cargo\home\Runtime\Cache\Home\8d06f1fa3da2f92e4ac2a05807edf182.php 第 43 行.
NOTIC: [8] Undefined variable: stock G:\XA\htdocs\cargo\home\Runtime\Cache\Home\8d06f1fa3da2f92e4ac2a05807edf182.php 第 44 行.
NOTIC: [8] Undefined variable: car G:\XA\htdocs\cargo\home\Runtime\Cache\Home\8d06f1fa3da2f92e4ac2a05807edf182.php 第 46 行.
NOTIC: [8] Undefined variable: request G:\XA\htdocs\cargo\home\Runtime\Cache\Home\8d06f1fa3da2f92e4ac2a05807edf182.php 第 68 行.
NOTIC: [8] Undefined variable: request G:\XA\htdocs\cargo\home\Runtime\Cache\Home\8d06f1fa3da2f92e4ac2a05807edf182.php 第 69 行.
NOTIC: [8] Undefined variable: request G:\XA\htdocs\cargo\home\Runtime\Cache\Home\8d06f1fa3da2f92e4ac2a05807edf182.php 第 72 行.
NOTIC: [8] Undefined variable: request G:\XA\htdocs\cargo\home\Runtime\Cache\Home\8d06f1fa3da2f92e4ac2a05807edf182.php 第 73 行.
NOTIC: [8] Undefined variable: request G:\XA\htdocs\cargo\home\Runtime\Cache\Home\8d06f1fa3da2f92e4ac2a05807edf182.php 第 76 行.
NOTIC: [8] Undefined variable: request G:\XA\htdocs\cargo\home\Runtime\Cache\Home\8d06f1fa3da2f92e4ac2a05807edf182.php 第 77 行.
NOTIC: [8] Undefined variable: request G:\XA\htdocs\cargo\home\Runtime\Cache\Home\8d06f1fa3da2f92e4ac2a05807edf182.php 第 84 行.
NOTIC: [8] Undefined variable: request G:\XA\htdocs\cargo\home\Runtime\Cache\Home\8d06f1fa3da2f92e4ac2a05807edf182.php 第 85 行.
NOTIC: [8] Undefined variable: request G:\XA\htdocs\cargo\home\Runtime\Cache\Home\8d06f1fa3da2f92e4ac2a05807edf182.php 第 86 行.
NOTIC: [8] Undefined variable: request G:\XA\htdocs\cargo\home\Runtime\Cache\Home\8d06f1fa3da2f92e4ac2a05807edf182.php 第 89 行.
NOTIC: [8] Undefined variable: request G:\XA\htdocs\cargo\home\Runtime\Cache\Home\8d06f1fa3da2f92e4ac2a05807edf182.php 第 90 行.
NOTIC: [8] Undefined variable: request G:\XA\htdocs\cargo\home\Runtime\Cache\Home\8d06f1fa3da2f92e4ac2a05807edf182.php 第 91 行.
NOTIC: [8] Undefined variable: request G:\XA\htdocs\cargo\home\Runtime\Cache\Home\8d06f1fa3da2f92e4ac2a05807edf182.php 第 94 行.
NOTIC: [8] Undefined variable: request G:\XA\htdocs\cargo\home\Runtime\Cache\Home\8d06f1fa3da2f92e4ac2a05807edf182.php 第 95 行.
NOTIC: [8] Undefined variable: request G:\XA\htdocs\cargo\home\Runtime\Cache\Home\8d06f1fa3da2f92e4ac2a05807edf182.php 第 98 行.
NOTIC: [8] Undefined variable: request G:\XA\htdocs\cargo\home\Runtime\Cache\Home\8d06f1fa3da2f92e4ac2a05807edf182.php 第 99 行.
NOTIC: [8] Undefined variable: request G:\XA\htdocs\cargo\home\Runtime\Cache\Home\8d06f1fa3da2f92e4ac2a05807edf182.php 第 106 行.
NOTIC: [8] Undefined variable: request G:\XA\htdocs\cargo\home\Runtime\Cache\Home\8d06f1fa3da2f92e4ac2a05807edf182.php 第 107 行.
NOTIC: [8] Undefined variable: request G:\XA\htdocs\cargo\home\Runtime\Cache\Home\8d06f1fa3da2f92e4ac2a05807edf182.php 第 108 行.
NOTIC: [8] Undefined variable: request G:\XA\htdocs\cargo\home\Runtime\Cache\Home\8d06f1fa3da2f92e4ac2a05807edf182.php 第 111 行.
NOTIC: [8] Undefined variable: request G:\XA\htdocs\cargo\home\Runtime\Cache\Home\8d06f1fa3da2f92e4ac2a05807edf182.php 第 112 行.
NOTIC: [8] Undefined variable: request G:\XA\htdocs\cargo\home\Runtime\Cache\Home\8d06f1fa3da2f92e4ac2a05807edf182.php 第 113 行.
NOTIC: [8] Undefined variable: request G:\XA\htdocs\cargo\home\Runtime\Cache\Home\8d06f1fa3da2f92e4ac2a05807edf182.php 第 120 行.
NOTIC: [8] Undefined variable: request G:\XA\htdocs\cargo\home\Runtime\Cache\Home\8d06f1fa3da2f92e4ac2a05807edf182.php 第 121 行.
NOTIC: [8] Undefined variable: request G:\XA\htdocs\cargo\home\Runtime\Cache\Home\8d06f1fa3da2f92e4ac2a05807edf182.php 第 122 行.
NOTIC: [8] Undefined variable: request G:\XA\htdocs\cargo\home\Runtime\Cache\Home\8d06f1fa3da2f92e4ac2a05807edf182.php 第 125 行.
NOTIC: [8] Undefined variable: request G:\XA\htdocs\cargo\home\Runtime\Cache\Home\8d06f1fa3da2f92e4ac2a05807edf182.php 第 126 行.
NOTIC: [8] Undefined variable: request G:\XA\htdocs\cargo\home\Runtime\Cache\Home\8d06f1fa3da2f92e4ac2a05807edf182.php 第 127 行.
NOTIC: [8] Undefined variable: request G:\XA\htdocs\cargo\home\Runtime\Cache\Home\8d06f1fa3da2f92e4ac2a05807edf182.php 第 130 行.
NOTIC: [8] Undefined variable: request G:\XA\htdocs\cargo\home\Runtime\Cache\Home\8d06f1fa3da2f92e4ac2a05807edf182.php 第 131 行.
INFO: Run Behavior\ParseTemplateBehavior [ RunTime:0.041003s ]
INFO: [ view_parse ] --END-- [ RunTime:0.042003s ]
INFO: [ view_filter ] --START--
INFO: Run Behavior\WriteHtmlCacheBehavior [ RunTime:0.001000s ]
INFO: [ view_filter ] --END-- [ RunTime:0.001000s ]
INFO: [ app_end ] --START--
INFO: Run Behavior\ShowPageTraceBehavior [ RunTime:0.001000s ]
INFO: [ app_end ] --END-- [ RunTime:0.002000s ]

[ 2015-05-31T21:10:53+08:00 ] 127.0.0.1 /cargo/index.php/Home/Main/BuyInfo.html
INFO: [ app_init ] --START--
INFO: Run Behavior\BuildLiteBehavior [ RunTime:0.000000s ]
INFO: [ app_init ] --END-- [ RunTime:0.002000s ]
INFO: [ app_begin ] --START--
INFO: Run Behavior\ReadHtmlCacheBehavior [ RunTime:0.003000s ]
INFO: [ app_begin ] --END-- [ RunTime:0.003000s ]
INFO: [ view_parse ] --START--
INFO: [ template_filter ] --START--
INFO: Run Behavior\ContentReplaceBehavior [ RunTime:0.000000s ]
INFO: [ template_filter ] --END-- [ RunTime:0.001000s ]
INFO: Run Behavior\ParseTemplateBehavior [ RunTime:0.037002s ]
INFO: [ view_parse ] --END-- [ RunTime:0.037002s ]
INFO: [ view_filter ] --START--
INFO: Run Behavior\WriteHtmlCacheBehavior [ RunTime:0.001000s ]
INFO: [ view_filter ] --END-- [ RunTime:0.001000s ]
INFO: [ app_end ] --START--
INFO: Run Behavior\ShowPageTraceBehavior [ RunTime:0.002000s ]
INFO: [ app_end ] --END-- [ RunTime:0.002000s ]

[ 2015-05-31T21:11:06+08:00 ] 127.0.0.1 /cargo/index.php/Home/Main/index.html
INFO: [ app_init ] --START--
INFO: Run Behavior\BuildLiteBehavior [ RunTime:0.000000s ]
INFO: [ app_init ] --END-- [ RunTime:0.001000s ]
INFO: [ app_begin ] --START--
INFO: Run Behavior\ReadHtmlCacheBehavior [ RunTime:0.002001s ]
INFO: [ app_begin ] --END-- [ RunTime:0.002001s ]
NOTIC: [8] Undefined index: p G:\XA\htdocs\cargo\home\Home\Controller\MainController.class.php 第 42 行.
INFO: [ view_parse ] --START--
INFO: [ template_filter ] --START--
INFO: Run Behavior\ContentReplaceBehavior [ RunTime:0.000000s ]
INFO: [ template_filter ] --END-- [ RunTime:0.000000s ]
NOTIC: [2] Illegal string offset 'id' G:\XA\htdocs\cargo\home\Runtime\Cache\Home\0767f9cfd0fdcabc3d18efd25594e1f2.php 第 99 行.
NOTIC: [2] Illegal string offset 'picture' G:\XA\htdocs\cargo\home\Runtime\Cache\Home\0767f9cfd0fdcabc3d18efd25594e1f2.php 第 100 行.
NOTIC: [2] Illegal string offset 'description' G:\XA\htdocs\cargo\home\Runtime\Cache\Home\0767f9cfd0fdcabc3d18efd25594e1f2.php 第 105 行.
NOTIC: [2] Illegal string offset 'city' G:\XA\htdocs\cargo\home\Runtime\Cache\Home\0767f9cfd0fdcabc3d18efd25594e1f2.php 第 106 行.
NOTIC: [2] Illegal string offset 'stock' G:\XA\htdocs\cargo\home\Runtime\Cache\Home\0767f9cfd0fdcabc3d18efd25594e1f2.php 第 107 行.
NOTIC: [2] Illegal string offset 'price' G:\XA\htdocs\cargo\home\Runtime\Cache\Home\0767f9cfd0fdcabc3d18efd25594e1f2.php 第 109 行.
NOTIC: [2] Illegal string offset 'id' G:\XA\htdocs\cargo\home\Runtime\Cache\Home\0767f9cfd0fdcabc3d18efd25594e1f2.php 第 99 行.
NOTIC: [2] Illegal string offset 'picture' G:\XA\htdocs\cargo\home\Runtime\Cache\Home\0767f9cfd0fdcabc3d18efd25594e1f2.php 第 100 行.
NOTIC: [2] Illegal string offset 'description' G:\XA\htdocs\cargo\home\Runtime\Cache\Home\0767f9cfd0fdcabc3d18efd25594e1f2.php 第 105 行.
NOTIC: [2] Illegal string offset 'city' G:\XA\htdocs\cargo\home\Runtime\Cache\Home\0767f9cfd0fdcabc3d18efd25594e1f2.php 第 106 行.
NOTIC: [2] Illegal string offset 'stock' G:\XA\htdocs\cargo\home\Runtime\Cache\Home\0767f9cfd0fdcabc3d18efd25594e1f2.php 第 107 行.
NOTIC: [2] Illegal string offset 'price' G:\XA\htdocs\cargo\home\Runtime\Cache\Home\0767f9cfd0fdcabc3d18efd25594e1f2.php 第 109 行.
NOTIC: [2] Illegal string offset 'id' G:\XA\htdocs\cargo\home\Runtime\Cache\Home\0767f9cfd0fdcabc3d18efd25594e1f2.php 第 99 行.
NOTIC: [2] Illegal string offset 'picture' G:\XA\htdocs\cargo\home\Runtime\Cache\Home\0767f9cfd0fdcabc3d18efd25594e1f2.php 第 100 行.
NOTIC: [2] Illegal string offset 'description' G:\XA\htdocs\cargo\home\Runtime\Cache\Home\0767f9cfd0fdcabc3d18efd25594e1f2.php 第 105 行.
NOTIC: [2] Illegal string offset 'city' G:\XA\htdocs\cargo\home\Runtime\Cache\Home\0767f9cfd0fdcabc3d18efd25594e1f2.php 第 106 行.
NOTIC: [2] Illegal string offset 'stock' G:\XA\htdocs\cargo\home\Runtime\Cache\Home\0767f9cfd0fdcabc3d18efd25594e1f2.php 第 107 行.
NOTIC: [2] Illegal string offset 'price' G:\XA\htdocs\cargo\home\Runtime\Cache\Home\0767f9cfd0fdcabc3d18efd25594e1f2.php 第 109 行.
NOTIC: [2] Illegal string offset 'id' G:\XA\htdocs\cargo\home\Runtime\Cache\Home\0767f9cfd0fdcabc3d18efd25594e1f2.php 第 99 行.
NOTIC: [2] Illegal string offset 'picture' G:\XA\htdocs\cargo\home\Runtime\Cache\Home\0767f9cfd0fdcabc3d18efd25594e1f2.php 第 100 行.
NOTIC: [2] Illegal string offset 'description' G:\XA\htdocs\cargo\home\Runtime\Cache\Home\0767f9cfd0fdcabc3d18efd25594e1f2.php 第 105 行.
NOTIC: [2] Illegal string offset 'city' G:\XA\htdocs\cargo\home\Runtime\Cache\Home\0767f9cfd0fdcabc3d18efd25594e1f2.php 第 106 行.
NOTIC: [2] Illegal string offset 'stock' G:\XA\htdocs\cargo\home\Runtime\Cache\Home\0767f9cfd0fdcabc3d18efd25594e1f2.php 第 107 行.
NOTIC: [2] Illegal string offset 'price' G:\XA\htdocs\cargo\home\Runtime\Cache\Home\0767f9cfd0fdcabc3d18efd25594e1f2.php 第 109 行.
NOTIC: [2] Illegal string offset 'id' G:\XA\htdocs\cargo\home\Runtime\Cache\Home\0767f9cfd0fdcabc3d18efd25594e1f2.php 第 99 行.
NOTIC: [2] Illegal string offset 'picture' G:\XA\htdocs\cargo\home\Runtime\Cache\Home\0767f9cfd0fdcabc3d18efd25594e1f2.php 第 100 行.
NOTIC: [2] Illegal string offset 'description' G:\XA\htdocs\cargo\home\Runtime\Cache\Home\0767f9cfd0fdcabc3d18efd25594e1f2.php 第 105 行.
NOTIC: [2] Illegal string offset 'city' G:\XA\htdocs\cargo\home\Runtime\Cache\Home\0767f9cfd0fdcabc3d18efd25594e1f2.php 第 106 行.
NOTIC: [2] Illegal string offset 'stock' G:\XA\htdocs\cargo\home\Runtime\Cache\Home\0767f9cfd0fdcabc3d18efd25594e1f2.php 第 107 行.
NOTIC: [2] Illegal string offset 'price' G:\XA\htdocs\cargo\home\Runtime\Cache\Home\0767f9cfd0fdcabc3d18efd25594e1f2.php 第 109 行.
INFO: Run Behavior\ParseTemplateBehavior [ RunTime:0.047002s ]
INFO: [ view_parse ] --END-- [ RunTime:0.047002s ]
INFO: [ view_filter ] --START--
INFO: Run Behavior\WriteHtmlCacheBehavior [ RunTime:0.000000s ]
INFO: [ view_filter ] --END-- [ RunTime:0.001000s ]
INFO: [ app_end ] --START--
INFO: Run Behavior\ShowPageTraceBehavior [ RunTime:0.002001s ]
INFO: [ app_end ] --END-- [ RunTime:0.002001s ]

[ 2015-05-31T21:16:17+08:00 ] 127.0.0.1 /cargo/index.php/Home/Main/index.html
INFO: [ app_init ] --START--
INFO: Run Behavior\BuildLiteBehavior [ RunTime:0.000000s ]
INFO: [ app_init ] --END-- [ RunTime:0.007000s ]
INFO: [ app_begin ] --START--
INFO: Run Behavior\ReadHtmlCacheBehavior [ RunTime:0.004001s ]
INFO: [ app_begin ] --END-- [ RunTime:0.004001s ]
NOTIC: [8] Undefined index: p G:\XA\htdocs\cargo\home\Home\Controller\MainController.class.php 第 42 行.
INFO: [ view_parse ] --START--
INFO: [ template_filter ] --START--
INFO: Run Behavior\ContentReplaceBehavior [ RunTime:0.001000s ]
INFO: [ template_filter ] --END-- [ RunTime:0.001000s ]
NOTIC: [2] Illegal string offset 'id' G:\XA\htdocs\cargo\home\Runtime\Cache\Home\0767f9cfd0fdcabc3d18efd25594e1f2.php 第 99 行.
NOTIC: [2] Illegal string offset 'picture' G:\XA\htdocs\cargo\home\Runtime\Cache\Home\0767f9cfd0fdcabc3d18efd25594e1f2.php 第 100 行.
NOTIC: [2] Illegal string offset 'description' G:\XA\htdocs\cargo\home\Runtime\Cache\Home\0767f9cfd0fdcabc3d18efd25594e1f2.php 第 105 行.
NOTIC: [2] Illegal string offset 'city' G:\XA\htdocs\cargo\home\Runtime\Cache\Home\0767f9cfd0fdcabc3d18efd25594e1f2.php 第 106 行.
NOTIC: [2] Illegal string offset 'stock' G:\XA\htdocs\cargo\home\Runtime\Cache\Home\0767f9cfd0fdcabc3d18efd25594e1f2.php 第 107 行.
NOTIC: [2] Illegal string offset 'price' G:\XA\htdocs\cargo\home\Runtime\Cache\Home\0767f9cfd0fdcabc3d18efd25594e1f2.php 第 109 行.
NOTIC: [2] Illegal string offset 'id' G:\XA\htdocs\cargo\home\Runtime\Cache\Home\0767f9cfd0fdcabc3d18efd25594e1f2.php 第 99 行.
NOTIC: [2] Illegal string offset 'picture' G:\XA\htdocs\cargo\home\Runtime\Cache\Home\0767f9cfd0fdcabc3d18efd25594e1f2.php 第 100 行.
NOTIC: [2] Illegal string offset 'description' G:\XA\htdocs\cargo\home\Runtime\Cache\Home\0767f9cfd0fdcabc3d18efd25594e1f2.php 第 105 行.
NOTIC: [2] Illegal string offset 'city' G:\XA\htdocs\cargo\home\Runtime\Cache\Home\0767f9cfd0fdcabc3d18efd25594e1f2.php 第 106 行.
NOTIC: [2] Illegal string offset 'stock' G:\XA\htdocs\cargo\home\Runtime\Cache\Home\0767f9cfd0fdcabc3d18efd25594e1f2.php 第 107 行.
NOTIC: [2] Illegal string offset 'price' G:\XA\htdocs\cargo\home\Runtime\Cache\Home\0767f9cfd0fdcabc3d18efd25594e1f2.php 第 109 行.
NOTIC: [2] Illegal string offset 'id' G:\XA\htdocs\cargo\home\Runtime\Cache\Home\0767f9cfd0fdcabc3d18efd25594e1f2.php 第 99 行.
NOTIC: [2] Illegal string offset 'picture' G:\XA\htdocs\cargo\home\Runtime\Cache\Home\0767f9cfd0fdcabc3d18efd25594e1f2.php 第 100 行.
NOTIC: [2] Illegal string offset 'description' G:\XA\htdocs\cargo\home\Runtime\Cache\Home\0767f9cfd0fdcabc3d18efd25594e1f2.php 第 105 行.
NOTIC: [2] Illegal string offset 'city' G:\XA\htdocs\cargo\home\Runtime\Cache\Home\0767f9cfd0fdcabc3d18efd25594e1f2.php 第 106 行.
NOTIC: [2] Illegal string offset 'stock' G:\XA\htdocs\cargo\home\Runtime\Cache\Home\0767f9cfd0fdcabc3d18efd25594e1f2.php 第 107 行.
NOTIC: [2] Illegal string offset 'price' G:\XA\htdocs\cargo\home\Runtime\Cache\Home\0767f9cfd0fdcabc3d18efd25594e1f2.php 第 109 行.
NOTIC: [2] Illegal string offset 'id' G:\XA\htdocs\cargo\home\Runtime\Cache\Home\0767f9cfd0fdcabc3d18efd25594e1f2.php 第 99 行.
NOTIC: [2] Illegal string offset 'picture' G:\XA\htdocs\cargo\home\Runtime\Cache\Home\0767f9cfd0fdcabc3d18efd25594e1f2.php 第 100 行.
NOTIC: [2] Illegal string offset 'description' G:\XA\htdocs\cargo\home\Runtime\Cache\Home\0767f9cfd0fdcabc3d18efd25594e1f2.php 第 105 行.
NOTIC: [2] Illegal string offset 'city' G:\XA\htdocs\cargo\home\Runtime\Cache\Home\0767f9cfd0fdcabc3d18efd25594e1f2.php 第 106 行.
NOTIC: [2] Illegal string offset 'stock' G:\XA\htdocs\cargo\home\Runtime\Cache\Home\0767f9cfd0fdcabc3d18efd25594e1f2.php 第 107 行.
NOTIC: [2] Illegal string offset 'price' G:\XA\htdocs\cargo\home\Runtime\Cache\Home\0767f9cfd0fdcabc3d18efd25594e1f2.php 第 109 行.
NOTIC: [2] Illegal string offset 'id' G:\XA\htdocs\cargo\home\Runtime\Cache\Home\0767f9cfd0fdcabc3d18efd25594e1f2.php 第 99 行.
NOTIC: [2] Illegal string offset 'picture' G:\XA\htdocs\cargo\home\Runtime\Cache\Home\0767f9cfd0fdcabc3d18efd25594e1f2.php 第 100 行.
NOTIC: [2] Illegal string offset 'description' G:\XA\htdocs\cargo\home\Runtime\Cache\Home\0767f9cfd0fdcabc3d18efd25594e1f2.php 第 105 行.
NOTIC: [2] Illegal string offset 'city' G:\XA\htdocs\cargo\home\Runtime\Cache\Home\0767f9cfd0fdcabc3d18efd25594e1f2.php 第 106 行.
NOTIC: [2] Illegal string offset 'stock' G:\XA\htdocs\cargo\home\Runtime\Cache\Home\0767f9cfd0fdcabc3d18efd25594e1f2.php 第 107 行.
NOTIC: [2] Illegal string offset 'price' G:\XA\htdocs\cargo\home\Runtime\Cache\Home\0767f9cfd0fdcabc3d18efd25594e1f2.php 第 109 行.
INFO: Run Behavior\ParseTemplateBehavior [ RunTime:0.069004s ]
INFO: [ view_parse ] --END-- [ RunTime:0.069004s ]
INFO: [ view_filter ] --START--
INFO: Run Behavior\WriteHtmlCacheBehavior [ RunTime:0.001000s ]
INFO: [ view_filter ] --END-- [ RunTime:0.001000s ]
INFO: [ app_end ] --START--
INFO: Run Behavior\ShowPageTraceBehavior [ RunTime:0.002000s ]
INFO: [ app_end ] --END-- [ RunTime:0.002000s ]

[ 2015-05-31T21:37:11+08:00 ] 127.0.0.1 /cargo/index.php/Home/Main/index.html
INFO: [ app_init ] --START--
INFO: Run Behavior\BuildLiteBehavior [ RunTime:0.000000s ]
INFO: [ app_init ] --END-- [ RunTime:0.039002s ]
INFO: [ app_begin ] --START--
INFO: Run Behavior\ReadHtmlCacheBehavior [ RunTime:0.003000s ]
INFO: [ app_begin ] --END-- [ RunTime:0.003000s ]
NOTIC: [8] Undefined index: p G:\XA\htdocs\cargo\home\Home\Controller\MainController.class.php 第 42 行.
INFO: [ view_parse ] --START--
INFO: [ template_filter ] --START--
INFO: Run Behavior\ContentReplaceBehavior [ RunTime:0.000000s ]
INFO: [ template_filter ] --END-- [ RunTime:0.000000s ]
INFO: Run Behavior\ParseTemplateBehavior [ RunTime:0.029002s ]
INFO: [ view_parse ] --END-- [ RunTime:0.029002s ]
INFO: [ view_filter ] --START--
INFO: Run Behavior\WriteHtmlCacheBehavior [ RunTime:0.001000s ]
INFO: [ view_filter ] --END-- [ RunTime:0.001000s ]
INFO: [ app_end ] --START--
INFO: Run Behavior\ShowPageTraceBehavior [ RunTime:0.001000s ]
INFO: [ app_end ] --END-- [ RunTime:0.001000s ]

[ 2015-05-31T21:37:13+08:00 ] 127.0.0.1 /cargo/index.php/Home/Main/index.html
INFO: [ app_init ] --START--
INFO: Run Behavior\BuildLiteBehavior [ RunTime:0.000000s ]
INFO: [ app_init ] --END-- [ RunTime:0.002000s ]
INFO: [ app_begin ] --START--
INFO: Run Behavior\ReadHtmlCacheBehavior [ RunTime:0.001000s ]
INFO: [ app_begin ] --END-- [ RunTime:0.001000s ]
NOTIC: [8] Undefined index: p G:\XA\htdocs\cargo\home\Home\Controller\MainController.class.php 第 42 行.
INFO: [ view_parse ] --START--
INFO: [ template_filter ] --START--
INFO: Run Behavior\ContentReplaceBehavior [ RunTime:0.000000s ]
INFO: [ template_filter ] --END-- [ RunTime:0.000000s ]
INFO: Run Behavior\ParseTemplateBehavior [ RunTime:0.021001s ]
INFO: [ view_parse ] --END-- [ RunTime:0.021001s ]
INFO: [ view_filter ] --START--
INFO: Run Behavior\WriteHtmlCacheBehavior [ RunTime:0.001000s ]
INFO: [ view_filter ] --END-- [ RunTime:0.001000s ]
INFO: [ app_end ] --START--
INFO: Run Behavior\ShowPageTraceBehavior [ RunTime:0.001000s ]
INFO: [ app_end ] --END-- [ RunTime:0.002000s ]

[ 2015-05-31T21:40:19+08:00 ] 127.0.0.1 /cargo/index.php/Home/Main/index.html
INFO: [ app_init ] --START--
INFO: Run Behavior\BuildLiteBehavior [ RunTime:0.000000s ]
INFO: [ app_init ] --END-- [ RunTime:0.002000s ]
INFO: [ app_begin ] --START--
INFO: Run Behavior\ReadHtmlCacheBehavior [ RunTime:0.003000s ]
INFO: [ app_begin ] --END-- [ RunTime:0.004000s ]
NOTIC: [8] Undefined index: p G:\XA\htdocs\cargo\home\Home\Controller\MainController.class.php 第 42 行.
INFO: [ view_parse ] --START--
INFO: [ template_filter ] --START--
INFO: Run Behavior\ContentReplaceBehavior [ RunTime:0.000000s ]
INFO: [ template_filter ] --END-- [ RunTime:0.000000s ]
INFO: Run Behavior\ParseTemplateBehavior [ RunTime:0.062004s ]
INFO: [ view_parse ] --END-- [ RunTime:0.063004s ]
INFO: [ view_filter ] --START--
INFO: Run Behavior\WriteHtmlCacheBehavior [ RunTime:0.002000s ]
INFO: [ view_filter ] --END-- [ RunTime:0.003000s ]
INFO: [ app_end ] --START--
INFO: Run Behavior\ShowPageTraceBehavior [ RunTime:0.004000s ]
INFO: [ app_end ] --END-- [ RunTime:0.004000s ]

[ 2015-05-31T21:40:22+08:00 ] 127.0.0.1 /cargo/index.php/Home/Main/index.html
INFO: [ app_init ] --START--
INFO: Run Behavior\BuildLiteBehavior [ RunTime:0.000000s ]
INFO: [ app_init ] --END-- [ RunTime:0.007000s ]
INFO: [ app_begin ] --START--
INFO: Run Behavior\ReadHtmlCacheBehavior [ RunTime:0.002000s ]
INFO: [ app_begin ] --END-- [ RunTime:0.003000s ]
NOTIC: [8] Undefined index: p G:\XA\htdocs\cargo\home\Home\Controller\MainController.class.php 第 42 行.
INFO: [ view_parse ] --START--
INFO: [ template_filter ] --START--
INFO: Run Behavior\ContentReplaceBehavior [ RunTime:0.001000s ]
INFO: [ template_filter ] --END-- [ RunTime:0.001000s ]
INFO: Run Behavior\ParseTemplateBehavior [ RunTime:0.069004s ]
INFO: [ view_parse ] --END-- [ RunTime:0.069004s ]
INFO: [ view_filter ] --START--
INFO: Run Behavior\WriteHtmlCacheBehavior [ RunTime:0.002000s ]
INFO: [ view_filter ] --END-- [ RunTime:0.002000s ]
INFO: [ app_end ] --START--
INFO: Run Behavior\ShowPageTraceBehavior [ RunTime:0.002000s ]
INFO: [ app_end ] --END-- [ RunTime:0.003001s ]

[ 2015-05-31T21:40:30+08:00 ] 127.0.0.1 /cargo/index.php/Home/Main/index.html
INFO: [ app_init ] --START--
INFO: Run Behavior\BuildLiteBehavior [ RunTime:0.000000s ]
INFO: [ app_init ] --END-- [ RunTime:0.001000s ]
INFO: [ app_begin ] --START--
INFO: Run Behavior\ReadHtmlCacheBehavior [ RunTime:0.001000s ]
INFO: [ app_begin ] --END-- [ RunTime:0.001000s ]
NOTIC: [8] Undefined index: p G:\XA\htdocs\cargo\home\Home\Controller\MainController.class.php 第 42 行.
INFO: [ view_parse ] --START--
INFO: [ template_filter ] --START--
INFO: Run Behavior\ContentReplaceBehavior [ RunTime:0.000000s ]
INFO: [ template_filter ] --END-- [ RunTime:0.000000s ]
INFO: Run Behavior\ParseTemplateBehavior [ RunTime:0.023001s ]
INFO: [ view_parse ] --END-- [ RunTime:0.023001s ]
INFO: [ view_filter ] --START--
INFO: Run Behavior\WriteHtmlCacheBehavior [ RunTime:0.001000s ]
INFO: [ view_filter ] --END-- [ RunTime:0.001000s ]
INFO: [ app_end ] --START--
INFO: Run Behavior\ShowPageTraceBehavior [ RunTime:0.002001s ]
INFO: [ app_end ] --END-- [ RunTime:0.003001s ]

[ 2015-05-31T21:42:06+08:00 ] 127.0.0.1 /cargo/index.php/Home/Main/index.html
INFO: [ app_init ] --START--
INFO: Run Behavior\BuildLiteBehavior [ RunTime:0.000000s ]
INFO: [ app_init ] --END-- [ RunTime:0.002000s ]
INFO: [ app_begin ] --START--
INFO: Run Behavior\ReadHtmlCacheBehavior [ RunTime:0.002000s ]
INFO: [ app_begin ] --END-- [ RunTime:0.002000s ]
NOTIC: [8] Undefined index: p G:\XA\htdocs\cargo\home\Home\Controller\MainController.class.php 第 42 行.
INFO: [ view_parse ] --START--
INFO: [ template_filter ] --START--
INFO: Run Behavior\ContentReplaceBehavior [ RunTime:0.001000s ]
INFO: [ template_filter ] --END-- [ RunTime:0.001000s ]
INFO: Run Behavior\ParseTemplateBehavior [ RunTime:0.053003s ]
INFO: [ view_parse ] --END-- [ RunTime:0.053003s ]
INFO: [ view_filter ] --START--
INFO: Run Behavior\WriteHtmlCacheBehavior [ RunTime:0.002000s ]
INFO: [ view_filter ] --END-- [ RunTime:0.002000s ]
INFO: [ app_end ] --START--
INFO: Run Behavior\ShowPageTraceBehavior [ RunTime:0.003001s ]
INFO: [ app_end ] --END-- [ RunTime:0.003001s ]

[ 2015-05-31T21:42:09+08:00 ] 127.0.0.1 /cargo/index.php/Home/Main/BuyInfo.html
INFO: [ app_init ] --START--
INFO: Run Behavior\BuildLiteBehavior [ RunTime:0.000000s ]
INFO: [ app_init ] --END-- [ RunTime:0.001000s ]
INFO: [ app_begin ] --START--
INFO: Run Behavior\ReadHtmlCacheBehavior [ RunTime:0.003000s ]
INFO: [ app_begin ] --END-- [ RunTime:0.003000s ]
INFO: [ view_parse ] --START--
INFO: [ template_filter ] --START--
INFO: Run Behavior\ContentReplaceBehavior [ RunTime:0.000000s ]
INFO: [ template_filter ] --END-- [ RunTime:0.001000s ]
INFO: Run Behavior\ParseTemplateBehavior [ RunTime:0.012000s ]
INFO: [ view_parse ] --END-- [ RunTime:0.013000s ]
INFO: [ view_filter ] --START--
INFO: Run Behavior\WriteHtmlCacheBehavior [ RunTime:0.000000s ]
INFO: [ view_filter ] --END-- [ RunTime:0.000000s ]
INFO: [ app_end ] --START--
INFO: Run Behavior\ShowPageTraceBehavior [ RunTime:0.001000s ]
INFO: [ app_end ] --END-- [ RunTime:0.001000s ]

[ 2015-05-31T21:42:12+08:00 ] 127.0.0.1 /cargo/index.php/Home/Main/UsersRegister.html
INFO: [ app_init ] --START--
INFO: Run Behavior\BuildLiteBehavior [ RunTime:0.000000s ]
INFO: [ app_init ] --END-- [ RunTime:0.003000s ]
INFO: [ app_begin ] --START--
INFO: Run Behavior\ReadHtmlCacheBehavior [ RunTime:0.002000s ]
INFO: [ app_begin ] --END-- [ RunTime:0.003000s ]
INFO: [ view_parse ] --START--
INFO: [ template_filter ] --START--
INFO: Run Behavior\ContentReplaceBehavior [ RunTime:0.000000s ]
INFO: [ template_filter ] --END-- [ RunTime:0.000000s ]
INFO: Run Behavior\ParseTemplateBehavior [ RunTime:0.026002s ]
INFO: [ view_parse ] --END-- [ RunTime:0.026002s ]
INFO: [ view_filter ] --START--
INFO: Run Behavior\WriteHtmlCacheBehavior [ RunTime:0.002000s ]
INFO: [ view_filter ] --END-- [ RunTime:0.002000s ]
INFO: [ app_end ] --START--
INFO: Run Behavior\ShowPageTraceBehavior [ RunTime:0.003000s ]
INFO: [ app_end ] --END-- [ RunTime:0.003000s ]

[ 2015-05-31T21:44:07+08:00 ] 127.0.0.1 /cargo/index.php/Home/Main/index.html
INFO: [ app_init ] --START--
INFO: Run Behavior\BuildLiteBehavior [ RunTime:0.000000s ]
INFO: [ app_init ] --END-- [ RunTime:0.002000s ]
INFO: [ app_begin ] --START--
INFO: Run Behavior\ReadHtmlCacheBehavior [ RunTime:0.003001s ]
INFO: [ app_begin ] --END-- [ RunTime:0.003001s ]
NOTIC: [8] Undefined index: p G:\XA\htdocs\cargo\home\Home\Controller\MainController.class.php 第 42 行.
INFO: [ view_parse ] --START--
INFO: [ template_filter ] --START--
INFO: Run Behavior\ContentReplaceBehavior [ RunTime:0.000000s ]
INFO: [ template_filter ] --END-- [ RunTime:0.000000s ]
INFO: Run Behavior\ParseTemplateBehavior [ RunTime:0.050002s ]
INFO: [ view_parse ] --END-- [ RunTime:0.051002s ]
INFO: [ view_filter ] --START--
INFO: Run Behavior\WriteHtmlCacheBehavior [ RunTime:0.003001s ]
INFO: [ view_filter ] --END-- [ RunTime:0.003001s ]
INFO: [ app_end ] --START--
INFO: Run Behavior\ShowPageTraceBehavior [ RunTime:0.003000s ]
INFO: [ app_end ] --END-- [ RunTime:0.003000s ]

[ 2015-05-31T21:44:10+08:00 ] 127.0.0.1 /cargo/index.php/Home/Main/UsersRegister.html
INFO: [ app_init ] --START--
INFO: Run Behavior\BuildLiteBehavior [ RunTime:0.000000s ]
INFO: [ app_init ] --END-- [ RunTime:0.002000s ]
INFO: [ app_begin ] --START--
INFO: Run Behavior\ReadHtmlCacheBehavior [ RunTime:0.002000s ]
INFO: [ app_begin ] --END-- [ RunTime:0.002000s ]
INFO: [ view_parse ] --START--
INFO: [ template_filter ] --START--
INFO: Run Behavior\ContentReplaceBehavior [ RunTime:0.001000s ]
INFO: [ template_filter ] --END-- [ RunTime:0.001000s ]
INFO: Run Behavior\ParseTemplateBehavior [ RunTime:0.026002s ]
INFO: [ view_parse ] --END-- [ RunTime:0.026002s ]
INFO: [ view_filter ] --START--
INFO: Run Behavior\WriteHtmlCacheBehavior [ RunTime:0.003000s ]
INFO: [ view_filter ] --END-- [ RunTime:0.003000s ]
INFO: [ app_end ] --START--
INFO: Run Behavior\ShowPageTraceBehavior [ RunTime:0.002000s ]
INFO: [ app_end ] --END-- [ RunTime:0.002000s ]

[ 2015-05-31T21:44:38+08:00 ] 127.0.0.1 /cargo/index.php/Home/insertUser
INFO: [ app_init ] --START--
INFO: Run Behavior\BuildLiteBehavior [ RunTime:0.000000s ]
INFO: [ app_init ] --END-- [ RunTime:0.002000s ]
INFO: [ app_begin ] --START--
INFO: Run Behavior\ReadHtmlCacheBehavior [ RunTime:0.002000s ]
INFO: [ app_begin ] --END-- [ RunTime:0.003000s ]
ERR: 无法加载控制器:InsertUser

[ 2015-05-31T21:45:22+08:00 ] 127.0.0.1 /cargo/index.php/Home/insertUser
INFO: [ app_init ] --START--
INFO: Run Behavior\BuildLiteBehavior [ RunTime:0.000000s ]
INFO: [ app_init ] --END-- [ RunTime:0.001000s ]
INFO: [ app_begin ] --START--
INFO: Run Behavior\ReadHtmlCacheBehavior [ RunTime:0.001000s ]
INFO: [ app_begin ] --END-- [ RunTime:0.001000s ]
ERR: 无法加载控制器:InsertUser

[ 2015-05-31T21:45:28+08:00 ] 127.0.0.1 /cargo/index.php/Home/InsertUser
INFO: [ app_init ] --START--
INFO: Run Behavior\BuildLiteBehavior [ RunTime:0.000000s ]
INFO: [ app_init ] --END-- [ RunTime:0.001000s ]
INFO: [ app_begin ] --START--
INFO: Run Behavior\ReadHtmlCacheBehavior [ RunTime:0.001000s ]
INFO: [ app_begin ] --END-- [ RunTime:0.001000s ]
ERR: 无法加载控制器:InsertUser

[ 2015-05-31T21:47:11+08:00 ] 127.0.0.1 /cargo/index.php/Home/insertUser
INFO: [ app_init ] --START--
INFO: Run Behavior\BuildLiteBehavior [ RunTime:0.000000s ]
INFO: [ app_init ] --END-- [ RunTime:0.001000s ]
INFO: [ app_begin ] --START--
INFO: Run Behavior\ReadHtmlCacheBehavior [ RunTime:0.001001s ]
INFO: [ app_begin ] --END-- [ RunTime:0.001001s ]
ERR: 无法加载控制器:InsertUser

[ 2015-05-31T21:47:23+08:00 ] 127.0.0.1 /cargo/index.php/Home/Main/index.html
INFO: [ app_init ] --START--
INFO: Run Behavior\BuildLiteBehavior [ RunTime:0.001000s ]
INFO: [ app_init ] --END-- [ RunTime:0.004000s ]
INFO: [ app_begin ] --START--
INFO: Run Behavior\ReadHtmlCacheBehavior [ RunTime:0.002001s ]
INFO: [ app_begin ] --END-- [ RunTime:0.002001s ]
NOTIC: [8] Undefined index: p G:\XA\htdocs\cargo\home\Home\Controller\MainController.class.php 第 42 行.
INFO: [ view_parse ] --START--
INFO: [ template_filter ] --START--
INFO: Run Behavior\ContentReplaceBehavior [ RunTime:0.000000s ]
INFO: [ template_filter ] --END-- [ RunTime:0.000000s ]
INFO: Run Behavior\ParseTemplateBehavior [ RunTime:0.050002s ]
INFO: [ view_parse ] --END-- [ RunTime:0.050002s ]
INFO: [ view_filter ] --START--
INFO: Run Behavior\WriteHtmlCacheBehavior [ RunTime:0.002000s ]
INFO: [ view_filter ] --END-- [ RunTime:0.002000s ]
INFO: [ app_end ] --START--
INFO: Run Behavior\ShowPageTraceBehavior [ RunTime:0.006000s ]
INFO: [ app_end ] --END-- [ RunTime:0.006000s ]

[ 2015-05-31T21:47:27+08:00 ] 127.0.0.1 /cargo/index.php/Home/Main/UsersRegister.html
INFO: [ app_init ] --START--
INFO: Run Behavior\BuildLiteBehavior [ RunTime:0.000000s ]
INFO: [ app_init ] --END-- [ RunTime:0.000000s ]
INFO: [ app_begin ] --START--
INFO: Run Behavior\ReadHtmlCacheBehavior [ RunTime:0.001000s ]
INFO: [ app_begin ] --END-- [ RunTime:0.001000s ]
INFO: [ view_parse ] --START--
INFO: [ template_filter ] --START--
INFO: Run Behavior\ContentReplaceBehavior [ RunTime:0.000000s ]
INFO: [ template_filter ] --END-- [ RunTime:0.000000s ]
INFO: Run Behavior\ParseTemplateBehavior [ RunTime:0.012000s ]
INFO: [ view_parse ] --END-- [ RunTime:0.012000s ]
INFO: [ view_filter ] --START--
INFO: Run Behavior\WriteHtmlCacheBehavior [ RunTime:0.001000s ]
INFO: [ view_filter ] --END-- [ RunTime:0.001000s ]
INFO: [ app_end ] --START--
INFO: Run Behavior\ShowPageTraceBehavior [ RunTime:0.001001s ]
INFO: [ app_end ] --END-- [ RunTime:0.002001s ]

[ 2015-05-31T21:47:46+08:00 ] 127.0.0.1 /cargo/index.php/Home/InsertUser
INFO: [ app_init ] --START--
INFO: Run Behavior\BuildLiteBehavior [ RunTime:0.000000s ]
INFO: [ app_init ] --END-- [ RunTime:0.001000s ]
INFO: [ app_begin ] --START--
INFO: Run Behavior\ReadHtmlCacheBehavior [ RunTime:0.002000s ]
INFO: [ app_begin ] --END-- [ RunTime:0.002000s ]
ERR: 无法加载控制器:InsertUser

