[ 2015-05-20T00:00:27+08:00 ] 127.0.0.1 /cargo/index.php/Home/Main/SingleCar.html
INFO: [ app_init ] --START--
INFO: Run Behavior\BuildLiteBehavior [ RunTime:0.000000s ]
INFO: [ app_init ] --END-- [ RunTime:0.037002s ]
INFO: [ app_begin ] --START--
INFO: Run Behavior\ReadHtmlCacheBehavior [ RunTime:0.015001s ]
INFO: [ app_begin ] --END-- [ RunTime:0.017001s ]
NOTIC: [2] Missing argument 1 for Think\Controller::assign(), called in G:\XA\htdocs\cargo\home\Home\Controller\MainController.class.php on line 13 and defined G:\XA\htdocs\cargo\ThinkPHP\Library\Think\Controller.class.php 第 121 行.
NOTIC: [8] Undefined variable: name G:\XA\htdocs\cargo\ThinkPHP\Library\Think\Controller.class.php 第 122 行.
INFO: [ view_parse ] --START--
INFO: [ template_filter ] --START--
INFO: Run Behavior\ContentReplaceBehavior [ RunTime:0.000000s ]
INFO: [ template_filter ] --END-- [ RunTime:0.001000s ]
NOTIC: [8] Undefined variable: description G:\XA\htdocs\cargo\home\Runtime\Cache\Home\8d06f1fa3da2f92e4ac2a05807edf182.php 第 42 行.
NOTIC: [8] Undefined variable: car G:\XA\htdocs\cargo\home\Runtime\Cache\Home\8d06f1fa3da2f92e4ac2a05807edf182.php 第 43 行.
NOTIC: [8] Undefined variable: stock G:\XA\htdocs\cargo\home\Runtime\Cache\Home\8d06f1fa3da2f92e4ac2a05807edf182.php 第 44 行.
NOTIC: [8] Undefined variable: car G:\XA\htdocs\cargo\home\Runtime\Cache\Home\8d06f1fa3da2f92e4ac2a05807edf182.php 第 46 行.
NOTIC: [8] Undefined variable: brand G:\XA\htdocs\cargo\home\Runtime\Cache\Home\8d06f1fa3da2f92e4ac2a05807edf182.php 第 69 行.
NOTIC: [8] Undefined variable: model G:\XA\htdocs\cargo\home\Runtime\Cache\Home\8d06f1fa3da2f92e4ac2a05807edf182.php 第 70 行.
NOTIC: [8] Undefined variable: type G:\XA\htdocs\cargo\home\Runtime\Cache\Home\8d06f1fa3da2f92e4ac2a05807edf182.php 第 73 行.
NOTIC: [8] Undefined variable: stock G:\XA\htdocs\cargo\home\Runtime\Cache\Home\8d06f1fa3da2f92e4ac2a05807edf182.php 第 74 行.
NOTIC: [8] Undefined variable: city G:\XA\htdocs\cargo\home\Runtime\Cache\Home\8d06f1fa3da2f92e4ac2a05807edf182.php 第 77 行.
NOTIC: [8] Undefined variable: account G:\XA\htdocs\cargo\home\Runtime\Cache\Home\8d06f1fa3da2f92e4ac2a05807edf182.php 第 78 行.
NOTIC: [8] Undefined variable: length G:\XA\htdocs\cargo\home\Runtime\Cache\Home\8d06f1fa3da2f92e4ac2a05807edf182.php 第 85 行.
NOTIC: [8] Undefined variable: width G:\XA\htdocs\cargo\home\Runtime\Cache\Home\8d06f1fa3da2f92e4ac2a05807edf182.php 第 86 行.
NOTIC: [8] Undefined variable: height G:\XA\htdocs\cargo\home\Runtime\Cache\Home\8d06f1fa3da2f92e4ac2a05807edf182.php 第 87 行.
NOTIC: [8] Undefined variable: door G:\XA\htdocs\cargo\home\Runtime\Cache\Home\8d06f1fa3da2f92e4ac2a05807edf182.php 第 90 行.
NOTIC: [8] Undefined variable: weight G:\XA\htdocs\cargo\home\Runtime\Cache\Home\8d06f1fa3da2f92e4ac2a05807edf182.php 第 91 行.
NOTIC: [8] Undefined variable: wheelbase G:\XA\htdocs\cargo\home\Runtime\Cache\Home\8d06f1fa3da2f92e4ac2a05807edf182.php 第 92 行.
NOTIC: [8] Undefined variable: fuelTank G:\XA\htdocs\cargo\home\Runtime\Cache\Home\8d06f1fa3da2f92e4ac2a05807edf182.php 第 95 行.
NOTIC: [8] Undefined variable: trunkSpace G:\XA\htdocs\cargo\home\Runtime\Cache\Home\8d06f1fa3da2f92e4ac2a05807edf182.php 第 96 行.
NOTIC: [8] Undefined variable: groundClearance G:\XA\htdocs\cargo\home\Runtime\Cache\Home\8d06f1fa3da2f92e4ac2a05807edf182.php 第 99 行.
NOTIC: [8] Undefined variable: guarantee G:\XA\htdocs\cargo\home\Runtime\Cache\Home\8d06f1fa3da2f92e4ac2a05807edf182.php 第 100 行.
NOTIC: [8] Undefined variable: gearbox G:\XA\htdocs\cargo\home\Runtime\Cache\Home\8d06f1fa3da2f92e4ac2a05807edf182.php 第 107 行.
NOTIC: [8] Undefined variable: maxSpeed G:\XA\htdocs\cargo\home\Runtime\Cache\Home\8d06f1fa3da2f92e4ac2a05807edf182.php 第 108 行.
NOTIC: [8] Undefined variable: tyre G:\XA\htdocs\cargo\home\Runtime\Cache\Home\8d06f1fa3da2f92e4ac2a05807edf182.php 第 109 行.
NOTIC: [8] Undefined variable: gearNum G:\XA\htdocs\cargo\home\Runtime\Cache\Home\8d06f1fa3da2f92e4ac2a05807edf182.php 第 112 行.
NOTIC: [8] Undefined variable: driveType G:\XA\htdocs\cargo\home\Runtime\Cache\Home\8d06f1fa3da2f92e4ac2a05807edf182.php 第 113 行.
NOTIC: [8] Undefined variable: resistanceType G:\XA\htdocs\cargo\home\Runtime\Cache\Home\8d06f1fa3da2f92e4ac2a05807edf182.php 第 114 行.
NOTIC: [8] Undefined variable: displacement G:\XA\htdocs\cargo\home\Runtime\Cache\Home\8d06f1fa3da2f92e4ac2a05807edf182.php 第 122 行.
NOTIC: [8] Undefined variable: intake G:\XA\htdocs\cargo\home\Runtime\Cache\Home\8d06f1fa3da2f92e4ac2a05807edf182.php 第 123 行.
NOTIC: [8] Undefined variable: cylinder G:\XA\htdocs\cargo\home\Runtime\Cache\Home\8d06f1fa3da2f92e4ac2a05807edf182.php 第 124 行.
NOTIC: [8] Undefined variable: maxPower G:\XA\htdocs\cargo\home\Runtime\Cache\Home\8d06f1fa3da2f92e4ac2a05807edf182.php 第 127 行.
NOTIC: [8] Undefined variable: maxTorque G:\XA\htdocs\cargo\home\Runtime\Cache\Home\8d06f1fa3da2f92e4ac2a05807edf182.php 第 128 行.
NOTIC: [8] Undefined variable: fuelLabel G:\XA\htdocs\cargo\home\Runtime\Cache\Home\8d06f1fa3da2f92e4ac2a05807edf182.php 第 129 行.
NOTIC: [8] Undefined variable: oilFeed G:\XA\htdocs\cargo\home\Runtime\Cache\Home\8d06f1fa3da2f92e4ac2a05807edf182.php 第 132 行.
NOTIC: [8] Undefined variable: environmental G:\XA\htdocs\cargo\home\Runtime\Cache\Home\8d06f1fa3da2f92e4ac2a05807edf182.php 第 133 行.
INFO: Run Behavior\ParseTemplateBehavior [ RunTime:0.273016s ]
INFO: [ view_parse ] --END-- [ RunTime:0.273016s ]
INFO: [ view_filter ] --START--
INFO: Run Behavior\WriteHtmlCacheBehavior [ RunTime:0.033001s ]
INFO: [ view_filter ] --END-- [ RunTime:0.034002s ]
INFO: [ app_end ] --START--
INFO: Run Behavior\ShowPageTraceBehavior [ RunTime:0.022001s ]
INFO: [ app_end ] --END-- [ RunTime:0.022001s ]

[ 2015-05-20T00:04:53+08:00 ] 127.0.0.1 /cargo/index.php/Home/Main/SingleCar.html
INFO: [ app_init ] --START--
INFO: Run Behavior\BuildLiteBehavior [ RunTime:0.000000s ]
INFO: [ app_init ] --END-- [ RunTime:0.002000s ]
INFO: [ app_begin ] --START--
INFO: Run Behavior\ReadHtmlCacheBehavior [ RunTime:0.005000s ]
INFO: [ app_begin ] --END-- [ RunTime:0.005000s ]
NOTIC: [2] Missing argument 1 for Think\Controller::assign(), called in G:\XA\htdocs\cargo\home\Home\Controller\MainController.class.php on line 13 and defined G:\XA\htdocs\cargo\ThinkPHP\Library\Think\Controller.class.php 第 121 行.
NOTIC: [8] Undefined variable: name G:\XA\htdocs\cargo\ThinkPHP\Library\Think\Controller.class.php 第 122 行.
INFO: [ view_parse ] --START--
INFO: [ template_filter ] --START--
INFO: Run Behavior\ContentReplaceBehavior [ RunTime:0.000000s ]
INFO: [ template_filter ] --END-- [ RunTime:0.000000s ]
NOTIC: [8] Undefined variable: description G:\XA\htdocs\cargo\home\Runtime\Cache\Home\8d06f1fa3da2f92e4ac2a05807edf182.php 第 42 行.
NOTIC: [8] Undefined variable: car G:\XA\htdocs\cargo\home\Runtime\Cache\Home\8d06f1fa3da2f92e4ac2a05807edf182.php 第 43 行.
NOTIC: [8] Undefined variable: stock G:\XA\htdocs\cargo\home\Runtime\Cache\Home\8d06f1fa3da2f92e4ac2a05807edf182.php 第 44 行.
NOTIC: [8] Undefined variable: car G:\XA\htdocs\cargo\home\Runtime\Cache\Home\8d06f1fa3da2f92e4ac2a05807edf182.php 第 46 行.
NOTIC: [8] Undefined variable: brand G:\XA\htdocs\cargo\home\Runtime\Cache\Home\8d06f1fa3da2f92e4ac2a05807edf182.php 第 69 行.
NOTIC: [8] Undefined variable: model G:\XA\htdocs\cargo\home\Runtime\Cache\Home\8d06f1fa3da2f92e4ac2a05807edf182.php 第 70 行.
NOTIC: [8] Undefined variable: type G:\XA\htdocs\cargo\home\Runtime\Cache\Home\8d06f1fa3da2f92e4ac2a05807edf182.php 第 73 行.
NOTIC: [8] Undefined variable: stock G:\XA\htdocs\cargo\home\Runtime\Cache\Home\8d06f1fa3da2f92e4ac2a05807edf182.php 第 74 行.
NOTIC: [8] Undefined variable: city G:\XA\htdocs\cargo\home\Runtime\Cache\Home\8d06f1fa3da2f92e4ac2a05807edf182.php 第 77 行.
NOTIC: [8] Undefined variable: account G:\XA\htdocs\cargo\home\Runtime\Cache\Home\8d06f1fa3da2f92e4ac2a05807edf182.php 第 78 行.
NOTIC: [8] Undefined variable: length G:\XA\htdocs\cargo\home\Runtime\Cache\Home\8d06f1fa3da2f92e4ac2a05807edf182.php 第 85 行.
NOTIC: [8] Undefined variable: width G:\XA\htdocs\cargo\home\Runtime\Cache\Home\8d06f1fa3da2f92e4ac2a05807edf182.php 第 86 行.
NOTIC: [8] Undefined variable: height G:\XA\htdocs\cargo\home\Runtime\Cache\Home\8d06f1fa3da2f92e4ac2a05807edf182.php 第 87 行.
NOTIC: [8] Undefined variable: door G:\XA\htdocs\cargo\home\Runtime\Cache\Home\8d06f1fa3da2f92e4ac2a05807edf182.php 第 90 行.
NOTIC: [8] Undefined variable: weight G:\XA\htdocs\cargo\home\Runtime\Cache\Home\8d06f1fa3da2f92e4ac2a05807edf182.php 第 91 行.
NOTIC: [8] Undefined variable: wheelbase G:\XA\htdocs\cargo\home\Runtime\Cache\Home\8d06f1fa3da2f92e4ac2a05807edf182.php 第 92 行.
NOTIC: [8] Undefined variable: fuelTank G:\XA\htdocs\cargo\home\Runtime\Cache\Home\8d06f1fa3da2f92e4ac2a05807edf182.php 第 95 行.
NOTIC: [8] Undefined variable: trunkSpace G:\XA\htdocs\cargo\home\Runtime\Cache\Home\8d06f1fa3da2f92e4ac2a05807edf182.php 第 96 行.
NOTIC: [8] Undefined variable: groundClearance G:\XA\htdocs\cargo\home\Runtime\Cache\Home\8d06f1fa3da2f92e4ac2a05807edf182.php 第 99 行.
NOTIC: [8] Undefined variable: guarantee G:\XA\htdocs\cargo\home\Runtime\Cache\Home\8d06f1fa3da2f92e4ac2a05807edf182.php 第 100 行.
NOTIC: [8] Undefined variable: gearbox G:\XA\htdocs\cargo\home\Runtime\Cache\Home\8d06f1fa3da2f92e4ac2a05807edf182.php 第 107 行.
NOTIC: [8] Undefined variable: maxSpeed G:\XA\htdocs\cargo\home\Runtime\Cache\Home\8d06f1fa3da2f92e4ac2a05807edf182.php 第 108 行.
NOTIC: [8] Undefined variable: tyre G:\XA\htdocs\cargo\home\Runtime\Cache\Home\8d06f1fa3da2f92e4ac2a05807edf182.php 第 109 行.
NOTIC: [8] Undefined variable: gearNum G:\XA\htdocs\cargo\home\Runtime\Cache\Home\8d06f1fa3da2f92e4ac2a05807edf182.php 第 112 行.
NOTIC: [8] Undefined variable: driveType G:\XA\htdocs\cargo\home\Runtime\Cache\Home\8d06f1fa3da2f92e4ac2a05807edf182.php 第 113 行.
NOTIC: [8] Undefined variable: resistanceType G:\XA\htdocs\cargo\home\Runtime\Cache\Home\8d06f1fa3da2f92e4ac2a05807edf182.php 第 114 行.
NOTIC: [8] Undefined variable: displacement G:\XA\htdocs\cargo\home\Runtime\Cache\Home\8d06f1fa3da2f92e4ac2a05807edf182.php 第 122 行.
NOTIC: [8] Undefined variable: intake G:\XA\htdocs\cargo\home\Runtime\Cache\Home\8d06f1fa3da2f92e4ac2a05807edf182.php 第 123 行.
NOTIC: [8] Undefined variable: cylinder G:\XA\htdocs\cargo\home\Runtime\Cache\Home\8d06f1fa3da2f92e4ac2a05807edf182.php 第 124 行.
NOTIC: [8] Undefined variable: maxPower G:\XA\htdocs\cargo\home\Runtime\Cache\Home\8d06f1fa3da2f92e4ac2a05807edf182.php 第 127 行.
NOTIC: [8] Undefined variable: maxTorque G:\XA\htdocs\cargo\home\Runtime\Cache\Home\8d06f1fa3da2f92e4ac2a05807edf182.php 第 128 行.
NOTIC: [8] Undefined variable: fuelLabel G:\XA\htdocs\cargo\home\Runtime\Cache\Home\8d06f1fa3da2f92e4ac2a05807edf182.php 第 129 行.
NOTIC: [8] Undefined variable: oilFeed G:\XA\htdocs\cargo\home\Runtime\Cache\Home\8d06f1fa3da2f92e4ac2a05807edf182.php 第 132 行.
NOTIC: [8] Undefined variable: environmental G:\XA\htdocs\cargo\home\Runtime\Cache\Home\8d06f1fa3da2f92e4ac2a05807edf182.php 第 133 行.
INFO: Run Behavior\ParseTemplateBehavior [ RunTime:0.044003s ]
INFO: [ view_parse ] --END-- [ RunTime:0.044003s ]
INFO: [ view_filter ] --START--
INFO: Run Behavior\WriteHtmlCacheBehavior [ RunTime:0.001000s ]
INFO: [ view_filter ] --END-- [ RunTime:0.002000s ]
INFO: [ app_end ] --START--
INFO: Run Behavior\ShowPageTraceBehavior [ RunTime:0.002000s ]
INFO: [ app_end ] --END-- [ RunTime:0.002000s ]

[ 2015-05-20T00:04:55+08:00 ] 127.0.0.1 /cargo/index.php/Home/Main/SingleCar.html
INFO: [ app_init ] --START--
INFO: Run Behavior\BuildLiteBehavior [ RunTime:0.000000s ]
INFO: [ app_init ] --END-- [ RunTime:0.002000s ]
INFO: [ app_begin ] --START--
INFO: Run Behavior\ReadHtmlCacheBehavior [ RunTime:0.002000s ]
INFO: [ app_begin ] --END-- [ RunTime:0.003000s ]
NOTIC: [2] Missing argument 1 for Think\Controller::assign(), called in G:\XA\htdocs\cargo\home\Home\Controller\MainController.class.php on line 13 and defined G:\XA\htdocs\cargo\ThinkPHP\Library\Think\Controller.class.php 第 121 行.
NOTIC: [8] Undefined variable: name G:\XA\htdocs\cargo\ThinkPHP\Library\Think\Controller.class.php 第 122 行.
INFO: [ view_parse ] --START--
INFO: [ template_filter ] --START--
INFO: Run Behavior\ContentReplaceBehavior [ RunTime:0.000000s ]
INFO: [ template_filter ] --END-- [ RunTime:0.000000s ]
NOTIC: [8] Undefined variable: description G:\XA\htdocs\cargo\home\Runtime\Cache\Home\8d06f1fa3da2f92e4ac2a05807edf182.php 第 42 行.
NOTIC: [8] Undefined variable: car G:\XA\htdocs\cargo\home\Runtime\Cache\Home\8d06f1fa3da2f92e4ac2a05807edf182.php 第 43 行.
NOTIC: [8] Undefined variable: stock G:\XA\htdocs\cargo\home\Runtime\Cache\Home\8d06f1fa3da2f92e4ac2a05807edf182.php 第 44 行.
NOTIC: [8] Undefined variable: car G:\XA\htdocs\cargo\home\Runtime\Cache\Home\8d06f1fa3da2f92e4ac2a05807edf182.php 第 46 行.
NOTIC: [8] Undefined variable: brand G:\XA\htdocs\cargo\home\Runtime\Cache\Home\8d06f1fa3da2f92e4ac2a05807edf182.php 第 69 行.
NOTIC: [8] Undefined variable: model G:\XA\htdocs\cargo\home\Runtime\Cache\Home\8d06f1fa3da2f92e4ac2a05807edf182.php 第 70 行.
NOTIC: [8] Undefined variable: type G:\XA\htdocs\cargo\home\Runtime\Cache\Home\8d06f1fa3da2f92e4ac2a05807edf182.php 第 73 行.
NOTIC: [8] Undefined variable: stock G:\XA\htdocs\cargo\home\Runtime\Cache\Home\8d06f1fa3da2f92e4ac2a05807edf182.php 第 74 行.
NOTIC: [8] Undefined variable: city G:\XA\htdocs\cargo\home\Runtime\Cache\Home\8d06f1fa3da2f92e4ac2a05807edf182.php 第 77 行.
NOTIC: [8] Undefined variable: account G:\XA\htdocs\cargo\home\Runtime\Cache\Home\8d06f1fa3da2f92e4ac2a05807edf182.php 第 78 行.
NOTIC: [8] Undefined variable: length G:\XA\htdocs\cargo\home\Runtime\Cache\Home\8d06f1fa3da2f92e4ac2a05807edf182.php 第 85 行.
NOTIC: [8] Undefined variable: width G:\XA\htdocs\cargo\home\Runtime\Cache\Home\8d06f1fa3da2f92e4ac2a05807edf182.php 第 86 行.
NOTIC: [8] Undefined variable: height G:\XA\htdocs\cargo\home\Runtime\Cache\Home\8d06f1fa3da2f92e4ac2a05807edf182.php 第 87 行.
NOTIC: [8] Undefined variable: door G:\XA\htdocs\cargo\home\Runtime\Cache\Home\8d06f1fa3da2f92e4ac2a05807edf182.php 第 90 行.
NOTIC: [8] Undefined variable: weight G:\XA\htdocs\cargo\home\Runtime\Cache\Home\8d06f1fa3da2f92e4ac2a05807edf182.php 第 91 行.
NOTIC: [8] Undefined variable: wheelbase G:\XA\htdocs\cargo\home\Runtime\Cache\Home\8d06f1fa3da2f92e4ac2a05807edf182.php 第 92 行.
NOTIC: [8] Undefined variable: fuelTank G:\XA\htdocs\cargo\home\Runtime\Cache\Home\8d06f1fa3da2f92e4ac2a05807edf182.php 第 95 行.
NOTIC: [8] Undefined variable: trunkSpace G:\XA\htdocs\cargo\home\Runtime\Cache\Home\8d06f1fa3da2f92e4ac2a05807edf182.php 第 96 行.
NOTIC: [8] Undefined variable: groundClearance G:\XA\htdocs\cargo\home\Runtime\Cache\Home\8d06f1fa3da2f92e4ac2a05807edf182.php 第 99 行.
NOTIC: [8] Undefined variable: guarantee G:\XA\htdocs\cargo\home\Runtime\Cache\Home\8d06f1fa3da2f92e4ac2a05807edf182.php 第 100 行.
NOTIC: [8] Undefined variable: gearbox G:\XA\htdocs\cargo\home\Runtime\Cache\Home\8d06f1fa3da2f92e4ac2a05807edf182.php 第 107 行.
NOTIC: [8] Undefined variable: maxSpeed G:\XA\htdocs\cargo\home\Runtime\Cache\Home\8d06f1fa3da2f92e4ac2a05807edf182.php 第 108 行.
NOTIC: [8] Undefined variable: tyre G:\XA\htdocs\cargo\home\Runtime\Cache\Home\8d06f1fa3da2f92e4ac2a05807edf182.php 第 109 行.
NOTIC: [8] Undefined variable: gearNum G:\XA\htdocs\cargo\home\Runtime\Cache\Home\8d06f1fa3da2f92e4ac2a05807edf182.php 第 112 行.
NOTIC: [8] Undefined variable: driveType G:\XA\htdocs\cargo\home\Runtime\Cache\Home\8d06f1fa3da2f92e4ac2a05807edf182.php 第 113 行.
NOTIC: [8] Undefined variable: resistanceType G:\XA\htdocs\cargo\home\Runtime\Cache\Home\8d06f1fa3da2f92e4ac2a05807edf182.php 第 114 行.
NOTIC: [8] Undefined variable: displacement G:\XA\htdocs\cargo\home\Runtime\Cache\Home\8d06f1fa3da2f92e4ac2a05807edf182.php 第 122 行.
NOTIC: [8] Undefined variable: intake G:\XA\htdocs\cargo\home\Runtime\Cache\Home\8d06f1fa3da2f92e4ac2a05807edf182.php 第 123 行.
NOTIC: [8] Undefined variable: cylinder G:\XA\htdocs\cargo\home\Runtime\Cache\Home\8d06f1fa3da2f92e4ac2a05807edf182.php 第 124 行.
NOTIC: [8] Undefined variable: maxPower G:\XA\htdocs\cargo\home\Runtime\Cache\Home\8d06f1fa3da2f92e4ac2a05807edf182.php 第 127 行.
NOTIC: [8] Undefined variable: maxTorque G:\XA\htdocs\cargo\home\Runtime\Cache\Home\8d06f1fa3da2f92e4ac2a05807edf182.php 第 128 行.
NOTIC: [8] Undefined variable: fuelLabel G:\XA\htdocs\cargo\home\Runtime\Cache\Home\8d06f1fa3da2f92e4ac2a05807edf182.php 第 129 行.
NOTIC: [8] Undefined variable: oilFeed G:\XA\htdocs\cargo\home\Runtime\Cache\Home\8d06f1fa3da2f92e4ac2a05807edf182.php 第 132 行.
NOTIC: [8] Undefined variable: environmental G:\XA\htdocs\cargo\home\Runtime\Cache\Home\8d06f1fa3da2f92e4ac2a05807edf182.php 第 133 行.
INFO: Run Behavior\ParseTemplateBehavior [ RunTime:0.115006s ]
INFO: [ view_parse ] --END-- [ RunTime:0.115006s ]
INFO: [ view_filter ] --START--
INFO: Run Behavior\WriteHtmlCacheBehavior [ RunTime:0.002001s ]
INFO: [ view_filter ] --END-- [ RunTime:0.002001s ]
INFO: [ app_end ] --START--
INFO: Run Behavior\ShowPageTraceBehavior [ RunTime:0.004000s ]
INFO: [ app_end ] --END-- [ RunTime:0.004000s ]

[ 2015-05-20T00:04:57+08:00 ] 127.0.0.1 /cargo/index.php/Home/Main/SingleCar.html
INFO: [ app_init ] --START--
INFO: Run Behavior\BuildLiteBehavior [ RunTime:0.000000s ]
INFO: [ app_init ] --END-- [ RunTime:0.002000s ]
INFO: [ app_begin ] --START--
INFO: Run Behavior\ReadHtmlCacheBehavior [ RunTime:0.003000s ]
INFO: [ app_begin ] --END-- [ RunTime:0.003000s ]
NOTIC: [2] Missing argument 1 for Think\Controller::assign(), called in G:\XA\htdocs\cargo\home\Home\Controller\MainController.class.php on line 13 and defined G:\XA\htdocs\cargo\ThinkPHP\Library\Think\Controller.class.php 第 121 行.
NOTIC: [8] Undefined variable: name G:\XA\htdocs\cargo\ThinkPHP\Library\Think\Controller.class.php 第 122 行.
INFO: [ view_parse ] --START--
INFO: [ template_filter ] --START--
INFO: Run Behavior\ContentReplaceBehavior [ RunTime:0.001000s ]
INFO: [ template_filter ] --END-- [ RunTime:0.001000s ]
NOTIC: [8] Undefined variable: description G:\XA\htdocs\cargo\home\Runtime\Cache\Home\8d06f1fa3da2f92e4ac2a05807edf182.php 第 42 行.
NOTIC: [8] Undefined variable: car G:\XA\htdocs\cargo\home\Runtime\Cache\Home\8d06f1fa3da2f92e4ac2a05807edf182.php 第 43 行.
NOTIC: [8] Undefined variable: stock G:\XA\htdocs\cargo\home\Runtime\Cache\Home\8d06f1fa3da2f92e4ac2a05807edf182.php 第 44 行.
NOTIC: [8] Undefined variable: car G:\XA\htdocs\cargo\home\Runtime\Cache\Home\8d06f1fa3da2f92e4ac2a05807edf182.php 第 46 行.
NOTIC: [8] Undefined variable: brand G:\XA\htdocs\cargo\home\Runtime\Cache\Home\8d06f1fa3da2f92e4ac2a05807edf182.php 第 69 行.
NOTIC: [8] Undefined variable: model G:\XA\htdocs\cargo\home\Runtime\Cache\Home\8d06f1fa3da2f92e4ac2a05807edf182.php 第 70 行.
NOTIC: [8] Undefined variable: type G:\XA\htdocs\cargo\home\Runtime\Cache\Home\8d06f1fa3da2f92e4ac2a05807edf182.php 第 73 行.
NOTIC: [8] Undefined variable: stock G:\XA\htdocs\cargo\home\Runtime\Cache\Home\8d06f1fa3da2f92e4ac2a05807edf182.php 第 74 行.
NOTIC: [8] Undefined variable: city G:\XA\htdocs\cargo\home\Runtime\Cache\Home\8d06f1fa3da2f92e4ac2a05807edf182.php 第 77 行.
NOTIC: [8] Undefined variable: account G:\XA\htdocs\cargo\home\Runtime\Cache\Home\8d06f1fa3da2f92e4ac2a05807edf182.php 第 78 行.
NOTIC: [8] Undefined variable: length G:\XA\htdocs\cargo\home\Runtime\Cache\Home\8d06f1fa3da2f92e4ac2a05807edf182.php 第 85 行.
NOTIC: [8] Undefined variable: width G:\XA\htdocs\cargo\home\Runtime\Cache\Home\8d06f1fa3da2f92e4ac2a05807edf182.php 第 86 行.
NOTIC: [8] Undefined variable: height G:\XA\htdocs\cargo\home\Runtime\Cache\Home\8d06f1fa3da2f92e4ac2a05807edf182.php 第 87 行.
NOTIC: [8] Undefined variable: door G:\XA\htdocs\cargo\home\Runtime\Cache\Home\8d06f1fa3da2f92e4ac2a05807edf182.php 第 90 行.
NOTIC: [8] Undefined variable: weight G:\XA\htdocs\cargo\home\Runtime\Cache\Home\8d06f1fa3da2f92e4ac2a05807edf182.php 第 91 行.
NOTIC: [8] Undefined variable: wheelbase G:\XA\htdocs\cargo\home\Runtime\Cache\Home\8d06f1fa3da2f92e4ac2a05807edf182.php 第 92 行.
NOTIC: [8] Undefined variable: fuelTank G:\XA\htdocs\cargo\home\Runtime\Cache\Home\8d06f1fa3da2f92e4ac2a05807edf182.php 第 95 行.
NOTIC: [8] Undefined variable: trunkSpace G:\XA\htdocs\cargo\home\Runtime\Cache\Home\8d06f1fa3da2f92e4ac2a05807edf182.php 第 96 行.
NOTIC: [8] Undefined variable: groundClearance G:\XA\htdocs\cargo\home\Runtime\Cache\Home\8d06f1fa3da2f92e4ac2a05807edf182.php 第 99 行.
NOTIC: [8] Undefined variable: guarantee G:\XA\htdocs\cargo\home\Runtime\Cache\Home\8d06f1fa3da2f92e4ac2a05807edf182.php 第 100 行.
NOTIC: [8] Undefined variable: gearbox G:\XA\htdocs\cargo\home\Runtime\Cache\Home\8d06f1fa3da2f92e4ac2a05807edf182.php 第 107 行.
NOTIC: [8] Undefined variable: maxSpeed G:\XA\htdocs\cargo\home\Runtime\Cache\Home\8d06f1fa3da2f92e4ac2a05807edf182.php 第 108 行.
NOTIC: [8] Undefined variable: tyre G:\XA\htdocs\cargo\home\Runtime\Cache\Home\8d06f1fa3da2f92e4ac2a05807edf182.php 第 109 行.
NOTIC: [8] Undefined variable: gearNum G:\XA\htdocs\cargo\home\Runtime\Cache\Home\8d06f1fa3da2f92e4ac2a05807edf182.php 第 112 行.
NOTIC: [8] Undefined variable: driveType G:\XA\htdocs\cargo\home\Runtime\Cache\Home\8d06f1fa3da2f92e4ac2a05807edf182.php 第 113 行.
NOTIC: [8] Undefined variable: resistanceType G:\XA\htdocs\cargo\home\Runtime\Cache\Home\8d06f1fa3da2f92e4ac2a05807edf182.php 第 114 行.
NOTIC: [8] Undefined variable: displacement G:\XA\htdocs\cargo\home\Runtime\Cache\Home\8d06f1fa3da2f92e4ac2a05807edf182.php 第 122 行.
NOTIC: [8] Undefined variable: intake G:\XA\htdocs\cargo\home\Runtime\Cache\Home\8d06f1fa3da2f92e4ac2a05807edf182.php 第 123 行.
NOTIC: [8] Undefined variable: cylinder G:\XA\htdocs\cargo\home\Runtime\Cache\Home\8d06f1fa3da2f92e4ac2a05807edf182.php 第 124 行.
NOTIC: [8] Undefined variable: maxPower G:\XA\htdocs\cargo\home\Runtime\Cache\Home\8d06f1fa3da2f92e4ac2a05807edf182.php 第 127 行.
NOTIC: [8] Undefined variable: maxTorque G:\XA\htdocs\cargo\home\Runtime\Cache\Home\8d06f1fa3da2f92e4ac2a05807edf182.php 第 128 行.
NOTIC: [8] Undefined variable: fuelLabel G:\XA\htdocs\cargo\home\Runtime\Cache\Home\8d06f1fa3da2f92e4ac2a05807edf182.php 第 129 行.
NOTIC: [8] Undefined variable: oilFeed G:\XA\htdocs\cargo\home\Runtime\Cache\Home\8d06f1fa3da2f92e4ac2a05807edf182.php 第 132 行.
NOTIC: [8] Undefined variable: environmental G:\XA\htdocs\cargo\home\Runtime\Cache\Home\8d06f1fa3da2f92e4ac2a05807edf182.php 第 133 行.
INFO: Run Behavior\ParseTemplateBehavior [ RunTime:0.065003s ]
INFO: [ view_parse ] --END-- [ RunTime:0.065003s ]
INFO: [ view_filter ] --START--
INFO: Run Behavior\WriteHtmlCacheBehavior [ RunTime:0.002000s ]
INFO: [ view_filter ] --END-- [ RunTime:0.002000s ]
INFO: [ app_end ] --START--
INFO: Run Behavior\ShowPageTraceBehavior [ RunTime:0.002001s ]
INFO: [ app_end ] --END-- [ RunTime:0.003001s ]

[ 2015-05-20T00:04:58+08:00 ] 127.0.0.1 /cargo/index.php/Home/Main/SingleCar.html
INFO: [ app_init ] --START--
INFO: Run Behavior\BuildLiteBehavior [ RunTime:0.000000s ]
INFO: [ app_init ] --END-- [ RunTime:0.002000s ]
INFO: [ app_begin ] --START--
INFO: Run Behavior\ReadHtmlCacheBehavior [ RunTime:0.003001s ]
INFO: [ app_begin ] --END-- [ RunTime:0.003001s ]
NOTIC: [2] Missing argument 1 for Think\Controller::assign(), called in G:\XA\htdocs\cargo\home\Home\Controller\MainController.class.php on line 13 and defined G:\XA\htdocs\cargo\ThinkPHP\Library\Think\Controller.class.php 第 121 行.
NOTIC: [8] Undefined variable: name G:\XA\htdocs\cargo\ThinkPHP\Library\Think\Controller.class.php 第 122 行.
INFO: [ view_parse ] --START--
INFO: [ template_filter ] --START--
INFO: Run Behavior\ContentReplaceBehavior [ RunTime:0.000000s ]
INFO: [ template_filter ] --END-- [ RunTime:0.000000s ]
NOTIC: [8] Undefined variable: description G:\XA\htdocs\cargo\home\Runtime\Cache\Home\8d06f1fa3da2f92e4ac2a05807edf182.php 第 42 行.
NOTIC: [8] Undefined variable: car G:\XA\htdocs\cargo\home\Runtime\Cache\Home\8d06f1fa3da2f92e4ac2a05807edf182.php 第 43 行.
NOTIC: [8] Undefined variable: stock G:\XA\htdocs\cargo\home\Runtime\Cache\Home\8d06f1fa3da2f92e4ac2a05807edf182.php 第 44 行.
NOTIC: [8] Undefined variable: car G:\XA\htdocs\cargo\home\Runtime\Cache\Home\8d06f1fa3da2f92e4ac2a05807edf182.php 第 46 行.
NOTIC: [8] Undefined variable: brand G:\XA\htdocs\cargo\home\Runtime\Cache\Home\8d06f1fa3da2f92e4ac2a05807edf182.php 第 69 行.
NOTIC: [8] Undefined variable: model G:\XA\htdocs\cargo\home\Runtime\Cache\Home\8d06f1fa3da2f92e4ac2a05807edf182.php 第 70 行.
NOTIC: [8] Undefined variable: type G:\XA\htdocs\cargo\home\Runtime\Cache\Home\8d06f1fa3da2f92e4ac2a05807edf182.php 第 73 行.
NOTIC: [8] Undefined variable: stock G:\XA\htdocs\cargo\home\Runtime\Cache\Home\8d06f1fa3da2f92e4ac2a05807edf182.php 第 74 行.
NOTIC: [8] Undefined variable: city G:\XA\htdocs\cargo\home\Runtime\Cache\Home\8d06f1fa3da2f92e4ac2a05807edf182.php 第 77 行.
NOTIC: [8] Undefined variable: account G:\XA\htdocs\cargo\home\Runtime\Cache\Home\8d06f1fa3da2f92e4ac2a05807edf182.php 第 78 行.
NOTIC: [8] Undefined variable: length G:\XA\htdocs\cargo\home\Runtime\Cache\Home\8d06f1fa3da2f92e4ac2a05807edf182.php 第 85 行.
NOTIC: [8] Undefined variable: width G:\XA\htdocs\cargo\home\Runtime\Cache\Home\8d06f1fa3da2f92e4ac2a05807edf182.php 第 86 行.
NOTIC: [8] Undefined variable: height G:\XA\htdocs\cargo\home\Runtime\Cache\Home\8d06f1fa3da2f92e4ac2a05807edf182.php 第 87 行.
NOTIC: [8] Undefined variable: door G:\XA\htdocs\cargo\home\Runtime\Cache\Home\8d06f1fa3da2f92e4ac2a05807edf182.php 第 90 行.
NOTIC: [8] Undefined variable: weight G:\XA\htdocs\cargo\home\Runtime\Cache\Home\8d06f1fa3da2f92e4ac2a05807edf182.php 第 91 行.
NOTIC: [8] Undefined variable: wheelbase G:\XA\htdocs\cargo\home\Runtime\Cache\Home\8d06f1fa3da2f92e4ac2a05807edf182.php 第 92 行.
NOTIC: [8] Undefined variable: fuelTank G:\XA\htdocs\cargo\home\Runtime\Cache\Home\8d06f1fa3da2f92e4ac2a05807edf182.php 第 95 行.
NOTIC: [8] Undefined variable: trunkSpace G:\XA\htdocs\cargo\home\Runtime\Cache\Home\8d06f1fa3da2f92e4ac2a05807edf182.php 第 96 行.
NOTIC: [8] Undefined variable: groundClearance G:\XA\htdocs\cargo\home\Runtime\Cache\Home\8d06f1fa3da2f92e4ac2a05807edf182.php 第 99 行.
NOTIC: [8] Undefined variable: guarantee G:\XA\htdocs\cargo\home\Runtime\Cache\Home\8d06f1fa3da2f92e4ac2a05807edf182.php 第 100 行.
NOTIC: [8] Undefined variable: gearbox G:\XA\htdocs\cargo\home\Runtime\Cache\Home\8d06f1fa3da2f92e4ac2a05807edf182.php 第 107 行.
NOTIC: [8] Undefined variable: maxSpeed G:\XA\htdocs\cargo\home\Runtime\Cache\Home\8d06f1fa3da2f92e4ac2a05807edf182.php 第 108 行.
NOTIC: [8] Undefined variable: tyre G:\XA\htdocs\cargo\home\Runtime\Cache\Home\8d06f1fa3da2f92e4ac2a05807edf182.php 第 109 行.
NOTIC: [8] Undefined variable: gearNum G:\XA\htdocs\cargo\home\Runtime\Cache\Home\8d06f1fa3da2f92e4ac2a05807edf182.php 第 112 行.
NOTIC: [8] Undefined variable: driveType G:\XA\htdocs\cargo\home\Runtime\Cache\Home\8d06f1fa3da2f92e4ac2a05807edf182.php 第 113 行.
NOTIC: [8] Undefined variable: resistanceType G:\XA\htdocs\cargo\home\Runtime\Cache\Home\8d06f1fa3da2f92e4ac2a05807edf182.php 第 114 行.
NOTIC: [8] Undefined variable: displacement G:\XA\htdocs\cargo\home\Runtime\Cache\Home\8d06f1fa3da2f92e4ac2a05807edf182.php 第 122 行.
NOTIC: [8] Undefined variable: intake G:\XA\htdocs\cargo\home\Runtime\Cache\Home\8d06f1fa3da2f92e4ac2a05807edf182.php 第 123 行.
NOTIC: [8] Undefined variable: cylinder G:\XA\htdocs\cargo\home\Runtime\Cache\Home\8d06f1fa3da2f92e4ac2a05807edf182.php 第 124 行.
NOTIC: [8] Undefined variable: maxPower G:\XA\htdocs\cargo\home\Runtime\Cache\Home\8d06f1fa3da2f92e4ac2a05807edf182.php 第 127 行.
NOTIC: [8] Undefined variable: maxTorque G:\XA\htdocs\cargo\home\Runtime\Cache\Home\8d06f1fa3da2f92e4ac2a05807edf182.php 第 128 行.
NOTIC: [8] Undefined variable: fuelLabel G:\XA\htdocs\cargo\home\Runtime\Cache\Home\8d06f1fa3da2f92e4ac2a05807edf182.php 第 129 行.
NOTIC: [8] Undefined variable: oilFeed G:\XA\htdocs\cargo\home\Runtime\Cache\Home\8d06f1fa3da2f92e4ac2a05807edf182.php 第 132 行.
NOTIC: [8] Undefined variable: environmental G:\XA\htdocs\cargo\home\Runtime\Cache\Home\8d06f1fa3da2f92e4ac2a05807edf182.php 第 133 行.
INFO: Run Behavior\ParseTemplateBehavior [ RunTime:0.064004s ]
INFO: [ view_parse ] --END-- [ RunTime:0.065004s ]
INFO: [ view_filter ] --START--
INFO: Run Behavior\WriteHtmlCacheBehavior [ RunTime:0.000000s ]
INFO: [ view_filter ] --END-- [ RunTime:0.000000s ]
INFO: [ app_end ] --START--
INFO: Run Behavior\ShowPageTraceBehavior [ RunTime:0.004000s ]
INFO: [ app_end ] --END-- [ RunTime:0.004000s ]

[ 2015-05-20T00:05:34+08:00 ] 127.0.0.1 /cargo/index.php/Home/Main/SingleCar.html
INFO: [ app_init ] --START--
INFO: Run Behavior\BuildLiteBehavior [ RunTime:0.001000s ]
INFO: [ app_init ] --END-- [ RunTime:0.002000s ]
INFO: [ app_begin ] --START--
INFO: Run Behavior\ReadHtmlCacheBehavior [ RunTime:0.002000s ]
INFO: [ app_begin ] --END-- [ RunTime:0.002000s ]
NOTIC: [2] Missing argument 1 for Think\Controller::assign(), called in G:\XA\htdocs\cargo\home\Home\Controller\MainController.class.php on line 13 and defined G:\XA\htdocs\cargo\ThinkPHP\Library\Think\Controller.class.php 第 121 行.
NOTIC: [8] Undefined variable: name G:\XA\htdocs\cargo\ThinkPHP\Library\Think\Controller.class.php 第 122 行.
INFO: [ view_parse ] --START--
INFO: [ template_filter ] --START--
INFO: Run Behavior\ContentReplaceBehavior [ RunTime:0.001000s ]
INFO: [ template_filter ] --END-- [ RunTime:0.001000s ]
NOTIC: [8] Undefined variable: description G:\XA\htdocs\cargo\home\Runtime\Cache\Home\8d06f1fa3da2f92e4ac2a05807edf182.php 第 42 行.
NOTIC: [8] Undefined variable: car G:\XA\htdocs\cargo\home\Runtime\Cache\Home\8d06f1fa3da2f92e4ac2a05807edf182.php 第 43 行.
NOTIC: [8] Undefined variable: stock G:\XA\htdocs\cargo\home\Runtime\Cache\Home\8d06f1fa3da2f92e4ac2a05807edf182.php 第 44 行.
NOTIC: [8] Undefined variable: car G:\XA\htdocs\cargo\home\Runtime\Cache\Home\8d06f1fa3da2f92e4ac2a05807edf182.php 第 46 行.
NOTIC: [8] Undefined variable: brand G:\XA\htdocs\cargo\home\Runtime\Cache\Home\8d06f1fa3da2f92e4ac2a05807edf182.php 第 69 行.
NOTIC: [8] Undefined variable: model G:\XA\htdocs\cargo\home\Runtime\Cache\Home\8d06f1fa3da2f92e4ac2a05807edf182.php 第 70 行.
NOTIC: [8] Undefined variable: type G:\XA\htdocs\cargo\home\Runtime\Cache\Home\8d06f1fa3da2f92e4ac2a05807edf182.php 第 73 行.
NOTIC: [8] Undefined variable: stock G:\XA\htdocs\cargo\home\Runtime\Cache\Home\8d06f1fa3da2f92e4ac2a05807edf182.php 第 74 行.
NOTIC: [8] Undefined variable: city G:\XA\htdocs\cargo\home\Runtime\Cache\Home\8d06f1fa3da2f92e4ac2a05807edf182.php 第 77 行.
NOTIC: [8] Undefined variable: account G:\XA\htdocs\cargo\home\Runtime\Cache\Home\8d06f1fa3da2f92e4ac2a05807edf182.php 第 78 行.
NOTIC: [8] Undefined variable: length G:\XA\htdocs\cargo\home\Runtime\Cache\Home\8d06f1fa3da2f92e4ac2a05807edf182.php 第 85 行.
NOTIC: [8] Undefined variable: width G:\XA\htdocs\cargo\home\Runtime\Cache\Home\8d06f1fa3da2f92e4ac2a05807edf182.php 第 86 行.
NOTIC: [8] Undefined variable: height G:\XA\htdocs\cargo\home\Runtime\Cache\Home\8d06f1fa3da2f92e4ac2a05807edf182.php 第 87 行.
NOTIC: [8] Undefined variable: door G:\XA\htdocs\cargo\home\Runtime\Cache\Home\8d06f1fa3da2f92e4ac2a05807edf182.php 第 90 行.
NOTIC: [8] Undefined variable: weight G:\XA\htdocs\cargo\home\Runtime\Cache\Home\8d06f1fa3da2f92e4ac2a05807edf182.php 第 91 行.
NOTIC: [8] Undefined variable: wheelbase G:\XA\htdocs\cargo\home\Runtime\Cache\Home\8d06f1fa3da2f92e4ac2a05807edf182.php 第 92 行.
NOTIC: [8] Undefined variable: fuelTank G:\XA\htdocs\cargo\home\Runtime\Cache\Home\8d06f1fa3da2f92e4ac2a05807edf182.php 第 95 行.
NOTIC: [8] Undefined variable: trunkSpace G:\XA\htdocs\cargo\home\Runtime\Cache\Home\8d06f1fa3da2f92e4ac2a05807edf182.php 第 96 行.
NOTIC: [8] Undefined variable: groundClearance G:\XA\htdocs\cargo\home\Runtime\Cache\Home\8d06f1fa3da2f92e4ac2a05807edf182.php 第 99 行.
NOTIC: [8] Undefined variable: guarantee G:\XA\htdocs\cargo\home\Runtime\Cache\Home\8d06f1fa3da2f92e4ac2a05807edf182.php 第 100 行.
NOTIC: [8] Undefined variable: gearbox G:\XA\htdocs\cargo\home\Runtime\Cache\Home\8d06f1fa3da2f92e4ac2a05807edf182.php 第 107 行.
NOTIC: [8] Undefined variable: maxSpeed G:\XA\htdocs\cargo\home\Runtime\Cache\Home\8d06f1fa3da2f92e4ac2a05807edf182.php 第 108 行.
NOTIC: [8] Undefined variable: tyre G:\XA\htdocs\cargo\home\Runtime\Cache\Home\8d06f1fa3da2f92e4ac2a05807edf182.php 第 109 行.
NOTIC: [8] Undefined variable: gearNum G:\XA\htdocs\cargo\home\Runtime\Cache\Home\8d06f1fa3da2f92e4ac2a05807edf182.php 第 112 行.
NOTIC: [8] Undefined variable: driveType G:\XA\htdocs\cargo\home\Runtime\Cache\Home\8d06f1fa3da2f92e4ac2a05807edf182.php 第 113 行.
NOTIC: [8] Undefined variable: resistanceType G:\XA\htdocs\cargo\home\Runtime\Cache\Home\8d06f1fa3da2f92e4ac2a05807edf182.php 第 114 行.
NOTIC: [8] Undefined variable: displacement G:\XA\htdocs\cargo\home\Runtime\Cache\Home\8d06f1fa3da2f92e4ac2a05807edf182.php 第 122 行.
NOTIC: [8] Undefined variable: intake G:\XA\htdocs\cargo\home\Runtime\Cache\Home\8d06f1fa3da2f92e4ac2a05807edf182.php 第 123 行.
NOTIC: [8] Undefined variable: cylinder G:\XA\htdocs\cargo\home\Runtime\Cache\Home\8d06f1fa3da2f92e4ac2a05807edf182.php 第 124 行.
NOTIC: [8] Undefined variable: maxPower G:\XA\htdocs\cargo\home\Runtime\Cache\Home\8d06f1fa3da2f92e4ac2a05807edf182.php 第 127 行.
NOTIC: [8] Undefined variable: maxTorque G:\XA\htdocs\cargo\home\Runtime\Cache\Home\8d06f1fa3da2f92e4ac2a05807edf182.php 第 128 行.
NOTIC: [8] Undefined variable: fuelLabel G:\XA\htdocs\cargo\home\Runtime\Cache\Home\8d06f1fa3da2f92e4ac2a05807edf182.php 第 129 行.
NOTIC: [8] Undefined variable: oilFeed G:\XA\htdocs\cargo\home\Runtime\Cache\Home\8d06f1fa3da2f92e4ac2a05807edf182.php 第 132 行.
NOTIC: [8] Undefined variable: environmental G:\XA\htdocs\cargo\home\Runtime\Cache\Home\8d06f1fa3da2f92e4ac2a05807edf182.php 第 133 行.
INFO: Run Behavior\ParseTemplateBehavior [ RunTime:0.048002s ]
INFO: [ view_parse ] --END-- [ RunTime:0.048002s ]
INFO: [ view_filter ] --START--
INFO: Run Behavior\WriteHtmlCacheBehavior [ RunTime:0.010001s ]
INFO: [ view_filter ] --END-- [ RunTime:0.010001s ]
INFO: [ app_end ] --START--
INFO: Run Behavior\ShowPageTraceBehavior [ RunTime:0.002000s ]
INFO: [ app_end ] --END-- [ RunTime:0.002000s ]

