[ 2015-05-07T20:49:41+08:00 ] 127.0.0.1 /cargo/
INFO: [ app_init ] --START--
INFO: Run Behavior\BuildLiteBehavior [ RunTime:0.000000s ]
INFO: [ app_init ] --END-- [ RunTime:0.015625s ]
INFO: [ app_begin ] --START--
INFO: Run Behavior\ReadHtmlCacheBehavior [ RunTime:0.000000s ]
INFO: [ app_begin ] --END-- [ RunTime:0.000000s ]
NOTIC: [2] Missing argument 8 for Home\Controller\IndexController::makeBox(), called in D:\xampp\htdocs\cargo\home\Home\Controller\IndexController.class.php on line 34 and defined D:\xampp\htdocs\cargo\home\Home\Controller\IndexController.class.php 第 48 行.
NOTIC: [8] Undefined variable: link D:\xampp\htdocs\cargo\home\Home\Controller\IndexController.class.php 第 51 行.
NOTIC: [2] Missing argument 8 for Home\Controller\IndexController::makeBox(), called in D:\xampp\htdocs\cargo\home\Home\Controller\IndexController.class.php on line 34 and defined D:\xampp\htdocs\cargo\home\Home\Controller\IndexController.class.php 第 48 行.
NOTIC: [8] Undefined variable: link D:\xampp\htdocs\cargo\home\Home\Controller\IndexController.class.php 第 62 行.
INFO: [ view_parse ] --START--
INFO: [ template_filter ] --START--
INFO: Run Behavior\ContentReplaceBehavior [ RunTime:0.000000s ]
INFO: [ template_filter ] --END-- [ RunTime:0.000000s ]
INFO: Run Behavior\ParseTemplateBehavior [ RunTime:0.125000s ]
INFO: [ view_parse ] --END-- [ RunTime:0.125000s ]
INFO: [ view_filter ] --START--
INFO: Run Behavior\WriteHtmlCacheBehavior [ RunTime:0.000000s ]
INFO: [ view_filter ] --END-- [ RunTime:0.000000s ]
INFO: [ app_end ] --START--
INFO: Run Behavior\ShowPageTraceBehavior [ RunTime:0.000000s ]
INFO: [ app_end ] --END-- [ RunTime:0.000000s ]

[ 2015-05-07T20:49:44+08:00 ] 127.0.0.1 /cargo/index.php/Home/Main/index
INFO: [ app_init ] --START--
INFO: Run Behavior\BuildLiteBehavior [ RunTime:0.000000s ]
INFO: [ app_init ] --END-- [ RunTime:0.000000s ]
INFO: [ app_begin ] --START--
INFO: Run Behavior\ReadHtmlCacheBehavior [ RunTime:0.000000s ]
INFO: [ app_begin ] --END-- [ RunTime:0.000000s ]
INFO: [ view_parse ] --START--
INFO: [ template_filter ] --START--
INFO: Run Behavior\ContentReplaceBehavior [ RunTime:0.000000s ]
INFO: [ template_filter ] --END-- [ RunTime:0.000000s ]
INFO: Run Behavior\ParseTemplateBehavior [ RunTime:0.078125s ]
INFO: [ view_parse ] --END-- [ RunTime:0.078125s ]
INFO: [ view_filter ] --START--
INFO: Run Behavior\WriteHtmlCacheBehavior [ RunTime:0.000000s ]
INFO: [ view_filter ] --END-- [ RunTime:0.000000s ]
INFO: [ app_end ] --START--
INFO: Run Behavior\ShowPageTraceBehavior [ RunTime:0.000000s ]
INFO: [ app_end ] --END-- [ RunTime:0.000000s ]

[ 2015-05-07T20:51:41+08:00 ] 127.0.0.1 /cargo/index.php/Home/Main/index
INFO: [ app_init ] --START--
INFO: Run Behavior\BuildLiteBehavior [ RunTime:0.000000s ]
INFO: [ app_init ] --END-- [ RunTime:0.015625s ]
INFO: [ app_begin ] --START--
INFO: Run Behavior\ReadHtmlCacheBehavior [ RunTime:0.000000s ]
INFO: [ app_begin ] --END-- [ RunTime:0.000000s ]
INFO: [ view_parse ] --START--
INFO: [ template_filter ] --START--
INFO: Run Behavior\ContentReplaceBehavior [ RunTime:0.000000s ]
INFO: [ template_filter ] --END-- [ RunTime:0.000000s ]
INFO: Run Behavior\ParseTemplateBehavior [ RunTime:0.046875s ]
INFO: [ view_parse ] --END-- [ RunTime:0.046875s ]
INFO: [ view_filter ] --START--
INFO: Run Behavior\WriteHtmlCacheBehavior [ RunTime:0.000000s ]
INFO: [ view_filter ] --END-- [ RunTime:0.000000s ]
INFO: [ app_end ] --START--
INFO: Run Behavior\ShowPageTraceBehavior [ RunTime:0.000000s ]
INFO: [ app_end ] --END-- [ RunTime:0.000000s ]

[ 2015-05-07T21:55:44+08:00 ] 127.0.0.1 /cargo/
INFO: [ app_init ] --START--
INFO: Run Behavior\BuildLiteBehavior [ RunTime:0.000000s ]
INFO: [ app_init ] --END-- [ RunTime:0.000000s ]
INFO: [ app_begin ] --START--
INFO: Run Behavior\ReadHtmlCacheBehavior [ RunTime:0.015625s ]
INFO: [ app_begin ] --END-- [ RunTime:0.015625s ]
INFO: [ app_end ] --START--
INFO: Run Behavior\ShowPageTraceBehavior [ RunTime:0.015625s ]
INFO: [ app_end ] --END-- [ RunTime:0.015625s ]

[ 2015-05-07T21:56:36+08:00 ] 127.0.0.1 /cargo/
INFO: [ app_init ] --START--
INFO: Run Behavior\BuildLiteBehavior [ RunTime:0.000000s ]
INFO: [ app_init ] --END-- [ RunTime:0.000000s ]
INFO: [ app_begin ] --START--
INFO: Run Behavior\ReadHtmlCacheBehavior [ RunTime:0.015625s ]
INFO: [ app_begin ] --END-- [ RunTime:0.015625s ]
INFO: [ app_end ] --START--
INFO: Run Behavior\ShowPageTraceBehavior [ RunTime:0.000000s ]
INFO: [ app_end ] --END-- [ RunTime:0.000000s ]

[ 2015-05-07T21:59:57+08:00 ] 127.0.0.1 /cargo/
INFO: [ app_init ] --START--
INFO: Run Behavior\BuildLiteBehavior [ RunTime:0.000000s ]
INFO: [ app_init ] --END-- [ RunTime:0.000000s ]
INFO: [ app_begin ] --START--
INFO: Run Behavior\ReadHtmlCacheBehavior [ RunTime:0.000000s ]
INFO: [ app_begin ] --END-- [ RunTime:0.000000s ]
INFO: [ app_end ] --START--
INFO: Run Behavior\ShowPageTraceBehavior [ RunTime:0.000000s ]
INFO: [ app_end ] --END-- [ RunTime:0.000000s ]

[ 2015-05-07T22:00:18+08:00 ] 127.0.0.1 /cargo/
INFO: [ app_init ] --START--
INFO: Run Behavior\BuildLiteBehavior [ RunTime:0.000000s ]
INFO: [ app_init ] --END-- [ RunTime:0.000000s ]
INFO: [ app_begin ] --START--
INFO: Run Behavior\ReadHtmlCacheBehavior [ RunTime:0.000000s ]
INFO: [ app_begin ] --END-- [ RunTime:0.000000s ]
INFO: [ app_end ] --START--
INFO: Run Behavior\ShowPageTraceBehavior [ RunTime:0.000000s ]
INFO: [ app_end ] --END-- [ RunTime:0.000000s ]

[ 2015-05-07T22:14:01+08:00 ] 127.0.0.1 /cargo/
INFO: [ app_init ] --START--
INFO: Run Behavior\BuildLiteBehavior [ RunTime:0.000000s ]
INFO: [ app_init ] --END-- [ RunTime:0.000000s ]
INFO: [ app_begin ] --START--
INFO: Run Behavior\ReadHtmlCacheBehavior [ RunTime:0.015625s ]
INFO: [ app_begin ] --END-- [ RunTime:0.015625s ]
NOTIC: [8] Undefined variable: box_type D:\xampp\htdocs\cargo\home\Home\Controller\IndexController.class.php 第 27 行.
NOTIC: [8] Undefined variable: box_type D:\xampp\htdocs\cargo\home\Home\Controller\IndexController.class.php 第 45 行.
NOTIC: [2] Missing argument 8 for Home\Controller\IndexController::makeBox(), called in D:\xampp\htdocs\cargo\home\Home\Controller\IndexController.class.php on line 52 and defined D:\xampp\htdocs\cargo\home\Home\Controller\IndexController.class.php 第 66 行.
NOTIC: [8] Undefined variable: str D:\xampp\htdocs\cargo\home\Home\Controller\IndexController.class.php 第 91 行.
NOTIC: [8] Undefined variable: box_type D:\xampp\htdocs\cargo\home\Home\Controller\IndexController.class.php 第 29 行.
NOTIC: [8] Undefined variable: box_type D:\xampp\htdocs\cargo\home\Home\Controller\IndexController.class.php 第 45 行.
NOTIC: [2] Missing argument 8 for Home\Controller\IndexController::makeBox(), called in D:\xampp\htdocs\cargo\home\Home\Controller\IndexController.class.php on line 52 and defined D:\xampp\htdocs\cargo\home\Home\Controller\IndexController.class.php 第 66 行.
NOTIC: [8] Undefined variable: str D:\xampp\htdocs\cargo\home\Home\Controller\IndexController.class.php 第 91 行.
INFO: [ view_parse ] --START--
INFO: [ template_filter ] --START--
INFO: Run Behavior\ContentReplaceBehavior [ RunTime:0.000000s ]
INFO: [ template_filter ] --END-- [ RunTime:0.000000s ]
INFO: Run Behavior\ParseTemplateBehavior [ RunTime:0.109375s ]
INFO: [ view_parse ] --END-- [ RunTime:0.109375s ]
INFO: [ view_filter ] --START--
INFO: Run Behavior\WriteHtmlCacheBehavior [ RunTime:0.000000s ]
INFO: [ view_filter ] --END-- [ RunTime:0.000000s ]
INFO: [ app_end ] --START--
INFO: Run Behavior\ShowPageTraceBehavior [ RunTime:0.000000s ]
INFO: [ app_end ] --END-- [ RunTime:0.000000s ]

[ 2015-05-07T22:15:05+08:00 ] 127.0.0.1 /cargo/
INFO: [ app_init ] --START--
INFO: Run Behavior\BuildLiteBehavior [ RunTime:0.000000s ]
INFO: [ app_init ] --END-- [ RunTime:0.000000s ]
INFO: [ app_begin ] --START--
INFO: Run Behavior\ReadHtmlCacheBehavior [ RunTime:0.000000s ]
INFO: [ app_begin ] --END-- [ RunTime:0.000000s ]
NOTIC: [8] Undefined variable: box_type D:\xampp\htdocs\cargo\home\Home\Controller\IndexController.class.php 第 27 行.
NOTIC: [8] Undefined variable: box_type D:\xampp\htdocs\cargo\home\Home\Controller\IndexController.class.php 第 45 行.
NOTIC: [2] Missing argument 8 for Home\Controller\IndexController::makeBox(), called in D:\xampp\htdocs\cargo\home\Home\Controller\IndexController.class.php on line 52 and defined D:\xampp\htdocs\cargo\home\Home\Controller\IndexController.class.php 第 66 行.
NOTIC: [8] Undefined variable: str D:\xampp\htdocs\cargo\home\Home\Controller\IndexController.class.php 第 91 行.
NOTIC: [8] Undefined variable: box_type D:\xampp\htdocs\cargo\home\Home\Controller\IndexController.class.php 第 29 行.
NOTIC: [8] Undefined variable: box_type D:\xampp\htdocs\cargo\home\Home\Controller\IndexController.class.php 第 45 行.
NOTIC: [2] Missing argument 8 for Home\Controller\IndexController::makeBox(), called in D:\xampp\htdocs\cargo\home\Home\Controller\IndexController.class.php on line 52 and defined D:\xampp\htdocs\cargo\home\Home\Controller\IndexController.class.php 第 66 行.
NOTIC: [8] Undefined variable: str D:\xampp\htdocs\cargo\home\Home\Controller\IndexController.class.php 第 91 行.
INFO: [ view_parse ] --START--
INFO: [ template_filter ] --START--
INFO: Run Behavior\ContentReplaceBehavior [ RunTime:0.000000s ]
INFO: [ template_filter ] --END-- [ RunTime:0.000000s ]
INFO: Run Behavior\ParseTemplateBehavior [ RunTime:0.031250s ]
INFO: [ view_parse ] --END-- [ RunTime:0.031250s ]
INFO: [ view_filter ] --START--
INFO: Run Behavior\WriteHtmlCacheBehavior [ RunTime:0.000000s ]
INFO: [ view_filter ] --END-- [ RunTime:0.000000s ]
INFO: [ app_end ] --START--
INFO: Run Behavior\ShowPageTraceBehavior [ RunTime:0.000000s ]
INFO: [ app_end ] --END-- [ RunTime:0.000000s ]

[ 2015-05-07T22:15:32+08:00 ] 127.0.0.1 /cargo/
INFO: [ app_init ] --START--
INFO: Run Behavior\BuildLiteBehavior [ RunTime:0.000000s ]
INFO: [ app_init ] --END-- [ RunTime:0.000000s ]
INFO: [ app_begin ] --START--
INFO: Run Behavior\ReadHtmlCacheBehavior [ RunTime:0.000000s ]
INFO: [ app_begin ] --END-- [ RunTime:0.000000s ]
NOTIC: [8] Undefined variable: box_type D:\xampp\htdocs\cargo\home\Home\Controller\IndexController.class.php 第 27 行.
NOTIC: [8] Undefined variable: box_type D:\xampp\htdocs\cargo\home\Home\Controller\IndexController.class.php 第 45 行.
NOTIC: [2] Missing argument 8 for Home\Controller\IndexController::makeBox(), called in D:\xampp\htdocs\cargo\home\Home\Controller\IndexController.class.php on line 52 and defined D:\xampp\htdocs\cargo\home\Home\Controller\IndexController.class.php 第 66 行.
NOTIC: [8] Undefined variable: str D:\xampp\htdocs\cargo\home\Home\Controller\IndexController.class.php 第 91 行.
NOTIC: [8] Undefined variable: box_type D:\xampp\htdocs\cargo\home\Home\Controller\IndexController.class.php 第 29 行.
NOTIC: [8] Undefined variable: box_type D:\xampp\htdocs\cargo\home\Home\Controller\IndexController.class.php 第 45 行.
NOTIC: [2] Missing argument 8 for Home\Controller\IndexController::makeBox(), called in D:\xampp\htdocs\cargo\home\Home\Controller\IndexController.class.php on line 52 and defined D:\xampp\htdocs\cargo\home\Home\Controller\IndexController.class.php 第 66 行.
NOTIC: [8] Undefined variable: str D:\xampp\htdocs\cargo\home\Home\Controller\IndexController.class.php 第 91 行.
INFO: [ app_end ] --START--
INFO: Run Behavior\ShowPageTraceBehavior [ RunTime:0.000000s ]
INFO: [ app_end ] --END-- [ RunTime:0.000000s ]

[ 2015-05-07T22:16:22+08:00 ] 127.0.0.1 /cargo/
INFO: [ app_init ] --START--
INFO: Run Behavior\BuildLiteBehavior [ RunTime:0.000000s ]
INFO: [ app_init ] --END-- [ RunTime:0.000000s ]
INFO: [ app_begin ] --START--
INFO: Run Behavior\ReadHtmlCacheBehavior [ RunTime:0.000000s ]
INFO: [ app_begin ] --END-- [ RunTime:0.000000s ]
NOTIC: [8] Undefined variable: box_type D:\xampp\htdocs\cargo\home\Home\Controller\IndexController.class.php 第 27 行.
NOTIC: [8] Undefined variable: box_type D:\xampp\htdocs\cargo\home\Home\Controller\IndexController.class.php 第 45 行.
NOTIC: [2] Missing argument 8 for Home\Controller\IndexController::makeBox(), called in D:\xampp\htdocs\cargo\home\Home\Controller\IndexController.class.php on line 52 and defined D:\xampp\htdocs\cargo\home\Home\Controller\IndexController.class.php 第 66 行.
NOTIC: [8] Undefined variable: str D:\xampp\htdocs\cargo\home\Home\Controller\IndexController.class.php 第 91 行.
NOTIC: [8] Undefined variable: box_type D:\xampp\htdocs\cargo\home\Home\Controller\IndexController.class.php 第 29 行.
NOTIC: [8] Undefined variable: box_type D:\xampp\htdocs\cargo\home\Home\Controller\IndexController.class.php 第 45 行.
NOTIC: [2] Missing argument 8 for Home\Controller\IndexController::makeBox(), called in D:\xampp\htdocs\cargo\home\Home\Controller\IndexController.class.php on line 52 and defined D:\xampp\htdocs\cargo\home\Home\Controller\IndexController.class.php 第 66 行.
NOTIC: [8] Undefined variable: str D:\xampp\htdocs\cargo\home\Home\Controller\IndexController.class.php 第 91 行.
INFO: [ app_end ] --START--
INFO: Run Behavior\ShowPageTraceBehavior [ RunTime:0.000000s ]
INFO: [ app_end ] --END-- [ RunTime:0.000000s ]

[ 2015-05-07T22:17:13+08:00 ] 127.0.0.1 /cargo/
INFO: [ app_init ] --START--
INFO: Run Behavior\BuildLiteBehavior [ RunTime:0.000000s ]
INFO: [ app_init ] --END-- [ RunTime:0.000000s ]
INFO: [ app_begin ] --START--
INFO: Run Behavior\ReadHtmlCacheBehavior [ RunTime:0.000000s ]
INFO: [ app_begin ] --END-- [ RunTime:0.000000s ]
NOTIC: [8] Undefined variable: type D:\xampp\htdocs\cargo\home\Home\Controller\IndexController.class.php 第 27 行.
NOTIC: [8] Undefined variable: type D:\xampp\htdocs\cargo\home\Home\Controller\IndexController.class.php 第 45 行.
NOTIC: [2] Missing argument 8 for Home\Controller\IndexController::makeBox(), called in D:\xampp\htdocs\cargo\home\Home\Controller\IndexController.class.php on line 52 and defined D:\xampp\htdocs\cargo\home\Home\Controller\IndexController.class.php 第 66 行.
NOTIC: [8] Undefined variable: str D:\xampp\htdocs\cargo\home\Home\Controller\IndexController.class.php 第 91 行.
NOTIC: [8] Undefined variable: type D:\xampp\htdocs\cargo\home\Home\Controller\IndexController.class.php 第 29 行.
NOTIC: [8] Undefined variable: type D:\xampp\htdocs\cargo\home\Home\Controller\IndexController.class.php 第 45 行.
NOTIC: [2] Missing argument 8 for Home\Controller\IndexController::makeBox(), called in D:\xampp\htdocs\cargo\home\Home\Controller\IndexController.class.php on line 52 and defined D:\xampp\htdocs\cargo\home\Home\Controller\IndexController.class.php 第 66 行.
NOTIC: [8] Undefined variable: str D:\xampp\htdocs\cargo\home\Home\Controller\IndexController.class.php 第 91 行.
INFO: [ app_end ] --START--
INFO: Run Behavior\ShowPageTraceBehavior [ RunTime:0.000000s ]
INFO: [ app_end ] --END-- [ RunTime:0.000000s ]

[ 2015-05-07T22:17:22+08:00 ] 127.0.0.1 /cargo/
INFO: [ app_init ] --START--
INFO: Run Behavior\BuildLiteBehavior [ RunTime:0.000000s ]
INFO: [ app_init ] --END-- [ RunTime:0.000000s ]
INFO: [ app_begin ] --START--
INFO: Run Behavior\ReadHtmlCacheBehavior [ RunTime:0.000000s ]
INFO: [ app_begin ] --END-- [ RunTime:0.000000s ]
NOTIC: [8] Undefined variable: type D:\xampp\htdocs\cargo\home\Home\Controller\IndexController.class.php 第 27 行.
NOTIC: [8] Undefined variable: type D:\xampp\htdocs\cargo\home\Home\Controller\IndexController.class.php 第 45 行.
NOTIC: [2] Missing argument 8 for Home\Controller\IndexController::makeBox(), called in D:\xampp\htdocs\cargo\home\Home\Controller\IndexController.class.php on line 52 and defined D:\xampp\htdocs\cargo\home\Home\Controller\IndexController.class.php 第 66 行.
NOTIC: [8] Undefined variable: str D:\xampp\htdocs\cargo\home\Home\Controller\IndexController.class.php 第 91 行.
NOTIC: [8] Undefined variable: type D:\xampp\htdocs\cargo\home\Home\Controller\IndexController.class.php 第 29 行.
NOTIC: [8] Undefined variable: type D:\xampp\htdocs\cargo\home\Home\Controller\IndexController.class.php 第 45 行.
NOTIC: [2] Missing argument 8 for Home\Controller\IndexController::makeBox(), called in D:\xampp\htdocs\cargo\home\Home\Controller\IndexController.class.php on line 52 and defined D:\xampp\htdocs\cargo\home\Home\Controller\IndexController.class.php 第 66 行.
NOTIC: [8] Undefined variable: str D:\xampp\htdocs\cargo\home\Home\Controller\IndexController.class.php 第 91 行.
INFO: [ app_end ] --START--
INFO: Run Behavior\ShowPageTraceBehavior [ RunTime:0.000000s ]
INFO: [ app_end ] --END-- [ RunTime:0.000000s ]

[ 2015-05-07T22:18:06+08:00 ] 127.0.0.1 /cargo/
INFO: [ app_init ] --START--
INFO: Run Behavior\BuildLiteBehavior [ RunTime:0.000000s ]
INFO: [ app_init ] --END-- [ RunTime:0.000000s ]
INFO: [ app_begin ] --START--
INFO: Run Behavior\ReadHtmlCacheBehavior [ RunTime:0.000000s ]
INFO: [ app_begin ] --END-- [ RunTime:0.000000s ]
NOTIC: [8] Undefined variable: type D:\xampp\htdocs\cargo\home\Home\Controller\IndexController.class.php 第 27 行.
NOTIC: [8] Undefined variable: type D:\xampp\htdocs\cargo\home\Home\Controller\IndexController.class.php 第 45 行.
NOTIC: [2] Missing argument 8 for Home\Controller\IndexController::makeBox(), called in D:\xampp\htdocs\cargo\home\Home\Controller\IndexController.class.php on line 52 and defined D:\xampp\htdocs\cargo\home\Home\Controller\IndexController.class.php 第 66 行.
NOTIC: [8] Undefined variable: type D:\xampp\htdocs\cargo\home\Home\Controller\IndexController.class.php 第 29 行.
NOTIC: [8] Undefined variable: type D:\xampp\htdocs\cargo\home\Home\Controller\IndexController.class.php 第 45 行.
NOTIC: [2] Missing argument 8 for Home\Controller\IndexController::makeBox(), called in D:\xampp\htdocs\cargo\home\Home\Controller\IndexController.class.php on line 52 and defined D:\xampp\htdocs\cargo\home\Home\Controller\IndexController.class.php 第 66 行.
INFO: [ app_end ] --START--
INFO: Run Behavior\ShowPageTraceBehavior [ RunTime:0.000000s ]
INFO: [ app_end ] --END-- [ RunTime:0.000000s ]

[ 2015-05-07T22:19:23+08:00 ] 127.0.0.1 /cargo/
INFO: [ app_init ] --START--
INFO: Run Behavior\BuildLiteBehavior [ RunTime:0.000000s ]
INFO: [ app_init ] --END-- [ RunTime:0.000000s ]
INFO: [ app_begin ] --START--
INFO: Run Behavior\ReadHtmlCacheBehavior [ RunTime:0.000000s ]
INFO: [ app_begin ] --END-- [ RunTime:0.000000s ]
NOTIC: [8] Undefined variable: type D:\xampp\htdocs\cargo\home\Home\Controller\IndexController.class.php 第 27 行.
NOTIC: [8] Undefined variable: type D:\xampp\htdocs\cargo\home\Home\Controller\IndexController.class.php 第 45 行.
NOTIC: [2] Missing argument 8 for Home\Controller\IndexController::makeBox(), called in D:\xampp\htdocs\cargo\home\Home\Controller\IndexController.class.php on line 52 and defined D:\xampp\htdocs\cargo\home\Home\Controller\IndexController.class.php 第 66 行.
NOTIC: [8] Undefined variable: type D:\xampp\htdocs\cargo\home\Home\Controller\IndexController.class.php 第 29 行.
NOTIC: [8] Undefined variable: type D:\xampp\htdocs\cargo\home\Home\Controller\IndexController.class.php 第 45 行.
NOTIC: [2] Missing argument 8 for Home\Controller\IndexController::makeBox(), called in D:\xampp\htdocs\cargo\home\Home\Controller\IndexController.class.php on line 52 and defined D:\xampp\htdocs\cargo\home\Home\Controller\IndexController.class.php 第 66 行.
NOTIC: [8] Undefined variable: type D:\xampp\htdocs\cargo\home\Home\Controller\IndexController.class.php 第 55 行.
INFO: [ app_end ] --START--
INFO: Run Behavior\ShowPageTraceBehavior [ RunTime:0.000000s ]
INFO: [ app_end ] --END-- [ RunTime:0.000000s ]

[ 2015-05-07T22:19:45+08:00 ] 127.0.0.1 /cargo/
INFO: [ app_init ] --START--
INFO: Run Behavior\BuildLiteBehavior [ RunTime:0.000000s ]
INFO: [ app_init ] --END-- [ RunTime:0.000000s ]
INFO: [ app_begin ] --START--
INFO: Run Behavior\ReadHtmlCacheBehavior [ RunTime:0.000000s ]
INFO: [ app_begin ] --END-- [ RunTime:0.000000s ]
NOTIC: [8] Undefined variable: type D:\xampp\htdocs\cargo\home\Home\Controller\IndexController.class.php 第 27 行.
NOTIC: [8] Undefined variable: type D:\xampp\htdocs\cargo\home\Home\Controller\IndexController.class.php 第 28 行.
NOTIC: [8] Undefined variable: type D:\xampp\htdocs\cargo\home\Home\Controller\IndexController.class.php 第 46 行.
NOTIC: [2] Missing argument 8 for Home\Controller\IndexController::makeBox(), called in D:\xampp\htdocs\cargo\home\Home\Controller\IndexController.class.php on line 53 and defined D:\xampp\htdocs\cargo\home\Home\Controller\IndexController.class.php 第 67 行.
NOTIC: [8] Undefined variable: type D:\xampp\htdocs\cargo\home\Home\Controller\IndexController.class.php 第 30 行.
NOTIC: [8] Undefined variable: type D:\xampp\htdocs\cargo\home\Home\Controller\IndexController.class.php 第 46 行.
NOTIC: [2] Missing argument 8 for Home\Controller\IndexController::makeBox(), called in D:\xampp\htdocs\cargo\home\Home\Controller\IndexController.class.php on line 53 and defined D:\xampp\htdocs\cargo\home\Home\Controller\IndexController.class.php 第 67 行.
NOTIC: [8] Undefined variable: type D:\xampp\htdocs\cargo\home\Home\Controller\IndexController.class.php 第 56 行.
INFO: [ app_end ] --START--
INFO: Run Behavior\ShowPageTraceBehavior [ RunTime:0.015625s ]
INFO: [ app_end ] --END-- [ RunTime:0.015625s ]

[ 2015-05-07T22:20:06+08:00 ] 127.0.0.1 /cargo/
INFO: [ app_init ] --START--
INFO: Run Behavior\BuildLiteBehavior [ RunTime:0.000000s ]
INFO: [ app_init ] --END-- [ RunTime:0.000000s ]
INFO: [ app_begin ] --START--
INFO: Run Behavior\ReadHtmlCacheBehavior [ RunTime:0.000000s ]
INFO: [ app_begin ] --END-- [ RunTime:0.000000s ]
NOTIC: [2] Missing argument 8 for Home\Controller\IndexController::makeBox(), called in D:\xampp\htdocs\cargo\home\Home\Controller\IndexController.class.php on line 52 and defined D:\xampp\htdocs\cargo\home\Home\Controller\IndexController.class.php 第 66 行.
NOTIC: [8] Undefined variable: link D:\xampp\htdocs\cargo\home\Home\Controller\IndexController.class.php 第 70 行.
NOTIC: [2] Missing argument 8 for Home\Controller\IndexController::makeBox(), called in D:\xampp\htdocs\cargo\home\Home\Controller\IndexController.class.php on line 52 and defined D:\xampp\htdocs\cargo\home\Home\Controller\IndexController.class.php 第 66 行.
NOTIC: [8] Undefined variable: link D:\xampp\htdocs\cargo\home\Home\Controller\IndexController.class.php 第 81 行.
INFO: [ app_end ] --START--
INFO: Run Behavior\ShowPageTraceBehavior [ RunTime:0.000000s ]
INFO: [ app_end ] --END-- [ RunTime:0.000000s ]

[ 2015-05-07T22:20:17+08:00 ] 127.0.0.1 /cargo/
INFO: [ app_init ] --START--
INFO: Run Behavior\BuildLiteBehavior [ RunTime:0.000000s ]
INFO: [ app_init ] --END-- [ RunTime:0.000000s ]
INFO: [ app_begin ] --START--
INFO: Run Behavior\ReadHtmlCacheBehavior [ RunTime:0.015625s ]
INFO: [ app_begin ] --END-- [ RunTime:0.015625s ]
NOTIC: [2] Missing argument 8 for Home\Controller\IndexController::makeBox(), called in D:\xampp\htdocs\cargo\home\Home\Controller\IndexController.class.php on line 52 and defined D:\xampp\htdocs\cargo\home\Home\Controller\IndexController.class.php 第 66 行.
NOTIC: [8] Undefined variable: link D:\xampp\htdocs\cargo\home\Home\Controller\IndexController.class.php 第 70 行.
NOTIC: [2] Missing argument 8 for Home\Controller\IndexController::makeBox(), called in D:\xampp\htdocs\cargo\home\Home\Controller\IndexController.class.php on line 52 and defined D:\xampp\htdocs\cargo\home\Home\Controller\IndexController.class.php 第 66 行.
NOTIC: [8] Undefined variable: link D:\xampp\htdocs\cargo\home\Home\Controller\IndexController.class.php 第 81 行.
INFO: [ app_end ] --START--
INFO: Run Behavior\ShowPageTraceBehavior [ RunTime:0.000000s ]
INFO: [ app_end ] --END-- [ RunTime:0.000000s ]

[ 2015-05-07T22:20:27+08:00 ] 127.0.0.1 /cargo/
INFO: [ app_init ] --START--
INFO: Run Behavior\BuildLiteBehavior [ RunTime:0.000000s ]
INFO: [ app_init ] --END-- [ RunTime:0.000000s ]
INFO: [ app_begin ] --START--
INFO: Run Behavior\ReadHtmlCacheBehavior [ RunTime:0.015625s ]
INFO: [ app_begin ] --END-- [ RunTime:0.015625s ]
NOTIC: [2] Missing argument 8 for Home\Controller\IndexController::makeBox(), called in D:\xampp\htdocs\cargo\home\Home\Controller\IndexController.class.php on line 52 and defined D:\xampp\htdocs\cargo\home\Home\Controller\IndexController.class.php 第 66 行.
NOTIC: [8] Undefined variable: link D:\xampp\htdocs\cargo\home\Home\Controller\IndexController.class.php 第 70 行.
NOTIC: [2] Missing argument 8 for Home\Controller\IndexController::makeBox(), called in D:\xampp\htdocs\cargo\home\Home\Controller\IndexController.class.php on line 52 and defined D:\xampp\htdocs\cargo\home\Home\Controller\IndexController.class.php 第 66 行.
NOTIC: [8] Undefined variable: link D:\xampp\htdocs\cargo\home\Home\Controller\IndexController.class.php 第 81 行.
INFO: [ view_parse ] --START--
INFO: [ template_filter ] --START--
INFO: Run Behavior\ContentReplaceBehavior [ RunTime:0.000000s ]
INFO: [ template_filter ] --END-- [ RunTime:0.000000s ]
INFO: Run Behavior\ParseTemplateBehavior [ RunTime:0.031250s ]
INFO: [ view_parse ] --END-- [ RunTime:0.031250s ]
INFO: [ view_filter ] --START--
INFO: Run Behavior\WriteHtmlCacheBehavior [ RunTime:0.000000s ]
INFO: [ view_filter ] --END-- [ RunTime:0.000000s ]
INFO: [ app_end ] --START--
INFO: Run Behavior\ShowPageTraceBehavior [ RunTime:0.000000s ]
INFO: [ app_end ] --END-- [ RunTime:0.000000s ]

[ 2015-05-07T22:41:22+08:00 ] 127.0.0.1 /cargo/
INFO: [ app_init ] --START--
INFO: Run Behavior\BuildLiteBehavior [ RunTime:0.000000s ]
INFO: [ app_init ] --END-- [ RunTime:0.000000s ]
INFO: [ app_begin ] --START--
INFO: Run Behavior\ReadHtmlCacheBehavior [ RunTime:0.000000s ]
INFO: [ app_begin ] --END-- [ RunTime:0.000000s ]
NOTIC: [2] Missing argument 8 for Home\Controller\IndexController::makeBox(), called in D:\xampp\htdocs\cargo\home\Home\Controller\IndexController.class.php on line 52 and defined D:\xampp\htdocs\cargo\home\Home\Controller\IndexController.class.php 第 61 行.
NOTIC: [8] Undefined variable: link D:\xampp\htdocs\cargo\home\Home\Controller\IndexController.class.php 第 65 行.
NOTIC: [2] Missing argument 8 for Home\Controller\IndexController::makeBox(), called in D:\xampp\htdocs\cargo\home\Home\Controller\IndexController.class.php on line 52 and defined D:\xampp\htdocs\cargo\home\Home\Controller\IndexController.class.php 第 61 行.
NOTIC: [8] Undefined variable: link D:\xampp\htdocs\cargo\home\Home\Controller\IndexController.class.php 第 76 行.
INFO: [ view_parse ] --START--
INFO: [ template_filter ] --START--
INFO: Run Behavior\ContentReplaceBehavior [ RunTime:0.000000s ]
INFO: [ template_filter ] --END-- [ RunTime:0.000000s ]
INFO: Run Behavior\ParseTemplateBehavior [ RunTime:0.015625s ]
INFO: [ view_parse ] --END-- [ RunTime:0.015625s ]
INFO: [ view_filter ] --START--
INFO: Run Behavior\WriteHtmlCacheBehavior [ RunTime:0.000000s ]
INFO: [ view_filter ] --END-- [ RunTime:0.000000s ]
INFO: [ app_end ] --START--
INFO: Run Behavior\ShowPageTraceBehavior [ RunTime:0.000000s ]
INFO: [ app_end ] --END-- [ RunTime:0.000000s ]

[ 2015-05-07T22:41:32+08:00 ] 127.0.0.1 /cargo/index.php/Home/Main/index
INFO: [ app_init ] --START--
INFO: Run Behavior\BuildLiteBehavior [ RunTime:0.000000s ]
INFO: [ app_init ] --END-- [ RunTime:0.000000s ]
INFO: [ app_begin ] --START--
INFO: Run Behavior\ReadHtmlCacheBehavior [ RunTime:0.000000s ]
INFO: [ app_begin ] --END-- [ RunTime:0.000000s ]
INFO: [ view_parse ] --START--
INFO: [ template_filter ] --START--
INFO: Run Behavior\ContentReplaceBehavior [ RunTime:0.000000s ]
INFO: [ template_filter ] --END-- [ RunTime:0.000000s ]
INFO: Run Behavior\ParseTemplateBehavior [ RunTime:0.078125s ]
INFO: [ view_parse ] --END-- [ RunTime:0.078125s ]
INFO: [ view_filter ] --START--
INFO: Run Behavior\WriteHtmlCacheBehavior [ RunTime:0.000000s ]
INFO: [ view_filter ] --END-- [ RunTime:0.000000s ]
INFO: [ app_end ] --START--
INFO: Run Behavior\ShowPageTraceBehavior [ RunTime:0.015625s ]
INFO: [ app_end ] --END-- [ RunTime:0.015625s ]

[ 2015-05-07T22:42:05+08:00 ] 127.0.0.1 /cargo/index.php/Home/Main/index
INFO: [ app_init ] --START--
INFO: Run Behavior\BuildLiteBehavior [ RunTime:0.000000s ]
INFO: [ app_init ] --END-- [ RunTime:0.000000s ]
INFO: [ app_begin ] --START--
INFO: Run Behavior\ReadHtmlCacheBehavior [ RunTime:0.000000s ]
INFO: [ app_begin ] --END-- [ RunTime:0.000000s ]
INFO: [ view_parse ] --START--
INFO: [ template_filter ] --START--
INFO: Run Behavior\ContentReplaceBehavior [ RunTime:0.000000s ]
INFO: [ template_filter ] --END-- [ RunTime:0.000000s ]
INFO: Run Behavior\ParseTemplateBehavior [ RunTime:0.015625s ]
INFO: [ view_parse ] --END-- [ RunTime:0.015625s ]
INFO: [ view_filter ] --START--
INFO: Run Behavior\WriteHtmlCacheBehavior [ RunTime:0.000000s ]
INFO: [ view_filter ] --END-- [ RunTime:0.000000s ]
INFO: [ app_end ] --START--
INFO: Run Behavior\ShowPageTraceBehavior [ RunTime:0.015625s ]
INFO: [ app_end ] --END-- [ RunTime:0.015625s ]

